#
# There is insufficient memory for the Java Runtime Environment to continue.
# Native memory allocation (malloc) failed to allocate 32744 bytes for ChunkPool::allocate
# Possible reasons:
#   The system is out of physical RAM or swap space
#   The process is running with CompressedOops enabled, and the Java Heap may be blocking the growth of the native heap
# Possible solutions:
#   Reduce memory load on the system
#   Increase physical memory or swap space
#   Check if swap backing store is full
#   Decrease Java heap size (-Xmx/-Xms)
#   Decrease number of Java threads
#   Decrease Java thread stack sizes (-Xss)
#   Set larger code cache with -XX:ReservedCodeCacheSize=
#   JVM is running with Unscaled Compressed Oops mode in which the Java heap is
#     placed in the first 4GB address space. The Java Heap base address is the
#     maximum limit for the native heap growth. Please use -XX:HeapBaseMinAddress
#     to set the Java Heap base and to place the Java Heap above 4GB virtual address.
# This output file may be truncated or incomplete.
#
#  Out of Memory Error (src/hotspot/share/memory/arena.cpp:81), pid=14840, tid=6468
#
# JRE version: OpenJDK Runtime Environment (11.0.15) (build 11.0.15+0-b2043.56-9505619)
# Java VM: OpenJDK 64-Bit Server VM (11.0.15+0-b2043.56-9505619, mixed mode, tiered, compressed oops, g1 gc, windows-amd64)
# No core dump will be written. Minidumps are not enabled by default on client versions of Windows
#

---------------  S U M M A R Y ------------

Command Line: org.jetbrains.kotlin.cli.jvm.K2JVMCompiler @D:\TaskApp\app\build\20230417_7166000059346572247.compiler.options

Host: Intel(R) Core(TM) i7-8565U CPU @ 1.80GHz, 8 cores, 7G,  Windows 11 , 64 bit Build 22621 (10.0.22621.1485)
Time: Mon Apr 17 19:16:14 2023 W. Europe Daylight Time elapsed time: 3.330413 seconds (0d 0h 0m 3s)

---------------  T H R E A D  ---------------

Current thread (0x00000127d5272800):  JavaThread "C2 CompilerThread2" daemon [_thread_in_native, id=6468, stack(0x0000001b00800000,0x0000001b00900000)]


Current CompileTask:
C2:   3330 2929       4       jdk.internal.loader.ClassLoaders$AppClassLoader::loadClass (40 bytes)

Stack: [0x0000001b00800000,0x0000001b00900000]
Native frames: (J=compiled Java code, j=interpreted, Vv=VM code, C=native code)
V  [jvm.dll+0x64135a]
V  [jvm.dll+0x7d39f9]
V  [jvm.dll+0x7d51b9]
V  [jvm.dll+0x7d58a3]
V  [jvm.dll+0x2691c5]
V  [jvm.dll+0xc1cbf]
V  [jvm.dll+0xc200c]
V  [jvm.dll+0xc1b6b]
V  [jvm.dll+0x61e08f]
V  [jvm.dll+0x67315d]
V  [jvm.dll+0x1b39e0]
V  [jvm.dll+0x22163e]
V  [jvm.dll+0x220498]
V  [jvm.dll+0x19e851]
V  [jvm.dll+0x230479]
V  [jvm.dll+0x22e5ef]
V  [jvm.dll+0x794de1]
V  [jvm.dll+0x78dc24]
V  [jvm.dll+0x6400f6]
C  [ucrtbase.dll+0x29363]
C  [KERNEL32.DLL+0x1269d]
C  [ntdll.dll+0x5a9f8]


---------------  P R O C E S S  ---------------

Threads class SMR info:
_java_thread_list=0x00000127d45b8250, length=12, elements={
0x00000127b7191800, 0x00000127d34ad800, 0x00000127d34c0000, 0x00000127d3cdc000,
0x00000127d3cde800, 0x00000127d3ce3800, 0x00000127d3d27800, 0x00000127d3d28000,
0x00000127d3d33000, 0x00000127d3e90800, 0x00000127d3e8a800, 0x00000127d5272800
}

Java Threads: ( => current thread )
  0x00000127b7191800 JavaThread "main" [_thread_in_Java, id=6012, stack(0x0000001b7f300000,0x0000001b7f400000)]
  0x00000127d34ad800 JavaThread "Reference Handler" daemon [_thread_blocked, id=11884, stack(0x0000001b7fa00000,0x0000001b7fb00000)]
  0x00000127d34c0000 JavaThread "Finalizer" daemon [_thread_blocked, id=4168, stack(0x0000001b7fb00000,0x0000001b7fc00000)]
  0x00000127d3cdc000 JavaThread "Signal Dispatcher" daemon [_thread_blocked, id=3384, stack(0x0000001b7fc00000,0x0000001b7fd00000)]
  0x00000127d3cde800 JavaThread "Attach Listener" daemon [_thread_blocked, id=14192, stack(0x0000001b7fd00000,0x0000001b7fe00000)]
  0x00000127d3ce3800 JavaThread "Service Thread" daemon [_thread_blocked, id=4276, stack(0x0000001b7fe00000,0x0000001b7ff00000)]
  0x00000127d3d27800 JavaThread "C2 CompilerThread0" daemon [_thread_in_native, id=5972, stack(0x0000001b7ff00000,0x0000001b80000000)]
  0x00000127d3d28000 JavaThread "C1 CompilerThread0" daemon [_thread_in_native, id=5736, stack(0x0000001b00000000,0x0000001b00100000)]
  0x00000127d3d33000 JavaThread "Sweeper thread" daemon [_thread_blocked, id=14440, stack(0x0000001b00100000,0x0000001b00200000)]
  0x00000127d3e90800 JavaThread "Common-Cleaner" daemon [_thread_blocked, id=11500, stack(0x0000001b00300000,0x0000001b00400000)]
  0x00000127d3e8a800 JavaThread "C2 CompilerThread1" daemon [_thread_in_native, id=5680, stack(0x0000001b00400000,0x0000001b00500000)]
=>0x00000127d5272800 JavaThread "C2 CompilerThread2" daemon [_thread_in_native, id=6468, stack(0x0000001b00800000,0x0000001b00900000)]

Other Threads:
  0x00000127d348b800 VMThread "VM Thread" [stack: 0x0000001b7f900000,0x0000001b7fa00000] [id=6460]
  0x00000127d3e84800 WatcherThread [stack: 0x0000001b00200000,0x0000001b00300000] [id=10588]
  0x00000127b71a8000 GCTaskThread "GC Thread#0" [stack: 0x0000001b7f400000,0x0000001b7f500000] [id=7604]
  0x00000127d4588800 GCTaskThread "GC Thread#1" [stack: 0x0000001b00600000,0x0000001b00700000] [id=16004]
  0x00000127d45c6800 GCTaskThread "GC Thread#2" [stack: 0x0000001b00700000,0x0000001b00800000] [id=5000]
  0x00000127b71df000 ConcurrentGCThread "G1 Main Marker" [stack: 0x0000001b7f500000,0x0000001b7f600000] [id=6492]
  0x00000127b71e1000 ConcurrentGCThread "G1 Conc#0" [stack: 0x0000001b7f600000,0x0000001b7f700000] [id=13008]
  0x00000127d473e800 ConcurrentGCThread "G1 Conc#1" [stack: 0x0000001b00500000,0x0000001b00600000] [id=15680]
  0x00000127b725e000 ConcurrentGCThread "G1 Refine#0" [stack: 0x0000001b7f700000,0x0000001b7f800000] [id=4072]
  0x00000127d5277800 ConcurrentGCThread "G1 Refine#1" [stack: 0x0000001b00900000,0x0000001b00a00000] [id=3572]
  0x00000127d32f8800 ConcurrentGCThread "G1 Young RemSet Sampling" [stack: 0x0000001b7f800000,0x0000001b7f900000] [id=14512]

Threads with active compile tasks:
C2 CompilerThread0     3353 2867       4       java.lang.ClassLoader::loadClass (7 bytes)
C1 CompilerThread0     3353 3314   !   2       org.jetbrains.kotlin.metadata.ProtoBuf$Class::<init> (2890 bytes)
C2 CompilerThread1     3353 3028   !   4       jdk.internal.loader.BuiltinClassLoader::findClassOnClassPathOrNull (64 bytes)
C2 CompilerThread2     3353 2929       4       jdk.internal.loader.ClassLoaders$AppClassLoader::loadClass (40 bytes)

VM state:not at safepoint (normal execution)

VM Mutex/Monitor currently owned by a thread: None

Heap address: 0x0000000082600000, size: 2010 MB, Compressed Oops mode: 32-bit
Narrow klass base: 0x0000000000000000, Narrow klass shift: 3
Compressed class space size: 1073741824 Address: 0x0000000100000000

Heap:
 garbage-first heap   total 155648K, used 56786K [0x0000000082600000, 0x0000000100000000)
  region size 1024K, 33 young (33792K), 6 survivors (6144K)
 Metaspace       used 47938K, capacity 48436K, committed 48688K, reserved 1095680K
  class space    used 5615K, capacity 5812K, committed 5936K, reserved 1048576K
Heap Regions: E=young(eden), S=young(survivor), O=old, HS=humongous(starts), HC=humongous(continues), CS=collection set, F=free, A=archive, TAMS=top-at-mark-start (previous, next)
|   0|0x0000000082600000, 0x0000000082700000, 0x0000000082700000|100%|HS|  |TAMS 0x0000000082700000, 0x0000000082600000| Complete 
|   1|0x0000000082700000, 0x0000000082800000, 0x0000000082800000|100%|HC|  |TAMS 0x0000000082800000, 0x0000000082700000| Complete 
|   2|0x0000000082800000, 0x0000000082900000, 0x0000000082900000|100%|HC|  |TAMS 0x0000000082900000, 0x0000000082800000| Complete 
|   3|0x0000000082900000, 0x0000000082a00000, 0x0000000082a00000|100%|HC|  |TAMS 0x0000000082a00000, 0x0000000082900000| Complete 
|   4|0x0000000082a00000, 0x0000000082b00000, 0x0000000082b00000|100%|HS|  |TAMS 0x0000000082b00000, 0x0000000082a00000| Complete 
|   5|0x0000000082b00000, 0x0000000082c00000, 0x0000000082c00000|100%|HC|  |TAMS 0x0000000082c00000, 0x0000000082b00000| Complete 
|   6|0x0000000082c00000, 0x0000000082d00000, 0x0000000082d00000|100%|HC|  |TAMS 0x0000000082d00000, 0x0000000082c00000| Complete 
|   7|0x0000000082d00000, 0x0000000082e00000, 0x0000000082e00000|100%|HC|  |TAMS 0x0000000082e00000, 0x0000000082d00000| Complete 
|   8|0x0000000082e00000, 0x0000000082f00000, 0x0000000082f00000|100%| O|  |TAMS 0x0000000082e00000, 0x0000000082e00000| Untracked 
|   9|0x0000000082f00000, 0x0000000083000000, 0x0000000083000000|100%| O|  |TAMS 0x0000000082f00000, 0x0000000082f00000| Untracked 
|  10|0x0000000083000000, 0x0000000083100000, 0x0000000083100000|100%| O|  |TAMS 0x0000000083100000, 0x0000000083000000| Untracked 
|  11|0x0000000083100000, 0x0000000083200000, 0x0000000083200000|100%| O|  |TAMS 0x0000000083200000, 0x0000000083100000| Untracked 
|  12|0x0000000083200000, 0x0000000083300000, 0x0000000083300000|100%| O|  |TAMS 0x0000000083300000, 0x0000000083200000| Untracked 
|  13|0x0000000083300000, 0x0000000083400000, 0x0000000083400000|100%| O|  |TAMS 0x0000000083400000, 0x0000000083300000| Untracked 
|  14|0x0000000083400000, 0x0000000083500000, 0x0000000083500000|100%| O|  |TAMS 0x0000000083500000, 0x0000000083400000| Untracked 
|  15|0x0000000083500000, 0x0000000083600000, 0x0000000083600000|100%| O|  |TAMS 0x0000000083600000, 0x0000000083500000| Untracked 
|  16|0x0000000083600000, 0x0000000083700000, 0x0000000083700000|100%| O|  |TAMS 0x0000000083700000, 0x0000000083600000| Untracked 
|  17|0x0000000083700000, 0x0000000083800000, 0x0000000083800000|100%| O|  |TAMS 0x00000000837b3800, 0x0000000083700000| Untracked 
|  18|0x0000000083800000, 0x0000000083900000, 0x0000000083900000|100%| O|  |TAMS 0x0000000083800000, 0x0000000083800000| Untracked 
|  19|0x0000000083900000, 0x0000000083a00000, 0x0000000083a00000|100%| O|  |TAMS 0x0000000083900000, 0x0000000083900000| Untracked 
|  20|0x0000000083a00000, 0x0000000083a96a00, 0x0000000083b00000| 58%| O|  |TAMS 0x0000000083a00000, 0x0000000083a00000| Untracked 
|  21|0x0000000083b00000, 0x0000000083c00000, 0x0000000083c00000|100%|HS|  |TAMS 0x0000000083b00000, 0x0000000083b00000| Complete 
|  22|0x0000000083c00000, 0x0000000083d00000, 0x0000000083d00000|100%|HC|  |TAMS 0x0000000083c00000, 0x0000000083c00000| Complete 
|  23|0x0000000083d00000, 0x0000000083e00000, 0x0000000083e00000|100%|HS|  |TAMS 0x0000000083d00000, 0x0000000083d00000| Complete 
|  24|0x0000000083e00000, 0x0000000083e00000, 0x0000000083f00000|  0%| F|  |TAMS 0x0000000083e00000, 0x0000000083e00000| Untracked 
|  25|0x0000000083f00000, 0x0000000083f00000, 0x0000000084000000|  0%| F|  |TAMS 0x0000000083f00000, 0x0000000083f00000| Untracked 
|  26|0x0000000084000000, 0x0000000084000000, 0x0000000084100000|  0%| F|  |TAMS 0x0000000084000000, 0x0000000084000000| Untracked 
|  27|0x0000000084100000, 0x0000000084100000, 0x0000000084200000|  0%| F|  |TAMS 0x0000000084100000, 0x0000000084100000| Untracked 
|  28|0x0000000084200000, 0x0000000084200000, 0x0000000084300000|  0%| F|  |TAMS 0x0000000084200000, 0x0000000084200000| Untracked 
|  29|0x0000000084300000, 0x0000000084300000, 0x0000000084400000|  0%| F|  |TAMS 0x0000000084300000, 0x0000000084300000| Untracked 
|  30|0x0000000084400000, 0x0000000084400000, 0x0000000084500000|  0%| F|  |TAMS 0x0000000084400000, 0x0000000084400000| Untracked 
|  31|0x0000000084500000, 0x0000000084500000, 0x0000000084600000|  0%| F|  |TAMS 0x0000000084500000, 0x0000000084500000| Untracked 
|  32|0x0000000084600000, 0x0000000084600000, 0x0000000084700000|  0%| F|  |TAMS 0x0000000084600000, 0x0000000084600000| Untracked 
|  33|0x0000000084700000, 0x0000000084700000, 0x0000000084800000|  0%| F|  |TAMS 0x0000000084700000, 0x0000000084700000| Untracked 
|  34|0x0000000084800000, 0x0000000084800000, 0x0000000084900000|  0%| F|  |TAMS 0x0000000084800000, 0x0000000084800000| Untracked 
|  35|0x0000000084900000, 0x0000000084900000, 0x0000000084a00000|  0%| F|  |TAMS 0x0000000084900000, 0x0000000084900000| Untracked 
|  36|0x0000000084a00000, 0x0000000084a00000, 0x0000000084b00000|  0%| F|  |TAMS 0x0000000084a00000, 0x0000000084a00000| Untracked 
|  37|0x0000000084b00000, 0x0000000084b00000, 0x0000000084c00000|  0%| F|  |TAMS 0x0000000084b00000, 0x0000000084b00000| Untracked 
|  38|0x0000000084c00000, 0x0000000084c00000, 0x0000000084d00000|  0%| F|  |TAMS 0x0000000084c00000, 0x0000000084c00000| Untracked 
|  39|0x0000000084d00000, 0x0000000084d00000, 0x0000000084e00000|  0%| F|  |TAMS 0x0000000084d00000, 0x0000000084d00000| Untracked 
|  40|0x0000000084e00000, 0x0000000084e00000, 0x0000000084f00000|  0%| F|  |TAMS 0x0000000084e00000, 0x0000000084e00000| Untracked 
|  41|0x0000000084f00000, 0x0000000084f00000, 0x0000000085000000|  0%| F|  |TAMS 0x0000000084f00000, 0x0000000084f00000| Untracked 
|  42|0x0000000085000000, 0x0000000085000000, 0x0000000085100000|  0%| F|  |TAMS 0x0000000085000000, 0x0000000085000000| Untracked 
|  43|0x0000000085100000, 0x0000000085100000, 0x0000000085200000|  0%| F|  |TAMS 0x0000000085100000, 0x0000000085100000| Untracked 
|  44|0x0000000085200000, 0x0000000085200000, 0x0000000085300000|  0%| F|  |TAMS 0x0000000085200000, 0x0000000085200000| Untracked 
|  45|0x0000000085300000, 0x0000000085300000, 0x0000000085400000|  0%| F|  |TAMS 0x0000000085300000, 0x0000000085300000| Untracked 
|  46|0x0000000085400000, 0x0000000085400000, 0x0000000085500000|  0%| F|  |TAMS 0x0000000085400000, 0x0000000085400000| Untracked 
|  47|0x0000000085500000, 0x0000000085500000, 0x0000000085600000|  0%| F|  |TAMS 0x0000000085500000, 0x0000000085500000| Untracked 
|  48|0x0000000085600000, 0x0000000085600000, 0x0000000085700000|  0%| F|  |TAMS 0x0000000085600000, 0x0000000085600000| Untracked 
|  49|0x0000000085700000, 0x0000000085700000, 0x0000000085800000|  0%| F|  |TAMS 0x0000000085700000, 0x0000000085700000| Untracked 
|  50|0x0000000085800000, 0x0000000085800000, 0x0000000085900000|  0%| F|  |TAMS 0x0000000085800000, 0x0000000085800000| Untracked 
|  51|0x0000000085900000, 0x0000000085900000, 0x0000000085a00000|  0%| F|  |TAMS 0x0000000085900000, 0x0000000085900000| Untracked 
|  52|0x0000000085a00000, 0x0000000085a00000, 0x0000000085b00000|  0%| F|  |TAMS 0x0000000085a00000, 0x0000000085a00000| Untracked 
|  53|0x0000000085b00000, 0x0000000085b00000, 0x0000000085c00000|  0%| F|  |TAMS 0x0000000085b00000, 0x0000000085b00000| Untracked 
|  54|0x0000000085c00000, 0x0000000085c00000, 0x0000000085d00000|  0%| F|  |TAMS 0x0000000085c00000, 0x0000000085c00000| Untracked 
|  55|0x0000000085d00000, 0x0000000085d00000, 0x0000000085e00000|  0%| F|  |TAMS 0x0000000085d00000, 0x0000000085d00000| Untracked 
|  56|0x0000000085e00000, 0x0000000085e00000, 0x0000000085f00000|  0%| F|  |TAMS 0x0000000085e00000, 0x0000000085e00000| Untracked 
|  57|0x0000000085f00000, 0x0000000085f00000, 0x0000000086000000|  0%| F|  |TAMS 0x0000000085f00000, 0x0000000085f00000| Untracked 
|  58|0x0000000086000000, 0x0000000086000000, 0x0000000086100000|  0%| F|  |TAMS 0x0000000086000000, 0x0000000086000000| Untracked 
|  59|0x0000000086100000, 0x0000000086100000, 0x0000000086200000|  0%| F|  |TAMS 0x0000000086100000, 0x0000000086100000| Untracked 
|  60|0x0000000086200000, 0x0000000086200000, 0x0000000086300000|  0%| F|  |TAMS 0x0000000086200000, 0x0000000086200000| Untracked 
|  61|0x0000000086300000, 0x0000000086300000, 0x0000000086400000|  0%| F|  |TAMS 0x0000000086300000, 0x0000000086300000| Untracked 
|  62|0x0000000086400000, 0x0000000086400000, 0x0000000086500000|  0%| F|  |TAMS 0x0000000086400000, 0x0000000086400000| Untracked 
|  63|0x0000000086500000, 0x0000000086500000, 0x0000000086600000|  0%| F|  |TAMS 0x0000000086500000, 0x0000000086500000| Untracked 
|  64|0x0000000086600000, 0x0000000086600000, 0x0000000086700000|  0%| F|  |TAMS 0x0000000086600000, 0x0000000086600000| Untracked 
|  65|0x0000000086700000, 0x0000000086700000, 0x0000000086800000|  0%| F|  |TAMS 0x0000000086700000, 0x0000000086700000| Untracked 
|  66|0x0000000086800000, 0x0000000086800000, 0x0000000086900000|  0%| F|  |TAMS 0x0000000086800000, 0x0000000086800000| Untracked 
|  67|0x0000000086900000, 0x0000000086900000, 0x0000000086a00000|  0%| F|  |TAMS 0x0000000086900000, 0x0000000086900000| Untracked 
|  68|0x0000000086a00000, 0x0000000086a00000, 0x0000000086b00000|  0%| F|  |TAMS 0x0000000086a00000, 0x0000000086a00000| Untracked 
|  69|0x0000000086b00000, 0x0000000086b00000, 0x0000000086c00000|  0%| F|  |TAMS 0x0000000086b00000, 0x0000000086b00000| Untracked 
|  70|0x0000000086c00000, 0x0000000086c00000, 0x0000000086d00000|  0%| F|  |TAMS 0x0000000086c00000, 0x0000000086c00000| Untracked 
|  71|0x0000000086d00000, 0x0000000086d00000, 0x0000000086e00000|  0%| F|  |TAMS 0x0000000086d00000, 0x0000000086d00000| Untracked 
|  72|0x0000000086e00000, 0x0000000086e00000, 0x0000000086f00000|  0%| F|  |TAMS 0x0000000086e00000, 0x0000000086e00000| Untracked 
|  73|0x0000000086f00000, 0x0000000086f00000, 0x0000000087000000|  0%| F|  |TAMS 0x0000000086f00000, 0x0000000086f00000| Untracked 
|  74|0x0000000087000000, 0x0000000087000000, 0x0000000087100000|  0%| F|  |TAMS 0x0000000087000000, 0x0000000087000000| Untracked 
|  75|0x0000000087100000, 0x00000000871de080, 0x0000000087200000| 86%| S|CS|TAMS 0x0000000087100000, 0x0000000087100000| Complete 
|  76|0x0000000087200000, 0x0000000087300000, 0x0000000087300000|100%| S|CS|TAMS 0x0000000087200000, 0x0000000087200000| Complete 
|  77|0x0000000087300000, 0x0000000087400000, 0x0000000087400000|100%| S|CS|TAMS 0x0000000087300000, 0x0000000087300000| Complete 
|  78|0x0000000087400000, 0x0000000087500000, 0x0000000087500000|100%| S|CS|TAMS 0x0000000087400000, 0x0000000087400000| Complete 
|  79|0x0000000087500000, 0x0000000087600000, 0x0000000087600000|100%| S|CS|TAMS 0x0000000087500000, 0x0000000087500000| Complete 
|  80|0x0000000087600000, 0x0000000087700000, 0x0000000087700000|100%| S|CS|TAMS 0x0000000087600000, 0x0000000087600000| Complete 
|  81|0x0000000087700000, 0x0000000087700000, 0x0000000087800000|  0%| F|  |TAMS 0x0000000087700000, 0x0000000087700000| Untracked 
|  82|0x0000000087800000, 0x0000000087800000, 0x0000000087900000|  0%| F|  |TAMS 0x0000000087800000, 0x0000000087800000| Untracked 
|  83|0x0000000087900000, 0x0000000087900000, 0x0000000087a00000|  0%| F|  |TAMS 0x0000000087900000, 0x0000000087900000| Untracked 
|  84|0x0000000087a00000, 0x0000000087a00000, 0x0000000087b00000|  0%| F|  |TAMS 0x0000000087a00000, 0x0000000087a00000| Untracked 
|  85|0x0000000087b00000, 0x0000000087b00000, 0x0000000087c00000|  0%| F|  |TAMS 0x0000000087b00000, 0x0000000087b00000| Untracked 
|  86|0x0000000087c00000, 0x0000000087c00000, 0x0000000087d00000|  0%| F|  |TAMS 0x0000000087c00000, 0x0000000087c00000| Untracked 
|  87|0x0000000087d00000, 0x0000000087d00000, 0x0000000087e00000|  0%| F|  |TAMS 0x0000000087d00000, 0x0000000087d00000| Untracked 
|  88|0x0000000087e00000, 0x0000000087e00000, 0x0000000087f00000|  0%| F|  |TAMS 0x0000000087e00000, 0x0000000087e00000| Untracked 
|  89|0x0000000087f00000, 0x0000000087f00000, 0x0000000088000000|  0%| F|  |TAMS 0x0000000087f00000, 0x0000000087f00000| Untracked 
|  90|0x0000000088000000, 0x0000000088000000, 0x0000000088100000|  0%| F|  |TAMS 0x0000000088000000, 0x0000000088000000| Untracked 
|  91|0x0000000088100000, 0x0000000088100000, 0x0000000088200000|  0%| F|  |TAMS 0x0000000088100000, 0x0000000088100000| Untracked 
|  92|0x0000000088200000, 0x0000000088200000, 0x0000000088300000|  0%| F|  |TAMS 0x0000000088200000, 0x0000000088200000| Untracked 
|  93|0x0000000088300000, 0x0000000088300000, 0x0000000088400000|  0%| F|  |TAMS 0x0000000088300000, 0x0000000088300000| Untracked 
|  94|0x0000000088400000, 0x0000000088400000, 0x0000000088500000|  0%| F|  |TAMS 0x0000000088400000, 0x0000000088400000| Untracked 
|  95|0x0000000088500000, 0x0000000088500000, 0x0000000088600000|  0%| F|  |TAMS 0x0000000088500000, 0x0000000088500000| Untracked 
|  96|0x0000000088600000, 0x0000000088600000, 0x0000000088700000|  0%| F|  |TAMS 0x0000000088600000, 0x0000000088600000| Untracked 
|  97|0x0000000088700000, 0x0000000088700000, 0x0000000088800000|  0%| F|  |TAMS 0x0000000088700000, 0x0000000088700000| Untracked 
|  98|0x0000000088800000, 0x0000000088800000, 0x0000000088900000|  0%| F|  |TAMS 0x0000000088800000, 0x0000000088800000| Untracked 
|  99|0x0000000088900000, 0x0000000088900000, 0x0000000088a00000|  0%| F|  |TAMS 0x0000000088900000, 0x0000000088900000| Untracked 
| 100|0x0000000088a00000, 0x0000000088a00000, 0x0000000088b00000|  0%| F|  |TAMS 0x0000000088a00000, 0x0000000088a00000| Untracked 
| 101|0x0000000088b00000, 0x0000000088b00000, 0x0000000088c00000|  0%| F|  |TAMS 0x0000000088b00000, 0x0000000088b00000| Untracked 
| 102|0x0000000088c00000, 0x0000000088c00000, 0x0000000088d00000|  0%| F|  |TAMS 0x0000000088c00000, 0x0000000088c00000| Untracked 
| 103|0x0000000088d00000, 0x0000000088d00000, 0x0000000088e00000|  0%| F|  |TAMS 0x0000000088d00000, 0x0000000088d00000| Untracked 
| 104|0x0000000088e00000, 0x0000000088e00000, 0x0000000088f00000|  0%| F|  |TAMS 0x0000000088e00000, 0x0000000088e00000| Untracked 
| 105|0x0000000088f00000, 0x0000000088f00000, 0x0000000089000000|  0%| F|  |TAMS 0x0000000088f00000, 0x0000000088f00000| Untracked 
| 106|0x0000000089000000, 0x0000000089000000, 0x0000000089100000|  0%| F|  |TAMS 0x0000000089000000, 0x0000000089000000| Untracked 
| 107|0x0000000089100000, 0x0000000089100000, 0x0000000089200000|  0%| F|  |TAMS 0x0000000089100000, 0x0000000089100000| Untracked 
| 108|0x0000000089200000, 0x0000000089200000, 0x0000000089300000|  0%| F|  |TAMS 0x0000000089200000, 0x0000000089200000| Untracked 
| 109|0x0000000089300000, 0x0000000089300000, 0x0000000089400000|  0%| F|  |TAMS 0x0000000089300000, 0x0000000089300000| Untracked 
| 110|0x0000000089400000, 0x0000000089400000, 0x0000000089500000|  0%| F|  |TAMS 0x0000000089400000, 0x0000000089400000| Untracked 
| 111|0x0000000089500000, 0x0000000089500000, 0x0000000089600000|  0%| F|  |TAMS 0x0000000089500000, 0x0000000089500000| Untracked 
| 112|0x0000000089600000, 0x0000000089600000, 0x0000000089700000|  0%| F|  |TAMS 0x0000000089600000, 0x0000000089600000| Untracked 
| 113|0x0000000089700000, 0x0000000089700000, 0x0000000089800000|  0%| F|  |TAMS 0x0000000089700000, 0x0000000089700000| Untracked 
| 114|0x0000000089800000, 0x0000000089800000, 0x0000000089900000|  0%| F|  |TAMS 0x0000000089800000, 0x0000000089800000| Untracked 
| 115|0x0000000089900000, 0x0000000089900000, 0x0000000089a00000|  0%| F|  |TAMS 0x0000000089900000, 0x0000000089900000| Untracked 
| 116|0x0000000089a00000, 0x0000000089a00000, 0x0000000089b00000|  0%| F|  |TAMS 0x0000000089a00000, 0x0000000089a00000| Untracked 
| 117|0x0000000089b00000, 0x0000000089b00000, 0x0000000089c00000|  0%| F|  |TAMS 0x0000000089b00000, 0x0000000089b00000| Untracked 
| 118|0x0000000089c00000, 0x0000000089c00000, 0x0000000089d00000|  0%| F|  |TAMS 0x0000000089c00000, 0x0000000089c00000| Untracked 
| 119|0x0000000089d00000, 0x0000000089d00000, 0x0000000089e00000|  0%| F|  |TAMS 0x0000000089d00000, 0x0000000089d00000| Untracked 
| 120|0x0000000089e00000, 0x0000000089e00000, 0x0000000089f00000|  0%| F|  |TAMS 0x0000000089e00000, 0x0000000089e00000| Untracked 
| 121|0x0000000089f00000, 0x0000000089f00000, 0x000000008a000000|  0%| F|  |TAMS 0x0000000089f00000, 0x0000000089f00000| Untracked 
| 122|0x000000008a000000, 0x000000008a000000, 0x000000008a100000|  0%| F|  |TAMS 0x000000008a000000, 0x000000008a000000| Untracked 
| 123|0x000000008a100000, 0x000000008a100000, 0x000000008a200000|  0%| F|  |TAMS 0x000000008a100000, 0x000000008a100000| Untracked 
| 124|0x000000008a200000, 0x000000008a280800, 0x000000008a300000| 50%| E|  |TAMS 0x000000008a200000, 0x000000008a200000| Complete 
| 125|0x000000008a300000, 0x000000008a400000, 0x000000008a400000|100%| E|CS|TAMS 0x000000008a300000, 0x000000008a300000| Complete 
| 126|0x000000008a400000, 0x000000008a500000, 0x000000008a500000|100%| E|CS|TAMS 0x000000008a400000, 0x000000008a400000| Complete 
| 127|0x000000008a500000, 0x000000008a600000, 0x000000008a600000|100%| E|CS|TAMS 0x000000008a500000, 0x000000008a500000| Complete 
| 128|0x000000008a600000, 0x000000008a700000, 0x000000008a700000|100%| E|CS|TAMS 0x000000008a600000, 0x000000008a600000| Complete 
| 129|0x000000008a700000, 0x000000008a800000, 0x000000008a800000|100%| E|CS|TAMS 0x000000008a700000, 0x000000008a700000| Complete 
| 130|0x000000008a800000, 0x000000008a900000, 0x000000008a900000|100%| E|CS|TAMS 0x000000008a800000, 0x000000008a800000| Complete 
| 131|0x000000008a900000, 0x000000008aa00000, 0x000000008aa00000|100%| E|CS|TAMS 0x000000008a900000, 0x000000008a900000| Complete 
| 132|0x000000008aa00000, 0x000000008ab00000, 0x000000008ab00000|100%| E|CS|TAMS 0x000000008aa00000, 0x000000008aa00000| Complete 
| 133|0x000000008ab00000, 0x000000008ac00000, 0x000000008ac00000|100%| E|CS|TAMS 0x000000008ab00000, 0x000000008ab00000| Complete 
| 134|0x000000008ac00000, 0x000000008ad00000, 0x000000008ad00000|100%| E|CS|TAMS 0x000000008ac00000, 0x000000008ac00000| Complete 
| 135|0x000000008ad00000, 0x000000008ae00000, 0x000000008ae00000|100%| E|CS|TAMS 0x000000008ad00000, 0x000000008ad00000| Complete 
| 136|0x000000008ae00000, 0x000000008af00000, 0x000000008af00000|100%| E|CS|TAMS 0x000000008ae00000, 0x000000008ae00000| Complete 
| 137|0x000000008af00000, 0x000000008b000000, 0x000000008b000000|100%| E|CS|TAMS 0x000000008af00000, 0x000000008af00000| Complete 
| 138|0x000000008b000000, 0x000000008b100000, 0x000000008b100000|100%| E|CS|TAMS 0x000000008b000000, 0x000000008b000000| Complete 
| 139|0x000000008b100000, 0x000000008b200000, 0x000000008b200000|100%| E|CS|TAMS 0x000000008b100000, 0x000000008b100000| Complete 
| 140|0x000000008b200000, 0x000000008b300000, 0x000000008b300000|100%| E|CS|TAMS 0x000000008b200000, 0x000000008b200000| Complete 
| 141|0x000000008b300000, 0x000000008b400000, 0x000000008b400000|100%| E|CS|TAMS 0x000000008b300000, 0x000000008b300000| Complete 
| 142|0x000000008b400000, 0x000000008b500000, 0x000000008b500000|100%| E|CS|TAMS 0x000000008b400000, 0x000000008b400000| Complete 
| 143|0x000000008b500000, 0x000000008b600000, 0x000000008b600000|100%| E|CS|TAMS 0x000000008b500000, 0x000000008b500000| Complete 
| 144|0x000000008b600000, 0x000000008b700000, 0x000000008b700000|100%| E|CS|TAMS 0x000000008b600000, 0x000000008b600000| Complete 
| 145|0x000000008b700000, 0x000000008b800000, 0x000000008b800000|100%| E|CS|TAMS 0x000000008b700000, 0x000000008b700000| Complete 
| 146|0x000000008b800000, 0x000000008b900000, 0x000000008b900000|100%| E|CS|TAMS 0x000000008b800000, 0x000000008b800000| Complete 
| 147|0x000000008b900000, 0x000000008ba00000, 0x000000008ba00000|100%| E|CS|TAMS 0x000000008b900000, 0x000000008b900000| Complete 
| 148|0x000000008ba00000, 0x000000008bb00000, 0x000000008bb00000|100%| E|CS|TAMS 0x000000008ba00000, 0x000000008ba00000| Complete 
| 149|0x000000008bb00000, 0x000000008bc00000, 0x000000008bc00000|100%| E|CS|TAMS 0x000000008bb00000, 0x000000008bb00000| Complete 
| 150|0x000000008bc00000, 0x000000008bd00000, 0x000000008bd00000|100%| E|CS|TAMS 0x000000008bc00000, 0x000000008bc00000| Complete 
| 151|0x000000008bd00000, 0x000000008be00000, 0x000000008be00000|100%| E|CS|TAMS 0x000000008bd00000, 0x000000008bd00000| Complete 

Card table byte_map: [0x00000127cc300000,0x00000127cc6f0000] _byte_map_base: 0x00000127cbeed000

Marking Bits (Prev, Next): (CMBitMap*) 0x00000127b71d4858, (CMBitMap*) 0x00000127b71d4890
 Prev Bits: [0x00000127ccae0000, 0x00000127cea48000)
 Next Bits: [0x00000127cea50000, 0x00000127d09b8000)

Polling page: 0x00000127b7260000

Metaspace:

Usage:
  Non-class:     41.62 MB capacity,    41.33 MB (>99%) used,   230.71 KB ( <1%) free+waste,    69.62 KB ( <1%) overhead. 
      Class:      5.68 MB capacity,     5.48 MB ( 97%) used,   166.33 KB (  3%) free+waste,    30.50 KB ( <1%) overhead. 
       Both:     47.30 MB capacity,    46.82 MB ( 99%) used,   397.04 KB ( <1%) free+waste,   100.12 KB ( <1%) overhead. 

Virtual space:
  Non-class space:       46.00 MB reserved,      41.75 MB ( 91%) committed 
      Class space:        1.00 GB reserved,       5.80 MB ( <1%) committed 
             Both:        1.04 GB reserved,      47.55 MB (  4%) committed 

Chunk freelists:
   Non-Class:  0 bytes
       Class:  12.00 KB
        Both:  12.00 KB

MaxMetaspaceSize: 17179869184.00 GB
CompressedClassSpaceSize: 1.00 GB
Initial GC threshold: 20.80 MB
Current GC threshold: 59.00 MB
CDS: off

CodeHeap 'non-profiled nmethods': size=120000Kb used=1344Kb max_used=1344Kb free=118655Kb
 bounds [0x00000127c3f70000, 0x00000127c41e0000, 0x00000127cb4a0000]
CodeHeap 'profiled nmethods': size=120000Kb used=6432Kb max_used=6432Kb free=113567Kb
 bounds [0x00000127bca40000, 0x00000127bd090000, 0x00000127c3f70000]
CodeHeap 'non-nmethods': size=5760Kb used=1271Kb max_used=1310Kb free=4489Kb
 bounds [0x00000127bc4a0000, 0x00000127bc710000, 0x00000127bca40000]
 total_blobs=3837 nmethods=3280 adapters=469
 compilation: enabled
              stopped_count=0, restarted_count=0
 full_count=0

Compilation events (20 events):
Event: 3.278 Thread 0x00000127d3d28000 nmethod 3301 0x00000127bd084190 code [0x00000127bd0843a0, 0x00000127bd0848c8]
Event: 3.278 Thread 0x00000127d3d28000 3302       2       org.jetbrains.kotlin.load.java.structure.impl.classFiles.AnnotationsAndParameterCollectorMethodVisitor::visitParameterAnnotation (83 bytes)
Event: 3.278 Thread 0x00000127d3d28000 nmethod 3302 0x00000127bd084b10 code [0x00000127bd084d20, 0x00000127bd0850f8]
Event: 3.278 Thread 0x00000127d3d28000 3305       2       java.util.ArrayList::indexOfRange (71 bytes)
Event: 3.279 Thread 0x00000127d3d28000 nmethod 3305 0x00000127bd085390 code [0x00000127bd085560, 0x00000127bd085808]
Event: 3.279 Thread 0x00000127d3d28000 3294       2       org.jetbrains.kotlin.cli.jvm.compiler.KotlinCliJavaFileManagerImpl$findClasses$1$$special$$inlined$forEachClassId$lambda$1::invoke (16 bytes)
Event: 3.279 Thread 0x00000127d3d28000 nmethod 3294 0x00000127bd085a10 code [0x00000127bd085be0, 0x00000127bd085d88]
Event: 3.279 Thread 0x00000127d3d28000 3295       2       org.jetbrains.kotlin.cli.jvm.compiler.KotlinCliJavaFileManagerImpl$findClasses$1$$special$$inlined$forEachClassId$lambda$1::invoke (102 bytes)
Event: 3.280 Thread 0x00000127d3d28000 nmethod 3295 0x00000127bd085e90 code [0x00000127bd086100, 0x00000127bd086678]
Event: 3.280 Thread 0x00000127d3d28000 3303       2       java.util.ArrayList::contains (14 bytes)
Event: 3.280 Thread 0x00000127d3d28000 nmethod 3303 0x00000127bd086b10 code [0x00000127bd086cc0, 0x00000127bd086de8]
Event: 3.280 Thread 0x00000127d3d28000 3304       2       java.util.ArrayList::indexOf (11 bytes)
Event: 3.280 Thread 0x00000127d3d28000 nmethod 3304 0x00000127bd086e90 code [0x00000127bd087040, 0x00000127bd087168]
Event: 3.280 Thread 0x00000127d3d28000 3306       2       org.jetbrains.kotlin.protobuf.CodedInputStream::isAtEnd (25 bytes)
Event: 3.280 Thread 0x00000127d3d28000 nmethod 3306 0x00000127bd087210 code [0x00000127bd0873c0, 0x00000127bd087508]
Event: 3.280 Thread 0x00000127d3d28000 3307       2       org.jetbrains.kotlin.protobuf.CodedInputStream::readTag (41 bytes)
Event: 3.281 Thread 0x00000127d3d28000 nmethod 3307 0x00000127bd087590 code [0x00000127bd087760, 0x00000127bd087948]
Event: 3.281 Thread 0x00000127d3d28000 3308       2       org.jetbrains.kotlin.protobuf.CodedInputStream::readRawVarint64 (305 bytes)
Event: 3.281 Thread 0x00000127d3d28000 nmethod 3308 0x00000127bd087a90 code [0x00000127bd087c60, 0x00000127bd088128]
Event: 3.281 Thread 0x00000127d3d28000 3314   !   2       org.jetbrains.kotlin.metadata.ProtoBuf$Class::<init> (2890 bytes)

GC Heap History (10 events):
Event: 0.583 GC heap before
{Heap before GC invocations=0 (full 0):
 garbage-first heap   total 129024K, used 28672K [0x0000000082600000, 0x0000000100000000)
  region size 1024K, 24 young (24576K), 0 survivors (0K)
 Metaspace       used 12130K, capacity 12280K, committed 12544K, reserved 1060864K
  class space    used 1120K, capacity 1175K, committed 1280K, reserved 1048576K
}
Event: 0.586 GC heap after
{Heap after GC invocations=1 (full 0):
 garbage-first heap   total 129024K, used 6676K [0x0000000082600000, 0x0000000100000000)
  region size 1024K, 3 young (3072K), 3 survivors (3072K)
 Metaspace       used 12130K, capacity 12280K, committed 12544K, reserved 1060864K
  class space    used 1120K, capacity 1175K, committed 1280K, reserved 1048576K
}
Event: 1.194 GC heap before
{Heap before GC invocations=1 (full 0):
 garbage-first heap   total 129024K, used 45588K [0x0000000082600000, 0x0000000100000000)
  region size 1024K, 42 young (43008K), 3 survivors (3072K)
 Metaspace       used 21035K, capacity 21200K, committed 21296K, reserved 1069056K
  class space    used 2232K, capacity 2308K, committed 2352K, reserved 1048576K
}
Event: 1.203 GC heap after
{Heap after GC invocations=2 (full 0):
 garbage-first heap   total 129024K, used 10346K [0x0000000082600000, 0x0000000100000000)
  region size 1024K, 7 young (7168K), 7 survivors (7168K)
 Metaspace       used 21035K, capacity 21200K, committed 21296K, reserved 1069056K
  class space    used 2232K, capacity 2308K, committed 2352K, reserved 1048576K
}
Event: 2.119 GC heap before
{Heap before GC invocations=3 (full 0):
 garbage-first heap   total 129024K, used 69738K [0x0000000082600000, 0x0000000100000000)
  region size 1024K, 59 young (60416K), 7 survivors (7168K)
 Metaspace       used 33865K, capacity 34308K, committed 34352K, reserved 1079296K
  class space    used 4188K, capacity 4369K, committed 4400K, reserved 1048576K
}
Event: 2.132 GC heap after
{Heap after GC invocations=4 (full 0):
 garbage-first heap   total 129024K, used 22811K [0x0000000082600000, 0x0000000100000000)
  region size 1024K, 8 young (8192K), 8 survivors (8192K)
 Metaspace       used 33865K, capacity 34308K, committed 34352K, reserved 1079296K
  class space    used 4188K, capacity 4369K, committed 4400K, reserved 1048576K
}
Event: 2.294 GC heap before
{Heap before GC invocations=4 (full 0):
 garbage-first heap   total 129024K, used 33051K [0x0000000082600000, 0x0000000100000000)
  region size 1024K, 19 young (19456K), 8 survivors (8192K)
 Metaspace       used 35408K, capacity 35855K, committed 35920K, reserved 1081344K
  class space    used 4346K, capacity 4501K, committed 4528K, reserved 1048576K
}
Event: 2.304 GC heap after
{Heap after GC invocations=5 (full 0):
 garbage-first heap   total 129024K, used 23246K [0x0000000082600000, 0x0000000100000000)
  region size 1024K, 7 young (7168K), 7 survivors (7168K)
 Metaspace       used 35408K, capacity 35855K, committed 35920K, reserved 1081344K
  class space    used 4346K, capacity 4501K, committed 4528K, reserved 1048576K
}
Event: 2.829 GC heap before
{Heap before GC invocations=6 (full 0):
 garbage-first heap   total 129024K, used 62158K [0x0000000082600000, 0x0000000100000000)
  region size 1024K, 45 young (46080K), 7 survivors (7168K)
 Metaspace       used 43703K, capacity 44176K, committed 44336K, reserved 1087488K
  class space    used 5146K, capacity 5350K, committed 5424K, reserved 1048576K
}
Event: 2.838 GC heap after
{Heap after GC invocations=7 (full 0):
 garbage-first heap   total 155648K, used 27090K [0x0000000082600000, 0x0000000100000000)
  region size 1024K, 6 young (6144K), 6 survivors (6144K)
 Metaspace       used 43703K, capacity 44176K, committed 44336K, reserved 1087488K
  class space    used 5146K, capacity 5350K, committed 5424K, reserved 1048576K
}

Deoptimization events (20 events):
Event: 3.202 Thread 0x00000127b7191800 Uncommon trap: trap_request=0xffffffc6 fr.pc=0x00000127c407f274 relative=0x00000000000005f4
Event: 3.202 Thread 0x00000127b7191800 Uncommon trap: reason=bimorphic_or_optimized_type_check action=maybe_recompile pc=0x00000127c407f274 method=org.jetbrains.kotlin.protobuf.CodedInputStream.tryRefillBuffer(I)Z @ 177 c2
Event: 3.202 Thread 0x00000127b7191800 DEOPT PACKING pc=0x00000127c407f274 sp=0x0000001b7f3fa630
Event: 3.202 Thread 0x00000127b7191800 DEOPT UNPACKING pc=0x00000127bc4ea1af sp=0x0000001b7f3fa518 mode 2
Event: 3.202 Thread 0x00000127b7191800 Uncommon trap: trap_request=0xffffffc6 fr.pc=0x00000127c407f274 relative=0x00000000000005f4
Event: 3.202 Thread 0x00000127b7191800 Uncommon trap: reason=bimorphic_or_optimized_type_check action=maybe_recompile pc=0x00000127c407f274 method=org.jetbrains.kotlin.protobuf.CodedInputStream.tryRefillBuffer(I)Z @ 177 c2
Event: 3.202 Thread 0x00000127b7191800 DEOPT PACKING pc=0x00000127c407f274 sp=0x0000001b7f3fa720
Event: 3.202 Thread 0x00000127b7191800 DEOPT UNPACKING pc=0x00000127bc4ea1af sp=0x0000001b7f3fa608 mode 2
Event: 3.203 Thread 0x00000127b7191800 Uncommon trap: trap_request=0xffffffc6 fr.pc=0x00000127c407f274 relative=0x00000000000005f4
Event: 3.203 Thread 0x00000127b7191800 Uncommon trap: reason=bimorphic_or_optimized_type_check action=maybe_recompile pc=0x00000127c407f274 method=org.jetbrains.kotlin.protobuf.CodedInputStream.tryRefillBuffer(I)Z @ 177 c2
Event: 3.203 Thread 0x00000127b7191800 DEOPT PACKING pc=0x00000127c407f274 sp=0x0000001b7f3fa720
Event: 3.203 Thread 0x00000127b7191800 DEOPT UNPACKING pc=0x00000127bc4ea1af sp=0x0000001b7f3fa608 mode 2
Event: 3.238 Thread 0x00000127b7191800 DEOPT PACKING pc=0x00000127bce4e17f sp=0x0000001b7f3f98d0
Event: 3.238 Thread 0x00000127b7191800 DEOPT UNPACKING pc=0x00000127bc4ea95e sp=0x0000001b7f3f8d20 mode 0
Event: 3.254 Thread 0x00000127b7191800 DEOPT PACKING pc=0x00000127bcd4d35b sp=0x0000001b7f3f93f0
Event: 3.254 Thread 0x00000127b7191800 DEOPT UNPACKING pc=0x00000127bc4ea95e sp=0x0000001b7f3f8868 mode 0
Event: 3.280 Thread 0x00000127b7191800 Uncommon trap: trap_request=0xffffffc6 fr.pc=0x00000127c407e704 relative=0x00000000000002a4
Event: 3.280 Thread 0x00000127b7191800 Uncommon trap: reason=bimorphic_or_optimized_type_check action=maybe_recompile pc=0x00000127c407e704 method=org.jetbrains.kotlin.protobuf.CodedInputStream.tryRefillBuffer(I)Z @ 177 c2
Event: 3.280 Thread 0x00000127b7191800 DEOPT PACKING pc=0x00000127c407e704 sp=0x0000001b7f3f71d0
Event: 3.280 Thread 0x00000127b7191800 DEOPT UNPACKING pc=0x00000127bc4ea1af sp=0x0000001b7f3f7108 mode 2

Classes redefined (0 events):
No events

Internal exceptions (20 events):
Event: 1.165 Thread 0x00000127b7191800 Exception <a 'java/lang/NoSuchMethodError'{0x0000000087de8418}: 'long java.lang.invoke.DirectMethodHandle$Holder.invokeStatic(java.lang.Object)'> (0x0000000087de8418) thrown at [src/hotspot/share/interpreter/linkResolver.cpp, line 773]
Event: 1.165 Thread 0x00000127b7191800 Exception <a 'java/lang/NoSuchMethodError'{0x0000000087deb270}: 'long java.lang.invoke.DirectMethodHandle$Holder.invokeStaticInit(java.lang.Object)'> (0x0000000087deb270) thrown at [src/hotspot/share/interpreter/linkResolver.cpp, line 773]
Event: 1.183 Thread 0x00000127b7191800 Exception <a 'java/lang/NoSuchMethodError'{0x0000000087b5c358}: 'int java.lang.invoke.DirectMethodHandle$Holder.invokeSpecialIFC(java.lang.Object, java.lang.Object, int)'> (0x0000000087b5c358) thrown at [src/hotspot/share/interpreter/linkResolver.cpp, line 773]
Event: 1.227 Thread 0x00000127b7191800 Exception <a 'java/lang/NoSuchMethodError'{0x000000008a295820}: 'int java.lang.invoke.DirectMethodHandle$Holder.invokeStaticInit(java.lang.Object, java.lang.Object, java.lang.Object)'> (0x000000008a295820) thrown at [src/hotspot/share/interpreter/linkResolver.cpp, line 773]
Event: 1.232 Thread 0x00000127b7191800 Exception <a 'java/lang/NoSuchMethodError'{0x000000008a2c10c0}: 'int java.lang.invoke.DirectMethodHandle$Holder.invokeStaticInit(java.lang.Object, java.lang.Object)'> (0x000000008a2c10c0) thrown at [src/hotspot/share/interpreter/linkResolver.cpp, line 773]
Event: 1.277 Thread 0x00000127b7191800 Exception <a 'java/lang/NoSuchMethodError'{0x000000008a0d7180}: 'void java.lang.invoke.DirectMethodHandle$Holder.invokeSpecial(java.lang.Object, java.lang.Object)'> (0x000000008a0d7180) thrown at [src/hotspot/share/interpreter/linkResolver.cpp, line 773]
Event: 1.434 Thread 0x00000127b7191800 Exception <a 'java/lang/NoSuchMethodError'{0x000000008978c6e0}: 'java.lang.Object java.lang.invoke.DirectMethodHandle$Holder.invokeStatic(java.lang.Object, java.lang.Object, java.lang.Object, java.lang.Object, java.lang.Object, java.lang.Object, java.lang.Object, java.lang.Object, java.lang.Object, java.lang.Object, java.lang.Object, java.lang.Object, java.lang.Object, java.lang.Object, java.lang.Object)'> (0x000000008978c6e0) thrown at [src/hotspot/share/interpreter/linkResolver.cpp, line 773]
Event: 1.436 Thread 0x00000127b7191800 Exception <a 'java/lang/NoSuchMethodError'{0x000000008979a6e8}: 'java.lang.Object java.lang.invoke.DirectMethodHandle$Holder.invokeStatic(java.lang.Object, java.lang.Object, java.lang.Object, java.lang.Object, java.lang.Object, java.lang.Object, java.lang.Object, java.lang.Object, java.lang.Object, java.lang.Object, java.lang.Object, java.lang.Object, java.lang.Object, java.lang.Object, java.lang.Object, java.lang.Object)'> (0x000000008979a6e8) thrown at [src/hotspot/share/interpreter/linkResolver.cpp, lin
Event: 1.438 Thread 0x00000127b7191800 Exception <a 'java/lang/NoSuchMethodError'{0x00000000897a8600}: 'java.lang.Object java.lang.invoke.DirectMethodHandle$Holder.invokeSpecial(java.lang.Object, java.lang.Object, int, int, java.lang.Object, java.lang.Object, java.lang.Object)'> (0x00000000897a8600) thrown at [src/hotspot/share/interpreter/linkResolver.cpp, line 773]
Event: 1.438 Thread 0x00000127b7191800 Exception <a 'java/lang/NoSuchMethodError'{0x00000000897abe38}: 'java.lang.Object java.lang.invoke.DelegatingMethodHandle$Holder.reinvoke_L(java.lang.Object, int, int, java.lang.Object, java.lang.Object, java.lang.Object)'> (0x00000000897abe38) thrown at [src/hotspot/share/interpreter/linkResolver.cpp, line 773]
Event: 1.438 Thread 0x00000127b7191800 Exception <a 'java/lang/NoSuchMethodError'{0x00000000897b01c0}: 'java.lang.Object java.lang.invoke.DirectMethodHandle$Holder.invokeStatic(java.lang.Object, java.lang.Object, java.lang.Object, java.lang.Object, int)'> (0x00000000897b01c0) thrown at [src/hotspot/share/interpreter/linkResolver.cpp, line 773]
Event: 1.471 Thread 0x00000127b7191800 Exception <a 'java/lang/NoSuchMethodError'{0x00000000896d4df0}: 'void java.lang.invoke.DirectMethodHandle$Holder.invokeStatic(java.lang.Object, java.lang.Object, java.lang.Object, java.lang.Object)'> (0x00000000896d4df0) thrown at [src/hotspot/share/interpreter/linkResolver.cpp, line 773]
Event: 1.530 Thread 0x00000127b7191800 Exception <a 'java/lang/NoSuchMethodError'{0x00000000892bbdd8}: 'void java.lang.invoke.DirectMethodHandle$Holder.invokeStaticInit(java.lang.Object, java.lang.Object)'> (0x00000000892bbdd8) thrown at [src/hotspot/share/interpreter/linkResolver.cpp, line 773]
Event: 1.608 Thread 0x00000127b7191800 Exception <a 'java/lang/NoSuchMethodError'{0x0000000088d73198}: 'void java.lang.invoke.DirectMethodHandle$Holder.invokeVirtual(java.lang.Object, java.lang.Object)'> (0x0000000088d73198) thrown at [src/hotspot/share/interpreter/linkResolver.cpp, line 773]
Event: 1.617 Thread 0x00000127b7191800 Exception <a 'java/lang/NoSuchMethodError'{0x0000000088c07550}: 'int java.lang.invoke.DirectMethodHandle$Holder.invokeVirtual(java.lang.Object, java.lang.Object)'> (0x0000000088c07550) thrown at [src/hotspot/share/interpreter/linkResolver.cpp, line 773]
Event: 2.253 Thread 0x00000127b7191800 Exception <a 'java/lang/NoSuchMethodError'{0x0000000089cf2c58}: 'java.lang.Object java.lang.invoke.DirectMethodHandle$Holder.invokeVirtual(java.lang.Object, java.lang.Object, java.lang.Object)'> (0x0000000089cf2c58) thrown at [src/hotspot/share/interpreter/linkResolver.cpp, line 773]
Event: 2.808 Thread 0x00000127b7191800 Exception <a 'java/lang/NoSuchMethodError'{0x0000000087772868}: 'java.lang.Object java.lang.invoke.Invokers$Holder.linkToTargetMethod(java.lang.Object, int, java.lang.Object)'> (0x0000000087772868) thrown at [src/hotspot/share/interpreter/linkResolver.cpp, line 773]
Event: 2.910 Thread 0x00000127b7191800 Exception <a 'java/lang/NoSuchMethodError'{0x000000008bbbf0f8}: 'java.lang.Object java.lang.invoke.DirectMethodHandle$Holder.invokeStatic(java.lang.Object, java.lang.Object, java.lang.Object, int)'> (0x000000008bbbf0f8) thrown at [src/hotspot/share/interpreter/linkResolver.cpp, line 773]
Event: 2.910 Thread 0x00000127b7191800 Exception <a 'java/lang/NoSuchMethodError'{0x000000008bbc2d68}: 'java.lang.Object java.lang.invoke.DirectMethodHandle$Holder.invokeSpecial(java.lang.Object, java.lang.Object, java.lang.Object, java.lang.Object, int)'> (0x000000008bbc2d68) thrown at [src/hotspot/share/interpreter/linkResolver.cpp, line 773]
Event: 2.910 Thread 0x00000127b7191800 Exception <a 'java/lang/NoSuchMethodError'{0x000000008bbc6078}: 'java.lang.Object java.lang.invoke.Invokers$Holder.linkToTargetMethod(java.lang.Object, java.lang.Object, int, java.lang.Object)'> (0x000000008bbc6078) thrown at [src/hotspot/share/interpreter/linkResolver.cpp, line 773]

Events (20 events):
Event: 3.235 loading class java/util/Collections$SingletonMap
Event: 3.235 loading class java/util/Collections$SingletonMap done
Event: 3.238 loading class org/jetbrains/kotlin/load/java/components/JavaAnnotationDescriptor
Event: 3.238 loading class org/jetbrains/kotlin/load/java/components/JavaAnnotationDescriptor done
Event: 3.239 loading class org/jetbrains/kotlin/load/java/components/JavaAnnotationDescriptor$type$2
Event: 3.239 loading class org/jetbrains/kotlin/load/java/components/JavaAnnotationDescriptor$type$2 done
Event: 3.240 loading class org/jetbrains/kotlin/load/java/components/JavaRetentionAnnotationDescriptor
Event: 3.240 loading class org/jetbrains/kotlin/load/java/components/JavaRetentionAnnotationDescriptor done
Event: 3.241 loading class org/jetbrains/kotlin/load/java/components/JavaRetentionAnnotationDescriptor$allValueArguments$2
Event: 3.241 loading class org/jetbrains/kotlin/load/java/components/JavaRetentionAnnotationDescriptor$allValueArguments$2 done
Event: 3.241 loading class org/jetbrains/kotlin/load/java/components/JavaTargetAnnotationDescriptor
Event: 3.241 loading class org/jetbrains/kotlin/load/java/components/JavaTargetAnnotationDescriptor done
Event: 3.241 loading class org/jetbrains/kotlin/load/java/components/JavaTargetAnnotationDescriptor$allValueArguments$2
Event: 3.241 loading class org/jetbrains/kotlin/load/java/components/JavaTargetAnnotationDescriptor$allValueArguments$2 done
Event: 3.262 loading class org/jetbrains/kotlin/load/java/structure/impl/classFiles/PlainJavaAnnotationAsAnnotationArgument
Event: 3.262 loading class org/jetbrains/kotlin/load/java/structure/impl/classFiles/PlainJavaAnnotationAsAnnotationArgument done
Event: 3.262 loading class org/jetbrains/kotlin/load/java/structure/JavaAnnotationAsAnnotationArgument
Event: 3.262 loading class org/jetbrains/kotlin/load/java/structure/JavaAnnotationAsAnnotationArgument done
Event: 3.278 loading class org/jetbrains/kotlin/descriptors/DescriptorUtilKt
Event: 3.278 loading class org/jetbrains/kotlin/descriptors/DescriptorUtilKt done


Dynamic libraries:
0x00007ff6d9270000 - 0x00007ff6d927a000 	D:\AndroidStudio\jbr\bin\java.exe
0x00007ffd61150000 - 0x00007ffd61364000 	C:\WINDOWS\SYSTEM32\ntdll.dll
0x00007ffd5f8e0000 - 0x00007ffd5f9a2000 	C:\WINDOWS\System32\KERNEL32.DLL
0x00007ffd5eaa0000 - 0x00007ffd5ee3c000 	C:\WINDOWS\System32\KERNELBASE.dll
0x00007ffd5e7c0000 - 0x00007ffd5e8d1000 	C:\WINDOWS\System32\ucrtbase.dll
0x00007ffd57fe0000 - 0x00007ffd57ffb000 	D:\AndroidStudio\jbr\bin\VCRUNTIME140.dll
0x00007ffd58000000 - 0x00007ffd58017000 	D:\AndroidStudio\jbr\bin\jli.dll
0x00007ffd60800000 - 0x00007ffd609ab000 	C:\WINDOWS\System32\USER32.dll
0x00007ffd5eec0000 - 0x00007ffd5eee6000 	C:\WINDOWS\System32\win32u.dll
0x00007ffd60ca0000 - 0x00007ffd60cc9000 	C:\WINDOWS\System32\GDI32.dll
0x00007ffd42780000 - 0x00007ffd42a0e000 	C:\WINDOWS\WinSxS\amd64_microsoft.windows.common-controls_6595b64144ccf1df_6.0.22621.608_none_a9444ca7c10bb01d\COMCTL32.dll
0x00007ffd5e8e0000 - 0x00007ffd5e9f3000 	C:\WINDOWS\System32\gdi32full.dll
0x00007ffd5f830000 - 0x00007ffd5f8d7000 	C:\WINDOWS\System32\msvcrt.dll
0x00007ffd5ea00000 - 0x00007ffd5ea9a000 	C:\WINDOWS\System32\msvcp_win.dll
0x00007ffd607c0000 - 0x00007ffd607f1000 	C:\WINDOWS\System32\IMM32.DLL
0x00007ffd5b1e0000 - 0x00007ffd5b1ec000 	D:\AndroidStudio\jbr\bin\vcruntime140_1.dll
0x00007ffd57520000 - 0x00007ffd575ad000 	D:\AndroidStudio\jbr\bin\msvcp140.dll
0x00007ffcbbb90000 - 0x00007ffcbc74c000 	D:\AndroidStudio\jbr\bin\server\jvm.dll
0x00007ffd60ea0000 - 0x00007ffd60f4e000 	C:\WINDOWS\System32\ADVAPI32.dll
0x00007ffd5f9b0000 - 0x00007ffd5fa54000 	C:\WINDOWS\System32\sechost.dll
0x00007ffd5f090000 - 0x00007ffd5f1a7000 	C:\WINDOWS\System32\RPCRT4.dll
0x00007ffd60b50000 - 0x00007ffd60b58000 	C:\WINDOWS\System32\PSAPI.DLL
0x00007ffd36f40000 - 0x00007ffd36f49000 	C:\WINDOWS\SYSTEM32\WSOCK32.dll
0x00007ffd5ef60000 - 0x00007ffd5efd1000 	C:\WINDOWS\System32\WS2_32.dll
0x00007ffd55450000 - 0x00007ffd5545a000 	C:\WINDOWS\SYSTEM32\VERSION.dll
0x00007ffd57610000 - 0x00007ffd57644000 	C:\WINDOWS\SYSTEM32\WINMM.dll
0x00007ffd5d650000 - 0x00007ffd5d668000 	C:\WINDOWS\SYSTEM32\kernel.appcore.dll
0x00007ffd588c0000 - 0x00007ffd588d0000 	D:\AndroidStudio\jbr\bin\verify.dll
0x00007ffd5b4b0000 - 0x00007ffd5b6de000 	C:\WINDOWS\SYSTEM32\DBGHELP.DLL
0x00007ffd5fac0000 - 0x00007ffd5fe49000 	C:\WINDOWS\System32\combase.dll
0x00007ffd60b60000 - 0x00007ffd60c37000 	C:\WINDOWS\System32\OLEAUT32.dll
0x00007ffd3fd80000 - 0x00007ffd3fdb2000 	C:\WINDOWS\SYSTEM32\dbgcore.DLL
0x00007ffd5ee40000 - 0x00007ffd5eebb000 	C:\WINDOWS\System32\bcryptPrimitives.dll
0x00007ffd49420000 - 0x00007ffd49448000 	D:\AndroidStudio\jbr\bin\java.dll
0x00007ffd58660000 - 0x00007ffd5866a000 	D:\AndroidStudio\jbr\bin\jimage.dll
0x00007ffd575f0000 - 0x00007ffd57608000 	D:\AndroidStudio\jbr\bin\zip.dll
0x00007ffd5fe50000 - 0x00007ffd60640000 	C:\WINDOWS\System32\SHELL32.dll
0x00007ffd5c5a0000 - 0x00007ffd5ce6d000 	C:\WINDOWS\SYSTEM32\windows.storage.dll
0x00007ffd5c460000 - 0x00007ffd5c59e000 	C:\WINDOWS\SYSTEM32\wintypes.dll
0x00007ffd606a0000 - 0x00007ffd60791000 	C:\WINDOWS\System32\SHCORE.dll
0x00007ffd60c40000 - 0x00007ffd60c9e000 	C:\WINDOWS\System32\shlwapi.dll
0x00007ffd5e4c0000 - 0x00007ffd5e4e1000 	C:\WINDOWS\SYSTEM32\profapi.dll
0x00007ffd575b0000 - 0x00007ffd575c9000 	D:\AndroidStudio\jbr\bin\net.dll
0x00007ffd562b0000 - 0x00007ffd563e7000 	C:\WINDOWS\SYSTEM32\WINHTTP.dll
0x00007ffd5db40000 - 0x00007ffd5dba9000 	C:\WINDOWS\system32\mswsock.dll
0x00007ffd48740000 - 0x00007ffd48753000 	D:\AndroidStudio\jbr\bin\nio.dll

dbghelp: loaded successfully - version: 4.0.5 - missing functions: none
symbol engine: initialized successfully - sym options: 0x614 - pdb path: .;D:\AndroidStudio\jbr\bin;C:\WINDOWS\SYSTEM32;C:\WINDOWS\WinSxS\amd64_microsoft.windows.common-controls_6595b64144ccf1df_6.0.22621.608_none_a9444ca7c10bb01d;D:\AndroidStudio\jbr\bin\server

VM Arguments:
java_command: org.jetbrains.kotlin.cli.jvm.K2JVMCompiler @D:\TaskApp\app\build\20230417_7166000059346572247.compiler.options
java_class_path (initial): C:\Users\Huawei\.gradle\caches\modules-2\files-2.1\org.jetbrains.kotlin\kotlin-compiler-embeddable\1.8.0\eb9118d4bcceaa2a94b2ae2a33a4ddba7c9a947f\kotlin-compiler-embeddable-1.8.0.jar;C:\Users\Huawei\.gradle\caches\modules-2\files-2.1\org.jetbrains.kotlin\kotlin-stdlib\1.8.0\1796921c7a3e2e2665a83e6c8d33399336cd39bc\kotlin-stdlib-1.8.0.jar;C:\Users\Huawei\.gradle\caches\modules-2\files-2.1\org.jetbrains.kotlin\kotlin-script-runtime\1.8.0\b2f7e760d283cb339974851c222a4c1d48f2d3d\kotlin-script-runtime-1.8.0.jar;C:\Users\Huawei\.gradle\caches\modules-2\files-2.1\org.jetbrains.kotlin\kotlin-reflect\1.6.10\1cbe9c92c12a94eea200d23c2bbaedaf3daf5132\kotlin-reflect-1.6.10.jar;C:\Users\Huawei\.gradle\caches\modules-2\files-2.1\org.jetbrains.kotlin\kotlin-daemon-embeddable\1.8.0\d255216c551685dc3a7e852b53617f5f01aaaa5c\kotlin-daemon-embeddable-1.8.0.jar;C:\Users\Huawei\.gradle\caches\modules-2\files-2.1\org.jetbrains.intellij.deps\trove4j\1.0.20200330\3afb14d5f9ceb459d724e907a21145e8ff394f02\trove4j-1.0.20200330.jar;C:\Users\Huawei\.gradle\caches\modules-2\files-2.1\net.java.dev.jna\jna\5.6.0\330f2244e9030119ab3030fc3fededc86713d9cc\jna-5.6.0.jar;C:\Users\Huawei\.gradle\caches\modules-2\files-2.1\org.jetbrains.kotlin\kotlin-stdlib-common\1.8.0\f7197e7cc76453ac59f8b0f8d5137cc600becd36\kotlin-stdlib-common-1.8.0.jar;C:\Users\Huawei\.gradle\caches\modules-2\files-2.1\org.jetbrains\annotations\13.0\919f0dfe192fb4e063e7dacadee7f8bb9a2672a9\annotations-13.0.jar
Launcher Type: SUN_STANDARD

[Global flags]
     intx CICompilerCount                          = 4                                         {product} {ergonomic}
     uint ConcGCThreads                            = 2                                         {product} {ergonomic}
     uint G1ConcRefinementThreads                  = 8                                         {product} {ergonomic}
   size_t G1HeapRegionSize                         = 1048576                                   {product} {ergonomic}
    uintx GCDrainStackTargetSize                   = 64                                        {product} {ergonomic}
   size_t InitialHeapSize                          = 132120576                                 {product} {ergonomic}
   size_t MarkStackSize                            = 4194304                                   {product} {ergonomic}
   size_t MaxHeapSize                              = 2107637760                                {product} {ergonomic}
   size_t MaxNewSize                               = 1264582656                                {product} {ergonomic}
   size_t MinHeapDeltaBytes                        = 1048576                                   {product} {ergonomic}
    uintx NonNMethodCodeHeapSize                   = 5836300                                {pd product} {ergonomic}
    uintx NonProfiledCodeHeapSize                  = 122910970                              {pd product} {ergonomic}
    uintx ProfiledCodeHeapSize                     = 122910970                              {pd product} {ergonomic}
    uintx ReservedCodeCacheSize                    = 251658240                              {pd product} {ergonomic}
     bool SegmentedCodeCache                       = true                                      {product} {ergonomic}
     bool UseCompressedClassPointers               = true                                 {lp64_product} {ergonomic}
     bool UseCompressedOops                        = true                                 {lp64_product} {ergonomic}
     bool UseG1GC                                  = true                                      {product} {ergonomic}
     bool UseLargePagesIndividualAllocation        = false                                  {pd product} {ergonomic}

Logging:
Log output configuration:
 #0: stdout all=warning uptime,level,tags
 #1: stderr all=off uptime,level,tags

Environment Variables:
PATH=C:\Windows\system32;C:\Windows;C:\Windows\System32\Wbem;C:\Windows\System32\WindowsPowerShell\v1.0\;C:\Windows\System32\OpenSSH\;C:\Program Files (x86)\NVIDIA Corporation\PhysX\Common;C:\Program Files\NVIDIA Corporation\NVIDIA NvDLISR;C:\Program Files\Intel\WiFi\bin\;C:\Program Files\Common Files\Intel\WirelessCommon\;C:\WINDOWS\system32;C:\WINDOWS;C:\WINDOWS\System32\Wbem;C:\WINDOWS\System32\WindowsPowerShell\v1.0\;C:\WINDOWS\System32\OpenSSH\;D:\Git\cmd;C:\Users\Huawei\AppData\Local\Microsoft\WindowsApps;D:\IntelliJ IDEA Community Edition 2022.2.2\bin;C:\Users\Huawei\AppData\Local\GitHubDesktop\bin;%USERPROFILE%\AppData\Local\Microsoft\WindowsApps;
USERNAME=Huawei
OS=Windows_NT
PROCESSOR_IDENTIFIER=Intel64 Family 6 Model 142 Stepping 11, GenuineIntel



---------------  S Y S T E M  ---------------

OS: Windows 11 , 64 bit Build 22621 (10.0.22621.1485)
OS uptime: 0 days 19:29 hours

CPU:total 8 (initial active 8) (4 cores per cpu, 2 threads per core) family 6 model 142 stepping 11 microcode 0xde, cmov, cx8, fxsr, mmx, sse, sse2, sse3, ssse3, sse4.1, sse4.2, popcnt, avx, avx2, aes, clmul, erms, 3dnowpref, lzcnt, ht, tsc, tscinvbit, bmi1, bmi2, adx, fma

Memory: 4k page, system-wide physical 8037M (1097M free)
TotalPageFile size 8037M (AvailPageFile size 1M)
current process WorkingSet (physical memory assigned to process): 310M, peak: 310M
current process commit charge ("private bytes"): 388M, peak: 389M

vm_info: OpenJDK 64-Bit Server VM (11.0.15+0-b2043.56-9505619) for windows-amd64 JRE (11.0.15+0-b2043.56-9505619), built on Jan 19 2023 02:48:00 by "builduser" with unknown MS VC++:1929

END.
