#
# There is insufficient memory for the Java Runtime Environment to continue.
# Native memory allocation (mmap) failed to map 38797312 bytes for G1 virtual space
# Possible reasons:
#   The system is out of physical RAM or swap space
#   The process is running with CompressedOops enabled, and the Java Heap may be blocking the growth of the native heap
# Possible solutions:
#   Reduce memory load on the system
#   Increase physical memory or swap space
#   Check if swap backing store is full
#   Decrease Java heap size (-Xmx/-Xms)
#   Decrease number of Java threads
#   Decrease Java thread stack sizes (-Xss)
#   Set larger code cache with -XX:ReservedCodeCacheSize=
#   JVM is running with Unscaled Compressed Oops mode in which the Java heap is
#     placed in the first 4GB address space. The Java Heap base address is the
#     maximum limit for the native heap growth. Please use -XX:HeapBaseMinAddress
#     to set the Java Heap base and to place the Java Heap above 4GB virtual address.
# This output file may be truncated or incomplete.
#
#  Out of Memory Error (os_windows.cpp:3769), pid=5192, tid=5504
#
# JRE version: OpenJDK Runtime Environment (17.0.6) (build 17.0.6+0-b2043.56-9586694)
# Java VM: OpenJDK 64-Bit Server VM (17.0.6+0-b2043.56-9586694, mixed mode, tiered, compressed oops, compressed class ptrs, g1 gc, windows-amd64)
# No core dump will be written. Minidumps are not enabled by default on client versions of Windows
#

---------------  S U M M A R Y ------------

Command Line: --add-opens=java.base/java.util=ALL-UNNAMED --add-opens=java.base/java.lang=ALL-UNNAMED --add-opens=java.base/java.lang.invoke=ALL-UNNAMED --add-opens=java.base/java.util=ALL-UNNAMED --add-opens=java.prefs/java.util.prefs=ALL-UNNAMED --add-opens=java.prefs/java.util.prefs=ALL-UNNAMED --add-opens=java.base/java.nio.charset=ALL-UNNAMED --add-opens=java.base/java.net=ALL-UNNAMED --add-opens=java.base/java.util.concurrent.atomic=ALL-UNNAMED -Xmx2048m -Dfile.encoding=UTF-8 -Duser.country=MY -Duser.language=en -Duser.variant org.gradle.launcher.daemon.bootstrap.GradleDaemon 7.5

Host: Intel(R) Core(TM) i7-8565U CPU @ 1.80GHz, 8 cores, 7G,  Windows 11 , 64 bit Build 22621 (10.0.22621.1485)
Time: Mon Apr 17 19:38:35 2023 W. Europe Daylight Time elapsed time: 6.103470 seconds (0d 0h 0m 6s)

---------------  T H R E A D  ---------------

Current thread (0x000001d1211a7160):  VMThread "VM Thread" [stack: 0x00000019f0a00000,0x00000019f0b00000] [id=5504]

Stack: [0x00000019f0a00000,0x00000019f0b00000]
Native frames: (J=compiled Java code, j=interpreted, Vv=VM code, C=native code)
V  [jvm.dll+0x683b4a]
V  [jvm.dll+0x842654]
V  [jvm.dll+0x843dfe]
V  [jvm.dll+0x844463]
V  [jvm.dll+0x249b75]
V  [jvm.dll+0x680a19]
V  [jvm.dll+0x674f0a]
V  [jvm.dll+0x309acb]
V  [jvm.dll+0x310f86]
V  [jvm.dll+0x3608ee]
V  [jvm.dll+0x360b1f]
V  [jvm.dll+0x2dfbf8]
V  [jvm.dll+0x2e2ce6]
V  [jvm.dll+0x2ed478]
V  [jvm.dll+0x322150]
V  [jvm.dll+0x84893b]
V  [jvm.dll+0x849674]
V  [jvm.dll+0x849b8d]
V  [jvm.dll+0x849f64]
V  [jvm.dll+0x84a030]
V  [jvm.dll+0x7f25fa]
V  [jvm.dll+0x682985]
C  [ucrtbase.dll+0x29363]
C  [KERNEL32.DLL+0x1269d]
C  [ntdll.dll+0x5a9f8]

VM_Operation (0x00000019f06ff7f0): G1Concurrent, mode: safepoint, requested by thread 0x000001d107408990


---------------  P R O C E S S  ---------------

Threads class SMR info:
_java_thread_list=0x000001d12291c7a0, length=44, elements={
0x000001d107399bb0, 0x000001d121204ae0, 0x000001d121205690, 0x000001d121c42280,
0x000001d121c42b40, 0x000001d121c43400, 0x000001d121c45dc0, 0x000001d121c46b50,
0x000001d121c4f600, 0x000001d121c4fff0, 0x000001d121dd6030, 0x000001d121dd8510,
0x000001d121fed4a0, 0x000001d1244eacd0, 0x000001d122b45850, 0x000001d1237413b0,
0x000001d1236fcc40, 0x000001d1236f3620, 0x000001d122e40070, 0x000001d122e40540,
0x000001d123217b30, 0x000001d12321a1b0, 0x000001d1232189a0, 0x000001d123219ce0,
0x000001d123218000, 0x000001d12321a680, 0x000001d123218e70, 0x000001d123219340,
0x000001d12321ab50, 0x000001d123219810, 0x000001d12321b020, 0x000001d126261770,
0x000001d126264790, 0x000001d126265130, 0x000001d126262ab0, 0x000001d126261c40,
0x000001d1262625e0, 0x000001d126264c60, 0x000001d1262642c0, 0x000001d126262f80,
0x000001d126263450, 0x000001d126c92320, 0x000001d124d6e020, 0x000001d126c91e50
}

Java Threads: ( => current thread )
  0x000001d107399bb0 JavaThread "main" [_thread_blocked, id=5676, stack(0x00000019f0400000,0x00000019f0500000)]
  0x000001d121204ae0 JavaThread "Reference Handler" daemon [_thread_blocked, id=16116, stack(0x00000019f0b00000,0x00000019f0c00000)]
  0x000001d121205690 JavaThread "Finalizer" daemon [_thread_blocked, id=12276, stack(0x00000019f0c00000,0x00000019f0d00000)]
  0x000001d121c42280 JavaThread "Signal Dispatcher" daemon [_thread_blocked, id=5468, stack(0x00000019f0d00000,0x00000019f0e00000)]
  0x000001d121c42b40 JavaThread "Attach Listener" daemon [_thread_blocked, id=16032, stack(0x00000019f0e00000,0x00000019f0f00000)]
  0x000001d121c43400 JavaThread "Service Thread" daemon [_thread_blocked, id=14536, stack(0x00000019f0f00000,0x00000019f1000000)]
  0x000001d121c45dc0 JavaThread "Monitor Deflation Thread" daemon [_thread_blocked, id=12968, stack(0x00000019f1000000,0x00000019f1100000)]
  0x000001d121c46b50 JavaThread "C2 CompilerThread0" daemon [_thread_in_native, id=5076, stack(0x00000019f1100000,0x00000019f1200000)]
  0x000001d121c4f600 JavaThread "C1 CompilerThread0" daemon [_thread_blocked, id=14760, stack(0x00000019f1200000,0x00000019f1300000)]
  0x000001d121c4fff0 JavaThread "Sweeper thread" daemon [_thread_blocked, id=9260, stack(0x00000019f1300000,0x00000019f1400000)]
  0x000001d121dd6030 JavaThread "Common-Cleaner" daemon [_thread_blocked, id=15808, stack(0x00000019f1400000,0x00000019f1500000)]
  0x000001d121dd8510 JavaThread "Notification Thread" daemon [_thread_blocked, id=11140, stack(0x00000019f1500000,0x00000019f1600000)]
  0x000001d121fed4a0 JavaThread "C2 CompilerThread1" daemon [_thread_blocked, id=14996, stack(0x00000019f1700000,0x00000019f1800000)]
  0x000001d1244eacd0 JavaThread "Daemon health stats" [_thread_blocked, id=4388, stack(0x00000019f1d00000,0x00000019f1e00000)]
  0x000001d122b45850 JavaThread "Incoming local TCP Connector on port 51165" [_thread_in_native, id=15180, stack(0x00000019f1e00000,0x00000019f1f00000)]
  0x000001d1237413b0 JavaThread "Daemon periodic checks" [_thread_blocked, id=5428, stack(0x00000019f1f00000,0x00000019f2000000)]
  0x000001d1236fcc40 JavaThread "Daemon" [_thread_blocked, id=1536, stack(0x00000019f2000000,0x00000019f2100000)]
  0x000001d1236f3620 JavaThread "Handler for socket connection from /127.0.0.1:51165 to /127.0.0.1:51166" [_thread_in_native, id=1712, stack(0x00000019f2100000,0x00000019f2200000)]
  0x000001d122e40070 JavaThread "Cancel handler" [_thread_blocked, id=10696, stack(0x00000019f2200000,0x00000019f2300000)]
  0x000001d122e40540 JavaThread "Daemon worker" [_thread_blocked, id=15092, stack(0x00000019f2300000,0x00000019f2400000)]
  0x000001d123217b30 JavaThread "Asynchronous log dispatcher for DefaultDaemonConnection: socket connection from /127.0.0.1:51165 to /127.0.0.1:51166" [_thread_blocked, id=6552, stack(0x00000019f2400000,0x00000019f2500000)]
  0x000001d12321a1b0 JavaThread "Stdin handler" [_thread_blocked, id=3592, stack(0x00000019f2500000,0x00000019f2600000)]
  0x000001d1232189a0 JavaThread "Daemon client event forwarder" [_thread_blocked, id=8604, stack(0x00000019f2600000,0x00000019f2700000)]
  0x000001d123219ce0 JavaThread "Cache worker for journal cache (C:\Users\Huawei\.gradle\caches\journal-1)" [_thread_blocked, id=15848, stack(0x00000019f2700000,0x00000019f2800000)]
  0x000001d123218000 JavaThread "File lock request listener" [_thread_in_native, id=2436, stack(0x00000019f2800000,0x00000019f2900000)]
  0x000001d12321a680 JavaThread "Cache worker for file hash cache (C:\Users\Huawei\.gradle\caches\7.5\fileHashes)" [_thread_blocked, id=5768, stack(0x00000019f2c00000,0x00000019f2d00000)]
  0x000001d123218e70 JavaThread "File watcher server" daemon [_thread_in_native, id=15988, stack(0x00000019f2d00000,0x00000019f2e00000)]
  0x000001d123219340 JavaThread "File watcher consumer" daemon [_thread_blocked, id=15168, stack(0x00000019f2e00000,0x00000019f2f00000)]
  0x000001d12321ab50 JavaThread "jar transforms" [_thread_blocked, id=13512, stack(0x00000019f2f00000,0x00000019f3000000)]
  0x000001d123219810 JavaThread "jar transforms Thread 2" [_thread_blocked, id=8024, stack(0x00000019f3000000,0x00000019f3100000)]
  0x000001d12321b020 JavaThread "jar transforms Thread 3" [_thread_blocked, id=3876, stack(0x00000019f3100000,0x00000019f3200000)]
  0x000001d126261770 JavaThread "jar transforms Thread 4" [_thread_blocked, id=15336, stack(0x00000019f3200000,0x00000019f3300000)]
  0x000001d126264790 JavaThread "jar transforms Thread 5" [_thread_blocked, id=3948, stack(0x00000019f3300000,0x00000019f3400000)]
  0x000001d126265130 JavaThread "jar transforms Thread 6" [_thread_blocked, id=2752, stack(0x00000019f3400000,0x00000019f3500000)]
  0x000001d126262ab0 JavaThread "jar transforms Thread 7" [_thread_blocked, id=7256, stack(0x00000019f3500000,0x00000019f3600000)]
  0x000001d126261c40 JavaThread "jar transforms Thread 8" [_thread_blocked, id=2300, stack(0x00000019f3600000,0x00000019f3700000)]
  0x000001d1262625e0 JavaThread "Cache worker for checksums cache (D:\TaskApp\.gradle\7.5\checksums)" [_thread_blocked, id=8344, stack(0x00000019f3700000,0x00000019f3800000)]
  0x000001d126264c60 JavaThread "Cache worker for cache directory md-rule (C:\Users\Huawei\.gradle\caches\7.5\md-rule)" [_thread_blocked, id=15108, stack(0x00000019f3800000,0x00000019f3900000)]
  0x000001d1262642c0 JavaThread "Cache worker for file content cache (C:\Users\Huawei\.gradle\caches\7.5\fileContent)" [_thread_blocked, id=15480, stack(0x00000019f3900000,0x00000019f3a00000)]
  0x000001d126262f80 JavaThread "Cache worker for file hash cache (D:\TaskApp\.gradle\7.5\fileHashes)" [_thread_blocked, id=16368, stack(0x00000019f3a00000,0x00000019f3b00000)]
  0x000001d126263450 JavaThread "Cache worker for cache directory md-supplier (C:\Users\Huawei\.gradle\caches\7.5\md-supplier)" [_thread_blocked, id=428, stack(0x00000019f3b00000,0x00000019f3c00000)]
  0x000001d126c92320 JavaThread "Cache worker for execution history cache (C:\Users\Huawei\.gradle\caches\7.5\executionHistory)" [_thread_blocked, id=9556, stack(0x00000019f3c00000,0x00000019f3d00000)]
  0x000001d124d6e020 JavaThread "C2 CompilerThread2" daemon [_thread_blocked, id=8960, stack(0x00000019f3d00000,0x00000019f3e00000)]
  0x000001d126c91e50 JavaThread "Cache worker for dependencies-accessors (D:\TaskApp\.gradle\7.5\dependencies-accessors)" [_thread_blocked, id=12200, stack(0x00000019f3e00000,0x00000019f3f00000)]

Other Threads:
=>0x000001d1211a7160 VMThread "VM Thread" [stack: 0x00000019f0a00000,0x00000019f0b00000] [id=5504]
  0x000001d107414c50 WatcherThread [stack: 0x00000019f1600000,0x00000019f1700000] [id=6296]
  0x000001d1073f6a40 GCTaskThread "GC Thread#0" [stack: 0x00000019f0500000,0x00000019f0600000] [id=14704]
  0x000001d122f7ecb0 GCTaskThread "GC Thread#1" [stack: 0x00000019f1900000,0x00000019f1a00000] [id=11876]
  0x000001d122674240 GCTaskThread "GC Thread#2" [stack: 0x00000019f1a00000,0x00000019f1b00000] [id=3024]
  0x000001d1230e1e60 GCTaskThread "GC Thread#3" [stack: 0x00000019f1b00000,0x00000019f1c00000] [id=8296]
  0x000001d12359d4b0 GCTaskThread "GC Thread#4" [stack: 0x00000019f1c00000,0x00000019f1d00000] [id=5952]
  0x000001d124908410 GCTaskThread "GC Thread#5" [stack: 0x00000019f1800000,0x00000019f1900000] [id=11320]
  0x000001d123073310 GCTaskThread "GC Thread#6" [stack: 0x00000019f2900000,0x00000019f2a00000] [id=2124]
  0x000001d124dfd520 GCTaskThread "GC Thread#7" [stack: 0x00000019f2a00000,0x00000019f2b00000] [id=15280]
  0x000001d107408990 ConcurrentGCThread "G1 Main Marker" [stack: 0x00000019f0600000,0x00000019f0700000] [id=11752]
  0x000001d10740a510 ConcurrentGCThread "G1 Conc#0" [stack: 0x00000019f0700000,0x00000019f0800000] [id=772]
  0x000001d124ddbe30 ConcurrentGCThread "G1 Conc#1" [stack: 0x00000019f2b00000,0x00000019f2c00000] [id=8436]
  0x000001d10744df20 ConcurrentGCThread "G1 Refine#0" [stack: 0x00000019f0800000,0x00000019f0900000] [id=11932]
  0x000001d10744e7e0 ConcurrentGCThread "G1 Service" [stack: 0x00000019f0900000,0x00000019f0a00000] [id=15316]

Threads with active compile tasks:
C2 CompilerThread0     6131 4426       4       java.security.AccessController::executePrivileged (65 bytes)
C2 CompilerThread1     6131 4532       4       java.beans.FeatureDescriptor::getClass0 (22 bytes)
C2 CompilerThread2     6131 4521       4       java.security.SecureClassLoader::defineClass (16 bytes)

VM state: at safepoint (normal execution)

VM Mutex/Monitor currently owned by a thread:  ([mutex/lock_event])
[0x000001d107395990] Threads_lock - owner thread: 0x000001d1211a7160
[0x000001d107395240] Heap_lock - owner thread: 0x000001d107408990

Heap address: 0x0000000080000000, size: 2048 MB, Compressed Oops mode: 32-bit

CDS archive(s) not mapped
Compressed class space mapped at: 0x0000000100000000-0x0000000140000000, reserved size: 1073741824
Narrow klass base: 0x0000000000000000, Narrow klass shift: 3, Narrow klass range: 0x140000000

GC Precious Log:
 CPUs: 8 total, 8 available
 Memory: 8037M
 Large Page Support: Disabled
 NUMA Support: Disabled
 Compressed Oops: Enabled (32-bit)
 Heap Region Size: 1M
 Heap Min Capacity: 8M
 Heap Initial Capacity: 126M
 Heap Max Capacity: 2G
 Pre-touch: Disabled
 Parallel Workers: 8
 Concurrent Workers: 2
 Concurrent Refinement Workers: 8
 Periodic GC: Disabled

Heap:
 garbage-first heap   total 138240K, used 103056K [0x0000000080000000, 0x0000000100000000)
  region size 1024K, 5 young (5120K), 2 survivors (2048K)
 Metaspace       used 49765K, committed 50240K, reserved 1097728K
  class space    used 6589K, committed 6784K, reserved 1048576K

Heap Regions: E=young(eden), S=young(survivor), O=old, HS=humongous(starts), HC=humongous(continues), CS=collection set, F=free, OA=open archive, CA=closed archive, TAMS=top-at-mark-start (previous, next)
|   0|0x0000000080000000, 0x0000000080100000, 0x0000000080100000|100%| O|  |TAMS 0x0000000080100000, 0x0000000080000000| Untracked 
|   1|0x0000000080100000, 0x0000000080200000, 0x0000000080200000|100%| O|  |TAMS 0x0000000080200000, 0x0000000080100000| Untracked 
|   2|0x0000000080200000, 0x0000000080300000, 0x0000000080300000|100%| O|  |TAMS 0x0000000080300000, 0x0000000080200000| Untracked 
|   3|0x0000000080300000, 0x0000000080400000, 0x0000000080400000|100%|HS|  |TAMS 0x0000000080400000, 0x0000000080300000| Complete 
|   4|0x0000000080400000, 0x0000000080500000, 0x0000000080500000|100%|HC|  |TAMS 0x0000000080500000, 0x0000000080400000| Complete 
|   5|0x0000000080500000, 0x0000000080600000, 0x0000000080600000|100%|HC|  |TAMS 0x0000000080600000, 0x0000000080500000| Complete 
|   6|0x0000000080600000, 0x0000000080700000, 0x0000000080700000|100%| O|  |TAMS 0x0000000080700000, 0x0000000080600000| Untracked 
|   7|0x0000000080700000, 0x0000000080800000, 0x0000000080800000|100%| O|  |TAMS 0x0000000080800000, 0x0000000080700000| Updating 
|   8|0x0000000080800000, 0x0000000080900000, 0x0000000080900000|100%| O|  |TAMS 0x0000000080900000, 0x0000000080800000| Untracked 
|   9|0x0000000080900000, 0x0000000080a00000, 0x0000000080a00000|100%| O|  |TAMS 0x0000000080a00000, 0x0000000080900000| Untracked 
|  10|0x0000000080a00000, 0x0000000080b00000, 0x0000000080b00000|100%|HS|  |TAMS 0x0000000080a00000, 0x0000000080a00000| Complete 
|  11|0x0000000080b00000, 0x0000000080c00000, 0x0000000080c00000|100%| O|  |TAMS 0x0000000080c00000, 0x0000000080b00000| Updating 
|  12|0x0000000080c00000, 0x0000000080d00000, 0x0000000080d00000|100%| O|  |TAMS 0x0000000080d00000, 0x0000000080c00000| Untracked 
|  13|0x0000000080d00000, 0x0000000080e00000, 0x0000000080e00000|100%| O|  |TAMS 0x0000000080e00000, 0x0000000080d00000| Untracked 
|  14|0x0000000080e00000, 0x0000000080f00000, 0x0000000080f00000|100%| O|  |TAMS 0x0000000080f00000, 0x0000000080e00000| Untracked 
|  15|0x0000000080f00000, 0x0000000081000000, 0x0000000081000000|100%| O|  |TAMS 0x0000000081000000, 0x0000000080f00000| Untracked 
|  16|0x0000000081000000, 0x0000000081100000, 0x0000000081100000|100%| O|  |TAMS 0x0000000081100000, 0x0000000081000000| Untracked 
|  17|0x0000000081100000, 0x0000000081200000, 0x0000000081200000|100%| O|  |TAMS 0x0000000081200000, 0x0000000081100000| Untracked 
|  18|0x0000000081200000, 0x0000000081300000, 0x0000000081300000|100%|HS|  |TAMS 0x0000000081300000, 0x0000000081200000| Complete 
|  19|0x0000000081300000, 0x0000000081400000, 0x0000000081400000|100%|HC|  |TAMS 0x0000000081400000, 0x0000000081300000| Complete 
|  20|0x0000000081400000, 0x0000000081500000, 0x0000000081500000|100%|HS|  |TAMS 0x0000000081500000, 0x0000000081400000| Complete 
|  21|0x0000000081500000, 0x0000000081600000, 0x0000000081600000|100%|HC|  |TAMS 0x0000000081600000, 0x0000000081500000| Complete 
|  22|0x0000000081600000, 0x0000000081700000, 0x0000000081700000|100%|HC|  |TAMS 0x0000000081700000, 0x0000000081600000| Complete 
|  23|0x0000000081700000, 0x0000000081800000, 0x0000000081800000|100%|HS|  |TAMS 0x0000000081800000, 0x0000000081700000| Complete 
|  24|0x0000000081800000, 0x0000000081900000, 0x0000000081900000|100%|HC|  |TAMS 0x0000000081900000, 0x0000000081800000| Complete 
|  25|0x0000000081900000, 0x0000000081a00000, 0x0000000081a00000|100%| O|  |TAMS 0x0000000081a00000, 0x0000000081900000| Untracked 
|  26|0x0000000081a00000, 0x0000000081b00000, 0x0000000081b00000|100%|HS|  |TAMS 0x0000000081b00000, 0x0000000081a00000| Complete 
|  27|0x0000000081b00000, 0x0000000081c00000, 0x0000000081c00000|100%|HC|  |TAMS 0x0000000081c00000, 0x0000000081b00000| Complete 
|  28|0x0000000081c00000, 0x0000000081d00000, 0x0000000081d00000|100%|HC|  |TAMS 0x0000000081d00000, 0x0000000081c00000| Complete 
|  29|0x0000000081d00000, 0x0000000081e00000, 0x0000000081e00000|100%|HS|  |TAMS 0x0000000081e00000, 0x0000000081d00000| Complete 
|  30|0x0000000081e00000, 0x0000000081f00000, 0x0000000081f00000|100%|HC|  |TAMS 0x0000000081f00000, 0x0000000081e00000| Complete 
|  31|0x0000000081f00000, 0x0000000082000000, 0x0000000082000000|100%| O|  |TAMS 0x0000000082000000, 0x0000000081f00000| Untracked 
|  32|0x0000000082000000, 0x0000000082100000, 0x0000000082100000|100%| O|  |TAMS 0x0000000082100000, 0x0000000082000000| Updating 
|  33|0x0000000082100000, 0x0000000082200000, 0x0000000082200000|100%| O|  |TAMS 0x0000000082200000, 0x0000000082100000| Updating 
|  34|0x0000000082200000, 0x0000000082300000, 0x0000000082300000|100%| O|  |TAMS 0x0000000082300000, 0x0000000082200000| Untracked 
|  35|0x0000000082300000, 0x0000000082400000, 0x0000000082400000|100%| O|  |TAMS 0x0000000082400000, 0x0000000082300000| Updating 
|  36|0x0000000082400000, 0x0000000082500000, 0x0000000082500000|100%|HS|  |TAMS 0x0000000082500000, 0x0000000082400000| Complete 
|  37|0x0000000082500000, 0x0000000082600000, 0x0000000082600000|100%|HC|  |TAMS 0x0000000082600000, 0x0000000082500000| Complete 
|  38|0x0000000082600000, 0x0000000082700000, 0x0000000082700000|100%|HC|  |TAMS 0x0000000082700000, 0x0000000082600000| Complete 
|  39|0x0000000082700000, 0x0000000082800000, 0x0000000082800000|100%|HC|  |TAMS 0x0000000082800000, 0x0000000082700000| Complete 
|  40|0x0000000082800000, 0x0000000082900000, 0x0000000082900000|100%|HC|  |TAMS 0x0000000082900000, 0x0000000082800000| Complete 
|  41|0x0000000082900000, 0x0000000082a00000, 0x0000000082a00000|100%|HC|  |TAMS 0x0000000082a00000, 0x0000000082900000| Complete 
|  42|0x0000000082a00000, 0x0000000082b00000, 0x0000000082b00000|100%|HS|  |TAMS 0x0000000082b00000, 0x0000000082a00000| Complete 
|  43|0x0000000082b00000, 0x0000000082c00000, 0x0000000082c00000|100%| O|  |TAMS 0x0000000082c00000, 0x0000000082b00000| Updating 
|  44|0x0000000082c00000, 0x0000000082d00000, 0x0000000082d00000|100%| O|  |TAMS 0x0000000082d00000, 0x0000000082c00000| Untracked 
|  45|0x0000000082d00000, 0x0000000082e00000, 0x0000000082e00000|100%| O|  |TAMS 0x0000000082e00000, 0x0000000082d00000| Untracked 
|  46|0x0000000082e00000, 0x0000000082f00000, 0x0000000082f00000|100%|HS|  |TAMS 0x0000000082f00000, 0x0000000082e00000| Complete 
|  47|0x0000000082f00000, 0x0000000083000000, 0x0000000083000000|100%|HC|  |TAMS 0x0000000083000000, 0x0000000082f00000| Complete 
|  48|0x0000000083000000, 0x0000000083100000, 0x0000000083100000|100%|HC|  |TAMS 0x0000000083100000, 0x0000000083000000| Complete 
|  49|0x0000000083100000, 0x0000000083200000, 0x0000000083200000|100%|HC|  |TAMS 0x0000000083200000, 0x0000000083100000| Complete 
|  50|0x0000000083200000, 0x0000000083300000, 0x0000000083300000|100%|HC|  |TAMS 0x0000000083300000, 0x0000000083200000| Complete 
|  51|0x0000000083300000, 0x0000000083400000, 0x0000000083400000|100%|HC|  |TAMS 0x0000000083400000, 0x0000000083300000| Complete 
|  52|0x0000000083400000, 0x0000000083500000, 0x0000000083500000|100%|HC|  |TAMS 0x0000000083500000, 0x0000000083400000| Complete 
|  53|0x0000000083500000, 0x0000000083600000, 0x0000000083600000|100%|HC|  |TAMS 0x0000000083600000, 0x0000000083500000| Complete 
|  54|0x0000000083600000, 0x0000000083700000, 0x0000000083700000|100%|HC|  |TAMS 0x0000000083700000, 0x0000000083600000| Complete 
|  55|0x0000000083700000, 0x0000000083800000, 0x0000000083800000|100%|HC|  |TAMS 0x0000000083800000, 0x0000000083700000| Complete 
|  56|0x0000000083800000, 0x0000000083900000, 0x0000000083900000|100%| O|  |TAMS 0x0000000083900000, 0x0000000083800000| Updating 
|  57|0x0000000083900000, 0x0000000083a00000, 0x0000000083a00000|100%| O|  |TAMS 0x0000000083a00000, 0x0000000083900000| Updating 
|  58|0x0000000083a00000, 0x0000000083b00000, 0x0000000083b00000|100%| O|  |TAMS 0x0000000083b00000, 0x0000000083a00000| Untracked 
|  59|0x0000000083b00000, 0x0000000083c00000, 0x0000000083c00000|100%| O|  |TAMS 0x0000000083c00000, 0x0000000083b00000| Untracked 
|  60|0x0000000083c00000, 0x0000000083d00000, 0x0000000083d00000|100%| O|  |TAMS 0x0000000083d00000, 0x0000000083c00000| Untracked 
|  61|0x0000000083d00000, 0x0000000083e00000, 0x0000000083e00000|100%|HS|  |TAMS 0x0000000083e00000, 0x0000000083d00000| Complete 
|  62|0x0000000083e00000, 0x0000000083f00000, 0x0000000083f00000|100%|HC|  |TAMS 0x0000000083f00000, 0x0000000083e00000| Complete 
|  63|0x0000000083f00000, 0x0000000084000000, 0x0000000084000000|100%|HC|  |TAMS 0x0000000084000000, 0x0000000083f00000| Complete 
|  64|0x0000000084000000, 0x0000000084100000, 0x0000000084100000|100%|HC|  |TAMS 0x0000000084100000, 0x0000000084000000| Complete 
|  65|0x0000000084100000, 0x0000000084200000, 0x0000000084200000|100%|HC|  |TAMS 0x0000000084200000, 0x0000000084100000| Complete 
|  66|0x0000000084200000, 0x0000000084300000, 0x0000000084300000|100%|HC|  |TAMS 0x0000000084300000, 0x0000000084200000| Complete 
|  67|0x0000000084300000, 0x0000000084400000, 0x0000000084400000|100%|HC|  |TAMS 0x0000000084400000, 0x0000000084300000| Complete 
|  68|0x0000000084400000, 0x0000000084500000, 0x0000000084500000|100%|HC|  |TAMS 0x0000000084500000, 0x0000000084400000| Complete 
|  69|0x0000000084500000, 0x0000000084600000, 0x0000000084600000|100%|HC|  |TAMS 0x0000000084600000, 0x0000000084500000| Complete 
|  70|0x0000000084600000, 0x0000000084700000, 0x0000000084700000|100%|HC|  |TAMS 0x0000000084700000, 0x0000000084600000| Complete 
|  71|0x0000000084700000, 0x0000000084800000, 0x0000000084800000|100%|HC|  |TAMS 0x0000000084800000, 0x0000000084700000| Complete 
|  72|0x0000000084800000, 0x0000000084900000, 0x0000000084900000|100%|HS|  |TAMS 0x0000000084900000, 0x0000000084800000| Complete 
|  73|0x0000000084900000, 0x0000000084a00000, 0x0000000084a00000|100%|HC|  |TAMS 0x0000000084a00000, 0x0000000084900000| Complete 
|  74|0x0000000084a00000, 0x0000000084b00000, 0x0000000084b00000|100%|HS|  |TAMS 0x0000000084b00000, 0x0000000084a00000| Complete 
|  75|0x0000000084b00000, 0x0000000084c00000, 0x0000000084c00000|100%|HC|  |TAMS 0x0000000084c00000, 0x0000000084b00000| Complete 
|  76|0x0000000084c00000, 0x0000000084d00000, 0x0000000084d00000|100%|HC|  |TAMS 0x0000000084d00000, 0x0000000084c00000| Complete 
|  77|0x0000000084d00000, 0x0000000084e00000, 0x0000000084e00000|100%|HS|  |TAMS 0x0000000084e00000, 0x0000000084d00000| Complete 
|  78|0x0000000084e00000, 0x0000000084f00000, 0x0000000084f00000|100%|HC|  |TAMS 0x0000000084f00000, 0x0000000084e00000| Complete 
|  79|0x0000000084f00000, 0x0000000085000000, 0x0000000085000000|100%|HS|  |TAMS 0x0000000085000000, 0x0000000084f00000| Complete 
|  80|0x0000000085000000, 0x0000000085100000, 0x0000000085100000|100%|HC|  |TAMS 0x0000000085100000, 0x0000000085000000| Complete 
|  81|0x0000000085100000, 0x0000000085200000, 0x0000000085200000|100%|HC|  |TAMS 0x0000000085200000, 0x0000000085100000| Complete 
|  82|0x0000000085200000, 0x0000000085300000, 0x0000000085300000|100%| O|  |TAMS 0x0000000085300000, 0x0000000085200000| Untracked 
|  83|0x0000000085300000, 0x0000000085400000, 0x0000000085400000|100%| O|  |TAMS 0x0000000085400000, 0x0000000085300000| Untracked 
|  84|0x0000000085400000, 0x0000000085500000, 0x0000000085500000|100%| O|  |TAMS 0x0000000085500000, 0x0000000085400000| Untracked 
|  85|0x0000000085500000, 0x0000000085600000, 0x0000000085600000|100%| O|  |TAMS 0x0000000085600000, 0x0000000085500000| Updating 
|  86|0x0000000085600000, 0x0000000085700000, 0x0000000085700000|100%| O|  |TAMS 0x0000000085700000, 0x0000000085600000| Updating 
|  87|0x0000000085700000, 0x0000000085800000, 0x0000000085800000|100%| O|  |TAMS 0x0000000085800000, 0x0000000085700000| Untracked 
|  88|0x0000000085800000, 0x0000000085900000, 0x0000000085900000|100%|HS|  |TAMS 0x0000000085800000, 0x0000000085800000| Complete 
|  89|0x0000000085900000, 0x0000000085a00000, 0x0000000085a00000|100%|HC|  |TAMS 0x0000000085900000, 0x0000000085900000| Complete 
|  90|0x0000000085a00000, 0x0000000085b00000, 0x0000000085b00000|100%|HC|  |TAMS 0x0000000085a00000, 0x0000000085a00000| Complete 
|  91|0x0000000085b00000, 0x0000000085c00000, 0x0000000085c00000|100%|HC|  |TAMS 0x0000000085b00000, 0x0000000085b00000| Complete 
|  92|0x0000000085c00000, 0x0000000085d00000, 0x0000000085d00000|100%|HC|  |TAMS 0x0000000085c00000, 0x0000000085c00000| Complete 
|  93|0x0000000085d00000, 0x0000000085e00000, 0x0000000085e00000|100%|HC|  |TAMS 0x0000000085d00000, 0x0000000085d00000| Complete 
|  94|0x0000000085e00000, 0x0000000085f00000, 0x0000000085f00000|100%| O|  |TAMS 0x0000000085f00000, 0x0000000085e00000| Untracked 
|  95|0x0000000085f00000, 0x0000000086000000, 0x0000000086000000|100%| O|  |TAMS 0x0000000086000000, 0x0000000085f00000| Untracked 
|  96|0x0000000086000000, 0x0000000086100000, 0x0000000086100000|100%| O|  |TAMS 0x0000000086100000, 0x0000000086000000| Untracked 
|  97|0x0000000086100000, 0x0000000086196600, 0x0000000086200000| 58%| O|  |TAMS 0x0000000086196600, 0x0000000086100000| Updating 
|  98|0x0000000086200000, 0x0000000086200000, 0x0000000086300000|  0%| F|  |TAMS 0x0000000086200000, 0x0000000086200000| Untracked 
|  99|0x0000000086300000, 0x0000000086300000, 0x0000000086400000|  0%| F|  |TAMS 0x0000000086300000, 0x0000000086300000| Untracked 
| 100|0x0000000086400000, 0x0000000086400000, 0x0000000086500000|  0%| F|  |TAMS 0x0000000086400000, 0x0000000086400000| Untracked 
| 101|0x0000000086500000, 0x0000000086500000, 0x0000000086600000|  0%| F|  |TAMS 0x0000000086500000, 0x0000000086500000| Untracked 
| 102|0x0000000086600000, 0x0000000086600000, 0x0000000086700000|  0%| F|  |TAMS 0x0000000086600000, 0x0000000086600000| Untracked 
| 103|0x0000000086700000, 0x0000000086700000, 0x0000000086800000|  0%| F|  |TAMS 0x0000000086700000, 0x0000000086700000| Untracked 
| 104|0x0000000086800000, 0x0000000086800000, 0x0000000086900000|  0%| F|  |TAMS 0x0000000086800000, 0x0000000086800000| Untracked 
| 105|0x0000000086900000, 0x0000000086900000, 0x0000000086a00000|  0%| F|  |TAMS 0x0000000086900000, 0x0000000086900000| Untracked 
| 106|0x0000000086a00000, 0x0000000086a00000, 0x0000000086b00000|  0%| F|  |TAMS 0x0000000086a00000, 0x0000000086a00000| Untracked 
| 107|0x0000000086b00000, 0x0000000086b00000, 0x0000000086c00000|  0%| F|  |TAMS 0x0000000086b00000, 0x0000000086b00000| Untracked 
| 108|0x0000000086c00000, 0x0000000086c00000, 0x0000000086d00000|  0%| F|  |TAMS 0x0000000086c00000, 0x0000000086c00000| Untracked 
| 109|0x0000000086d00000, 0x0000000086d00000, 0x0000000086e00000|  0%| F|  |TAMS 0x0000000086d00000, 0x0000000086d00000| Untracked 
| 110|0x0000000086e00000, 0x0000000086e00000, 0x0000000086f00000|  0%| F|  |TAMS 0x0000000086e00000, 0x0000000086e00000| Untracked 
| 111|0x0000000086f00000, 0x0000000086f00000, 0x0000000087000000|  0%| F|  |TAMS 0x0000000086f00000, 0x0000000086f00000| Untracked 
| 112|0x0000000087000000, 0x0000000087000000, 0x0000000087100000|  0%| F|  |TAMS 0x0000000087000000, 0x0000000087000000| Untracked 
| 113|0x0000000087100000, 0x0000000087100000, 0x0000000087200000|  0%| F|  |TAMS 0x0000000087100000, 0x0000000087100000| Untracked 
| 114|0x0000000087200000, 0x0000000087200000, 0x0000000087300000|  0%| F|  |TAMS 0x0000000087200000, 0x0000000087200000| Untracked 
| 115|0x0000000087300000, 0x0000000087300000, 0x0000000087400000|  0%| F|  |TAMS 0x0000000087300000, 0x0000000087300000| Untracked 
| 116|0x0000000087400000, 0x0000000087400000, 0x0000000087500000|  0%| F|  |TAMS 0x0000000087400000, 0x0000000087400000| Untracked 
| 117|0x0000000087500000, 0x0000000087500000, 0x0000000087600000|  0%| F|  |TAMS 0x0000000087500000, 0x0000000087500000| Untracked 
| 118|0x0000000087600000, 0x0000000087600000, 0x0000000087700000|  0%| F|  |TAMS 0x0000000087600000, 0x0000000087600000| Untracked 
| 119|0x0000000087700000, 0x0000000087700000, 0x0000000087800000|  0%| F|  |TAMS 0x0000000087700000, 0x0000000087700000| Untracked 
| 120|0x0000000087800000, 0x0000000087800000, 0x0000000087900000|  0%| F|  |TAMS 0x0000000087800000, 0x0000000087800000| Untracked 
| 121|0x0000000087900000, 0x0000000087900000, 0x0000000087a00000|  0%| F|  |TAMS 0x0000000087900000, 0x0000000087900000| Untracked 
| 122|0x0000000087a00000, 0x0000000087a0dcc0, 0x0000000087b00000|  5%| S|CS|TAMS 0x0000000087a00000, 0x0000000087a00000| Complete 
| 123|0x0000000087b00000, 0x0000000087c00000, 0x0000000087c00000|100%| S|CS|TAMS 0x0000000087b00000, 0x0000000087b00000| Complete 
| 124|0x0000000087c00000, 0x0000000087c00000, 0x0000000087d00000|  0%| F|  |TAMS 0x0000000087c00000, 0x0000000087c00000| Untracked 
| 125|0x0000000087d00000, 0x0000000087d00000, 0x0000000087e00000|  0%| F|  |TAMS 0x0000000087d00000, 0x0000000087d00000| Untracked 
| 126|0x0000000087e00000, 0x0000000087e00000, 0x0000000087f00000|  0%| F|  |TAMS 0x0000000087e00000, 0x0000000087e00000| Untracked 
| 127|0x0000000087f00000, 0x0000000087f00000, 0x0000000088000000|  0%| F|  |TAMS 0x0000000087f00000, 0x0000000087f00000| Untracked 
| 128|0x0000000088000000, 0x0000000088000000, 0x0000000088100000|  0%| F|  |TAMS 0x0000000088000000, 0x0000000088000000| Untracked 
| 129|0x0000000088100000, 0x0000000088100000, 0x0000000088200000|  0%| F|  |TAMS 0x0000000088100000, 0x0000000088100000| Untracked 
| 130|0x0000000088200000, 0x0000000088200000, 0x0000000088300000|  0%| F|  |TAMS 0x0000000088200000, 0x0000000088200000| Untracked 
| 131|0x0000000088300000, 0x0000000088300000, 0x0000000088400000|  0%| F|  |TAMS 0x0000000088300000, 0x0000000088300000| Untracked 
| 132|0x0000000088400000, 0x00000000884634f8, 0x0000000088500000| 38%| E|  |TAMS 0x0000000088400000, 0x0000000088400000| Complete 
| 133|0x0000000088500000, 0x0000000088600000, 0x0000000088600000|100%| E|CS|TAMS 0x0000000088500000, 0x0000000088500000| Complete 
| 134|0x0000000088600000, 0x0000000088700000, 0x0000000088700000|100%| E|CS|TAMS 0x0000000088600000, 0x0000000088600000| Complete 

Card table byte_map: [0x000001d119f80000,0x000001d11a380000] _byte_map_base: 0x000001d119b80000

Marking Bits (Prev, Next): (CMBitMap*) 0x000001d1073f7050, (CMBitMap*) 0x000001d1073f7090
 Prev Bits: [0x000001d11a780000, 0x000001d11c780000)
 Next Bits: [0x000001d11c780000, 0x000001d11e780000)

Polling page: 0x000001d1052e0000

Metaspace:

Usage:
  Non-class:     42.16 MB used.
      Class:      6.43 MB used.
       Both:     48.60 MB used.

Virtual space:
  Non-class space:       48.00 MB reserved,      42.44 MB ( 88%) committed,  6 nodes.
      Class space:        1.00 GB reserved,       6.62 MB ( <1%) committed,  1 nodes.
             Both:        1.05 GB reserved,      49.06 MB (  5%) committed. 

Chunk freelists:
   Non-Class:  1.22 MB
       Class:  1.34 MB
        Both:  2.56 MB

MaxMetaspaceSize: unlimited
CompressedClassSpaceSize: 1.00 GB
Initial GC threshold: 21.00 MB
Current GC threshold: 75.12 MB
CDS: off
MetaspaceReclaimPolicy: balanced
 - commit_granule_bytes: 65536.
 - commit_granule_words: 8192.
 - virtual_space_node_default_size: 1048576.
 - enlarge_chunks_in_place: 1.
 - new_chunks_are_fully_committed: 0.
 - uncommit_free_chunks: 1.
 - use_allocation_guard: 0.
 - handle_deallocations: 1.


Internal statistics:

num_allocs_failed_limit: 3.
num_arena_births: 452.
num_arena_deaths: 0.
num_vsnodes_births: 7.
num_vsnodes_deaths: 0.
num_space_committed: 785.
num_space_uncommitted: 0.
num_chunks_returned_to_freelist: 3.
num_chunks_taken_from_freelist: 2033.
num_chunk_merges: 3.
num_chunk_splits: 1303.
num_chunks_enlarged: 877.
num_purges: 0.
num_inconsistent_stats: 0.

CodeHeap 'non-profiled nmethods': size=120000Kb used=2884Kb max_used=2884Kb free=117115Kb
 bounds [0x000001d112320000, 0x000001d112600000, 0x000001d119850000]
CodeHeap 'profiled nmethods': size=120000Kb used=9415Kb max_used=9415Kb free=110584Kb
 bounds [0x000001d10a850000, 0x000001d10b190000, 0x000001d111d80000]
CodeHeap 'non-nmethods': size=5760Kb used=2305Kb max_used=2383Kb free=3454Kb
 bounds [0x000001d111d80000, 0x000001d111ff0000, 0x000001d112320000]
 total_blobs=5348 nmethods=4528 adapters=732
 compilation: enabled
              stopped_count=0, restarted_count=0
 full_count=0

Compilation events (20 events):
Event: 6.044 Thread 0x000001d121c4f600 4529       3       sun.reflect.generics.visitor.Reifier::visitWildcard (22 bytes)
Event: 6.044 Thread 0x000001d121c4f600 nmethod 4529 0x000001d10b17d090 code [0x000001d10b17d260, 0x000001d10b17d648]
Event: 6.044 Thread 0x000001d121c4f600 4530       3       java.lang.reflect.Method::hashCode (19 bytes)
Event: 6.044 Thread 0x000001d121c4f600 nmethod 4530 0x000001d10b17d810 code [0x000001d10b17d9e0, 0x000001d10b17dc88]
Event: 6.046 Thread 0x000001d121c4f600 4531       3       java.beans.MethodDescriptor::resolve (32 bytes)
Event: 6.046 Thread 0x000001d121c4f600 nmethod 4531 0x000001d10b17de10 code [0x000001d10b17e000, 0x000001d10b17e578]
Event: 6.047 Thread 0x000001d121c4f600 4533       3       java.beans.FeatureDescriptor::<init> (137 bytes)
Event: 6.048 Thread 0x000001d121c4f600 nmethod 4533 0x000001d10b17e710 code [0x000001d10b17e9a0, 0x000001d10b17f7b8]
Event: 6.048 Thread 0x000001d121c4f600 4534  s    3       java.util.Hashtable::putAll (52 bytes)
Event: 6.048 Thread 0x000001d121c4f600 nmethod 4534 0x000001d10b17fb10 code [0x000001d10b17fd40, 0x000001d10b1805e8]
Event: 6.048 Thread 0x000001d121c4f600 4535       3       java.util.Hashtable::entrySet (28 bytes)
Event: 6.049 Thread 0x000001d121c4f600 nmethod 4535 0x000001d10b180810 code [0x000001d10b180a00, 0x000001d10b181138]
Event: 6.049 Thread 0x000001d121c4f600 4536       3       java.util.Hashtable$EntrySet::iterator (9 bytes)
Event: 6.049 Thread 0x000001d121c4f600 nmethod 4536 0x000001d10b181390 code [0x000001d10b181540, 0x000001d10b181688]
Event: 6.049 Thread 0x000001d121c4f600 4537       3       java.util.Hashtable::getIterator (22 bytes)
Event: 6.049 Thread 0x000001d121c4f600 nmethod 4537 0x000001d10b181790 code [0x000001d10b181940, 0x000001d10b181bc8]
Event: 6.052 Thread 0x000001d121fed4a0 nmethod 4525 0x000001d1125ef990 code [0x000001d1125efba0, 0x000001d1125f0680]
Event: 6.052 Thread 0x000001d121fed4a0 4527       4       java.util.StringJoiner::toString (53 bytes)
Event: 6.053 Thread 0x000001d121fed4a0 nmethod 4527 0x000001d1125f0d90 code [0x000001d1125f0f20, 0x000001d1125f1008]
Event: 6.053 Thread 0x000001d121fed4a0 4532       4       java.beans.FeatureDescriptor::getClass0 (22 bytes)

GC Heap History (20 events):
Event: 2.835 GC heap before
{Heap before GC invocations=7 (full 0):
 garbage-first heap   total 81920K, used 46633K [0x0000000080000000, 0x0000000100000000)
  region size 1024K, 5 young (5120K), 4 survivors (4096K)
 Metaspace       used 28837K, committed 29184K, reserved 1081344K
  class space    used 3920K, committed 4096K, reserved 1048576K
}
Event: 2.837 GC heap after
{Heap after GC invocations=8 (full 0):
 garbage-first heap   total 81920K, used 46659K [0x0000000080000000, 0x0000000100000000)
  region size 1024K, 1 young (1024K), 1 survivors (1024K)
 Metaspace       used 28837K, committed 29184K, reserved 1081344K
  class space    used 3920K, committed 4096K, reserved 1048576K
}
Event: 3.226 GC heap before
{Heap before GC invocations=9 (full 0):
 garbage-first heap   total 94208K, used 68163K [0x0000000080000000, 0x0000000100000000)
  region size 1024K, 16 young (16384K), 1 survivors (1024K)
 Metaspace       used 30808K, committed 31168K, reserved 1081344K
  class space    used 4234K, committed 4416K, reserved 1048576K
}
Event: 3.228 GC heap after
{Heap after GC invocations=10 (full 0):
 garbage-first heap   total 94208K, used 56123K [0x0000000080000000, 0x0000000100000000)
  region size 1024K, 2 young (2048K), 2 survivors (2048K)
 Metaspace       used 30808K, committed 31168K, reserved 1081344K
  class space    used 4234K, committed 4416K, reserved 1048576K
}
Event: 3.467 GC heap before
{Heap before GC invocations=10 (full 0):
 garbage-first heap   total 94208K, used 72507K [0x0000000080000000, 0x0000000100000000)
  region size 1024K, 18 young (18432K), 2 survivors (2048K)
 Metaspace       used 33051K, committed 33408K, reserved 1081344K
  class space    used 4618K, committed 4800K, reserved 1048576K
}
Event: 3.469 GC heap after
{Heap after GC invocations=11 (full 0):
 garbage-first heap   total 94208K, used 56967K [0x0000000080000000, 0x0000000100000000)
  region size 1024K, 1 young (1024K), 1 survivors (1024K)
 Metaspace       used 33051K, committed 33408K, reserved 1081344K
  class space    used 4618K, committed 4800K, reserved 1048576K
}
Event: 3.847 GC heap before
{Heap before GC invocations=12 (full 0):
 garbage-first heap   total 99328K, used 72327K [0x0000000080000000, 0x0000000100000000)
  region size 1024K, 17 young (17408K), 1 survivors (1024K)
 Metaspace       used 36355K, committed 36736K, reserved 1081344K
  class space    used 5033K, committed 5184K, reserved 1048576K
}
Event: 3.850 GC heap after
{Heap after GC invocations=13 (full 0):
 garbage-first heap   total 99328K, used 58318K [0x0000000080000000, 0x0000000100000000)
  region size 1024K, 3 young (3072K), 3 survivors (3072K)
 Metaspace       used 36355K, committed 36736K, reserved 1081344K
  class space    used 5033K, committed 5184K, reserved 1048576K
}
Event: 4.221 GC heap before
{Heap before GC invocations=13 (full 0):
 garbage-first heap   total 99328K, used 76750K [0x0000000080000000, 0x0000000100000000)
  region size 1024K, 22 young (22528K), 3 survivors (3072K)
 Metaspace       used 41008K, committed 41408K, reserved 1089536K
  class space    used 5499K, committed 5696K, reserved 1048576K
}
Event: 4.224 GC heap after
{Heap after GC invocations=14 (full 0):
 garbage-first heap   total 99328K, used 61359K [0x0000000080000000, 0x0000000100000000)
  region size 1024K, 3 young (3072K), 3 survivors (3072K)
 Metaspace       used 41008K, committed 41408K, reserved 1089536K
  class space    used 5499K, committed 5696K, reserved 1048576K
}
Event: 4.367 GC heap before
{Heap before GC invocations=15 (full 0):
 garbage-first heap   total 114688K, used 77743K [0x0000000080000000, 0x0000000100000000)
  region size 1024K, 21 young (21504K), 3 survivors (3072K)
 Metaspace       used 41468K, committed 41920K, reserved 1089536K
  class space    used 5544K, committed 5760K, reserved 1048576K
}
Event: 4.371 GC heap after
{Heap after GC invocations=16 (full 0):
 garbage-first heap   total 138240K, used 64350K [0x0000000080000000, 0x0000000100000000)
  region size 1024K, 3 young (3072K), 3 survivors (3072K)
 Metaspace       used 41468K, committed 41920K, reserved 1089536K
  class space    used 5544K, committed 5760K, reserved 1048576K
}
Event: 5.206 GC heap before
{Heap before GC invocations=17 (full 0):
 garbage-first heap   total 138240K, used 95070K [0x0000000080000000, 0x0000000100000000)
  region size 1024K, 32 young (32768K), 3 survivors (3072K)
 Metaspace       used 45747K, committed 46144K, reserved 1089536K
  class space    used 6087K, committed 6272K, reserved 1048576K
}
Event: 5.210 GC heap after
{Heap after GC invocations=18 (full 0):
 garbage-first heap   total 138240K, used 66066K [0x0000000080000000, 0x0000000100000000)
  region size 1024K, 5 young (5120K), 5 survivors (5120K)
 Metaspace       used 45747K, committed 46144K, reserved 1089536K
  class space    used 6087K, committed 6272K, reserved 1048576K
}
Event: 5.808 GC heap before
{Heap before GC invocations=19 (full 0):
 garbage-first heap   total 138240K, used 123410K [0x0000000080000000, 0x0000000100000000)
  region size 1024K, 41 young (41984K), 5 survivors (5120K)
 Metaspace       used 48459K, committed 48896K, reserved 1097728K
  class space    used 6364K, committed 6528K, reserved 1048576K
}
Event: 5.813 GC heap after
{Heap after GC invocations=20 (full 0):
 garbage-first heap   total 138240K, used 93149K [0x0000000080000000, 0x0000000100000000)
  region size 1024K, 6 young (6144K), 6 survivors (6144K)
 Metaspace       used 48459K, committed 48896K, reserved 1097728K
  class space    used 6364K, committed 6528K, reserved 1048576K
}
Event: 5.821 GC heap before
{Heap before GC invocations=20 (full 0):
 garbage-first heap   total 138240K, used 94173K [0x0000000080000000, 0x0000000100000000)
  region size 1024K, 7 young (7168K), 6 survivors (6144K)
 Metaspace       used 48465K, committed 48896K, reserved 1097728K
  class space    used 6364K, committed 6528K, reserved 1048576K
}
Event: 5.825 GC heap after
{Heap after GC invocations=21 (full 0):
 garbage-first heap   total 138240K, used 93546K [0x0000000080000000, 0x0000000100000000)
  region size 1024K, 1 young (1024K), 1 survivors (1024K)
 Metaspace       used 48465K, committed 48896K, reserved 1097728K
  class space    used 6364K, committed 6528K, reserved 1048576K
}
Event: 6.021 GC heap before
{Heap before GC invocations=21 (full 0):
 garbage-first heap   total 138240K, used 102762K [0x0000000080000000, 0x0000000100000000)
  region size 1024K, 11 young (11264K), 1 survivors (1024K)
 Metaspace       used 49720K, committed 50176K, reserved 1097728K
  class space    used 6583K, committed 6784K, reserved 1048576K
}
Event: 6.024 GC heap after
{Heap after GC invocations=22 (full 0):
 garbage-first heap   total 138240K, used 93840K [0x0000000080000000, 0x0000000100000000)
  region size 1024K, 2 young (2048K), 2 survivors (2048K)
 Metaspace       used 49720K, committed 50176K, reserved 1097728K
  class space    used 6583K, committed 6784K, reserved 1048576K
}

Dll operation events (2 events):
Event: 0.007 Loaded shared library D:\AndroidStudioInstalation\jbr\bin\java.dll
Event: 0.340 Loaded shared library D:\AndroidStudioInstalation\jbr\bin\verify.dll

Deoptimization events (20 events):
Event: 5.529 Thread 0x000001d122e40540 DEOPT PACKING pc=0x000001d1125ab390 sp=0x00000019f23f64e0
Event: 5.529 Thread 0x000001d122e40540 DEOPT UNPACKING pc=0x000001d111dd69a3 sp=0x00000019f23f6428 mode 2
Event: 5.607 Thread 0x000001d122e40540 DEOPT PACKING pc=0x000001d10ab921d4 sp=0x00000019f23f9200
Event: 5.607 Thread 0x000001d122e40540 DEOPT UNPACKING pc=0x000001d111dd7143 sp=0x00000019f23f8758 mode 0
Event: 5.706 Thread 0x000001d122e40540 Uncommon trap: trap_request=0xffffff45 fr.pc=0x000001d1124b2520 relative=0x0000000000001520
Event: 5.706 Thread 0x000001d122e40540 Uncommon trap: reason=unstable_if action=reinterpret pc=0x000001d1124b2520 method=java.util.WeakHashMap.matchesKey(Ljava/util/WeakHashMap$Entry;Ljava/lang/Object;)Z @ 5 c2
Event: 5.706 Thread 0x000001d122e40540 DEOPT PACKING pc=0x000001d1124b2520 sp=0x00000019f23f3c50
Event: 5.706 Thread 0x000001d122e40540 DEOPT UNPACKING pc=0x000001d111dd69a3 sp=0x00000019f23f3bd8 mode 2
Event: 5.868 Thread 0x000001d122e40540 Uncommon trap: trap_request=0xffffffc6 fr.pc=0x000001d1125a81e4 relative=0x0000000000003d04
Event: 5.868 Thread 0x000001d122e40540 Uncommon trap: reason=bimorphic_or_optimized_type_check action=maybe_recompile pc=0x000001d1125a81e4 method=java.util.AbstractCollection.addAll(Ljava/util/Collection;)Z @ 29 c2
Event: 5.868 Thread 0x000001d122e40540 DEOPT PACKING pc=0x000001d1125a81e4 sp=0x00000019f23fb7c0
Event: 5.868 Thread 0x000001d122e40540 DEOPT UNPACKING pc=0x000001d111dd69a3 sp=0x00000019f23fb7b0 mode 2
Event: 5.999 Thread 0x000001d122e40540 Uncommon trap: trap_request=0xffffffcc fr.pc=0x000001d1125e9ce4 relative=0x0000000000000344
Event: 5.999 Thread 0x000001d122e40540 Uncommon trap: reason=intrinsic_or_type_checked_inlining action=make_not_entrant pc=0x000001d1125e9ce4 method=java.util.Arrays.copyOf([Ljava/lang/Object;ILjava/lang/Class;)[Ljava/lang/Object; @ 35 c2
Event: 5.999 Thread 0x000001d122e40540 DEOPT PACKING pc=0x000001d1125e9ce4 sp=0x00000019f23f7f00
Event: 5.999 Thread 0x000001d122e40540 DEOPT UNPACKING pc=0x000001d111dd69a3 sp=0x00000019f23f7e90 mode 2
Event: 6.021 Thread 0x000001d122e40540 Uncommon trap: trap_request=0xffffffc6 fr.pc=0x000001d1125a81e4 relative=0x0000000000003d04
Event: 6.021 Thread 0x000001d122e40540 Uncommon trap: reason=bimorphic_or_optimized_type_check action=maybe_recompile pc=0x000001d1125a81e4 method=java.util.AbstractCollection.addAll(Ljava/util/Collection;)Z @ 29 c2
Event: 6.021 Thread 0x000001d122e40540 DEOPT PACKING pc=0x000001d1125a81e4 sp=0x00000019f23f81e0
Event: 6.021 Thread 0x000001d122e40540 DEOPT UNPACKING pc=0x000001d111dd69a3 sp=0x00000019f23f81d0 mode 2

Classes unloaded (0 events):
No events

Classes redefined (0 events):
No events

Internal exceptions (20 events):
Event: 5.807 Thread 0x000001d122e40540 Exception <a 'java/lang/ClassNotFoundException'{0x0000000085ee84a0}: java/lang/EnumCustomizer> (0x0000000085ee84a0) 
thrown [s\src\hotspot\share\classfile\systemDictionary.cpp, line 256]
Event: 5.813 Thread 0x000001d122e40540 Exception <a 'java/lang/ClassNotFoundException'{0x00000000886037e8}: org/gradle/api/initialization/resolve/RepositoriesModeCustomizer> (0x00000000886037e8) 
thrown [s\src\hotspot\share\classfile\systemDictionary.cpp, line 256]
Event: 5.817 Thread 0x000001d122e40540 Exception <a 'java/lang/ClassNotFoundException'{0x000000008866d370}: org/gradle/api/internal/provider/DefaultPropertyBeanInfo> (0x000000008866d370) 
thrown [s\src\hotspot\share\classfile\systemDictionary.cpp, line 256]
Event: 5.817 Thread 0x000001d122e40540 Exception <a 'java/lang/ClassNotFoundException'{0x000000008867fd30}: org/gradle/api/internal/provider/AbstractPropertyBeanInfo> (0x000000008867fd30) 
thrown [s\src\hotspot\share\classfile\systemDictionary.cpp, line 256]
Event: 5.817 Thread 0x000001d122e40540 Exception <a 'java/lang/ClassNotFoundException'{0x0000000088692808}: org/gradle/api/internal/provider/AbstractMinimalProviderBeanInfo> (0x0000000088692808) 
thrown [s\src\hotspot\share\classfile\systemDictionary.cpp, line 256]
Event: 5.818 Thread 0x000001d122e40540 Exception <a 'java/lang/ClassNotFoundException'{0x00000000886a5018}: org/gradle/api/internal/provider/AbstractMinimalProviderCustomizer> (0x00000000886a5018) 
thrown [s\src\hotspot\share\classfile\systemDictionary.cpp, line 256]
Event: 5.819 Thread 0x000001d122e40540 Exception <a 'java/lang/ClassNotFoundException'{0x00000000886d19b8}: org/gradle/api/internal/provider/AbstractPropertyCustomizer> (0x00000000886d19b8) 
thrown [s\src\hotspot\share\classfile\systemDictionary.cpp, line 256]
Event: 5.820 Thread 0x000001d122e40540 Exception <a 'java/lang/ClassNotFoundException'{0x00000000886f0a18}: org/gradle/api/internal/provider/DefaultPropertyCustomizer> (0x00000000886f0a18) 
thrown [s\src\hotspot\share\classfile\systemDictionary.cpp, line 256]
Event: 5.829 Thread 0x000001d122e40540 Exception <a 'java/lang/ClassNotFoundException'{0x000000008863e008}: org/gradle/initialization/DefaultProjectDescriptorBeanInfo> (0x000000008863e008) 
thrown [s\src\hotspot\share\classfile\systemDictionary.cpp, line 256]
Event: 5.829 Thread 0x000001d122e40540 Exception <a 'java/lang/ClassNotFoundException'{0x000000008864e230}: org/gradle/initialization/DefaultProjectDescriptorCustomizer> (0x000000008864e230) 
thrown [s\src\hotspot\share\classfile\systemDictionary.cpp, line 256]
Event: 5.899 Thread 0x000001d122e40540 Exception <a 'java/lang/ClassNotFoundException'{0x0000000088224950}: org/jetbrains/plugins/gradle/model/web/WebConfigurationBeanInfo> (0x0000000088224950) 
thrown [s\src\hotspot\share\classfile\systemDictionary.cpp, line 256]
Event: 5.900 Thread 0x000001d122e40540 Exception <a 'java/lang/ClassNotFoundException'{0x000000008822ccd8}: org/jetbrains/plugins/gradle/model/web/WebConfigurationCustomizer> (0x000000008822ccd8) 
thrown [s\src\hotspot\share\classfile\systemDictionary.cpp, line 256]
Event: 5.901 Thread 0x000001d122e40540 Exception <a 'java/lang/ClassNotFoundException'{0x000000008824cc70}: org/jetbrains/plugins/gradle/model/scala/ScalaModelBeanInfo> (0x000000008824cc70) 
thrown [s\src\hotspot\share\classfile\systemDictionary.cpp, line 256]
Event: 5.902 Thread 0x000001d122e40540 Exception <a 'java/lang/ClassNotFoundException'{0x0000000088254f78}: org/jetbrains/plugins/gradle/model/scala/ScalaModelCustomizer> (0x0000000088254f78) 
thrown [s\src\hotspot\share\classfile\systemDictionary.cpp, line 256]
Event: 5.905 Thread 0x000001d122e40540 Exception <a 'java/lang/ClassNotFoundException'{0x00000000882880c0}: org/jetbrains/plugins/gradle/model/DependencyAccessorsModelBeanInfo> (0x00000000882880c0) 
thrown [s\src\hotspot\share\classfile\systemDictionary.cpp, line 256]
Event: 5.906 Thread 0x000001d122e40540 Exception <a 'java/lang/ClassNotFoundException'{0x0000000088290470}: org/jetbrains/plugins/gradle/model/DependencyAccessorsModelCustomizer> (0x0000000088290470) 
thrown [s\src\hotspot\share\classfile\systemDictionary.cpp, line 256]
Event: 6.041 Thread 0x000001d122e40540 Exception <a 'java/lang/ClassNotFoundException'{0x00000000886ea938}: org/gradle/api/internal/project/DefaultProject_DecoratedBeanInfo> (0x00000000886ea938) 
thrown [s\src\hotspot\share\classfile\systemDictionary.cpp, line 256]
Event: 6.041 Thread 0x000001d122e40540 Exception <a 'java/lang/ClassNotFoundException'{0x00000000886f7490}: org/gradle/api/internal/project/DefaultProjectBeanInfo> (0x00000000886f7490) 
thrown [s\src\hotspot\share\classfile\systemDictionary.cpp, line 256]
Event: 6.042 Thread 0x000001d122e40540 Exception <a 'java/lang/ClassNotFoundException'{0x00000000885044d0}: org/gradle/api/internal/project/DefaultProjectCustomizer> (0x00000000885044d0) 
thrown [s\src\hotspot\share\classfile\systemDictionary.cpp, line 256]
Event: 6.045 Thread 0x000001d122e40540 Exception <a 'java/lang/ClassNotFoundException'{0x00000000885a8d58}: org/gradle/api/internal/project/DefaultProject_DecoratedCustomizer> (0x00000000885a8d58) 
thrown [s\src\hotspot\share\classfile\systemDictionary.cpp, line 256]

VM Operations (20 events):
Event: 4.719 Executing VM operation: HandshakeAllThreads done
Event: 5.186 Executing VM operation: HandshakeAllThreads
Event: 5.186 Executing VM operation: HandshakeAllThreads done
Event: 5.206 Executing VM operation: G1TryInitiateConcMark
Event: 5.210 Executing VM operation: G1TryInitiateConcMark done
Event: 5.227 Executing VM operation: G1Concurrent
Event: 5.228 Executing VM operation: G1Concurrent done
Event: 5.237 Executing VM operation: G1Concurrent
Event: 5.237 Executing VM operation: G1Concurrent done
Event: 5.303 Executing VM operation: HandshakeAllThreads
Event: 5.303 Executing VM operation: HandshakeAllThreads done
Event: 5.807 Executing VM operation: G1CollectForAllocation
Event: 5.813 Executing VM operation: G1CollectForAllocation done
Event: 5.820 Executing VM operation: G1CollectForAllocation
Event: 5.825 Executing VM operation: G1CollectForAllocation done
Event: 5.974 Executing VM operation: HandshakeAllThreads
Event: 5.974 Executing VM operation: HandshakeAllThreads done
Event: 6.021 Executing VM operation: G1TryInitiateConcMark
Event: 6.024 Executing VM operation: G1TryInitiateConcMark done
Event: 6.054 Executing VM operation: G1Concurrent

Events (20 events):
Event: 5.807 loading class java/lang/EnumCustomizer done
Event: 5.831 loading class jdk/internal/math/FDBigInteger
Event: 5.832 loading class jdk/internal/math/FDBigInteger done
Event: 5.840 loading class java/util/zip/GZIPOutputStream
Event: 5.841 loading class java/util/zip/GZIPOutputStream done
Event: 5.841 loading class java/util/zip/GZIPInputStream
Event: 5.841 loading class java/util/zip/GZIPInputStream done
Event: 5.844 loading class java/lang/ThreadLocal$SuppliedThreadLocal
Event: 5.844 loading class java/lang/ThreadLocal$SuppliedThreadLocal done
Event: 5.910 Thread 0x000001d126c91e50 Thread added: 0x000001d126c91e50
Event: 5.956 loading class java/nio/file/AtomicMoveNotSupportedException
Event: 5.956 loading class java/nio/file/AtomicMoveNotSupportedException done
Event: 5.974 loading class java/io/FileWriter
Event: 5.974 loading class java/io/FileWriter done
Event: 6.048 loading class org/xml/sax/Locator
Event: 6.048 loading class org/xml/sax/Locator done
Event: 6.048 loading class org/xml/sax/SAXParseException
Event: 6.049 loading class org/xml/sax/SAXParseException done
Event: 6.050 loading class org/xml/sax/Attributes
Event: 6.050 loading class org/xml/sax/Attributes done


Dynamic libraries:
0x00007ff784610000 - 0x00007ff78461a000 	D:\AndroidStudioInstalation\jbr\bin\java.exe
0x00007ffd61150000 - 0x00007ffd61364000 	C:\WINDOWS\SYSTEM32\ntdll.dll
0x00007ffd5f8e0000 - 0x00007ffd5f9a2000 	C:\WINDOWS\System32\KERNEL32.DLL
0x00007ffd5eaa0000 - 0x00007ffd5ee3c000 	C:\WINDOWS\System32\KERNELBASE.dll
0x00007ffd5b2f0000 - 0x00007ffd5b386000 	C:\WINDOWS\SYSTEM32\apphelp.dll
0x00007ffd5e7c0000 - 0x00007ffd5e8d1000 	C:\WINDOWS\System32\ucrtbase.dll
0x00007ffd48760000 - 0x00007ffd48777000 	D:\AndroidStudioInstalation\jbr\bin\jli.dll
0x00007ffd485a0000 - 0x00007ffd485bb000 	D:\AndroidStudioInstalation\jbr\bin\VCRUNTIME140.dll
0x00007ffd60800000 - 0x00007ffd609ab000 	C:\WINDOWS\System32\USER32.dll
0x00007ffd5eec0000 - 0x00007ffd5eee6000 	C:\WINDOWS\System32\win32u.dll
0x00007ffd42780000 - 0x00007ffd42a0e000 	C:\WINDOWS\WinSxS\amd64_microsoft.windows.common-controls_6595b64144ccf1df_6.0.22621.608_none_a9444ca7c10bb01d\COMCTL32.dll
0x00007ffd60ca0000 - 0x00007ffd60cc9000 	C:\WINDOWS\System32\GDI32.dll
0x00007ffd5f830000 - 0x00007ffd5f8d7000 	C:\WINDOWS\System32\msvcrt.dll
0x00007ffd5e8e0000 - 0x00007ffd5e9f3000 	C:\WINDOWS\System32\gdi32full.dll
0x00007ffd5ea00000 - 0x00007ffd5ea9a000 	C:\WINDOWS\System32\msvcp_win.dll
0x00007ffd607c0000 - 0x00007ffd607f1000 	C:\WINDOWS\System32\IMM32.DLL
0x00007ffd57fc0000 - 0x00007ffd57fcc000 	D:\AndroidStudioInstalation\jbr\bin\vcruntime140_1.dll
0x00007ffd41ed0000 - 0x00007ffd41f5d000 	D:\AndroidStudioInstalation\jbr\bin\msvcp140.dll
0x00007ffcbdf70000 - 0x00007ffcbebdd000 	D:\AndroidStudioInstalation\jbr\bin\server\jvm.dll
0x00007ffd60ea0000 - 0x00007ffd60f4e000 	C:\WINDOWS\System32\ADVAPI32.dll
0x00007ffd5f9b0000 - 0x00007ffd5fa54000 	C:\WINDOWS\System32\sechost.dll
0x00007ffd5f090000 - 0x00007ffd5f1a7000 	C:\WINDOWS\System32\RPCRT4.dll
0x00007ffd57610000 - 0x00007ffd57644000 	C:\WINDOWS\SYSTEM32\WINMM.dll
0x00007ffd36f40000 - 0x00007ffd36f49000 	C:\WINDOWS\SYSTEM32\WSOCK32.dll
0x00007ffd55450000 - 0x00007ffd5545a000 	C:\WINDOWS\SYSTEM32\VERSION.dll
0x00007ffd5ef60000 - 0x00007ffd5efd1000 	C:\WINDOWS\System32\WS2_32.dll
0x00007ffd5d650000 - 0x00007ffd5d668000 	C:\WINDOWS\SYSTEM32\kernel.appcore.dll
0x00007ffd47b60000 - 0x00007ffd47b6a000 	D:\AndroidStudioInstalation\jbr\bin\jimage.dll
0x00007ffd5b4b0000 - 0x00007ffd5b6de000 	C:\WINDOWS\SYSTEM32\DBGHELP.DLL
0x00007ffd5fac0000 - 0x00007ffd5fe49000 	C:\WINDOWS\System32\combase.dll
0x00007ffd60b60000 - 0x00007ffd60c37000 	C:\WINDOWS\System32\OLEAUT32.dll
0x00007ffd3fd80000 - 0x00007ffd3fdb2000 	C:\WINDOWS\SYSTEM32\dbgcore.DLL
0x00007ffd5ee40000 - 0x00007ffd5eebb000 	C:\WINDOWS\System32\bcryptPrimitives.dll
0x00007ffd41730000 - 0x00007ffd41755000 	D:\AndroidStudioInstalation\jbr\bin\java.dll
0x00007ffd47b40000 - 0x00007ffd47b58000 	D:\AndroidStudioInstalation\jbr\bin\zip.dll
0x00007ffd5fe50000 - 0x00007ffd60640000 	C:\WINDOWS\System32\SHELL32.dll
0x00007ffd5c5a0000 - 0x00007ffd5ce6d000 	C:\WINDOWS\SYSTEM32\windows.storage.dll
0x00007ffd5c460000 - 0x00007ffd5c59e000 	C:\WINDOWS\SYSTEM32\wintypes.dll
0x00007ffd606a0000 - 0x00007ffd60791000 	C:\WINDOWS\System32\SHCORE.dll
0x00007ffd60c40000 - 0x00007ffd60c9e000 	C:\WINDOWS\System32\shlwapi.dll
0x00007ffd5e4c0000 - 0x00007ffd5e4e1000 	C:\WINDOWS\SYSTEM32\profapi.dll
0x00007ffd41810000 - 0x00007ffd41829000 	D:\AndroidStudioInstalation\jbr\bin\net.dll
0x00007ffd562b0000 - 0x00007ffd563e7000 	C:\WINDOWS\SYSTEM32\WINHTTP.dll
0x00007ffd5db40000 - 0x00007ffd5dba9000 	C:\WINDOWS\system32\mswsock.dll
0x00007ffd405b0000 - 0x00007ffd405c6000 	D:\AndroidStudioInstalation\jbr\bin\nio.dll
0x00007ffd42350000 - 0x00007ffd42360000 	D:\AndroidStudioInstalation\jbr\bin\verify.dll
0x00007ffd58020000 - 0x00007ffd58047000 	C:\Users\Huawei\.gradle\native\e1d6ef7f7dcc3fd88c89a11ec53ec762bb8ba0a96d01ffa2cd45eb1d1d8dd5c5\windows-amd64\native-platform.dll
0x00007ffd41f60000 - 0x00007ffd420a4000 	C:\Users\Huawei\.gradle\native\0d407fdbe67a94daf76414ababcb853783967236a71b16ec16e742cd7a986fd3\windows-amd64\native-platform-file-events.dll
0x00007ffd47b30000 - 0x00007ffd47b39000 	D:\AndroidStudioInstalation\jbr\bin\management.dll
0x00007ffd447a0000 - 0x00007ffd447ab000 	D:\AndroidStudioInstalation\jbr\bin\management_ext.dll
0x00007ffd60b50000 - 0x00007ffd60b58000 	C:\WINDOWS\System32\PSAPI.DLL
0x00007ffd5ddb0000 - 0x00007ffd5ddcb000 	C:\WINDOWS\SYSTEM32\CRYPTSP.dll
0x00007ffd5d5c0000 - 0x00007ffd5d5f5000 	C:\WINDOWS\system32\rsaenh.dll
0x00007ffd5dc40000 - 0x00007ffd5dc68000 	C:\WINDOWS\SYSTEM32\USERENV.dll
0x00007ffd5df40000 - 0x00007ffd5df68000 	C:\WINDOWS\SYSTEM32\bcrypt.dll
0x00007ffd5dda0000 - 0x00007ffd5ddac000 	C:\WINDOWS\SYSTEM32\CRYPTBASE.dll
0x00007ffd5d100000 - 0x00007ffd5d12d000 	C:\WINDOWS\SYSTEM32\IPHLPAPI.DLL
0x00007ffd5fab0000 - 0x00007ffd5fab9000 	C:\WINDOWS\System32\NSI.dll
0x00007ffd55870000 - 0x00007ffd55889000 	C:\WINDOWS\SYSTEM32\dhcpcsvc6.DLL
0x00007ffd56090000 - 0x00007ffd560af000 	C:\WINDOWS\SYSTEM32\dhcpcsvc.DLL
0x00007ffd5d130000 - 0x00007ffd5d223000 	C:\WINDOWS\SYSTEM32\DNSAPI.dll
0x00007ffd41dc0000 - 0x00007ffd41dc8000 	C:\WINDOWS\system32\wshunix.dll

dbghelp: loaded successfully - version: 4.0.5 - missing functions: none
symbol engine: initialized successfully - sym options: 0x614 - pdb path: .;D:\AndroidStudioInstalation\jbr\bin;C:\WINDOWS\SYSTEM32;C:\WINDOWS\WinSxS\amd64_microsoft.windows.common-controls_6595b64144ccf1df_6.0.22621.608_none_a9444ca7c10bb01d;D:\AndroidStudioInstalation\jbr\bin\server;C:\Users\Huawei\.gradle\native\e1d6ef7f7dcc3fd88c89a11ec53ec762bb8ba0a96d01ffa2cd45eb1d1d8dd5c5\windows-amd64;C:\Users\Huawei\.gradle\native\0d407fdbe67a94daf76414ababcb853783967236a71b16ec16e742cd7a986fd3\windows-amd64

VM Arguments:
jvm_args: --add-opens=java.base/java.util=ALL-UNNAMED --add-opens=java.base/java.lang=ALL-UNNAMED --add-opens=java.base/java.lang.invoke=ALL-UNNAMED --add-opens=java.base/java.util=ALL-UNNAMED --add-opens=java.prefs/java.util.prefs=ALL-UNNAMED --add-opens=java.prefs/java.util.prefs=ALL-UNNAMED --add-opens=java.base/java.nio.charset=ALL-UNNAMED --add-opens=java.base/java.net=ALL-UNNAMED --add-opens=java.base/java.util.concurrent.atomic=ALL-UNNAMED -Xmx2048m -Dfile.encoding=UTF-8 -Duser.country=MY -Duser.language=en -Duser.variant 
java_command: org.gradle.launcher.daemon.bootstrap.GradleDaemon 7.5
java_class_path (initial): C:\Users\Huawei\.gradle\wrapper\dists\gradle-7.5-bin\f1w0cc9nuo0eivz97x2xlu9sv\gradle-7.5\lib\gradle-launcher-7.5.jar
Launcher Type: SUN_STANDARD

[Global flags]
     intx CICompilerCount                          = 4                                         {product} {ergonomic}
     uint ConcGCThreads                            = 2                                         {product} {ergonomic}
     uint G1ConcRefinementThreads                  = 8                                         {product} {ergonomic}
   size_t G1HeapRegionSize                         = 1048576                                   {product} {ergonomic}
    uintx GCDrainStackTargetSize                   = 64                                        {product} {ergonomic}
   size_t InitialHeapSize                          = 132120576                                 {product} {ergonomic}
   size_t MarkStackSize                            = 4194304                                   {product} {ergonomic}
   size_t MaxHeapSize                              = 2147483648                                {product} {command line}
   size_t MaxNewSize                               = 1287651328                                {product} {ergonomic}
   size_t MinHeapDeltaBytes                        = 1048576                                   {product} {ergonomic}
   size_t MinHeapSize                              = 8388608                                   {product} {ergonomic}
    uintx NonNMethodCodeHeapSize                   = 5839372                                {pd product} {ergonomic}
    uintx NonProfiledCodeHeapSize                  = 122909434                              {pd product} {ergonomic}
    uintx ProfiledCodeHeapSize                     = 122909434                              {pd product} {ergonomic}
    uintx ReservedCodeCacheSize                    = 251658240                              {pd product} {ergonomic}
     bool SegmentedCodeCache                       = true                                      {product} {ergonomic}
   size_t SoftMaxHeapSize                          = 2147483648                             {manageable} {ergonomic}
     bool UseCompressedClassPointers               = true                           {product lp64_product} {ergonomic}
     bool UseCompressedOops                        = true                           {product lp64_product} {ergonomic}
     bool UseG1GC                                  = true                                      {product} {ergonomic}
     bool UseLargePagesIndividualAllocation        = false                                  {pd product} {ergonomic}

Logging:
Log output configuration:
 #0: stdout all=warning uptime,level,tags
 #1: stderr all=off uptime,level,tags

Environment Variables:
PATH=C:\Windows\system32;C:\Windows;C:\Windows\System32\Wbem;C:\Windows\System32\WindowsPowerShell\v1.0\;C:\Windows\System32\OpenSSH\;C:\Program Files (x86)\NVIDIA Corporation\PhysX\Common;C:\Program Files\NVIDIA Corporation\NVIDIA NvDLISR;C:\Program Files\Intel\WiFi\bin\;C:\Program Files\Common Files\Intel\WirelessCommon\;C:\WINDOWS\system32;C:\WINDOWS;C:\WINDOWS\System32\Wbem;C:\WINDOWS\System32\WindowsPowerShell\v1.0\;C:\WINDOWS\System32\OpenSSH\;D:\Git\cmd;C:\Users\Huawei\AppData\Local\Microsoft\WindowsApps;D:\IntelliJ IDEA Community Edition 2022.2.2\bin;C:\Users\Huawei\AppData\Local\GitHubDesktop\bin;%USERPROFILE%\AppData\Local\Microsoft\WindowsApps;
USERNAME=Huawei
OS=Windows_NT
PROCESSOR_IDENTIFIER=Intel64 Family 6 Model 142 Stepping 11, GenuineIntel
TMP=C:\Users\Huawei\AppData\Local\Temp
TEMP=C:\Users\Huawei\AppData\Local\Temp



---------------  S Y S T E M  ---------------

OS:
 Windows 11 , 64 bit Build 22621 (10.0.22621.1485)
OS uptime: 0 days 19:51 hours

CPU: total 8 (initial active 8) (4 cores per cpu, 2 threads per core) family 6 model 142 stepping 11 microcode 0xde, cx8, cmov, fxsr, ht, mmx, 3dnowpref, sse, sse2, sse3, ssse3, sse4.1, sse4.2, popcnt, lzcnt, tsc, tscinvbit, avx, avx2, aes, erms, clmul, bmi1, bmi2, adx, fma, vzeroupper, clflush, clflushopt

Memory: 4k page, system-wide physical 8037M (1326M free)
TotalPageFile size 8037M (AvailPageFile size 32M)
current process WorkingSet (physical memory assigned to process): 302M, peak: 305M
current process commit charge ("private bytes"): 336M, peak: 375M

vm_info: OpenJDK 64-Bit Server VM (17.0.6+0-b2043.56-9586694) for windows-amd64 JRE (17.0.6+0-b2043.56-9586694), built on Feb  9 2023 20:06:20 by "androidbuild" with MS VC++ 16.10 / 16.11 (VS2019)

END.
