#
# There is insufficient memory for the Java Runtime Environment to continue.
# Native memory allocation (malloc) failed to allocate 988816 bytes for Chunk::new
# Possible reasons:
#   The system is out of physical RAM or swap space
#   The process is running with CompressedOops enabled, and the Java Heap may be blocking the growth of the native heap
# Possible solutions:
#   Reduce memory load on the system
#   Increase physical memory or swap space
#   Check if swap backing store is full
#   Decrease Java heap size (-Xmx/-Xms)
#   Decrease number of Java threads
#   Decrease Java thread stack sizes (-Xss)
#   Set larger code cache with -XX:ReservedCodeCacheSize=
#   JVM is running with Unscaled Compressed Oops mode in which the Java heap is
#     placed in the first 4GB address space. The Java Heap base address is the
#     maximum limit for the native heap growth. Please use -XX:HeapBaseMinAddress
#     to set the Java Heap base and to place the Java Heap above 4GB virtual address.
# This output file may be truncated or incomplete.
#
#  Out of Memory Error (src/hotspot/share/memory/arena.cpp:197), pid=5816, tid=8556
#
# JRE version: OpenJDK Runtime Environment (11.0.15) (build 11.0.15+0-b2043.56-9505619)
# Java VM: OpenJDK 64-Bit Server VM (11.0.15+0-b2043.56-9505619, mixed mode, tiered, compressed oops, g1 gc, windows-amd64)
# No core dump will be written. Minidumps are not enabled by default on client versions of Windows
#

---------------  S U M M A R Y ------------

Command Line: --add-opens=java.base/java.util=ALL-UNNAMED --add-opens=java.base/java.lang=ALL-UNNAMED --add-opens=java.base/java.lang.invoke=ALL-UNNAMED --add-opens=java.base/java.util=ALL-UNNAMED --add-opens=java.prefs/java.util.prefs=ALL-UNNAMED --add-opens=java.prefs/java.util.prefs=ALL-UNNAMED --add-opens=java.base/java.nio.charset=ALL-UNNAMED --add-opens=java.base/java.net=ALL-UNNAMED --add-opens=java.base/java.util.concurrent.atomic=ALL-UNNAMED -Xmx2048m -Dfile.encoding=UTF-8 -Duser.country=MY -Duser.language=en -Duser.variant org.gradle.launcher.daemon.bootstrap.GradleDaemon 7.5

Host: Intel(R) Core(TM) i7-8565U CPU @ 1.80GHz, 8 cores, 7G,  Windows 11 , 64 bit Build 22621 (10.0.22621.1485)
Time: Mon Apr 17 19:16:39 2023 W. Europe Daylight Time elapsed time: 13.818714 seconds (0d 0h 0m 13s)

---------------  T H R E A D  ---------------

Current thread (0x000001a87faeb000):  JavaThread "C2 CompilerThread0" daemon [_thread_in_native, id=8556, stack(0x0000007b57200000,0x0000007b57300000)]


Current CompileTask:
C2:  13818 7988       4       java.lang.Class::privateGetPublicMethods (224 bytes)

Stack: [0x0000007b57200000,0x0000007b57300000]
Native frames: (J=compiled Java code, j=interpreted, Vv=VM code, C=native code)
V  [jvm.dll+0x64135a]
V  [jvm.dll+0x7d39f9]
V  [jvm.dll+0x7d51b9]
V  [jvm.dll+0x7d58a3]
V  [jvm.dll+0x2691c5]
V  [jvm.dll+0xc1a5c]
V  [jvm.dll+0xc200c]
V  [jvm.dll+0x3774a7]
V  [jvm.dll+0x1b3914]
V  [jvm.dll+0x22163e]
V  [jvm.dll+0x220498]
V  [jvm.dll+0x19e851]
V  [jvm.dll+0x230479]
V  [jvm.dll+0x22e5ef]
V  [jvm.dll+0x794de1]
V  [jvm.dll+0x78dc24]
V  [jvm.dll+0x6400f6]
C  [ucrtbase.dll+0x29363]
C  [KERNEL32.DLL+0x1269d]
C  [ntdll.dll+0x5a9f8]


---------------  P R O C E S S  ---------------

Threads class SMR info:
_java_thread_list=0x000001a81a8ab590, length=125, elements={
0x000001a8765bf000, 0x000001a87fa93800, 0x000001a87fa95800, 0x000001a87fae3800,
0x000001a87fae5000, 0x000001a87fae6000, 0x000001a87faeb000, 0x000001a87faec000,
0x000001a87fa86000, 0x000001a87fc30000, 0x000001a81354c800, 0x000001a87fd2c800,
0x000001a81380f800, 0x000001a81405b800, 0x000001a8126f7800, 0x000001a8125d3800,
0x000001a81379e800, 0x000001a813761800, 0x000001a813701800, 0x000001a812dbe000,
0x000001a81470b000, 0x000001a814709800, 0x000001a814708000, 0x000001a81470c000,
0x000001a81470a800, 0x000001a814708800, 0x000001a81470e800, 0x000001a81470c800,
0x000001a81470d800, 0x000001a814dd7800, 0x000001a814dd9000, 0x000001a814dd8800,
0x000001a814dd6000, 0x000001a814dda800, 0x000001a814dd5000, 0x000001a814ddd000,
0x000001a814ddf800, 0x000001a814de0800, 0x000001a814ddb800, 0x000001a814de2000,
0x000001a814ddc800, 0x000001a814ddf000, 0x000001a8128b0800, 0x000001a8128b0000,
0x000001a8128b1800, 0x000001a8128ad800, 0x000001a8128ac800, 0x000001a8128ae000,
0x000001a8128af000, 0x000001a8128ac000, 0x000001a8128b3000, 0x000001a8128b4000,
0x000001a8128b2800, 0x000001a8128ba800, 0x000001a8128b5800, 0x000001a8128b4800,
0x000001a8128b9800, 0x000001a8128b6800, 0x000001a8128b7000, 0x000001a8128b8000,
0x000001a8128b9000, 0x000001a816e5a000, 0x000001a816e55000, 0x000001a816e57800,
0x000001a816e59000, 0x000001a816e58800, 0x000001a816e57000, 0x000001a816e54800,
0x000001a816e56000, 0x000001a816e5c800, 0x000001a816e5f800, 0x000001a816e60800,
0x000001a816e5b000, 0x000001a816e5f000, 0x000001a816e5d800, 0x000001a816e5e000,
0x000001a816e61800, 0x000001a816e5b800, 0x000001a816e62000, 0x000001a816e63000,
0x000001a8144d5800, 0x000001a8144d6800, 0x000001a8144d7000, 0x000001a8144dc000,
0x000001a8144dd800, 0x000001a8144d8000, 0x000001a8144dd000, 0x000001a8144de800,
0x000001a8144d9000, 0x000001a8144db800, 0x000001a8144da800, 0x000001a8144df800,
0x000001a8144d9800, 0x000001a8144e0000, 0x000001a8144e4800, 0x000001a8144e2800,
0x000001a8144e1000, 0x000001a8144e2000, 0x000001a8144e3800, 0x000001a814739800,
0x000001a81473b000, 0x000001a81473a800, 0x000001a81473c000, 0x000001a81473c800,
0x000001a81473d800, 0x000001a814738800, 0x000001a814738000, 0x000001a815353800,
0x000001a814740000, 0x000001a81473f000, 0x000001a814741000, 0x000001a814741800,
0x000001a814742800, 0x000001a814744000, 0x000001a814743800, 0x000001a81473e800,
0x000001a814745000, 0x000001a814745800, 0x000001a814746800, 0x000001a817634000,
0x000001a817631800, 0x000001a817634800, 0x000001a817636000, 0x000001a817630800,
0x000001a81a2e3000
}

Java Threads: ( => current thread )
  0x000001a8765bf000 JavaThread "main" [_thread_blocked, id=14296, stack(0x0000007b56600000,0x0000007b56700000)]
  0x000001a87fa93800 JavaThread "Reference Handler" daemon [_thread_blocked, id=11700, stack(0x0000007b56d00000,0x0000007b56e00000)]
  0x000001a87fa95800 JavaThread "Finalizer" daemon [_thread_blocked, id=4548, stack(0x0000007b56e00000,0x0000007b56f00000)]
  0x000001a87fae3800 JavaThread "Signal Dispatcher" daemon [_thread_blocked, id=16256, stack(0x0000007b56f00000,0x0000007b57000000)]
  0x000001a87fae5000 JavaThread "Attach Listener" daemon [_thread_blocked, id=12388, stack(0x0000007b57000000,0x0000007b57100000)]
  0x000001a87fae6000 JavaThread "Service Thread" daemon [_thread_blocked, id=6252, stack(0x0000007b57100000,0x0000007b57200000)]
=>0x000001a87faeb000 JavaThread "C2 CompilerThread0" daemon [_thread_in_native, id=8556, stack(0x0000007b57200000,0x0000007b57300000)]
  0x000001a87faec000 JavaThread "C1 CompilerThread0" daemon [_thread_in_native, id=5536, stack(0x0000007b57300000,0x0000007b57400000)]
  0x000001a87fa86000 JavaThread "Sweeper thread" daemon [_thread_blocked, id=4604, stack(0x0000007b57400000,0x0000007b57500000)]
  0x000001a87fc30000 JavaThread "Common-Cleaner" daemon [_thread_blocked, id=10396, stack(0x0000007b57500000,0x0000007b57600000)]
  0x000001a81354c800 JavaThread "Daemon health stats" [_thread_blocked, id=9612, stack(0x0000007b57b00000,0x0000007b57c00000)]
  0x000001a87fd2c800 JavaThread "Incoming local TCP Connector on port 50802" [_thread_in_native, id=15676, stack(0x0000007b57700000,0x0000007b57800000)]
  0x000001a81380f800 JavaThread "Daemon periodic checks" [_thread_blocked, id=6156, stack(0x0000007b57a00000,0x0000007b57b00000)]
  0x000001a81405b800 JavaThread "Daemon" [_thread_blocked, id=8412, stack(0x0000007b57c00000,0x0000007b57d00000)]
  0x000001a8126f7800 JavaThread "Handler for socket connection from /127.0.0.1:50802 to /127.0.0.1:50803" [_thread_in_native, id=14380, stack(0x0000007b57d00000,0x0000007b57e00000)]
  0x000001a8125d3800 JavaThread "Cancel handler" [_thread_blocked, id=5684, stack(0x0000007b57e00000,0x0000007b57f00000)]
  0x000001a81379e800 JavaThread "Daemon worker" [_thread_in_vm, id=7972, stack(0x0000007b58000000,0x0000007b58100000)]
  0x000001a813761800 JavaThread "Asynchronous log dispatcher for DefaultDaemonConnection: socket connection from /127.0.0.1:50802 to /127.0.0.1:50803" [_thread_blocked, id=9680, stack(0x0000007b58100000,0x0000007b58200000)]
  0x000001a813701800 JavaThread "Stdin handler" [_thread_blocked, id=16044, stack(0x0000007b58200000,0x0000007b58300000)]
  0x000001a812dbe000 JavaThread "Daemon client event forwarder" [_thread_blocked, id=1628, stack(0x0000007b58300000,0x0000007b58400000)]
  0x000001a81470b000 JavaThread "Cache worker for journal cache (C:\Users\Huawei\.gradle\caches\journal-1)" [_thread_blocked, id=11060, stack(0x0000007b58900000,0x0000007b58a00000)]
  0x000001a814709800 JavaThread "File lock request listener" [_thread_in_native, id=3060, stack(0x0000007b58a00000,0x0000007b58b00000)]
  0x000001a814708000 JavaThread "Cache worker for file hash cache (C:\Users\Huawei\.gradle\caches\7.5\fileHashes)" [_thread_blocked, id=4352, stack(0x0000007b57f00000,0x0000007b58000000)]
  0x000001a81470c000 JavaThread "File watcher server" daemon [_thread_in_native, id=16028, stack(0x0000007b58e00000,0x0000007b58f00000)]
  0x000001a81470a800 JavaThread "File watcher consumer" daemon [_thread_blocked, id=14268, stack(0x0000007b58f00000,0x0000007b59000000)]
  0x000001a814708800 JavaThread "Cache worker for checksums cache (D:\TaskApp\.gradle\7.5\checksums)" [_thread_blocked, id=11304, stack(0x0000007b59000000,0x0000007b59100000)]
  0x000001a81470e800 JavaThread "Cache worker for cache directory md-rule (C:\Users\Huawei\.gradle\caches\7.5\md-rule)" [_thread_blocked, id=15224, stack(0x0000007b59100000,0x0000007b59200000)]
  0x000001a81470c800 JavaThread "Cache worker for file content cache (C:\Users\Huawei\.gradle\caches\7.5\fileContent)" [_thread_blocked, id=7832, stack(0x0000007b59200000,0x0000007b59300000)]
  0x000001a81470d800 JavaThread "Cache worker for file hash cache (D:\TaskApp\.gradle\7.5\fileHashes)" [_thread_blocked, id=1136, stack(0x0000007b59300000,0x0000007b59400000)]
  0x000001a814dd7800 JavaThread "Cache worker for cache directory md-supplier (C:\Users\Huawei\.gradle\caches\7.5\md-supplier)" [_thread_blocked, id=9432, stack(0x0000007b59400000,0x0000007b59500000)]
  0x000001a814dd9000 JavaThread "Cache worker for execution history cache (C:\Users\Huawei\.gradle\caches\7.5\executionHistory)" [_thread_blocked, id=3224, stack(0x0000007b59500000,0x0000007b59600000)]
  0x000001a814dd8800 JavaThread "jar transforms" [_thread_blocked, id=5168, stack(0x0000007b59600000,0x0000007b59700000)]
  0x000001a814dd6000 JavaThread "jar transforms Thread 2" [_thread_blocked, id=3876, stack(0x0000007b59700000,0x0000007b59800000)]
  0x000001a814dda800 JavaThread "jar transforms Thread 3" [_thread_blocked, id=5996, stack(0x0000007b59800000,0x0000007b59900000)]
  0x000001a814dd5000 JavaThread "jar transforms Thread 4" [_thread_blocked, id=9132, stack(0x0000007b59900000,0x0000007b59a00000)]
  0x000001a814ddd000 JavaThread "Cache worker for dependencies-accessors (D:\TaskApp\.gradle\7.5\dependencies-accessors)" [_thread_blocked, id=15308, stack(0x0000007b59a00000,0x0000007b59b00000)]
  0x000001a814ddf800 JavaThread "jar transforms Thread 5" [_thread_blocked, id=13652, stack(0x0000007b59b00000,0x0000007b59c00000)]
  0x000001a814de0800 JavaThread "Cache worker for Build Output Cleanup Cache (D:\TaskApp\.gradle\buildOutputCleanup)" [_thread_blocked, id=10988, stack(0x0000007b59c00000,0x0000007b59d00000)]
  0x000001a814ddb800 JavaThread "Unconstrained build operations" [_thread_blocked, id=1068, stack(0x0000007b59d00000,0x0000007b59e00000)]
  0x000001a814de2000 JavaThread "Unconstrained build operations Thread 2" [_thread_blocked, id=996, stack(0x0000007b59e00000,0x0000007b59f00000)]
  0x000001a814ddc800 JavaThread "Unconstrained build operations Thread 3" [_thread_blocked, id=15884, stack(0x0000007b59f00000,0x0000007b5a000000)]
  0x000001a814ddf000 JavaThread "Unconstrained build operations Thread 4" [_thread_blocked, id=2700, stack(0x0000007b5a000000,0x0000007b5a100000)]
  0x000001a8128b0800 JavaThread "Unconstrained build operations Thread 5" [_thread_blocked, id=6180, stack(0x0000007b5a100000,0x0000007b5a200000)]
  0x000001a8128b0000 JavaThread "Unconstrained build operations Thread 6" [_thread_blocked, id=8896, stack(0x0000007b5a200000,0x0000007b5a300000)]
  0x000001a8128b1800 JavaThread "Unconstrained build operations Thread 7" [_thread_blocked, id=14676, stack(0x0000007b5a300000,0x0000007b5a400000)]
  0x000001a8128ad800 JavaThread "Unconstrained build operations Thread 8" [_thread_blocked, id=12440, stack(0x0000007b5a400000,0x0000007b5a500000)]
  0x000001a8128ac800 JavaThread "Unconstrained build operations Thread 9" [_thread_blocked, id=2708, stack(0x0000007b5a500000,0x0000007b5a600000)]
  0x000001a8128ae000 JavaThread "Unconstrained build operations Thread 10" [_thread_blocked, id=164, stack(0x0000007b5a600000,0x0000007b5a700000)]
  0x000001a8128af000 JavaThread "Unconstrained build operations Thread 11" [_thread_blocked, id=16016, stack(0x0000007b5a700000,0x0000007b5a800000)]
  0x000001a8128ac000 JavaThread "Unconstrained build operations Thread 12" [_thread_blocked, id=972, stack(0x0000007b5a800000,0x0000007b5a900000)]
  0x000001a8128b3000 JavaThread "Unconstrained build operations Thread 13" [_thread_blocked, id=12996, stack(0x0000007b5a900000,0x0000007b5aa00000)]
  0x000001a8128b4000 JavaThread "Unconstrained build operations Thread 14" [_thread_blocked, id=13236, stack(0x0000007b5aa00000,0x0000007b5ab00000)]
  0x000001a8128b2800 JavaThread "Unconstrained build operations Thread 15" [_thread_blocked, id=11112, stack(0x0000007b5ab00000,0x0000007b5ac00000)]
  0x000001a8128ba800 JavaThread "Unconstrained build operations Thread 16" [_thread_blocked, id=15688, stack(0x0000007b5ac00000,0x0000007b5ad00000)]
  0x000001a8128b5800 JavaThread "Unconstrained build operations Thread 17" [_thread_blocked, id=12012, stack(0x0000007b5ad00000,0x0000007b5ae00000)]
  0x000001a8128b4800 JavaThread "Unconstrained build operations Thread 18" [_thread_blocked, id=264, stack(0x0000007b5ae00000,0x0000007b5af00000)]
  0x000001a8128b9800 JavaThread "Unconstrained build operations Thread 19" [_thread_blocked, id=14432, stack(0x0000007b5af00000,0x0000007b5b000000)]
  0x000001a8128b6800 JavaThread "Unconstrained build operations Thread 20" [_thread_blocked, id=11996, stack(0x0000007b5b000000,0x0000007b5b100000)]
  0x000001a8128b7000 JavaThread "Unconstrained build operations Thread 21" [_thread_blocked, id=14156, stack(0x0000007b5b100000,0x0000007b5b200000)]
  0x000001a8128b8000 JavaThread "Unconstrained build operations Thread 22" [_thread_blocked, id=2836, stack(0x0000007b5b200000,0x0000007b5b300000)]
  0x000001a8128b9000 JavaThread "Unconstrained build operations Thread 23" [_thread_blocked, id=9228, stack(0x0000007b5b300000,0x0000007b5b400000)]
  0x000001a816e5a000 JavaThread "Unconstrained build operations Thread 24" [_thread_blocked, id=15428, stack(0x0000007b58d00000,0x0000007b58e00000)]
  0x000001a816e55000 JavaThread "Unconstrained build operations Thread 25" [_thread_blocked, id=12552, stack(0x0000007b5b400000,0x0000007b5b500000)]
  0x000001a816e57800 JavaThread "Unconstrained build operations Thread 26" [_thread_blocked, id=9396, stack(0x0000007b58c00000,0x0000007b58d00000)]
  0x000001a816e59000 JavaThread "Unconstrained build operations Thread 27" [_thread_blocked, id=9736, stack(0x0000007b5b500000,0x0000007b5b600000)]
  0x000001a816e58800 JavaThread "Unconstrained build operations Thread 28" [_thread_blocked, id=8012, stack(0x0000007b5b600000,0x0000007b5b700000)]
  0x000001a816e57000 JavaThread "Unconstrained build operations Thread 29" [_thread_blocked, id=160, stack(0x0000007b5b700000,0x0000007b5b800000)]
  0x000001a816e54800 JavaThread "Unconstrained build operations Thread 30" [_thread_blocked, id=1548, stack(0x0000007b5b800000,0x0000007b5b900000)]
  0x000001a816e56000 JavaThread "Unconstrained build operations Thread 31" [_thread_blocked, id=12984, stack(0x0000007b5b900000,0x0000007b5ba00000)]
  0x000001a816e5c800 JavaThread "Unconstrained build operations Thread 32" [_thread_blocked, id=15772, stack(0x0000007b5ba00000,0x0000007b5bb00000)]
  0x000001a816e5f800 JavaThread "Unconstrained build operations Thread 33" [_thread_blocked, id=15248, stack(0x0000007b5bb00000,0x0000007b5bc00000)]
  0x000001a816e60800 JavaThread "Unconstrained build operations Thread 34" [_thread_blocked, id=3024, stack(0x0000007b5bc00000,0x0000007b5bd00000)]
  0x000001a816e5b000 JavaThread "Unconstrained build operations Thread 35" [_thread_blocked, id=16340, stack(0x0000007b5bd00000,0x0000007b5be00000)]
  0x000001a816e5f000 JavaThread "Unconstrained build operations Thread 36" [_thread_blocked, id=15432, stack(0x0000007b5be00000,0x0000007b5bf00000)]
  0x000001a816e5d800 JavaThread "Unconstrained build operations Thread 37" [_thread_blocked, id=14588, stack(0x0000007b5bf00000,0x0000007b5c000000)]
  0x000001a816e5e000 JavaThread "Unconstrained build operations Thread 38" [_thread_blocked, id=2712, stack(0x0000007b5c000000,0x0000007b5c100000)]
  0x000001a816e61800 JavaThread "Unconstrained build operations Thread 39" [_thread_blocked, id=10560, stack(0x0000007b5c100000,0x0000007b5c200000)]
  0x000001a816e5b800 JavaThread "Unconstrained build operations Thread 40" [_thread_blocked, id=16172, stack(0x0000007b5c200000,0x0000007b5c300000)]
  0x000001a816e62000 JavaThread "Unconstrained build operations Thread 41" [_thread_blocked, id=8500, stack(0x0000007b5c300000,0x0000007b5c400000)]
  0x000001a816e63000 JavaThread "Unconstrained build operations Thread 42" [_thread_blocked, id=2756, stack(0x0000007b5c400000,0x0000007b5c500000)]
  0x000001a8144d5800 JavaThread "Unconstrained build operations Thread 43" [_thread_blocked, id=1356, stack(0x0000007b5c500000,0x0000007b5c600000)]
  0x000001a8144d6800 JavaThread "Unconstrained build operations Thread 44" [_thread_blocked, id=1040, stack(0x0000007b5c600000,0x0000007b5c700000)]
  0x000001a8144d7000 JavaThread "Unconstrained build operations Thread 45" [_thread_blocked, id=4112, stack(0x0000007b5c700000,0x0000007b5c800000)]
  0x000001a8144dc000 JavaThread "Unconstrained build operations Thread 46" [_thread_blocked, id=15908, stack(0x0000007b5c800000,0x0000007b5c900000)]
  0x000001a8144dd800 JavaThread "Unconstrained build operations Thread 47" [_thread_blocked, id=8056, stack(0x0000007b5c900000,0x0000007b5ca00000)]
  0x000001a8144d8000 JavaThread "Unconstrained build operations Thread 48" [_thread_blocked, id=1240, stack(0x0000007b5ca00000,0x0000007b5cb00000)]
  0x000001a8144dd000 JavaThread "Unconstrained build operations Thread 49" [_thread_blocked, id=3972, stack(0x0000007b5cb00000,0x0000007b5cc00000)]
  0x000001a8144de800 JavaThread "Unconstrained build operations Thread 50" [_thread_blocked, id=2960, stack(0x0000007b5cc00000,0x0000007b5cd00000)]
  0x000001a8144d9000 JavaThread "Unconstrained build operations Thread 51" [_thread_blocked, id=16160, stack(0x0000007b5cd00000,0x0000007b5ce00000)]
  0x000001a8144db800 JavaThread "Unconstrained build operations Thread 52" [_thread_blocked, id=4972, stack(0x0000007b5ce00000,0x0000007b5cf00000)]
  0x000001a8144da800 JavaThread "Unconstrained build operations Thread 53" [_thread_blocked, id=11936, stack(0x0000007b5cf00000,0x0000007b5d000000)]
  0x000001a8144df800 JavaThread "Unconstrained build operations Thread 54" [_thread_blocked, id=4292, stack(0x0000007b5d000000,0x0000007b5d100000)]
  0x000001a8144d9800 JavaThread "Unconstrained build operations Thread 55" [_thread_blocked, id=10600, stack(0x0000007b5d100000,0x0000007b5d200000)]
  0x000001a8144e0000 JavaThread "Unconstrained build operations Thread 56" [_thread_blocked, id=7692, stack(0x0000007b5d200000,0x0000007b5d300000)]
  0x000001a8144e4800 JavaThread "Unconstrained build operations Thread 57" [_thread_blocked, id=9924, stack(0x0000007b5d300000,0x0000007b5d400000)]
  0x000001a8144e2800 JavaThread "Unconstrained build operations Thread 58" [_thread_blocked, id=3980, stack(0x0000007b5d400000,0x0000007b5d500000)]
  0x000001a8144e1000 JavaThread "Unconstrained build operations Thread 59" [_thread_blocked, id=16152, stack(0x0000007b5d500000,0x0000007b5d600000)]
  0x000001a8144e2000 JavaThread "Unconstrained build operations Thread 60" [_thread_blocked, id=800, stack(0x0000007b5d600000,0x0000007b5d700000)]
  0x000001a8144e3800 JavaThread "Unconstrained build operations Thread 61" [_thread_blocked, id=14132, stack(0x0000007b5d700000,0x0000007b5d800000)]
  0x000001a814739800 JavaThread "Unconstrained build operations Thread 62" [_thread_blocked, id=8960, stack(0x0000007b5d800000,0x0000007b5d900000)]
  0x000001a81473b000 JavaThread "Unconstrained build operations Thread 63" [_thread_blocked, id=2880, stack(0x0000007b5d900000,0x0000007b5da00000)]
  0x000001a81473a800 JavaThread "Unconstrained build operations Thread 64" [_thread_blocked, id=11712, stack(0x0000007b5da00000,0x0000007b5db00000)]
  0x000001a81473c000 JavaThread "Unconstrained build operations Thread 65" [_thread_blocked, id=8628, stack(0x0000007b5db00000,0x0000007b5dc00000)]
  0x000001a81473c800 JavaThread "Unconstrained build operations Thread 66" [_thread_blocked, id=6584, stack(0x0000007b5dc00000,0x0000007b5dd00000)]
  0x000001a81473d800 JavaThread "Unconstrained build operations Thread 67" [_thread_blocked, id=6908, stack(0x0000007b5dd00000,0x0000007b5de00000)]
  0x000001a814738800 JavaThread "Unconstrained build operations Thread 68" [_thread_blocked, id=7408, stack(0x0000007b5de00000,0x0000007b5df00000)]
  0x000001a814738000 JavaThread "Unconstrained build operations Thread 69" [_thread_blocked, id=5444, stack(0x0000007b5df00000,0x0000007b5e000000)]
  0x000001a815353800 JavaThread "C2 CompilerThread1" daemon [_thread_in_native, id=14088, stack(0x0000007b5e000000,0x0000007b5e100000)]
  0x000001a814740000 JavaThread "Unconstrained build operations Thread 70" [_thread_blocked, id=14244, stack(0x0000007b5e100000,0x0000007b5e200000)]
  0x000001a81473f000 JavaThread "Unconstrained build operations Thread 71" [_thread_blocked, id=5008, stack(0x0000007b5e200000,0x0000007b5e300000)]
  0x000001a814741000 JavaThread "Unconstrained build operations Thread 72" [_thread_blocked, id=5788, stack(0x0000007b5e300000,0x0000007b5e400000)]
  0x000001a814741800 JavaThread "Unconstrained build operations Thread 73" [_thread_blocked, id=13584, stack(0x0000007b5e400000,0x0000007b5e500000)]
  0x000001a814742800 JavaThread "Unconstrained build operations Thread 74" [_thread_blocked, id=6472, stack(0x0000007b5e500000,0x0000007b5e600000)]
  0x000001a814744000 JavaThread "Unconstrained build operations Thread 75" [_thread_blocked, id=9604, stack(0x0000007b5e600000,0x0000007b5e700000)]
  0x000001a814743800 JavaThread "Unconstrained build operations Thread 76" [_thread_blocked, id=8028, stack(0x0000007b5e700000,0x0000007b5e800000)]
  0x000001a81473e800 JavaThread "Unconstrained build operations Thread 77" [_thread_blocked, id=6904, stack(0x0000007b5e800000,0x0000007b5e900000)]
  0x000001a814745000 JavaThread "Unconstrained build operations Thread 78" [_thread_blocked, id=11240, stack(0x0000007b5e900000,0x0000007b5ea00000)]
  0x000001a814745800 JavaThread "Unconstrained build operations Thread 79" [_thread_blocked, id=6364, stack(0x0000007b5ea00000,0x0000007b5eb00000)]
  0x000001a814746800 JavaThread "Unconstrained build operations Thread 80" [_thread_blocked, id=13644, stack(0x0000007b5eb00000,0x0000007b5ec00000)]
  0x000001a817634000 JavaThread "jar transforms Thread 6" [_thread_blocked, id=6832, stack(0x0000007b5ed00000,0x0000007b5ee00000)]
  0x000001a817631800 JavaThread "jar transforms Thread 7" [_thread_blocked, id=8800, stack(0x0000007b5ee00000,0x0000007b5ef00000)]
  0x000001a817634800 JavaThread "jar transforms Thread 8" [_thread_blocked, id=6060, stack(0x0000007b5ef00000,0x0000007b5f000000)]
  0x000001a817636000 JavaThread "build event listener" [_thread_blocked, id=8812, stack(0x0000007b5f000000,0x0000007b5f100000)]
  0x000001a817630800 JavaThread "Memory manager" [_thread_blocked, id=6488, stack(0x0000007b5f100000,0x0000007b5f200000)]
  0x000001a81a2e3000 JavaThread "C2 CompilerThread2" daemon [_thread_in_native, id=6068, stack(0x0000007b5ec00000,0x0000007b5ed00000)]

Other Threads:
  0x000001a87fa65000 VMThread "VM Thread" [stack: 0x0000007b56c00000,0x0000007b56d00000] [id=14040]
  0x000001a87fc97800 WatcherThread [stack: 0x0000007b57600000,0x0000007b57700000] [id=13592]
  0x000001a8765d9000 GCTaskThread "GC Thread#0" [stack: 0x0000007b56700000,0x0000007b56800000] [id=12860]
  0x000001a8121c7800 GCTaskThread "GC Thread#1" [stack: 0x0000007b57800000,0x0000007b57900000] [id=14152]
  0x000001a81225d000 GCTaskThread "GC Thread#2" [stack: 0x0000007b57900000,0x0000007b57a00000] [id=15184]
  0x000001a8139e5000 GCTaskThread "GC Thread#3" [stack: 0x0000007b58400000,0x0000007b58500000] [id=15220]
  0x000001a814a39800 GCTaskThread "GC Thread#4" [stack: 0x0000007b58500000,0x0000007b58600000] [id=12540]
  0x000001a81463f000 GCTaskThread "GC Thread#5" [stack: 0x0000007b58600000,0x0000007b58700000] [id=16092]
  0x000001a814860800 GCTaskThread "GC Thread#6" [stack: 0x0000007b58700000,0x0000007b58800000] [id=14484]
  0x000001a813a86000 GCTaskThread "GC Thread#7" [stack: 0x0000007b58800000,0x0000007b58900000] [id=11408]
  0x000001a87660b800 ConcurrentGCThread "G1 Main Marker" [stack: 0x0000007b56800000,0x0000007b56900000] [id=5984]
  0x000001a87660c800 ConcurrentGCThread "G1 Conc#0" [stack: 0x0000007b56900000,0x0000007b56a00000] [id=9620]
  0x000001a814635000 ConcurrentGCThread "G1 Conc#1" [stack: 0x0000007b58b00000,0x0000007b58c00000] [id=10108]
  0x000001a87668d800 ConcurrentGCThread "G1 Refine#0" [stack: 0x0000007b56a00000,0x0000007b56b00000] [id=13564]
  0x000001a87f8b5800 ConcurrentGCThread "G1 Young RemSet Sampling" [stack: 0x0000007b56b00000,0x0000007b56c00000] [id=16144]

Threads with active compile tasks:
C2 CompilerThread0    13852 7988       4       java.lang.Class::privateGetPublicMethods (224 bytes)
C2 CompilerThread1    13852 8181       4       java.util.regex.Matcher::appendReplacement (75 bytes)
C2 CompilerThread2    13852 8194       4       org.objectweb.asm.MethodWriter::visitLabel (328 bytes)

VM state:not at safepoint (normal execution)

VM Mutex/Monitor currently owned by a thread: None

Heap address: 0x0000000080000000, size: 2048 MB, Compressed Oops mode: 32-bit
Narrow klass base: 0x0000000000000000, Narrow klass shift: 3
Compressed class space size: 1073741824 Address: 0x0000000100000000

Heap:
 garbage-first heap   total 155648K, used 94025K [0x0000000080000000, 0x0000000100000000)
  region size 1024K, 30 young (30720K), 6 survivors (6144K)
 Metaspace       used 81842K, capacity 83787K, committed 83868K, reserved 1122304K
  class space    used 10707K, capacity 11486K, committed 11520K, reserved 1048576K
Heap Regions: E=young(eden), S=young(survivor), O=old, HS=humongous(starts), HC=humongous(continues), CS=collection set, F=free, A=archive, TAMS=top-at-mark-start (previous, next)
|   0|0x0000000080000000, 0x0000000080100000, 0x0000000080100000|100%| O|  |TAMS 0x0000000080100000, 0x0000000080000000| Untracked 
|   1|0x0000000080100000, 0x0000000080200000, 0x0000000080200000|100%| O|  |TAMS 0x0000000080200000, 0x0000000080100000| Untracked 
|   2|0x0000000080200000, 0x0000000080300000, 0x0000000080300000|100%| O|  |TAMS 0x0000000080300000, 0x0000000080200000| Untracked 
|   3|0x0000000080300000, 0x0000000080400000, 0x0000000080400000|100%|HS|  |TAMS 0x0000000080400000, 0x0000000080300000| Complete 
|   4|0x0000000080400000, 0x0000000080500000, 0x0000000080500000|100%|HC|  |TAMS 0x0000000080500000, 0x0000000080400000| Complete 
|   5|0x0000000080500000, 0x0000000080600000, 0x0000000080600000|100%|HC|  |TAMS 0x0000000080600000, 0x0000000080500000| Complete 
|   6|0x0000000080600000, 0x0000000080700000, 0x0000000080700000|100%| O|  |TAMS 0x0000000080700000, 0x0000000080600000| Untracked 
|   7|0x0000000080700000, 0x0000000080800000, 0x0000000080800000|100%| O|  |TAMS 0x0000000080800000, 0x0000000080700000| Untracked 
|   8|0x0000000080800000, 0x0000000080900000, 0x0000000080900000|100%| O|  |TAMS 0x0000000080900000, 0x0000000080800000| Untracked 
|   9|0x0000000080900000, 0x0000000080a00000, 0x0000000080a00000|100%| O|  |TAMS 0x0000000080a00000, 0x0000000080900000| Untracked 
|  10|0x0000000080a00000, 0x0000000080b00000, 0x0000000080b00000|100%| O|  |TAMS 0x0000000080b00000, 0x0000000080a00000| Untracked 
|  11|0x0000000080b00000, 0x0000000080c00000, 0x0000000080c00000|100%| O|  |TAMS 0x0000000080c00000, 0x0000000080b00000| Untracked 
|  12|0x0000000080c00000, 0x0000000080d00000, 0x0000000080d00000|100%| O|  |TAMS 0x0000000080d00000, 0x0000000080c00000| Untracked 
|  13|0x0000000080d00000, 0x0000000080e00000, 0x0000000080e00000|100%| O|  |TAMS 0x0000000080e00000, 0x0000000080d00000| Untracked 
|  14|0x0000000080e00000, 0x0000000080f00000, 0x0000000080f00000|100%| O|  |TAMS 0x0000000080f00000, 0x0000000080e00000| Untracked 
|  15|0x0000000080f00000, 0x0000000081000000, 0x0000000081000000|100%| O|  |TAMS 0x0000000081000000, 0x0000000080f00000| Untracked 
|  16|0x0000000081000000, 0x0000000081100000, 0x0000000081100000|100%|HS|  |TAMS 0x0000000081100000, 0x0000000081000000| Complete 
|  17|0x0000000081100000, 0x0000000081200000, 0x0000000081200000|100%| O|  |TAMS 0x0000000081200000, 0x0000000081100000| Untracked 
|  18|0x0000000081200000, 0x0000000081300000, 0x0000000081300000|100%| O|  |TAMS 0x0000000081300000, 0x0000000081200000| Untracked 
|  19|0x0000000081300000, 0x0000000081400000, 0x0000000081400000|100%| O|  |TAMS 0x0000000081400000, 0x0000000081300000| Untracked 
|  20|0x0000000081400000, 0x0000000081500000, 0x0000000081500000|100%| O|  |TAMS 0x0000000081500000, 0x0000000081400000| Untracked 
|  21|0x0000000081500000, 0x0000000081600000, 0x0000000081600000|100%| O|  |TAMS 0x0000000081600000, 0x0000000081500000| Untracked 
|  22|0x0000000081600000, 0x0000000081700000, 0x0000000081700000|100%| O|  |TAMS 0x0000000081700000, 0x0000000081600000| Untracked 
|  23|0x0000000081700000, 0x0000000081800000, 0x0000000081800000|100%| O|  |TAMS 0x0000000081800000, 0x0000000081700000| Untracked 
|  24|0x0000000081800000, 0x0000000081900000, 0x0000000081900000|100%| O|  |TAMS 0x0000000081900000, 0x0000000081800000| Untracked 
|  25|0x0000000081900000, 0x0000000081a00000, 0x0000000081a00000|100%| O|  |TAMS 0x0000000081a00000, 0x0000000081900000| Untracked 
|  26|0x0000000081a00000, 0x0000000081b00000, 0x0000000081b00000|100%| O|  |TAMS 0x0000000081b00000, 0x0000000081a00000| Untracked 
|  27|0x0000000081b00000, 0x0000000081c00000, 0x0000000081c00000|100%| O|  |TAMS 0x0000000081c00000, 0x0000000081b00000| Untracked 
|  28|0x0000000081c00000, 0x0000000081d00000, 0x0000000081d00000|100%| O|  |TAMS 0x0000000081d00000, 0x0000000081c00000| Untracked 
|  29|0x0000000081d00000, 0x0000000081e00000, 0x0000000081e00000|100%|HS|  |TAMS 0x0000000081e00000, 0x0000000081d00000| Complete 
|  30|0x0000000081e00000, 0x0000000081f00000, 0x0000000081f00000|100%|HC|  |TAMS 0x0000000081f00000, 0x0000000081e00000| Complete 
|  31|0x0000000081f00000, 0x0000000082000000, 0x0000000082000000|100%|HS|  |TAMS 0x0000000082000000, 0x0000000081f00000| Complete 
|  32|0x0000000082000000, 0x0000000082100000, 0x0000000082100000|100%|HS|  |TAMS 0x0000000082100000, 0x0000000082000000| Complete 
|  33|0x0000000082100000, 0x0000000082200000, 0x0000000082200000|100%|HC|  |TAMS 0x0000000082200000, 0x0000000082100000| Complete 
|  34|0x0000000082200000, 0x0000000082300000, 0x0000000082300000|100%|HC|  |TAMS 0x0000000082300000, 0x0000000082200000| Complete 
|  35|0x0000000082300000, 0x0000000082400000, 0x0000000082400000|100%|HC|  |TAMS 0x0000000082400000, 0x0000000082300000| Complete 
|  36|0x0000000082400000, 0x0000000082500000, 0x0000000082500000|100%| O|  |TAMS 0x0000000082500000, 0x0000000082400000| Untracked 
|  37|0x0000000082500000, 0x0000000082600000, 0x0000000082600000|100%| O|  |TAMS 0x0000000082600000, 0x0000000082500000| Untracked 
|  38|0x0000000082600000, 0x0000000082700000, 0x0000000082700000|100%| O|  |TAMS 0x0000000082700000, 0x0000000082600000| Untracked 
|  39|0x0000000082700000, 0x0000000082800000, 0x0000000082800000|100%| O|  |TAMS 0x0000000082800000, 0x0000000082700000| Untracked 
|  40|0x0000000082800000, 0x0000000082900000, 0x0000000082900000|100%| O|  |TAMS 0x0000000082900000, 0x0000000082800000| Untracked 
|  41|0x0000000082900000, 0x0000000082a00000, 0x0000000082a00000|100%| O|  |TAMS 0x0000000082990400, 0x0000000082900000| Untracked 
|  42|0x0000000082a00000, 0x0000000082b00000, 0x0000000082b00000|100%| O|  |TAMS 0x0000000082a00000, 0x0000000082a00000| Untracked 
|  43|0x0000000082b00000, 0x0000000082c00000, 0x0000000082c00000|100%| O|  |TAMS 0x0000000082c00000, 0x0000000082b00000| Untracked 
|  44|0x0000000082c00000, 0x0000000082d00000, 0x0000000082d00000|100%| O|  |TAMS 0x0000000082d00000, 0x0000000082c00000| Untracked 
|  45|0x0000000082d00000, 0x0000000082e00000, 0x0000000082e00000|100%| O|  |TAMS 0x0000000082e00000, 0x0000000082d00000| Untracked 
|  46|0x0000000082e00000, 0x0000000082f00000, 0x0000000082f00000|100%| O|  |TAMS 0x0000000082f00000, 0x0000000082e00000| Untracked 
|  47|0x0000000082f00000, 0x0000000083000000, 0x0000000083000000|100%| O|  |TAMS 0x0000000083000000, 0x0000000082f00000| Untracked 
|  48|0x0000000083000000, 0x0000000083100000, 0x0000000083100000|100%| O|  |TAMS 0x0000000083100000, 0x0000000083000000| Untracked 
|  49|0x0000000083100000, 0x0000000083200000, 0x0000000083200000|100%| O|  |TAMS 0x0000000083200000, 0x0000000083100000| Untracked 
|  50|0x0000000083200000, 0x0000000083300000, 0x0000000083300000|100%| O|  |TAMS 0x0000000083300000, 0x0000000083200000| Untracked 
|  51|0x0000000083300000, 0x0000000083400000, 0x0000000083400000|100%| O|  |TAMS 0x0000000083400000, 0x0000000083300000| Untracked 
|  52|0x0000000083400000, 0x0000000083500000, 0x0000000083500000|100%| O|  |TAMS 0x0000000083500000, 0x0000000083400000| Untracked 
|  53|0x0000000083500000, 0x0000000083600000, 0x0000000083600000|100%| O|  |TAMS 0x0000000083600000, 0x0000000083500000| Untracked 
|  54|0x0000000083600000, 0x0000000083700000, 0x0000000083700000|100%| O|  |TAMS 0x0000000083600000, 0x0000000083600000| Untracked 
|  55|0x0000000083700000, 0x0000000083800000, 0x0000000083800000|100%| O|  |TAMS 0x0000000083800000, 0x0000000083700000| Untracked 
|  56|0x0000000083800000, 0x0000000083900000, 0x0000000083900000|100%| O|  |TAMS 0x0000000083900000, 0x0000000083800000| Untracked 
|  57|0x0000000083900000, 0x0000000083a00000, 0x0000000083a00000|100%| O|  |TAMS 0x0000000083a00000, 0x0000000083900000| Untracked 
|  58|0x0000000083a00000, 0x0000000083b00000, 0x0000000083b00000|100%| O|  |TAMS 0x0000000083b00000, 0x0000000083a00000| Untracked 
|  59|0x0000000083b00000, 0x0000000083c00000, 0x0000000083c00000|100%| O|  |TAMS 0x0000000083c00000, 0x0000000083b00000| Untracked 
|  60|0x0000000083c00000, 0x0000000083d00000, 0x0000000083d00000|100%| O|  |TAMS 0x0000000083c00000, 0x0000000083c00000| Untracked 
|  61|0x0000000083d00000, 0x0000000083e00000, 0x0000000083e00000|100%| O|  |TAMS 0x0000000083d00000, 0x0000000083d00000| Untracked 
|  62|0x0000000083e00000, 0x0000000083eda800, 0x0000000083f00000| 85%| O|  |TAMS 0x0000000083e00000, 0x0000000083e00000| Untracked 
|  63|0x0000000083f00000, 0x0000000083f00000, 0x0000000084000000|  0%| F|  |TAMS 0x0000000083f00000, 0x0000000083f00000| Untracked 
|  64|0x0000000084000000, 0x0000000084000000, 0x0000000084100000|  0%| F|  |TAMS 0x0000000084000000, 0x0000000084000000| Untracked 
|  65|0x0000000084100000, 0x0000000084100000, 0x0000000084200000|  0%| F|  |TAMS 0x0000000084100000, 0x0000000084100000| Untracked 
|  66|0x0000000084200000, 0x0000000084200000, 0x0000000084300000|  0%| F|  |TAMS 0x0000000084200000, 0x0000000084200000| Untracked 
|  67|0x0000000084300000, 0x0000000084300000, 0x0000000084400000|  0%| F|  |TAMS 0x0000000084300000, 0x0000000084300000| Untracked 
|  68|0x0000000084400000, 0x0000000084400000, 0x0000000084500000|  0%| F|  |TAMS 0x0000000084400000, 0x0000000084400000| Untracked 
|  69|0x0000000084500000, 0x0000000084500000, 0x0000000084600000|  0%| F|  |TAMS 0x0000000084500000, 0x0000000084500000| Untracked 
|  70|0x0000000084600000, 0x0000000084600000, 0x0000000084700000|  0%| F|  |TAMS 0x0000000084600000, 0x0000000084600000| Untracked 
|  71|0x0000000084700000, 0x0000000084700000, 0x0000000084800000|  0%| F|  |TAMS 0x0000000084700000, 0x0000000084700000| Untracked 
|  72|0x0000000084800000, 0x0000000084800000, 0x0000000084900000|  0%| F|  |TAMS 0x0000000084800000, 0x0000000084800000| Untracked 
|  73|0x0000000084900000, 0x0000000084900000, 0x0000000084a00000|  0%| F|  |TAMS 0x0000000084900000, 0x0000000084900000| Untracked 
|  74|0x0000000084a00000, 0x0000000084a00000, 0x0000000084b00000|  0%| F|  |TAMS 0x0000000084a00000, 0x0000000084a00000| Untracked 
|  75|0x0000000084b00000, 0x0000000084b00000, 0x0000000084c00000|  0%| F|  |TAMS 0x0000000084b00000, 0x0000000084b00000| Untracked 
|  76|0x0000000084c00000, 0x0000000084c00000, 0x0000000084d00000|  0%| F|  |TAMS 0x0000000084c00000, 0x0000000084c00000| Untracked 
|  77|0x0000000084d00000, 0x0000000084d00000, 0x0000000084e00000|  0%| F|  |TAMS 0x0000000084d00000, 0x0000000084d00000| Untracked 
|  78|0x0000000084e00000, 0x0000000084e00000, 0x0000000084f00000|  0%| F|  |TAMS 0x0000000084e00000, 0x0000000084e00000| Untracked 
|  79|0x0000000084f00000, 0x0000000084f00000, 0x0000000085000000|  0%| F|  |TAMS 0x0000000084f00000, 0x0000000084f00000| Untracked 
|  80|0x0000000085000000, 0x0000000085000000, 0x0000000085100000|  0%| F|  |TAMS 0x0000000085000000, 0x0000000085000000| Untracked 
|  81|0x0000000085100000, 0x0000000085100000, 0x0000000085200000|  0%| F|  |TAMS 0x0000000085100000, 0x0000000085100000| Untracked 
|  82|0x0000000085200000, 0x0000000085200000, 0x0000000085300000|  0%| F|  |TAMS 0x0000000085200000, 0x0000000085200000| Untracked 
|  83|0x0000000085300000, 0x0000000085300000, 0x0000000085400000|  0%| F|  |TAMS 0x0000000085300000, 0x0000000085300000| Untracked 
|  84|0x0000000085400000, 0x0000000085400000, 0x0000000085500000|  0%| F|  |TAMS 0x0000000085400000, 0x0000000085400000| Untracked 
|  85|0x0000000085500000, 0x0000000085500000, 0x0000000085600000|  0%| F|  |TAMS 0x0000000085500000, 0x0000000085500000| Untracked 
|  86|0x0000000085600000, 0x0000000085600000, 0x0000000085700000|  0%| F|  |TAMS 0x0000000085600000, 0x0000000085600000| Untracked 
|  87|0x0000000085700000, 0x0000000085700000, 0x0000000085800000|  0%| F|  |TAMS 0x0000000085700000, 0x0000000085700000| Untracked 
|  88|0x0000000085800000, 0x0000000085800000, 0x0000000085900000|  0%| F|  |TAMS 0x0000000085800000, 0x0000000085800000| Untracked 
|  89|0x0000000085900000, 0x0000000085900000, 0x0000000085a00000|  0%| F|  |TAMS 0x0000000085900000, 0x0000000085900000| Untracked 
|  90|0x0000000085a00000, 0x0000000085a00000, 0x0000000085b00000|  0%| F|  |TAMS 0x0000000085a00000, 0x0000000085a00000| Untracked 
|  91|0x0000000085b00000, 0x0000000085b00000, 0x0000000085c00000|  0%| F|  |TAMS 0x0000000085b00000, 0x0000000085b00000| Untracked 
|  92|0x0000000085c00000, 0x0000000085cf7d58, 0x0000000085d00000| 96%| S|CS|TAMS 0x0000000085c00000, 0x0000000085c00000| Complete 
|  93|0x0000000085d00000, 0x0000000085d00000, 0x0000000085e00000|  0%| F|  |TAMS 0x0000000085d00000, 0x0000000085d00000| Untracked 
|  94|0x0000000085e00000, 0x0000000085e00000, 0x0000000085f00000|  0%| F|  |TAMS 0x0000000085e00000, 0x0000000085e00000| Untracked 
|  95|0x0000000085f00000, 0x0000000085f00000, 0x0000000086000000|  0%| F|  |TAMS 0x0000000085f00000, 0x0000000085f00000| Untracked 
|  96|0x0000000086000000, 0x0000000086000000, 0x0000000086100000|  0%| F|  |TAMS 0x0000000086000000, 0x0000000086000000| Untracked 
|  97|0x0000000086100000, 0x0000000086100000, 0x0000000086200000|  0%| F|  |TAMS 0x0000000086100000, 0x0000000086100000| Untracked 
|  98|0x0000000086200000, 0x0000000086300000, 0x0000000086300000|100%| S|CS|TAMS 0x0000000086200000, 0x0000000086200000| Complete 
|  99|0x0000000086300000, 0x0000000086400000, 0x0000000086400000|100%| S|CS|TAMS 0x0000000086300000, 0x0000000086300000| Complete 
| 100|0x0000000086400000, 0x0000000086500000, 0x0000000086500000|100%| S|CS|TAMS 0x0000000086400000, 0x0000000086400000| Complete 
| 101|0x0000000086500000, 0x0000000086600000, 0x0000000086600000|100%| S|CS|TAMS 0x0000000086500000, 0x0000000086500000| Complete 
| 102|0x0000000086600000, 0x0000000086700000, 0x0000000086700000|100%| S|CS|TAMS 0x0000000086600000, 0x0000000086600000| Complete 
| 103|0x0000000086700000, 0x0000000086700000, 0x0000000086800000|  0%| F|  |TAMS 0x0000000086700000, 0x0000000086700000| Untracked 
| 104|0x0000000086800000, 0x0000000086800000, 0x0000000086900000|  0%| F|  |TAMS 0x0000000086800000, 0x0000000086800000| Untracked 
| 105|0x0000000086900000, 0x0000000086900000, 0x0000000086a00000|  0%| F|  |TAMS 0x0000000086900000, 0x0000000086900000| Untracked 
| 106|0x0000000086a00000, 0x0000000086a00000, 0x0000000086b00000|  0%| F|  |TAMS 0x0000000086a00000, 0x0000000086a00000| Untracked 
| 107|0x0000000086b00000, 0x0000000086b00000, 0x0000000086c00000|  0%| F|  |TAMS 0x0000000086b00000, 0x0000000086b00000| Untracked 
| 108|0x0000000086c00000, 0x0000000086c00000, 0x0000000086d00000|  0%| F|  |TAMS 0x0000000086c00000, 0x0000000086c00000| Untracked 
| 109|0x0000000086d00000, 0x0000000086d00000, 0x0000000086e00000|  0%| F|  |TAMS 0x0000000086d00000, 0x0000000086d00000| Untracked 
| 110|0x0000000086e00000, 0x0000000086e00000, 0x0000000086f00000|  0%| F|  |TAMS 0x0000000086e00000, 0x0000000086e00000| Untracked 
| 111|0x0000000086f00000, 0x0000000086f00000, 0x0000000087000000|  0%| F|  |TAMS 0x0000000086f00000, 0x0000000086f00000| Untracked 
| 112|0x0000000087000000, 0x0000000087000000, 0x0000000087100000|  0%| F|  |TAMS 0x0000000087000000, 0x0000000087000000| Untracked 
| 113|0x0000000087100000, 0x0000000087100000, 0x0000000087200000|  0%| F|  |TAMS 0x0000000087100000, 0x0000000087100000| Untracked 
| 114|0x0000000087200000, 0x0000000087200000, 0x0000000087300000|  0%| F|  |TAMS 0x0000000087200000, 0x0000000087200000| Untracked 
| 115|0x0000000087300000, 0x0000000087300000, 0x0000000087400000|  0%| F|  |TAMS 0x0000000087300000, 0x0000000087300000| Untracked 
| 116|0x0000000087400000, 0x0000000087400000, 0x0000000087500000|  0%| F|  |TAMS 0x0000000087400000, 0x0000000087400000| Untracked 
| 117|0x0000000087500000, 0x0000000087500000, 0x0000000087600000|  0%| F|  |TAMS 0x0000000087500000, 0x0000000087500000| Untracked 
| 118|0x0000000087600000, 0x0000000087600000, 0x0000000087700000|  0%| F|  |TAMS 0x0000000087600000, 0x0000000087600000| Untracked 
| 119|0x0000000087700000, 0x0000000087700000, 0x0000000087800000|  0%| F|  |TAMS 0x0000000087700000, 0x0000000087700000| Untracked 
| 120|0x0000000087800000, 0x0000000087800000, 0x0000000087900000|  0%| F|  |TAMS 0x0000000087800000, 0x0000000087800000| Untracked 
| 121|0x0000000087900000, 0x0000000087900000, 0x0000000087a00000|  0%| F|  |TAMS 0x0000000087900000, 0x0000000087900000| Untracked 
| 122|0x0000000087a00000, 0x0000000087a00000, 0x0000000087b00000|  0%| F|  |TAMS 0x0000000087a00000, 0x0000000087a00000| Untracked 
| 123|0x0000000087b00000, 0x0000000087b00000, 0x0000000087c00000|  0%| F|  |TAMS 0x0000000087b00000, 0x0000000087b00000| Untracked 
| 124|0x0000000087c00000, 0x0000000087c00000, 0x0000000087d00000|  0%| F|  |TAMS 0x0000000087c00000, 0x0000000087c00000| Untracked 
| 125|0x0000000087d00000, 0x0000000087d00000, 0x0000000087e00000|  0%| F|  |TAMS 0x0000000087d00000, 0x0000000087d00000| Untracked 
| 126|0x0000000087e00000, 0x0000000087e00000, 0x0000000087f00000|  0%| F|  |TAMS 0x0000000087e00000, 0x0000000087e00000| Untracked 
| 127|0x0000000087f00000, 0x0000000087f80818, 0x0000000088000000| 50%| E|  |TAMS 0x0000000087f00000, 0x0000000087f00000| Complete 
| 128|0x0000000088000000, 0x0000000088100000, 0x0000000088100000|100%| E|CS|TAMS 0x0000000088000000, 0x0000000088000000| Complete 
| 129|0x0000000088100000, 0x0000000088200000, 0x0000000088200000|100%| E|CS|TAMS 0x0000000088100000, 0x0000000088100000| Complete 
| 130|0x0000000088200000, 0x0000000088300000, 0x0000000088300000|100%| E|CS|TAMS 0x0000000088200000, 0x0000000088200000| Complete 
| 131|0x0000000088300000, 0x0000000088400000, 0x0000000088400000|100%| E|CS|TAMS 0x0000000088300000, 0x0000000088300000| Complete 
| 132|0x0000000088400000, 0x0000000088500000, 0x0000000088500000|100%| E|CS|TAMS 0x0000000088400000, 0x0000000088400000| Complete 
| 133|0x0000000088500000, 0x0000000088600000, 0x0000000088600000|100%| E|CS|TAMS 0x0000000088500000, 0x0000000088500000| Complete 
| 134|0x0000000088600000, 0x0000000088700000, 0x0000000088700000|100%| E|CS|TAMS 0x0000000088600000, 0x0000000088600000| Complete 
| 135|0x0000000088700000, 0x0000000088800000, 0x0000000088800000|100%| E|CS|TAMS 0x0000000088700000, 0x0000000088700000| Complete 
| 136|0x0000000088800000, 0x0000000088900000, 0x0000000088900000|100%| E|CS|TAMS 0x0000000088800000, 0x0000000088800000| Complete 
| 137|0x0000000088900000, 0x0000000088a00000, 0x0000000088a00000|100%| E|CS|TAMS 0x0000000088900000, 0x0000000088900000| Complete 
| 138|0x0000000088a00000, 0x0000000088b00000, 0x0000000088b00000|100%| E|CS|TAMS 0x0000000088a00000, 0x0000000088a00000| Complete 
| 139|0x0000000088b00000, 0x0000000088c00000, 0x0000000088c00000|100%| E|CS|TAMS 0x0000000088b00000, 0x0000000088b00000| Complete 
| 140|0x0000000088c00000, 0x0000000088d00000, 0x0000000088d00000|100%| E|CS|TAMS 0x0000000088c00000, 0x0000000088c00000| Complete 
| 141|0x0000000088d00000, 0x0000000088e00000, 0x0000000088e00000|100%| E|CS|TAMS 0x0000000088d00000, 0x0000000088d00000| Complete 
| 142|0x0000000088e00000, 0x0000000088f00000, 0x0000000088f00000|100%| E|CS|TAMS 0x0000000088e00000, 0x0000000088e00000| Complete 
| 143|0x0000000088f00000, 0x0000000089000000, 0x0000000089000000|100%| E|CS|TAMS 0x0000000088f00000, 0x0000000088f00000| Complete 
| 144|0x0000000089000000, 0x0000000089100000, 0x0000000089100000|100%| E|CS|TAMS 0x0000000089000000, 0x0000000089000000| Complete 
| 145|0x0000000089100000, 0x0000000089200000, 0x0000000089200000|100%| E|CS|TAMS 0x0000000089100000, 0x0000000089100000| Complete 
| 146|0x0000000089200000, 0x0000000089300000, 0x0000000089300000|100%| E|CS|TAMS 0x0000000089200000, 0x0000000089200000| Complete 
| 147|0x0000000089300000, 0x0000000089400000, 0x0000000089400000|100%| E|CS|TAMS 0x0000000089300000, 0x0000000089300000| Complete 
| 148|0x0000000089400000, 0x0000000089500000, 0x0000000089500000|100%| E|CS|TAMS 0x0000000089400000, 0x0000000089400000| Complete 
| 149|0x0000000089500000, 0x0000000089600000, 0x0000000089600000|100%| E|CS|TAMS 0x0000000089500000, 0x0000000089500000| Complete 
| 150|0x0000000089600000, 0x0000000089700000, 0x0000000089700000|100%| E|CS|TAMS 0x0000000089600000, 0x0000000089600000| Complete 
| 151|0x0000000089700000, 0x0000000089800000, 0x0000000089800000|100%| E|CS|TAMS 0x0000000089700000, 0x0000000089700000| Complete 

Card table byte_map: [0x000001a87a810000,0x000001a87ac10000] _byte_map_base: 0x000001a87a410000

Marking Bits (Prev, Next): (CMBitMap*) 0x000001a876601ad8, (CMBitMap*) 0x000001a876601b10
 Prev Bits: [0x000001a87b010000, 0x000001a87d010000)
 Next Bits: [0x000001a87d010000, 0x000001a87f010000)

Polling page: 0x000001a875d90000

Metaspace:

Usage:
  Non-class:     70.61 MB capacity,    69.49 MB ( 98%) used,   918.25 KB (  1%) free+waste,   221.94 KB ( <1%) overhead. 
      Class:     11.22 MB capacity,    10.46 MB ( 93%) used,   670.25 KB (  6%) free+waste,   103.75 KB ( <1%) overhead. 
       Both:     81.82 MB capacity,    79.95 MB ( 98%) used,     1.55 MB (  2%) free+waste,   325.69 KB ( <1%) overhead. 

Virtual space:
  Non-class space:       72.00 MB reserved,      70.65 MB ( 98%) committed 
      Class space:        1.00 GB reserved,      11.25 MB (  1%) committed 
             Both:        1.07 GB reserved,      81.90 MB (  7%) committed 

Chunk freelists:
   Non-Class:  46.00 KB
       Class:  2.00 KB
        Both:  48.00 KB

MaxMetaspaceSize: 17179869184.00 GB
CompressedClassSpaceSize: 1.00 GB
Initial GC threshold: 20.80 MB
Current GC threshold: 115.25 MB
CDS: off

CodeHeap 'non-profiled nmethods': size=120000Kb used=5453Kb max_used=5453Kb free=114546Kb
 bounds [0x000001a807ad0000, 0x000001a808030000, 0x000001a80f000000]
CodeHeap 'profiled nmethods': size=120000Kb used=17056Kb max_used=17056Kb free=102943Kb
 bounds [0x000001a8005a0000, 0x000001a801650000, 0x000001a807ad0000]
CodeHeap 'non-nmethods': size=5760Kb used=2386Kb max_used=2421Kb free=3373Kb
 bounds [0x000001a800000000, 0x000001a800270000, 0x000001a8005a0000]
 total_blobs=9084 nmethods=8186 adapters=808
 compilation: enabled
              stopped_count=0, restarted_count=0
 full_count=0

Compilation events (20 events):
Event: 13.797 Thread 0x000001a815353800 8166       4       java.lang.reflect.Modifier::isFinal (13 bytes)
Event: 13.797 Thread 0x000001a815353800 nmethod 8166 0x000001a80801a710 code [0x000001a80801a8a0, 0x000001a80801a8f8]
Event: 13.797 Thread 0x000001a815353800 8159       4       java.lang.AbstractStringBuilder::append (54 bytes)
Event: 13.798 Thread 0x000001a81a2e3000 nmethod 8165 0x000001a80801aa10 code [0x000001a80801abc0, 0x000001a80801aec8]
Event: 13.798 Thread 0x000001a81a2e3000 8161       4       java.util.regex.CharPredicates$$Lambda$297/0x000000010043d040::is (5 bytes)
Event: 13.798 Thread 0x000001a81a2e3000 nmethod 8161 0x000001a80801b110 code [0x000001a80801b2a0, 0x000001a80801b378]
Event: 13.799 Thread 0x000001a81a2e3000 8180       4       java.util.regex.Matcher::appendExpandedReplacement (510 bytes)
Event: 13.800 Thread 0x000001a87faec000 nmethod 8178 0x000001a80162ae90 code [0x000001a80162b5c0, 0x000001a80162ec68]
Event: 13.800 Thread 0x000001a87faec000 8177       3       com.sun.org.apache.xerces.internal.utils.XMLSecurityManager::isOverLimit (111 bytes)
Event: 13.801 Thread 0x000001a87faec000 nmethod 8177 0x000001a801630090 code [0x000001a8016302a0, 0x000001a8016308d8]
Event: 13.801 Thread 0x000001a87faec000 8179       1       com.sun.xml.bind.v2.runtime.unmarshaller.UnmarshallingContext$State::access$600 (5 bytes)
Event: 13.801 Thread 0x000001a87faec000 nmethod 8179 0x000001a80801b490 code [0x000001a80801b640, 0x000001a80801b6d8]
Event: 13.802 Thread 0x000001a87faec000 8187       1       com.sun.org.apache.xerces.internal.util.XMLAttributesImpl::getLength (5 bytes)
Event: 13.802 Thread 0x000001a87faec000 nmethod 8187 0x000001a80801b790 code [0x000001a80801b940, 0x000001a80801b9f8]
Event: 13.802 Thread 0x000001a87faec000 8188       3       java.util.regex.Pattern::atom (422 bytes)
Event: 13.806 Thread 0x000001a87faec000 nmethod 8188 0x000001a801630c10 code [0x000001a8016310a0, 0x000001a801633af8]
Event: 13.806 Thread 0x000001a87faec000 8189       3       com.sun.org.apache.xerces.internal.impl.XMLEntityScanner::peekChar (63 bytes)
Event: 13.807 Thread 0x000001a87faec000 nmethod 8189 0x000001a801634610 code [0x000001a8016347e0, 0x000001a801634a68]
Event: 13.814 Thread 0x000001a81a2e3000 nmethod 8180 0x000001a80801bf10 code [0x000001a80801c0e0, 0x000001a80801c7f8]
Event: 13.814 Thread 0x000001a81a2e3000 8185       4       java.lang.AbstractStringBuilder::append (43 bytes)

GC Heap History (20 events):
Event: 4.131 GC heap before
{Heap before GC invocations=5 (full 0):
 garbage-first heap   total 129024K, used 75817K [0x0000000080000000, 0x0000000100000000)
  region size 1024K, 60 young (61440K), 4 survivors (4096K)
 Metaspace       used 35008K, capacity 35890K, committed 35968K, reserved 1081344K
  class space    used 4569K, capacity 4921K, committed 4992K, reserved 1048576K
}
Event: 4.140 GC heap after
{Heap after GC invocations=6 (full 0):
 garbage-first heap   total 129024K, used 22622K [0x0000000080000000, 0x0000000100000000)
  region size 1024K, 7 young (7168K), 7 survivors (7168K)
 Metaspace       used 35008K, capacity 35890K, committed 35968K, reserved 1081344K
  class space    used 4569K, capacity 4921K, committed 4992K, reserved 1048576K
}
Event: 4.919 GC heap before
{Heap before GC invocations=7 (full 0):
 garbage-first heap   total 129024K, used 95326K [0x0000000080000000, 0x0000000100000000)
  region size 1024K, 75 young (76800K), 7 survivors (7168K)
 Metaspace       used 41068K, capacity 42040K, committed 42140K, reserved 1085440K
  class space    used 5220K, capacity 5598K, committed 5632K, reserved 1048576K
}
Event: 4.935 GC heap after
{Heap after GC invocations=8 (full 0):
 garbage-first heap   total 129024K, used 29012K [0x0000000080000000, 0x0000000100000000)
  region size 1024K, 10 young (10240K), 10 survivors (10240K)
 Metaspace       used 41068K, capacity 42040K, committed 42140K, reserved 1085440K
  class space    used 5220K, capacity 5598K, committed 5632K, reserved 1048576K
}
Event: 5.625 GC heap before
{Heap before GC invocations=9 (full 0):
 garbage-first heap   total 129024K, used 96596K [0x0000000080000000, 0x0000000100000000)
  region size 1024K, 75 young (76800K), 10 survivors (10240K)
 Metaspace       used 46988K, capacity 48079K, committed 48156K, reserved 1091584K
  class space    used 6005K, capacity 6451K, committed 6528K, reserved 1048576K
}
Event: 5.634 GC heap after
{Heap after GC invocations=10 (full 0):
 garbage-first heap   total 155648K, used 31006K [0x0000000080000000, 0x0000000100000000)
  region size 1024K, 3 young (3072K), 3 survivors (3072K)
 Metaspace       used 46988K, capacity 48079K, committed 48156K, reserved 1091584K
  class space    used 6005K, capacity 6451K, committed 6528K, reserved 1048576K
}
Event: 6.802 GC heap before
{Heap before GC invocations=10 (full 0):
 garbage-first heap   total 155648K, used 122142K [0x0000000080000000, 0x0000000100000000)
  region size 1024K, 83 young (84992K), 3 survivors (3072K)
 Metaspace       used 51042K, capacity 52342K, committed 52508K, reserved 1095680K
  class space    used 6497K, capacity 7004K, committed 7040K, reserved 1048576K
}
Event: 6.807 GC heap after
{Heap after GC invocations=11 (full 0):
 garbage-first heap   total 155648K, used 49321K [0x0000000080000000, 0x0000000100000000)
  region size 1024K, 11 young (11264K), 11 survivors (11264K)
 Metaspace       used 51042K, capacity 52342K, committed 52508K, reserved 1095680K
  class space    used 6497K, capacity 7004K, committed 7040K, reserved 1048576K
}
Event: 7.745 GC heap before
{Heap before GC invocations=11 (full 0):
 garbage-first heap   total 155648K, used 123049K [0x0000000080000000, 0x0000000100000000)
  region size 1024K, 78 young (79872K), 11 survivors (11264K)
 Metaspace       used 60284K, capacity 61878K, committed 61980K, reserved 1103872K
  class space    used 7654K, capacity 8285K, committed 8320K, reserved 1048576K
}
Event: 7.752 GC heap after
{Heap after GC invocations=12 (full 0):
 garbage-first heap   total 155648K, used 58250K [0x0000000080000000, 0x0000000100000000)
  region size 1024K, 6 young (6144K), 6 survivors (6144K)
 Metaspace       used 60284K, capacity 61878K, committed 61980K, reserved 1103872K
  class space    used 7654K, capacity 8285K, committed 8320K, reserved 1048576K
}
Event: 9.260 GC heap before
{Heap before GC invocations=12 (full 0):
 garbage-first heap   total 155648K, used 122762K [0x0000000080000000, 0x0000000100000000)
  region size 1024K, 66 young (67584K), 6 survivors (6144K)
 Metaspace       used 64550K, capacity 66233K, committed 66332K, reserved 1107968K
  class space    used 8185K, capacity 8821K, committed 8832K, reserved 1048576K
}
Event: 9.273 GC heap after
{Heap after GC invocations=13 (full 0):
 garbage-first heap   total 155648K, used 60509K [0x0000000080000000, 0x0000000100000000)
  region size 1024K, 6 young (6144K), 6 survivors (6144K)
 Metaspace       used 64550K, capacity 66233K, committed 66332K, reserved 1107968K
  class space    used 8185K, capacity 8821K, committed 8832K, reserved 1048576K
}
Event: 10.640 GC heap before
{Heap before GC invocations=13 (full 0):
 garbage-first heap   total 155648K, used 120925K [0x0000000080000000, 0x0000000100000000)
  region size 1024K, 65 young (66560K), 6 survivors (6144K)
 Metaspace       used 68107K, capacity 69840K, committed 69916K, reserved 1110016K
  class space    used 8652K, capacity 9311K, committed 9344K, reserved 1048576K
}
Event: 10.650 GC heap after
{Heap after GC invocations=14 (full 0):
 garbage-first heap   total 155648K, used 62806K [0x0000000080000000, 0x0000000100000000)
  region size 1024K, 4 young (4096K), 4 survivors (4096K)
 Metaspace       used 68107K, capacity 69840K, committed 69916K, reserved 1110016K
  class space    used 8652K, capacity 9311K, committed 9344K, reserved 1048576K
}
Event: 11.054 GC heap before
{Heap before GC invocations=14 (full 0):
 garbage-first heap   total 155648K, used 87382K [0x0000000080000000, 0x0000000100000000)
  region size 1024K, 29 young (29696K), 4 survivors (4096K)
 Metaspace       used 68784K, capacity 70453K, committed 70556K, reserved 1110016K
  class space    used 8731K, capacity 9409K, committed 9472K, reserved 1048576K
}
Event: 11.062 GC heap after
{Heap after GC invocations=15 (full 0):
 garbage-first heap   total 155648K, used 64256K [0x0000000080000000, 0x0000000100000000)
  region size 1024K, 6 young (6144K), 6 survivors (6144K)
 Metaspace       used 68784K, capacity 70453K, committed 70556K, reserved 1110016K
  class space    used 8731K, capacity 9409K, committed 9472K, reserved 1048576K
}
Event: 12.259 GC heap before
{Heap before GC invocations=16 (full 0):
 garbage-first heap   total 155648K, used 113408K [0x0000000080000000, 0x0000000100000000)
  region size 1024K, 54 young (55296K), 6 survivors (6144K)
 Metaspace       used 74113K, capacity 75884K, committed 76060K, reserved 1116160K
  class space    used 9638K, capacity 10314K, committed 10368K, reserved 1048576K
}
Event: 12.270 GC heap after
{Heap after GC invocations=17 (full 0):
 garbage-first heap   total 155648K, used 67184K [0x0000000080000000, 0x0000000100000000)
  region size 1024K, 5 young (5120K), 5 survivors (5120K)
 Metaspace       used 74113K, capacity 75884K, committed 76060K, reserved 1116160K
  class space    used 9638K, capacity 10314K, committed 10368K, reserved 1048576K
}
Event: 13.419 GC heap before
{Heap before GC invocations=17 (full 0):
 garbage-first heap   total 155648K, used 117360K [0x0000000080000000, 0x0000000100000000)
  region size 1024K, 54 young (55296K), 5 survivors (5120K)
 Metaspace       used 78587K, capacity 80526K, committed 80668K, reserved 1118208K
  class space    used 10267K, capacity 11012K, committed 11136K, reserved 1048576K
}
Event: 13.428 GC heap after
{Heap after GC invocations=18 (full 0):
 garbage-first heap   total 155648K, used 70473K [0x0000000080000000, 0x0000000100000000)
  region size 1024K, 6 young (6144K), 6 survivors (6144K)
 Metaspace       used 78587K, capacity 80526K, committed 80668K, reserved 1118208K
  class space    used 10267K, capacity 11012K, committed 11136K, reserved 1048576K
}

Deoptimization events (20 events):
Event: 13.770 Thread 0x000001a81379e800 Uncommon trap: trap_request=0xffffff4d fr.pc=0x000001a807ed960c relative=0x000000000000188c
Event: 13.770 Thread 0x000001a81379e800 Uncommon trap: reason=unstable_if action=reinterpret pc=0x000001a807ed960c method=java.util.regex.Pattern.atom()Ljava/util/regex/Pattern$Node; @ 14 c2
Event: 13.770 Thread 0x000001a81379e800 DEOPT PACKING pc=0x000001a807ed960c sp=0x0000007b580f8820
Event: 13.770 Thread 0x000001a81379e800 DEOPT UNPACKING pc=0x000001a80004a1af sp=0x0000007b580f87f8 mode 2
Event: 13.772 Thread 0x000001a81379e800 Uncommon trap: trap_request=0xffffff4d fr.pc=0x000001a807e5ea24 relative=0x0000000000000584
Event: 13.772 Thread 0x000001a81379e800 Uncommon trap: reason=unstable_if action=reinterpret pc=0x000001a807e5ea24 method=java.util.regex.Matcher.find()Z @ 10 c2
Event: 13.772 Thread 0x000001a81379e800 DEOPT PACKING pc=0x000001a807e5ea24 sp=0x0000007b580f8ae0
Event: 13.772 Thread 0x000001a81379e800 DEOPT UNPACKING pc=0x000001a80004a1af sp=0x0000007b580f8aa0 mode 2
Event: 13.784 Thread 0x000001a81379e800 Uncommon trap: trap_request=0xffffff4d fr.pc=0x000001a807ee7eb0 relative=0x0000000000000250
Event: 13.784 Thread 0x000001a81379e800 Uncommon trap: reason=unstable_if action=reinterpret pc=0x000001a807ee7eb0 method=java.lang.CharacterDataLatin1.digit(II)I @ 12 c2
Event: 13.784 Thread 0x000001a81379e800 DEOPT PACKING pc=0x000001a807ee7eb0 sp=0x0000007b580f8ef0
Event: 13.784 Thread 0x000001a81379e800 DEOPT UNPACKING pc=0x000001a80004a1af sp=0x0000007b580f8d10 mode 2
Event: 13.802 Thread 0x000001a81379e800 Uncommon trap: trap_request=0xffffff4d fr.pc=0x000001a807e5afc8 relative=0x00000000000000a8
Event: 13.802 Thread 0x000001a81379e800 Uncommon trap: reason=unstable_if action=reinterpret pc=0x000001a807e5afc8 method=java.lang.CharacterDataLatin1.digit(II)I @ 12 c2
Event: 13.802 Thread 0x000001a81379e800 DEOPT PACKING pc=0x000001a807e5afc8 sp=0x0000007b580f8e00
Event: 13.802 Thread 0x000001a81379e800 DEOPT UNPACKING pc=0x000001a80004a1af sp=0x0000007b580f8cb8 mode 2
Event: 13.810 Thread 0x000001a81379e800 Uncommon trap: trap_request=0xffffff4d fr.pc=0x000001a807ecfc14 relative=0x0000000000000234
Event: 13.810 Thread 0x000001a81379e800 Uncommon trap: reason=unstable_if action=reinterpret pc=0x000001a807ecfc14 method=com.google.gson.stream.JsonReader.doPeek()I @ 315 c2
Event: 13.810 Thread 0x000001a81379e800 DEOPT PACKING pc=0x000001a807ecfc14 sp=0x0000007b580f95e0
Event: 13.810 Thread 0x000001a81379e800 DEOPT UNPACKING pc=0x000001a80004a1af sp=0x0000007b580f9558 mode 2

Classes redefined (0 events):
No events

Internal exceptions (20 events):
Event: 12.435 Thread 0x000001a81379e800 Exception <a 'java/lang/ClassNotFoundException'{0x00000000894c98c8}: com/android/build/gradle/internal/api/ReadOnlyBaseConfigBeanInfo> (0x00000000894c98c8) thrown at [src/hotspot/share/classfile/systemDictionary.cpp, line 230]
Event: 12.436 Thread 0x000001a81379e800 Exception <a 'java/lang/ClassNotFoundException'{0x00000000894e88c0}: com/android/build/gradle/internal/api/ReadOnlyBaseConfigCustomizer> (0x00000000894e88c0) thrown at [src/hotspot/share/classfile/systemDictionary.cpp, line 230]
Event: 12.437 Thread 0x000001a81379e800 Exception <a 'java/lang/ClassNotFoundException'{0x0000000089317be0}: com/android/build/gradle/internal/api/ReadOnlyBuildTypeCustomizer> (0x0000000089317be0) thrown at [src/hotspot/share/classfile/systemDictionary.cpp, line 230]
Event: 12.881 Thread 0x000001a81379e800 Implicit null exception at 0x000001a807f5bb24 to 0x000001a807f5c43c
Event: 12.881 Thread 0x000001a81379e800 Implicit null exception at 0x000001a807f54adb to 0x000001a807f54b6c
Event: 12.881 Thread 0x000001a81379e800 Implicit null exception at 0x000001a807f5bb24 to 0x000001a807f5c43c
Event: 12.883 Thread 0x000001a81379e800 Implicit null exception at 0x000001a807f5bb24 to 0x000001a807f5c43c
Event: 12.883 Thread 0x000001a81379e800 Implicit null exception at 0x000001a807f5bb24 to 0x000001a807f5c43c
Event: 12.921 Thread 0x000001a81379e800 Implicit null exception at 0x000001a807d80c31 to 0x000001a807d81368
Event: 12.921 Thread 0x000001a81379e800 Implicit null exception at 0x000001a807d7f416 to 0x000001a807d7fad0
Event: 13.187 Thread 0x000001a81379e800 Exception <a 'java/lang/NoSuchMethodError'{0x00000000879d7a38}: 'java.lang.Object java.lang.invoke.DirectMethodHandle$Holder.invokeStatic(java.lang.Object, java.lang.Object, java.lang.Object, java.lang.Object, java.lang.Object, java.lang.Object, int)'> (0x00000000879d7a38) thrown at [src/hotspot/share/interpreter/linkResolver.cpp, line 773]
Event: 13.188 Thread 0x000001a81379e800 Exception <a 'java/lang/NoSuchMethodError'{0x00000000879ef388}: 'java.lang.Object java.lang.invoke.DirectMethodHandle$Holder.invokeStatic(java.lang.Object, java.lang.Object, java.lang.Object, java.lang.Object, java.lang.Object, java.lang.Object, int, int)'> (0x00000000879ef388) thrown at [src/hotspot/share/interpreter/linkResolver.cpp, line 773]
Event: 13.189 Thread 0x000001a81379e800 Exception <a 'java/lang/NoSuchMethodError'{0x0000000087807e00}: 'java.lang.Object java.lang.invoke.DirectMethodHandle$Holder.invokeStatic(java.lang.Object, java.lang.Object, java.lang.Object, java.lang.Object, java.lang.Object, java.lang.Object, int, int, java.lang.Object)'> (0x0000000087807e00) thrown at [src/hotspot/share/interpreter/linkResolver.cpp, line 773]
Event: 13.321 Thread 0x000001a81379e800 Exception <a 'sun/nio/fs/WindowsException'{0x0000000086fa67c8}> (0x0000000086fa67c8) thrown at [src/hotspot/share/prims/jni.cpp, line 617]
Event: 13.447 Thread 0x000001a81379e800 Exception <a 'java/lang/NullPointerException'{0x0000000089541810}> (0x0000000089541810) thrown at [src/hotspot/share/interpreter/linkResolver.cpp, line 1440]
Event: 13.516 Thread 0x000001a81379e800 Implicit null exception at 0x000001a807f0652c to 0x000001a807f07e68
Event: 13.790 Thread 0x000001a81379e800 Exception <a 'sun/nio/fs/WindowsException'{0x0000000088332260}> (0x0000000088332260) thrown at [src/hotspot/share/prims/jni.cpp, line 617]
Event: 13.790 Thread 0x000001a81379e800 Exception <a 'sun/nio/fs/WindowsException'{0x0000000088333600}> (0x0000000088333600) thrown at [src/hotspot/share/prims/jni.cpp, line 617]
Event: 13.791 Thread 0x000001a81379e800 Exception <a 'sun/nio/fs/WindowsException'{0x00000000883349d8}> (0x00000000883349d8) thrown at [src/hotspot/share/prims/jni.cpp, line 617]
Event: 13.791 Thread 0x000001a81379e800 Exception <a 'sun/nio/fs/WindowsException'{0x0000000088335db0}> (0x0000000088335db0) thrown at [src/hotspot/share/prims/jni.cpp, line 617]

Events (20 events):
Event: 13.809 loading class com/android/sdklib/repository/targets/PlatformTarget$Library
Event: 13.809 loading class com/android/sdklib/repository/targets/PlatformTarget$Library done
Event: 13.810 loading class com/google/gson/internal/ConstructorConstructor$3
Event: 13.810 loading class com/google/gson/internal/ConstructorConstructor$3 done
Event: 13.811 loading class com/android/sdklib/repository/targets/OptionalLibraryImpl
Event: 13.811 loading class com/android/sdklib/repository/targets/OptionalLibraryImpl done
Event: 13.812 loading class com/android/build/gradle/internal/EmulatorComponents
Event: 13.812 loading class com/android/build/gradle/internal/EmulatorComponents done
Event: 13.813 loading class com/android/build/gradle/internal/EmulatorComponents$Companion
Event: 13.813 loading class com/android/build/gradle/internal/EmulatorComponents$Companion done
Event: 13.813 loading class com/android/build/gradle/internal/SdkDirectLoadingStrategy$DirectLoadComponents
Event: 13.813 loading class com/android/build/gradle/internal/SdkDirectLoadingStrategy$DirectLoadComponents done
Event: 13.814 loading class com/android/build/gradle/internal/scope/BootClasspathBuilder$CacheKey
Event: 13.814 loading class com/android/build/gradle/internal/scope/BootClasspathBuilder$CacheKey done
Event: 13.815 loading class com/android/build/gradle/internal/scope/BootClasspathBuilder$computeClasspath$1$1
Event: 13.815 loading class com/android/build/gradle/internal/scope/BootClasspathBuilder$computeClasspath$1$1 done
Event: 13.816 loading class com/android/build/gradle/internal/scope/BootClasspathBuilder$computeAdditionalAndRequestedOptionalLibraries$1
Event: 13.816 loading class com/android/build/gradle/internal/scope/BootClasspathBuilder$computeAdditionalAndRequestedOptionalLibraries$1 done
Event: 13.817 loading class com/android/build/gradle/internal/scope/BootClasspathBuilder$computeAdditionalAndRequestedOptionalLibraries$2
Event: 13.817 loading class com/android/build/gradle/internal/scope/BootClasspathBuilder$computeAdditionalAndRequestedOptionalLibraries$2 done


Dynamic libraries:
0x00007ff6d9270000 - 0x00007ff6d927a000 	D:\AndroidStudio\jbr\bin\java.exe
0x00007ffd61150000 - 0x00007ffd61364000 	C:\WINDOWS\SYSTEM32\ntdll.dll
0x00007ffd5f8e0000 - 0x00007ffd5f9a2000 	C:\WINDOWS\System32\KERNEL32.DLL
0x00007ffd5eaa0000 - 0x00007ffd5ee3c000 	C:\WINDOWS\System32\KERNELBASE.dll
0x00007ffd5e7c0000 - 0x00007ffd5e8d1000 	C:\WINDOWS\System32\ucrtbase.dll
0x00007ffd5b2b0000 - 0x00007ffd5b2cb000 	D:\AndroidStudio\jbr\bin\VCRUNTIME140.dll
0x00007ffd5b2d0000 - 0x00007ffd5b2e7000 	D:\AndroidStudio\jbr\bin\jli.dll
0x00007ffd60800000 - 0x00007ffd609ab000 	C:\WINDOWS\System32\USER32.dll
0x00007ffd5eec0000 - 0x00007ffd5eee6000 	C:\WINDOWS\System32\win32u.dll
0x00007ffd42780000 - 0x00007ffd42a0e000 	C:\WINDOWS\WinSxS\amd64_microsoft.windows.common-controls_6595b64144ccf1df_6.0.22621.608_none_a9444ca7c10bb01d\COMCTL32.dll
0x00007ffd60ca0000 - 0x00007ffd60cc9000 	C:\WINDOWS\System32\GDI32.dll
0x00007ffd5f830000 - 0x00007ffd5f8d7000 	C:\WINDOWS\System32\msvcrt.dll
0x00007ffd5e8e0000 - 0x00007ffd5e9f3000 	C:\WINDOWS\System32\gdi32full.dll
0x00007ffd5ea00000 - 0x00007ffd5ea9a000 	C:\WINDOWS\System32\msvcp_win.dll
0x00007ffd607c0000 - 0x00007ffd607f1000 	C:\WINDOWS\System32\IMM32.DLL
0x00007ffd5b1e0000 - 0x00007ffd5b1ec000 	D:\AndroidStudio\jbr\bin\vcruntime140_1.dll
0x00007ffd57520000 - 0x00007ffd575ad000 	D:\AndroidStudio\jbr\bin\msvcp140.dll
0x00007ffcbbb90000 - 0x00007ffcbc74c000 	D:\AndroidStudio\jbr\bin\server\jvm.dll
0x00007ffd60ea0000 - 0x00007ffd60f4e000 	C:\WINDOWS\System32\ADVAPI32.dll
0x00007ffd5f9b0000 - 0x00007ffd5fa54000 	C:\WINDOWS\System32\sechost.dll
0x00007ffd5f090000 - 0x00007ffd5f1a7000 	C:\WINDOWS\System32\RPCRT4.dll
0x00007ffd60b50000 - 0x00007ffd60b58000 	C:\WINDOWS\System32\PSAPI.DLL
0x00007ffd36f40000 - 0x00007ffd36f49000 	C:\WINDOWS\SYSTEM32\WSOCK32.dll
0x00007ffd5ef60000 - 0x00007ffd5efd1000 	C:\WINDOWS\System32\WS2_32.dll
0x00007ffd57610000 - 0x00007ffd57644000 	C:\WINDOWS\SYSTEM32\WINMM.dll
0x00007ffd55450000 - 0x00007ffd5545a000 	C:\WINDOWS\SYSTEM32\VERSION.dll
0x00007ffd5d650000 - 0x00007ffd5d668000 	C:\WINDOWS\SYSTEM32\kernel.appcore.dll
0x00007ffd588c0000 - 0x00007ffd588d0000 	D:\AndroidStudio\jbr\bin\verify.dll
0x00007ffd5b4b0000 - 0x00007ffd5b6de000 	C:\WINDOWS\SYSTEM32\DBGHELP.DLL
0x00007ffd5fac0000 - 0x00007ffd5fe49000 	C:\WINDOWS\System32\combase.dll
0x00007ffd60b60000 - 0x00007ffd60c37000 	C:\WINDOWS\System32\OLEAUT32.dll
0x00007ffd3fd80000 - 0x00007ffd3fdb2000 	C:\WINDOWS\SYSTEM32\dbgcore.DLL
0x00007ffd5ee40000 - 0x00007ffd5eebb000 	C:\WINDOWS\System32\bcryptPrimitives.dll
0x00007ffd49420000 - 0x00007ffd49448000 	D:\AndroidStudio\jbr\bin\java.dll
0x00007ffd58660000 - 0x00007ffd5866a000 	D:\AndroidStudio\jbr\bin\jimage.dll
0x00007ffd575f0000 - 0x00007ffd57608000 	D:\AndroidStudio\jbr\bin\zip.dll
0x00007ffd5fe50000 - 0x00007ffd60640000 	C:\WINDOWS\System32\SHELL32.dll
0x00007ffd5c5a0000 - 0x00007ffd5ce6d000 	C:\WINDOWS\SYSTEM32\windows.storage.dll
0x00007ffd5c460000 - 0x00007ffd5c59e000 	C:\WINDOWS\SYSTEM32\wintypes.dll
0x00007ffd606a0000 - 0x00007ffd60791000 	C:\WINDOWS\System32\SHCORE.dll
0x00007ffd60c40000 - 0x00007ffd60c9e000 	C:\WINDOWS\System32\shlwapi.dll
0x00007ffd5e4c0000 - 0x00007ffd5e4e1000 	C:\WINDOWS\SYSTEM32\profapi.dll
0x00007ffd575b0000 - 0x00007ffd575c9000 	D:\AndroidStudio\jbr\bin\net.dll
0x00007ffd562b0000 - 0x00007ffd563e7000 	C:\WINDOWS\SYSTEM32\WINHTTP.dll
0x00007ffd5db40000 - 0x00007ffd5dba9000 	C:\WINDOWS\system32\mswsock.dll
0x00007ffd48740000 - 0x00007ffd48753000 	D:\AndroidStudio\jbr\bin\nio.dll
0x00007ffd58020000 - 0x00007ffd58047000 	C:\Users\Huawei\.gradle\native\e1d6ef7f7dcc3fd88c89a11ec53ec762bb8ba0a96d01ffa2cd45eb1d1d8dd5c5\windows-amd64\native-platform.dll
0x00007ffd22d90000 - 0x00007ffd22ed4000 	C:\Users\Huawei\.gradle\native\0d407fdbe67a94daf76414ababcb853783967236a71b16ec16e742cd7a986fd3\windows-amd64\native-platform-file-events.dll
0x00007ffd58640000 - 0x00007ffd5864a000 	D:\AndroidStudio\jbr\bin\management.dll
0x00007ffd58380000 - 0x00007ffd5838b000 	D:\AndroidStudio\jbr\bin\management_ext.dll
0x00007ffd5ddb0000 - 0x00007ffd5ddcb000 	C:\WINDOWS\SYSTEM32\CRYPTSP.dll
0x00007ffd5d5c0000 - 0x00007ffd5d5f5000 	C:\WINDOWS\system32\rsaenh.dll
0x00007ffd5dc40000 - 0x00007ffd5dc68000 	C:\WINDOWS\SYSTEM32\USERENV.dll
0x00007ffd5df40000 - 0x00007ffd5df68000 	C:\WINDOWS\SYSTEM32\bcrypt.dll
0x00007ffd5dda0000 - 0x00007ffd5ddac000 	C:\WINDOWS\SYSTEM32\CRYPTBASE.dll
0x00007ffd5d100000 - 0x00007ffd5d12d000 	C:\WINDOWS\SYSTEM32\IPHLPAPI.DLL
0x00007ffd5fab0000 - 0x00007ffd5fab9000 	C:\WINDOWS\System32\NSI.dll
0x00007ffd55870000 - 0x00007ffd55889000 	C:\WINDOWS\SYSTEM32\dhcpcsvc6.DLL
0x00007ffd56090000 - 0x00007ffd560af000 	C:\WINDOWS\SYSTEM32\dhcpcsvc.DLL
0x00007ffd5d130000 - 0x00007ffd5d223000 	C:\WINDOWS\SYSTEM32\DNSAPI.dll

dbghelp: loaded successfully - version: 4.0.5 - missing functions: none
symbol engine: initialized successfully - sym options: 0x614 - pdb path: .;D:\AndroidStudio\jbr\bin;C:\WINDOWS\SYSTEM32;C:\WINDOWS\WinSxS\amd64_microsoft.windows.common-controls_6595b64144ccf1df_6.0.22621.608_none_a9444ca7c10bb01d;D:\AndroidStudio\jbr\bin\server;C:\Users\Huawei\.gradle\native\e1d6ef7f7dcc3fd88c89a11ec53ec762bb8ba0a96d01ffa2cd45eb1d1d8dd5c5\windows-amd64;C:\Users\Huawei\.gradle\native\0d407fdbe67a94daf76414ababcb853783967236a71b16ec16e742cd7a986fd3\windows-amd64

VM Arguments:
jvm_args: --add-opens=java.base/java.util=ALL-UNNAMED --add-opens=java.base/java.lang=ALL-UNNAMED --add-opens=java.base/java.lang.invoke=ALL-UNNAMED --add-opens=java.base/java.util=ALL-UNNAMED --add-opens=java.prefs/java.util.prefs=ALL-UNNAMED --add-opens=java.prefs/java.util.prefs=ALL-UNNAMED --add-opens=java.base/java.nio.charset=ALL-UNNAMED --add-opens=java.base/java.net=ALL-UNNAMED --add-opens=java.base/java.util.concurrent.atomic=ALL-UNNAMED -Xmx2048m -Dfile.encoding=UTF-8 -Duser.country=MY -Duser.language=en -Duser.variant 
java_command: org.gradle.launcher.daemon.bootstrap.GradleDaemon 7.5
java_class_path (initial): C:\Users\Huawei\.gradle\wrapper\dists\gradle-7.5-bin\f1w0cc9nuo0eivz97x2xlu9sv\gradle-7.5\lib\gradle-launcher-7.5.jar
Launcher Type: SUN_STANDARD

[Global flags]
     intx CICompilerCount                          = 4                                         {product} {ergonomic}
     uint ConcGCThreads                            = 2                                         {product} {ergonomic}
     uint G1ConcRefinementThreads                  = 8                                         {product} {ergonomic}
   size_t G1HeapRegionSize                         = 1048576                                   {product} {ergonomic}
    uintx GCDrainStackTargetSize                   = 64                                        {product} {ergonomic}
   size_t InitialHeapSize                          = 132120576                                 {product} {ergonomic}
   size_t MarkStackSize                            = 4194304                                   {product} {ergonomic}
   size_t MaxHeapSize                              = 2147483648                                {product} {command line}
   size_t MaxNewSize                               = 1287651328                                {product} {ergonomic}
   size_t MinHeapDeltaBytes                        = 1048576                                   {product} {ergonomic}
    uintx NonNMethodCodeHeapSize                   = 5836300                                {pd product} {ergonomic}
    uintx NonProfiledCodeHeapSize                  = 122910970                              {pd product} {ergonomic}
    uintx ProfiledCodeHeapSize                     = 122910970                              {pd product} {ergonomic}
    uintx ReservedCodeCacheSize                    = 251658240                              {pd product} {ergonomic}
     bool SegmentedCodeCache                       = true                                      {product} {ergonomic}
     bool UseCompressedClassPointers               = true                                 {lp64_product} {ergonomic}
     bool UseCompressedOops                        = true                                 {lp64_product} {ergonomic}
     bool UseG1GC                                  = true                                      {product} {ergonomic}
     bool UseLargePagesIndividualAllocation        = false                                  {pd product} {ergonomic}

Logging:
Log output configuration:
 #0: stdout all=warning uptime,level,tags
 #1: stderr all=off uptime,level,tags

Environment Variables:
PATH=C:\Windows\system32;C:\Windows;C:\Windows\System32\Wbem;C:\Windows\System32\WindowsPowerShell\v1.0\;C:\Windows\System32\OpenSSH\;C:\Program Files (x86)\NVIDIA Corporation\PhysX\Common;C:\Program Files\NVIDIA Corporation\NVIDIA NvDLISR;C:\Program Files\Intel\WiFi\bin\;C:\Program Files\Common Files\Intel\WirelessCommon\;C:\WINDOWS\system32;C:\WINDOWS;C:\WINDOWS\System32\Wbem;C:\WINDOWS\System32\WindowsPowerShell\v1.0\;C:\WINDOWS\System32\OpenSSH\;D:\Git\cmd;C:\Users\Huawei\AppData\Local\Microsoft\WindowsApps;D:\IntelliJ IDEA Community Edition 2022.2.2\bin;C:\Users\Huawei\AppData\Local\GitHubDesktop\bin;%USERPROFILE%\AppData\Local\Microsoft\WindowsApps;
USERNAME=Huawei
OS=Windows_NT
PROCESSOR_IDENTIFIER=Intel64 Family 6 Model 142 Stepping 11, GenuineIntel



---------------  S Y S T E M  ---------------

OS: Windows 11 , 64 bit Build 22621 (10.0.22621.1485)
OS uptime: 0 days 19:29 hours

CPU:total 8 (initial active 8) (4 cores per cpu, 2 threads per core) family 6 model 142 stepping 11 microcode 0xde, cmov, cx8, fxsr, mmx, sse, sse2, sse3, ssse3, sse4.1, sse4.2, popcnt, avx, avx2, aes, clmul, erms, 3dnowpref, lzcnt, ht, tsc, tscinvbit, bmi1, bmi2, adx, fma

Memory: 4k page, system-wide physical 8037M (1036M free)
TotalPageFile size 8037M (AvailPageFile size 0M)
current process WorkingSet (physical memory assigned to process): 412M, peak: 414M
current process commit charge ("private bytes"): 449M, peak: 452M

vm_info: OpenJDK 64-Bit Server VM (11.0.15+0-b2043.56-9505619) for windows-amd64 JRE (11.0.15+0-b2043.56-9505619), built on Jan 19 2023 02:48:00 by "builduser" with unknown MS VC++:1929

END.
