#
# There is insufficient memory for the Java Runtime Environment to continue.
# Native memory allocation (malloc) failed to allocate 1304016 bytes for Chunk::new
# Possible reasons:
#   The system is out of physical RAM or swap space
#   The process is running with CompressedOops enabled, and the Java Heap may be blocking the growth of the native heap
# Possible solutions:
#   Reduce memory load on the system
#   Increase physical memory or swap space
#   Check if swap backing store is full
#   Decrease Java heap size (-Xmx/-Xms)
#   Decrease number of Java threads
#   Decrease Java thread stack sizes (-Xss)
#   Set larger code cache with -XX:ReservedCodeCacheSize=
#   JVM is running with Unscaled Compressed Oops mode in which the Java heap is
#     placed in the first 4GB address space. The Java Heap base address is the
#     maximum limit for the native heap growth. Please use -XX:HeapBaseMinAddress
#     to set the Java Heap base and to place the Java Heap above 4GB virtual address.
# This output file may be truncated or incomplete.
#
#  Out of Memory Error (src/hotspot/share/memory/arena.cpp:197), pid=9764, tid=2964
#
# JRE version: OpenJDK Runtime Environment (11.0.15) (build 11.0.15+0-b2043.56-9505619)
# Java VM: OpenJDK 64-Bit Server VM (11.0.15+0-b2043.56-9505619, mixed mode, tiered, compressed oops, g1 gc, windows-amd64)
# No core dump will be written. Minidumps are not enabled by default on client versions of Windows
#

---------------  S U M M A R Y ------------

Command Line: --add-opens=java.base/java.util=ALL-UNNAMED --add-opens=java.base/java.lang=ALL-UNNAMED --add-opens=java.base/java.lang.invoke=ALL-UNNAMED --add-opens=java.base/java.util=ALL-UNNAMED --add-opens=java.prefs/java.util.prefs=ALL-UNNAMED --add-opens=java.prefs/java.util.prefs=ALL-UNNAMED --add-opens=java.base/java.nio.charset=ALL-UNNAMED --add-opens=java.base/java.net=ALL-UNNAMED --add-opens=java.base/java.util.concurrent.atomic=ALL-UNNAMED -Xmx2048m -Dfile.encoding=UTF-8 -Duser.country=MY -Duser.language=en -Duser.variant org.gradle.launcher.daemon.bootstrap.GradleDaemon 7.5

Host: Intel(R) Core(TM) i7-8565U CPU @ 1.80GHz, 8 cores, 7G,  Windows 11 , 64 bit Build 22621 (10.0.22621.1485)
Time: Mon Apr 17 19:17:06 2023 W. Europe Daylight Time elapsed time: 9.989214 seconds (0d 0h 0m 9s)

---------------  T H R E A D  ---------------

Current thread (0x0000012ed5827000):  JavaThread "C2 CompilerThread1" daemon [_thread_in_native, id=2964, stack(0x00000007c0400000,0x00000007c0500000)]


Current CompileTask:
C2:   9989 7313       4       java.beans.MethodRef::set (58 bytes)

Stack: [0x00000007c0400000,0x00000007c0500000]
Native frames: (J=compiled Java code, j=interpreted, Vv=VM code, C=native code)
V  [jvm.dll+0x64135a]
V  [jvm.dll+0x7d39f9]
V  [jvm.dll+0x7d51b9]
V  [jvm.dll+0x7d58a3]
V  [jvm.dll+0x2691c5]
V  [jvm.dll+0xc1a5c]
V  [jvm.dll+0xc200c]
V  [jvm.dll+0x3774a7]
V  [jvm.dll+0x1b3732]
V  [jvm.dll+0x22163e]
V  [jvm.dll+0x220498]
V  [jvm.dll+0x19e851]
V  [jvm.dll+0x230479]
V  [jvm.dll+0x22e5ef]
V  [jvm.dll+0x794de1]
V  [jvm.dll+0x78dc24]
V  [jvm.dll+0x6400f6]
C  [ucrtbase.dll+0x29363]
C  [KERNEL32.DLL+0x1269d]
C  [ntdll.dll+0x5a9f8]


---------------  P R O C E S S  ---------------

Threads class SMR info:
_java_thread_list=0x0000012ed8e44c30, length=125, elements={
0x0000012eb8c1f800, 0x0000012ed30e8800, 0x0000012ed30f1800, 0x0000012ed3942800,
0x0000012ed3943800, 0x0000012ed3944800, 0x0000012ed3945800, 0x0000012ed3950800,
0x0000012ed3958000, 0x0000012ed3aa6800, 0x0000012ed547a800, 0x0000012ed3c4d800,
0x0000012ed5502000, 0x0000012ed672c000, 0x0000012ed4d41800, 0x0000012ed65ef000,
0x0000012ed65af800, 0x0000012ed5827000, 0x0000012ed5dca800, 0x0000012ed4ed3800,
0x0000012ed674d800, 0x0000012ed674c000, 0x0000012ed674d000, 0x0000012ed674e800,
0x0000012ed6749000, 0x0000012ed674f800, 0x0000012ed6749800, 0x0000012ed674a800,
0x0000012ed674b000, 0x0000012ed5e7c800, 0x0000012ed5e7b800, 0x0000012ed5e7a800,
0x0000012ed5e78000, 0x0000012ed5e7d000, 0x0000012ed5e7a000, 0x0000012ed5e7e000,
0x0000012ed5e7e800, 0x0000012ed5e79000, 0x0000012ed5e83800, 0x0000012edaf77800,
0x0000012ed5e7f800, 0x0000012ed5e86000, 0x0000012ed5e80800, 0x0000012ed5e83000,
0x0000012ed5e85000, 0x0000012ed5e81000, 0x0000012ed5e82000, 0x0000012ed5e84800,
0x0000012ed3fca800, 0x0000012ed3fcd800, 0x0000012ed3fcf800, 0x0000012ed3fd1000,
0x0000012ed3fd0000, 0x0000012ed3fcb000, 0x0000012ed3fd1800, 0x0000012ed3fcc000,
0x0000012ed3fd2800, 0x0000012ed3fcd000, 0x0000012ed3fd3800, 0x0000012ed3fd4000,
0x0000012ed3fce800, 0x0000012ed3fd5000, 0x0000012ed3fd6000, 0x0000012ed3fd8800,
0x0000012ed3fd6800, 0x0000012ed3fd9000, 0x0000012ed3fd7800, 0x0000012ed5d9b800,
0x0000012ed5d9f000, 0x0000012ed5d9f800, 0x0000012ed5d9c800, 0x0000012ed5da0800,
0x0000012ed5d9d000, 0x0000012ed5d9a800, 0x0000012ed5da1000, 0x0000012ed5da2000,
0x0000012ed5da3000, 0x0000012ed5da3800, 0x0000012ed5d9e000, 0x0000012ed5da4800,
0x0000012ed5da7800, 0x0000012ed5da6000, 0x0000012ed5da5800, 0x0000012ed5da7000,
0x0000012ed5da8800, 0x0000012ed5da9800, 0x0000012ed73b6000, 0x0000012ed73b3000,
0x0000012ed73b3800, 0x0000012ed73b7000, 0x0000012ed73b1800, 0x0000012ed73b4800,
0x0000012ed73b5800, 0x0000012ed73b8000, 0x0000012ed73b2000, 0x0000012ed73b8800,
0x0000012ed73ba800, 0x0000012ed73bd800, 0x0000012ed73bb000, 0x0000012ed73bc000,
0x0000012ed73b9800, 0x0000012ed73bc800, 0x0000012ed73bf000, 0x0000012ed73be800,
0x0000012ed73c0000, 0x0000012ed6ee6000, 0x0000012ed6ee1000, 0x0000012ed6ee4800,
0x0000012ed6ee2000, 0x0000012ed6ee0000, 0x0000012ed6ee7000, 0x0000012ed6ee3800,
0x0000012ed6ee5000, 0x0000012ed6ee7800, 0x0000012ed6ee8800, 0x0000012ed6ee2800,
0x0000012ed6eed800, 0x0000012ed6eee000, 0x0000012ed6ee9000, 0x0000012ed6eef000,
0x0000012ed6eeb800, 0x0000012ed6eea000, 0x0000012ed6eeb000, 0x0000012ed6eec800,
0x0000012ed6e02800
}

Java Threads: ( => current thread )
  0x0000012eb8c1f800 JavaThread "main" [_thread_blocked, id=6516, stack(0x00000007bea00000,0x00000007beb00000)]
  0x0000012ed30e8800 JavaThread "Reference Handler" daemon [_thread_blocked, id=14404, stack(0x00000007bf100000,0x00000007bf200000)]
  0x0000012ed30f1800 JavaThread "Finalizer" daemon [_thread_blocked, id=8868, stack(0x00000007bf200000,0x00000007bf300000)]
  0x0000012ed3942800 JavaThread "Signal Dispatcher" daemon [_thread_blocked, id=13108, stack(0x00000007bf300000,0x00000007bf400000)]
  0x0000012ed3943800 JavaThread "Attach Listener" daemon [_thread_blocked, id=8112, stack(0x00000007bf400000,0x00000007bf500000)]
  0x0000012ed3944800 JavaThread "Service Thread" daemon [_thread_blocked, id=7848, stack(0x00000007bf500000,0x00000007bf600000)]
  0x0000012ed3945800 JavaThread "C2 CompilerThread0" daemon [_thread_in_native, id=2372, stack(0x00000007bf600000,0x00000007bf700000)]
  0x0000012ed3950800 JavaThread "C1 CompilerThread0" daemon [_thread_blocked, id=16164, stack(0x00000007bf700000,0x00000007bf800000)]
  0x0000012ed3958000 JavaThread "Sweeper thread" daemon [_thread_blocked, id=14128, stack(0x00000007bf800000,0x00000007bf900000)]
  0x0000012ed3aa6800 JavaThread "Common-Cleaner" daemon [_thread_blocked, id=2076, stack(0x00000007bf900000,0x00000007bfa00000)]
  0x0000012ed547a800 JavaThread "Daemon health stats" [_thread_blocked, id=15684, stack(0x00000007bff00000,0x00000007c0000000)]
  0x0000012ed3c4d800 JavaThread "Incoming local TCP Connector on port 50820" [_thread_in_native, id=11488, stack(0x00000007bfb00000,0x00000007bfc00000)]
  0x0000012ed5502000 JavaThread "Daemon periodic checks" [_thread_blocked, id=8360, stack(0x00000007bfe00000,0x00000007bff00000)]
  0x0000012ed672c000 JavaThread "Daemon" [_thread_blocked, id=2704, stack(0x00000007c0000000,0x00000007c0100000)]
  0x0000012ed4d41800 JavaThread "Handler for socket connection from /127.0.0.1:50820 to /127.0.0.1:50821" [_thread_in_native, id=9528, stack(0x00000007c0100000,0x00000007c0200000)]
  0x0000012ed65ef000 JavaThread "Cancel handler" [_thread_blocked, id=1716, stack(0x00000007c0200000,0x00000007c0300000)]
  0x0000012ed65af800 JavaThread "Daemon worker" [_thread_in_vm, id=3792, stack(0x00000007c0300000,0x00000007c0400000)]
=>0x0000012ed5827000 JavaThread "C2 CompilerThread1" daemon [_thread_in_native, id=2964, stack(0x00000007c0400000,0x00000007c0500000)]
  0x0000012ed5dca800 JavaThread "Asynchronous log dispatcher for DefaultDaemonConnection: socket connection from /127.0.0.1:50820 to /127.0.0.1:50821" [_thread_blocked, id=5052, stack(0x00000007c0500000,0x00000007c0600000)]
  0x0000012ed4ed3800 JavaThread "Stdin handler" [_thread_blocked, id=4876, stack(0x00000007c0600000,0x00000007c0700000)]
  0x0000012ed674d800 JavaThread "Daemon client event forwarder" [_thread_blocked, id=5892, stack(0x00000007c0700000,0x00000007c0800000)]
  0x0000012ed674c000 JavaThread "Cache worker for journal cache (C:\Users\Huawei\.gradle\caches\journal-1)" [_thread_blocked, id=15208, stack(0x00000007c0d00000,0x00000007c0e00000)]
  0x0000012ed674d000 JavaThread "File lock request listener" [_thread_in_native, id=15492, stack(0x00000007c0e00000,0x00000007c0f00000)]
  0x0000012ed674e800 JavaThread "Cache worker for file hash cache (C:\Users\Huawei\.gradle\caches\7.5\fileHashes)" [_thread_blocked, id=5360, stack(0x00000007c0f00000,0x00000007c1000000)]
  0x0000012ed6749000 JavaThread "File watcher server" daemon [_thread_in_native, id=6288, stack(0x00000007c1200000,0x00000007c1300000)]
  0x0000012ed674f800 JavaThread "File watcher consumer" daemon [_thread_blocked, id=10168, stack(0x00000007c1300000,0x00000007c1400000)]
  0x0000012ed6749800 JavaThread "Cache worker for checksums cache (D:\TaskApp\.gradle\7.5\checksums)" [_thread_blocked, id=15752, stack(0x00000007c1400000,0x00000007c1500000)]
  0x0000012ed674a800 JavaThread "Cache worker for cache directory md-rule (C:\Users\Huawei\.gradle\caches\7.5\md-rule)" [_thread_blocked, id=5696, stack(0x00000007c1500000,0x00000007c1600000)]
  0x0000012ed674b000 JavaThread "Cache worker for file content cache (C:\Users\Huawei\.gradle\caches\7.5\fileContent)" [_thread_blocked, id=10896, stack(0x00000007c1600000,0x00000007c1700000)]
  0x0000012ed5e7c800 JavaThread "Cache worker for file hash cache (D:\TaskApp\.gradle\7.5\fileHashes)" [_thread_blocked, id=2904, stack(0x00000007c1700000,0x00000007c1800000)]
  0x0000012ed5e7b800 JavaThread "Cache worker for cache directory md-supplier (C:\Users\Huawei\.gradle\caches\7.5\md-supplier)" [_thread_blocked, id=15388, stack(0x00000007c1800000,0x00000007c1900000)]
  0x0000012ed5e7a800 JavaThread "Cache worker for execution history cache (C:\Users\Huawei\.gradle\caches\7.5\executionHistory)" [_thread_blocked, id=16260, stack(0x00000007c1900000,0x00000007c1a00000)]
  0x0000012ed5e78000 JavaThread "jar transforms" [_thread_blocked, id=12648, stack(0x00000007c1a00000,0x00000007c1b00000)]
  0x0000012ed5e7d000 JavaThread "jar transforms Thread 2" [_thread_blocked, id=16324, stack(0x00000007c1b00000,0x00000007c1c00000)]
  0x0000012ed5e7a000 JavaThread "jar transforms Thread 3" [_thread_blocked, id=10644, stack(0x00000007c1c00000,0x00000007c1d00000)]
  0x0000012ed5e7e000 JavaThread "jar transforms Thread 4" [_thread_blocked, id=8376, stack(0x00000007c1d00000,0x00000007c1e00000)]
  0x0000012ed5e7e800 JavaThread "Cache worker for dependencies-accessors (D:\TaskApp\.gradle\7.5\dependencies-accessors)" [_thread_blocked, id=9460, stack(0x00000007c1e00000,0x00000007c1f00000)]
  0x0000012ed5e79000 JavaThread "jar transforms Thread 5" [_thread_blocked, id=6552, stack(0x00000007c1f00000,0x00000007c2000000)]
  0x0000012ed5e83800 JavaThread "Cache worker for Build Output Cleanup Cache (D:\TaskApp\.gradle\buildOutputCleanup)" [_thread_blocked, id=13104, stack(0x00000007c1100000,0x00000007c1200000)]
  0x0000012edaf77800 JavaThread "C2 CompilerThread2" daemon [_thread_in_vm, id=8156, stack(0x00000007c2000000,0x00000007c2100000)]
  0x0000012ed5e7f800 JavaThread "Unconstrained build operations" [_thread_blocked, id=5320, stack(0x00000007c2100000,0x00000007c2200000)]
  0x0000012ed5e86000 JavaThread "Unconstrained build operations Thread 2" [_thread_blocked, id=3356, stack(0x00000007c2200000,0x00000007c2300000)]
  0x0000012ed5e80800 JavaThread "Unconstrained build operations Thread 3" [_thread_blocked, id=11456, stack(0x00000007c2300000,0x00000007c2400000)]
  0x0000012ed5e83000 JavaThread "Unconstrained build operations Thread 4" [_thread_blocked, id=14696, stack(0x00000007c2400000,0x00000007c2500000)]
  0x0000012ed5e85000 JavaThread "Unconstrained build operations Thread 5" [_thread_blocked, id=8816, stack(0x00000007c2500000,0x00000007c2600000)]
  0x0000012ed5e81000 JavaThread "Unconstrained build operations Thread 6" [_thread_blocked, id=11704, stack(0x00000007c2600000,0x00000007c2700000)]
  0x0000012ed5e82000 JavaThread "Unconstrained build operations Thread 7" [_thread_blocked, id=10096, stack(0x00000007c2700000,0x00000007c2800000)]
  0x0000012ed5e84800 JavaThread "Unconstrained build operations Thread 8" [_thread_blocked, id=13244, stack(0x00000007c2800000,0x00000007c2900000)]
  0x0000012ed3fca800 JavaThread "Unconstrained build operations Thread 9" [_thread_blocked, id=14488, stack(0x00000007c2900000,0x00000007c2a00000)]
  0x0000012ed3fcd800 JavaThread "Unconstrained build operations Thread 10" [_thread_blocked, id=7432, stack(0x00000007c2a00000,0x00000007c2b00000)]
  0x0000012ed3fcf800 JavaThread "Unconstrained build operations Thread 11" [_thread_blocked, id=6972, stack(0x00000007c2b00000,0x00000007c2c00000)]
  0x0000012ed3fd1000 JavaThread "Unconstrained build operations Thread 12" [_thread_blocked, id=8888, stack(0x00000007c2c00000,0x00000007c2d00000)]
  0x0000012ed3fd0000 JavaThread "Unconstrained build operations Thread 13" [_thread_blocked, id=11328, stack(0x00000007c2d00000,0x00000007c2e00000)]
  0x0000012ed3fcb000 JavaThread "Unconstrained build operations Thread 14" [_thread_blocked, id=13344, stack(0x00000007c2e00000,0x00000007c2f00000)]
  0x0000012ed3fd1800 JavaThread "Unconstrained build operations Thread 15" [_thread_blocked, id=10612, stack(0x00000007c2f00000,0x00000007c3000000)]
  0x0000012ed3fcc000 JavaThread "Unconstrained build operations Thread 16" [_thread_blocked, id=13536, stack(0x00000007c3000000,0x00000007c3100000)]
  0x0000012ed3fd2800 JavaThread "Unconstrained build operations Thread 17" [_thread_blocked, id=10912, stack(0x00000007c3100000,0x00000007c3200000)]
  0x0000012ed3fcd000 JavaThread "Unconstrained build operations Thread 18" [_thread_blocked, id=10852, stack(0x00000007c3200000,0x00000007c3300000)]
  0x0000012ed3fd3800 JavaThread "Unconstrained build operations Thread 19" [_thread_blocked, id=5404, stack(0x00000007c3300000,0x00000007c3400000)]
  0x0000012ed3fd4000 JavaThread "Unconstrained build operations Thread 20" [_thread_blocked, id=12816, stack(0x00000007c3400000,0x00000007c3500000)]
  0x0000012ed3fce800 JavaThread "Unconstrained build operations Thread 21" [_thread_blocked, id=5876, stack(0x00000007c3500000,0x00000007c3600000)]
  0x0000012ed3fd5000 JavaThread "Unconstrained build operations Thread 22" [_thread_blocked, id=2496, stack(0x00000007c3600000,0x00000007c3700000)]
  0x0000012ed3fd6000 JavaThread "Unconstrained build operations Thread 23" [_thread_blocked, id=3568, stack(0x00000007c3700000,0x00000007c3800000)]
  0x0000012ed3fd8800 JavaThread "Unconstrained build operations Thread 24" [_thread_blocked, id=8904, stack(0x00000007c3800000,0x00000007c3900000)]
  0x0000012ed3fd6800 JavaThread "Unconstrained build operations Thread 25" [_thread_blocked, id=5772, stack(0x00000007c3900000,0x00000007c3a00000)]
  0x0000012ed3fd9000 JavaThread "Unconstrained build operations Thread 26" [_thread_blocked, id=16244, stack(0x00000007c3a00000,0x00000007c3b00000)]
  0x0000012ed3fd7800 JavaThread "Unconstrained build operations Thread 27" [_thread_blocked, id=7952, stack(0x00000007c3b00000,0x00000007c3c00000)]
  0x0000012ed5d9b800 JavaThread "Unconstrained build operations Thread 28" [_thread_blocked, id=3656, stack(0x00000007c3c00000,0x00000007c3d00000)]
  0x0000012ed5d9f000 JavaThread "Unconstrained build operations Thread 29" [_thread_blocked, id=14116, stack(0x00000007c3d00000,0x00000007c3e00000)]
  0x0000012ed5d9f800 JavaThread "Unconstrained build operations Thread 30" [_thread_blocked, id=4796, stack(0x00000007c3e00000,0x00000007c3f00000)]
  0x0000012ed5d9c800 JavaThread "Unconstrained build operations Thread 31" [_thread_blocked, id=9868, stack(0x00000007c3f00000,0x00000007c4000000)]
  0x0000012ed5da0800 JavaThread "Unconstrained build operations Thread 32" [_thread_blocked, id=3852, stack(0x00000007c4000000,0x00000007c4100000)]
  0x0000012ed5d9d000 JavaThread "Unconstrained build operations Thread 33" [_thread_blocked, id=16348, stack(0x00000007c4100000,0x00000007c4200000)]
  0x0000012ed5d9a800 JavaThread "Unconstrained build operations Thread 34" [_thread_blocked, id=10528, stack(0x00000007c4200000,0x00000007c4300000)]
  0x0000012ed5da1000 JavaThread "Unconstrained build operations Thread 35" [_thread_blocked, id=5968, stack(0x00000007c4300000,0x00000007c4400000)]
  0x0000012ed5da2000 JavaThread "Unconstrained build operations Thread 36" [_thread_blocked, id=2208, stack(0x00000007c4400000,0x00000007c4500000)]
  0x0000012ed5da3000 JavaThread "Unconstrained build operations Thread 37" [_thread_blocked, id=12768, stack(0x00000007c4500000,0x00000007c4600000)]
  0x0000012ed5da3800 JavaThread "Unconstrained build operations Thread 38" [_thread_blocked, id=2548, stack(0x00000007c4600000,0x00000007c4700000)]
  0x0000012ed5d9e000 JavaThread "Unconstrained build operations Thread 39" [_thread_blocked, id=14276, stack(0x00000007c4700000,0x00000007c4800000)]
  0x0000012ed5da4800 JavaThread "Unconstrained build operations Thread 40" [_thread_blocked, id=15316, stack(0x00000007c4800000,0x00000007c4900000)]
  0x0000012ed5da7800 JavaThread "Unconstrained build operations Thread 41" [_thread_blocked, id=14240, stack(0x00000007c4900000,0x00000007c4a00000)]
  0x0000012ed5da6000 JavaThread "Unconstrained build operations Thread 42" [_thread_blocked, id=16376, stack(0x00000007c4a00000,0x00000007c4b00000)]
  0x0000012ed5da5800 JavaThread "Unconstrained build operations Thread 43" [_thread_blocked, id=8956, stack(0x00000007c4b00000,0x00000007c4c00000)]
  0x0000012ed5da7000 JavaThread "Unconstrained build operations Thread 44" [_thread_blocked, id=3988, stack(0x00000007c4c00000,0x00000007c4d00000)]
  0x0000012ed5da8800 JavaThread "Unconstrained build operations Thread 45" [_thread_blocked, id=16040, stack(0x00000007c4d00000,0x00000007c4e00000)]
  0x0000012ed5da9800 JavaThread "Unconstrained build operations Thread 46" [_thread_blocked, id=14248, stack(0x00000007c4e00000,0x00000007c4f00000)]
  0x0000012ed73b6000 JavaThread "Unconstrained build operations Thread 47" [_thread_blocked, id=3856, stack(0x00000007c4f00000,0x00000007c5000000)]
  0x0000012ed73b3000 JavaThread "Unconstrained build operations Thread 48" [_thread_blocked, id=16124, stack(0x00000007c5000000,0x00000007c5100000)]
  0x0000012ed73b3800 JavaThread "Unconstrained build operations Thread 49" [_thread_blocked, id=1812, stack(0x00000007c5100000,0x00000007c5200000)]
  0x0000012ed73b7000 JavaThread "Unconstrained build operations Thread 50" [_thread_blocked, id=2596, stack(0x00000007c5200000,0x00000007c5300000)]
  0x0000012ed73b1800 JavaThread "Unconstrained build operations Thread 51" [_thread_blocked, id=15520, stack(0x00000007c5300000,0x00000007c5400000)]
  0x0000012ed73b4800 JavaThread "Unconstrained build operations Thread 52" [_thread_blocked, id=1468, stack(0x00000007c5400000,0x00000007c5500000)]
  0x0000012ed73b5800 JavaThread "Unconstrained build operations Thread 53" [_thread_blocked, id=3964, stack(0x00000007c5500000,0x00000007c5600000)]
  0x0000012ed73b8000 JavaThread "Unconstrained build operations Thread 54" [_thread_blocked, id=8428, stack(0x00000007c5600000,0x00000007c5700000)]
  0x0000012ed73b2000 JavaThread "Unconstrained build operations Thread 55" [_thread_blocked, id=656, stack(0x00000007c5700000,0x00000007c5800000)]
  0x0000012ed73b8800 JavaThread "Unconstrained build operations Thread 56" [_thread_blocked, id=13168, stack(0x00000007c5800000,0x00000007c5900000)]
  0x0000012ed73ba800 JavaThread "Unconstrained build operations Thread 57" [_thread_blocked, id=4056, stack(0x00000007c5900000,0x00000007c5a00000)]
  0x0000012ed73bd800 JavaThread "Unconstrained build operations Thread 58" [_thread_blocked, id=16068, stack(0x00000007c5a00000,0x00000007c5b00000)]
  0x0000012ed73bb000 JavaThread "Unconstrained build operations Thread 59" [_thread_blocked, id=8604, stack(0x00000007c5b00000,0x00000007c5c00000)]
  0x0000012ed73bc000 JavaThread "Unconstrained build operations Thread 60" [_thread_blocked, id=4060, stack(0x00000007c5c00000,0x00000007c5d00000)]
  0x0000012ed73b9800 JavaThread "Unconstrained build operations Thread 61" [_thread_blocked, id=3564, stack(0x00000007c5d00000,0x00000007c5e00000)]
  0x0000012ed73bc800 JavaThread "Unconstrained build operations Thread 62" [_thread_blocked, id=15888, stack(0x00000007c5e00000,0x00000007c5f00000)]
  0x0000012ed73bf000 JavaThread "Unconstrained build operations Thread 63" [_thread_blocked, id=13432, stack(0x00000007c5f00000,0x00000007c6000000)]
  0x0000012ed73be800 JavaThread "Unconstrained build operations Thread 64" [_thread_blocked, id=6064, stack(0x00000007c6000000,0x00000007c6100000)]
  0x0000012ed73c0000 JavaThread "Unconstrained build operations Thread 65" [_thread_blocked, id=14932, stack(0x00000007c6100000,0x00000007c6200000)]
  0x0000012ed6ee6000 JavaThread "Unconstrained build operations Thread 66" [_thread_blocked, id=8468, stack(0x00000007c6200000,0x00000007c6300000)]
  0x0000012ed6ee1000 JavaThread "Unconstrained build operations Thread 67" [_thread_blocked, id=1172, stack(0x00000007c6300000,0x00000007c6400000)]
  0x0000012ed6ee4800 JavaThread "Unconstrained build operations Thread 68" [_thread_blocked, id=3540, stack(0x00000007c6400000,0x00000007c6500000)]
  0x0000012ed6ee2000 JavaThread "Unconstrained build operations Thread 69" [_thread_blocked, id=8260, stack(0x00000007c6500000,0x00000007c6600000)]
  0x0000012ed6ee0000 JavaThread "Unconstrained build operations Thread 70" [_thread_blocked, id=804, stack(0x00000007c6600000,0x00000007c6700000)]
  0x0000012ed6ee7000 JavaThread "Unconstrained build operations Thread 71" [_thread_blocked, id=2992, stack(0x00000007c6700000,0x00000007c6800000)]
  0x0000012ed6ee3800 JavaThread "Unconstrained build operations Thread 72" [_thread_blocked, id=2896, stack(0x00000007c6800000,0x00000007c6900000)]
  0x0000012ed6ee5000 JavaThread "Unconstrained build operations Thread 73" [_thread_blocked, id=5180, stack(0x00000007c6900000,0x00000007c6a00000)]
  0x0000012ed6ee7800 JavaThread "Unconstrained build operations Thread 74" [_thread_blocked, id=8264, stack(0x00000007c6a00000,0x00000007c6b00000)]
  0x0000012ed6ee8800 JavaThread "Unconstrained build operations Thread 75" [_thread_blocked, id=9724, stack(0x00000007c6b00000,0x00000007c6c00000)]
  0x0000012ed6ee2800 JavaThread "Unconstrained build operations Thread 76" [_thread_blocked, id=11844, stack(0x00000007c6c00000,0x00000007c6d00000)]
  0x0000012ed6eed800 JavaThread "Unconstrained build operations Thread 77" [_thread_blocked, id=1764, stack(0x00000007c6d00000,0x00000007c6e00000)]
  0x0000012ed6eee000 JavaThread "Unconstrained build operations Thread 78" [_thread_blocked, id=14292, stack(0x00000007c6e00000,0x00000007c6f00000)]
  0x0000012ed6ee9000 JavaThread "Unconstrained build operations Thread 79" [_thread_blocked, id=8064, stack(0x00000007c6f00000,0x00000007c7000000)]
  0x0000012ed6eef000 JavaThread "Unconstrained build operations Thread 80" [_thread_blocked, id=15328, stack(0x00000007c7000000,0x00000007c7100000)]
  0x0000012ed6eeb800 JavaThread "jar transforms Thread 6" [_thread_blocked, id=4504, stack(0x00000007c7100000,0x00000007c7200000)]
  0x0000012ed6eea000 JavaThread "jar transforms Thread 7" [_thread_blocked, id=9416, stack(0x00000007c7200000,0x00000007c7300000)]
  0x0000012ed6eeb000 JavaThread "jar transforms Thread 8" [_thread_blocked, id=4288, stack(0x00000007c7300000,0x00000007c7400000)]
  0x0000012ed6eec800 JavaThread "build event listener" [_thread_blocked, id=14872, stack(0x00000007c7400000,0x00000007c7500000)]
  0x0000012ed6e02800 JavaThread "Memory manager" [_thread_blocked, id=3120, stack(0x00000007c7500000,0x00000007c7600000)]

Other Threads:
  0x0000012ed30d4000 VMThread "VM Thread" [stack: 0x00000007bf000000,0x00000007bf100000] [id=12776]
  0x0000012ed3aea000 WatcherThread [stack: 0x00000007bfa00000,0x00000007bfb00000] [id=15600]
  0x0000012eb8c3a000 GCTaskThread "GC Thread#0" [stack: 0x00000007beb00000,0x00000007bec00000] [id=5396]
  0x0000012ed4e93800 GCTaskThread "GC Thread#1" [stack: 0x00000007bfc00000,0x00000007bfd00000] [id=14224]
  0x0000012ed4642800 GCTaskThread "GC Thread#2" [stack: 0x00000007bfd00000,0x00000007bfe00000] [id=11912]
  0x0000012ed5f27000 GCTaskThread "GC Thread#3" [stack: 0x00000007c0800000,0x00000007c0900000] [id=13376]
  0x0000012ed611b800 GCTaskThread "GC Thread#4" [stack: 0x00000007c0900000,0x00000007c0a00000] [id=4588]
  0x0000012ed679e000 GCTaskThread "GC Thread#5" [stack: 0x00000007c0a00000,0x00000007c0b00000] [id=14140]
  0x0000012ed46d9800 GCTaskThread "GC Thread#6" [stack: 0x00000007c0b00000,0x00000007c0c00000] [id=11200]
  0x0000012ed6106000 GCTaskThread "GC Thread#7" [stack: 0x00000007c0c00000,0x00000007c0d00000] [id=2816]
  0x0000012eb8c6c000 ConcurrentGCThread "G1 Main Marker" [stack: 0x00000007bec00000,0x00000007bed00000] [id=16332]
  0x0000012eb8c6e000 ConcurrentGCThread "G1 Conc#0" [stack: 0x00000007bed00000,0x00000007bee00000] [id=7672]
  0x0000012ed5848800 ConcurrentGCThread "G1 Conc#1" [stack: 0x00000007c1000000,0x00000007c1100000] [id=9552]
  0x0000012eb8cee800 ConcurrentGCThread "G1 Refine#0" [stack: 0x00000007bee00000,0x00000007bef00000] [id=14256]
  0x0000012ed2f27800 ConcurrentGCThread "G1 Young RemSet Sampling" [stack: 0x00000007bef00000,0x00000007bf000000] [id=11928]

Threads with active compile tasks:
C2 CompilerThread0    10013 7311   !   4       com.sun.beans.TypeResolver::resolve (261 bytes)
C2 CompilerThread1    10013 7313       4       java.beans.MethodRef::set (58 bytes)
C2 CompilerThread2    10013 7529       4       java.util.TreeMap::put (247 bytes)

VM state:not at safepoint (normal execution)

VM Mutex/Monitor currently owned by a thread:  ([mutex/lock_event])
[0x0000012eb8c1a2d0] SystemDictionary_lock - owner thread: 0x0000000000000000

Heap address: 0x0000000080000000, size: 2048 MB, Compressed Oops mode: 32-bit
Narrow klass base: 0x0000000000000000, Narrow klass shift: 3
Compressed class space size: 1073741824 Address: 0x0000000100000000

Heap:
 garbage-first heap   total 155648K, used 108165K [0x0000000080000000, 0x0000000100000000)
  region size 1024K, 51 young (52224K), 8 survivors (8192K)
 Metaspace       used 76857K, capacity 78575K, committed 78640K, reserved 1118208K
  class space    used 10016K, capacity 10710K, committed 10752K, reserved 1048576K
Heap Regions: E=young(eden), S=young(survivor), O=old, HS=humongous(starts), HC=humongous(continues), CS=collection set, F=free, A=archive, TAMS=top-at-mark-start (previous, next)
|   0|0x0000000080000000, 0x0000000080100000, 0x0000000080100000|100%| O|  |TAMS 0x0000000080100000, 0x0000000080000000| Untracked 
|   1|0x0000000080100000, 0x0000000080200000, 0x0000000080200000|100%| O|  |TAMS 0x0000000080200000, 0x0000000080100000| Untracked 
|   2|0x0000000080200000, 0x0000000080300000, 0x0000000080300000|100%| O|  |TAMS 0x0000000080300000, 0x0000000080200000| Untracked 
|   3|0x0000000080300000, 0x0000000080400000, 0x0000000080400000|100%|HS|  |TAMS 0x0000000080400000, 0x0000000080300000| Complete 
|   4|0x0000000080400000, 0x0000000080500000, 0x0000000080500000|100%|HC|  |TAMS 0x0000000080500000, 0x0000000080400000| Complete 
|   5|0x0000000080500000, 0x0000000080600000, 0x0000000080600000|100%|HC|  |TAMS 0x0000000080600000, 0x0000000080500000| Complete 
|   6|0x0000000080600000, 0x0000000080700000, 0x0000000080700000|100%| O|  |TAMS 0x0000000080700000, 0x0000000080600000| Untracked 
|   7|0x0000000080700000, 0x0000000080800000, 0x0000000080800000|100%| O|  |TAMS 0x0000000080800000, 0x0000000080700000| Untracked 
|   8|0x0000000080800000, 0x0000000080900000, 0x0000000080900000|100%| O|  |TAMS 0x0000000080900000, 0x0000000080800000| Untracked 
|   9|0x0000000080900000, 0x0000000080a00000, 0x0000000080a00000|100%| O|  |TAMS 0x0000000080a00000, 0x0000000080900000| Untracked 
|  10|0x0000000080a00000, 0x0000000080b00000, 0x0000000080b00000|100%| O|  |TAMS 0x0000000080b00000, 0x0000000080a00000| Untracked 
|  11|0x0000000080b00000, 0x0000000080c00000, 0x0000000080c00000|100%| O|  |TAMS 0x0000000080c00000, 0x0000000080b00000| Untracked 
|  12|0x0000000080c00000, 0x0000000080d00000, 0x0000000080d00000|100%| O|  |TAMS 0x0000000080d00000, 0x0000000080c00000| Untracked 
|  13|0x0000000080d00000, 0x0000000080e00000, 0x0000000080e00000|100%| O|  |TAMS 0x0000000080e00000, 0x0000000080d00000| Untracked 
|  14|0x0000000080e00000, 0x0000000080f00000, 0x0000000080f00000|100%| O|  |TAMS 0x0000000080f00000, 0x0000000080e00000| Untracked 
|  15|0x0000000080f00000, 0x0000000081000000, 0x0000000081000000|100%| O|  |TAMS 0x0000000081000000, 0x0000000080f00000| Untracked 
|  16|0x0000000081000000, 0x0000000081100000, 0x0000000081100000|100%| O|  |TAMS 0x0000000081100000, 0x0000000081000000| Untracked 
|  17|0x0000000081100000, 0x0000000081200000, 0x0000000081200000|100%|HS|  |TAMS 0x0000000081200000, 0x0000000081100000| Complete 
|  18|0x0000000081200000, 0x0000000081300000, 0x0000000081300000|100%| O|  |TAMS 0x0000000081300000, 0x0000000081200000| Untracked 
|  19|0x0000000081300000, 0x0000000081400000, 0x0000000081400000|100%| O|  |TAMS 0x0000000081400000, 0x0000000081300000| Untracked 
|  20|0x0000000081400000, 0x0000000081500000, 0x0000000081500000|100%| O|  |TAMS 0x0000000081500000, 0x0000000081400000| Untracked 
|  21|0x0000000081500000, 0x0000000081600000, 0x0000000081600000|100%| O|  |TAMS 0x0000000081600000, 0x0000000081500000| Untracked 
|  22|0x0000000081600000, 0x0000000081700000, 0x0000000081700000|100%| O|  |TAMS 0x0000000081700000, 0x0000000081600000| Untracked 
|  23|0x0000000081700000, 0x0000000081800000, 0x0000000081800000|100%| O|  |TAMS 0x0000000081800000, 0x0000000081700000| Untracked 
|  24|0x0000000081800000, 0x0000000081900000, 0x0000000081900000|100%| O|  |TAMS 0x0000000081900000, 0x0000000081800000| Untracked 
|  25|0x0000000081900000, 0x0000000081a00000, 0x0000000081a00000|100%| O|  |TAMS 0x0000000081a00000, 0x0000000081900000| Untracked 
|  26|0x0000000081a00000, 0x0000000081b00000, 0x0000000081b00000|100%| O|  |TAMS 0x0000000081b00000, 0x0000000081a00000| Untracked 
|  27|0x0000000081b00000, 0x0000000081c00000, 0x0000000081c00000|100%| O|  |TAMS 0x0000000081c00000, 0x0000000081b00000| Untracked 
|  28|0x0000000081c00000, 0x0000000081d00000, 0x0000000081d00000|100%|HS|  |TAMS 0x0000000081d00000, 0x0000000081c00000| Complete 
|  29|0x0000000081d00000, 0x0000000081e00000, 0x0000000081e00000|100%|HC|  |TAMS 0x0000000081e00000, 0x0000000081d00000| Complete 
|  30|0x0000000081e00000, 0x0000000081f00000, 0x0000000081f00000|100%|HS|  |TAMS 0x0000000081f00000, 0x0000000081e00000| Complete 
|  31|0x0000000081f00000, 0x0000000082000000, 0x0000000082000000|100%|HS|  |TAMS 0x0000000082000000, 0x0000000081f00000| Complete 
|  32|0x0000000082000000, 0x0000000082100000, 0x0000000082100000|100%|HC|  |TAMS 0x0000000082100000, 0x0000000082000000| Complete 
|  33|0x0000000082100000, 0x0000000082200000, 0x0000000082200000|100%|HC|  |TAMS 0x0000000082200000, 0x0000000082100000| Complete 
|  34|0x0000000082200000, 0x0000000082300000, 0x0000000082300000|100%|HC|  |TAMS 0x0000000082300000, 0x0000000082200000| Complete 
|  35|0x0000000082300000, 0x0000000082300000, 0x0000000082400000|  0%| F|  |TAMS 0x0000000082300000, 0x0000000082300000| Untracked 
|  36|0x0000000082400000, 0x0000000082500000, 0x0000000082500000|100%| O|  |TAMS 0x0000000082500000, 0x0000000082400000| Untracked 
|  37|0x0000000082500000, 0x0000000082600000, 0x0000000082600000|100%| O|  |TAMS 0x0000000082600000, 0x0000000082500000| Untracked 
|  38|0x0000000082600000, 0x0000000082700000, 0x0000000082700000|100%| O|  |TAMS 0x0000000082700000, 0x0000000082600000| Untracked 
|  39|0x0000000082700000, 0x0000000082800000, 0x0000000082800000|100%| O|  |TAMS 0x0000000082800000, 0x0000000082700000| Untracked 
|  40|0x0000000082800000, 0x0000000082900000, 0x0000000082900000|100%| O|  |TAMS 0x0000000082900000, 0x0000000082800000| Untracked 
|  41|0x0000000082900000, 0x0000000082a00000, 0x0000000082a00000|100%| O|  |TAMS 0x0000000082a00000, 0x0000000082900000| Untracked 
|  42|0x0000000082a00000, 0x0000000082b00000, 0x0000000082b00000|100%| O|  |TAMS 0x0000000082b00000, 0x0000000082a00000| Untracked 
|  43|0x0000000082b00000, 0x0000000082c00000, 0x0000000082c00000|100%| O|  |TAMS 0x0000000082c00000, 0x0000000082b00000| Untracked 
|  44|0x0000000082c00000, 0x0000000082d00000, 0x0000000082d00000|100%| O|  |TAMS 0x0000000082d00000, 0x0000000082c00000| Untracked 
|  45|0x0000000082d00000, 0x0000000082e00000, 0x0000000082e00000|100%| O|  |TAMS 0x0000000082e00000, 0x0000000082d00000| Untracked 
|  46|0x0000000082e00000, 0x0000000082ebbe00, 0x0000000082f00000| 73%| O|  |TAMS 0x0000000082ebbe00, 0x0000000082e00000| Untracked 
|  47|0x0000000082f00000, 0x0000000083000000, 0x0000000083000000|100%| O|  |TAMS 0x0000000083000000, 0x0000000082f00000| Untracked 
|  48|0x0000000083000000, 0x0000000083100000, 0x0000000083100000|100%| O|  |TAMS 0x0000000083100000, 0x0000000083000000| Untracked 
|  49|0x0000000083100000, 0x0000000083200000, 0x0000000083200000|100%| O|  |TAMS 0x0000000083200000, 0x0000000083100000| Untracked 
|  50|0x0000000083200000, 0x0000000083300000, 0x0000000083300000|100%| O|  |TAMS 0x0000000083300000, 0x0000000083200000| Untracked 
|  51|0x0000000083300000, 0x0000000083400000, 0x0000000083400000|100%| O|  |TAMS 0x0000000083400000, 0x0000000083300000| Untracked 
|  52|0x0000000083400000, 0x0000000083500000, 0x0000000083500000|100%| O|  |TAMS 0x0000000083500000, 0x0000000083400000| Untracked 
|  53|0x0000000083500000, 0x0000000083600000, 0x0000000083600000|100%| O|  |TAMS 0x0000000083600000, 0x0000000083500000| Untracked 
|  54|0x0000000083600000, 0x0000000083700000, 0x0000000083700000|100%| O|  |TAMS 0x0000000083700000, 0x0000000083600000| Untracked 
|  55|0x0000000083700000, 0x0000000083800000, 0x0000000083800000|100%| O|  |TAMS 0x0000000083800000, 0x0000000083700000| Untracked 
|  56|0x0000000083800000, 0x0000000083900000, 0x0000000083900000|100%| O|  |TAMS 0x0000000083900000, 0x0000000083800000| Untracked 
|  57|0x0000000083900000, 0x0000000083900000, 0x0000000083a00000|  0%| F|  |TAMS 0x0000000083900000, 0x0000000083900000| Untracked 
|  58|0x0000000083a00000, 0x0000000083a00000, 0x0000000083b00000|  0%| F|  |TAMS 0x0000000083a00000, 0x0000000083a00000| Untracked 
|  59|0x0000000083b00000, 0x0000000083b00000, 0x0000000083c00000|  0%| F|  |TAMS 0x0000000083b00000, 0x0000000083b00000| Untracked 
|  60|0x0000000083c00000, 0x0000000083c00000, 0x0000000083d00000|  0%| F|  |TAMS 0x0000000083c00000, 0x0000000083c00000| Untracked 
|  61|0x0000000083d00000, 0x0000000083d00000, 0x0000000083e00000|  0%| F|  |TAMS 0x0000000083d00000, 0x0000000083d00000| Untracked 
|  62|0x0000000083e00000, 0x0000000083e00000, 0x0000000083f00000|  0%| F|  |TAMS 0x0000000083e00000, 0x0000000083e00000| Untracked 
|  63|0x0000000083f00000, 0x0000000083f00000, 0x0000000084000000|  0%| F|  |TAMS 0x0000000083f00000, 0x0000000083f00000| Untracked 
|  64|0x0000000084000000, 0x0000000084000000, 0x0000000084100000|  0%| F|  |TAMS 0x0000000084000000, 0x0000000084000000| Untracked 
|  65|0x0000000084100000, 0x0000000084100000, 0x0000000084200000|  0%| F|  |TAMS 0x0000000084100000, 0x0000000084100000| Untracked 
|  66|0x0000000084200000, 0x0000000084200000, 0x0000000084300000|  0%| F|  |TAMS 0x0000000084200000, 0x0000000084200000| Untracked 
|  67|0x0000000084300000, 0x0000000084300000, 0x0000000084400000|  0%| F|  |TAMS 0x0000000084300000, 0x0000000084300000| Untracked 
|  68|0x0000000084400000, 0x0000000084400000, 0x0000000084500000|  0%| F|  |TAMS 0x0000000084400000, 0x0000000084400000| Untracked 
|  69|0x0000000084500000, 0x0000000084500000, 0x0000000084600000|  0%| F|  |TAMS 0x0000000084500000, 0x0000000084500000| Untracked 
|  70|0x0000000084600000, 0x0000000084600000, 0x0000000084700000|  0%| F|  |TAMS 0x0000000084600000, 0x0000000084600000| Untracked 
|  71|0x0000000084700000, 0x0000000084700000, 0x0000000084800000|  0%| F|  |TAMS 0x0000000084700000, 0x0000000084700000| Untracked 
|  72|0x0000000084800000, 0x0000000084800000, 0x0000000084900000|  0%| F|  |TAMS 0x0000000084800000, 0x0000000084800000| Untracked 
|  73|0x0000000084900000, 0x0000000084900000, 0x0000000084a00000|  0%| F|  |TAMS 0x0000000084900000, 0x0000000084900000| Untracked 
|  74|0x0000000084a00000, 0x0000000084a00000, 0x0000000084b00000|  0%| F|  |TAMS 0x0000000084a00000, 0x0000000084a00000| Untracked 
|  75|0x0000000084b00000, 0x0000000084b00000, 0x0000000084c00000|  0%| F|  |TAMS 0x0000000084b00000, 0x0000000084b00000| Untracked 
|  76|0x0000000084c00000, 0x0000000084c00000, 0x0000000084d00000|  0%| F|  |TAMS 0x0000000084c00000, 0x0000000084c00000| Untracked 
|  77|0x0000000084d00000, 0x0000000084d00000, 0x0000000084e00000|  0%| F|  |TAMS 0x0000000084d00000, 0x0000000084d00000| Untracked 
|  78|0x0000000084e00000, 0x0000000084ee5848, 0x0000000084f00000| 89%| S|CS|TAMS 0x0000000084e00000, 0x0000000084e00000| Complete 
|  79|0x0000000084f00000, 0x0000000085000000, 0x0000000085000000|100%| S|CS|TAMS 0x0000000084f00000, 0x0000000084f00000| Complete 
|  80|0x0000000085000000, 0x0000000085100000, 0x0000000085100000|100%| S|CS|TAMS 0x0000000085000000, 0x0000000085000000| Complete 
|  81|0x0000000085100000, 0x0000000085200000, 0x0000000085200000|100%| S|CS|TAMS 0x0000000085100000, 0x0000000085100000| Complete 
|  82|0x0000000085200000, 0x0000000085300000, 0x0000000085300000|100%| S|CS|TAMS 0x0000000085200000, 0x0000000085200000| Complete 
|  83|0x0000000085300000, 0x0000000085400000, 0x0000000085400000|100%| S|CS|TAMS 0x0000000085300000, 0x0000000085300000| Complete 
|  84|0x0000000085400000, 0x0000000085500000, 0x0000000085500000|100%| S|CS|TAMS 0x0000000085400000, 0x0000000085400000| Complete 
|  85|0x0000000085500000, 0x0000000085600000, 0x0000000085600000|100%| S|CS|TAMS 0x0000000085500000, 0x0000000085500000| Complete 
|  86|0x0000000085600000, 0x0000000085600000, 0x0000000085700000|  0%| F|  |TAMS 0x0000000085600000, 0x0000000085600000| Untracked 
|  87|0x0000000085700000, 0x0000000085700000, 0x0000000085800000|  0%| F|  |TAMS 0x0000000085700000, 0x0000000085700000| Untracked 
|  88|0x0000000085800000, 0x0000000085800000, 0x0000000085900000|  0%| F|  |TAMS 0x0000000085800000, 0x0000000085800000| Untracked 
|  89|0x0000000085900000, 0x0000000085900000, 0x0000000085a00000|  0%| F|  |TAMS 0x0000000085900000, 0x0000000085900000| Untracked 
|  90|0x0000000085a00000, 0x0000000085a00000, 0x0000000085b00000|  0%| F|  |TAMS 0x0000000085a00000, 0x0000000085a00000| Untracked 
|  91|0x0000000085b00000, 0x0000000085b00000, 0x0000000085c00000|  0%| F|  |TAMS 0x0000000085b00000, 0x0000000085b00000| Untracked 
|  92|0x0000000085c00000, 0x0000000085c00000, 0x0000000085d00000|  0%| F|  |TAMS 0x0000000085c00000, 0x0000000085c00000| Untracked 
|  93|0x0000000085d00000, 0x0000000085d00000, 0x0000000085e00000|  0%| F|  |TAMS 0x0000000085d00000, 0x0000000085d00000| Untracked 
|  94|0x0000000085e00000, 0x0000000085e00000, 0x0000000085f00000|  0%| F|  |TAMS 0x0000000085e00000, 0x0000000085e00000| Untracked 
|  95|0x0000000085f00000, 0x0000000085f00000, 0x0000000086000000|  0%| F|  |TAMS 0x0000000085f00000, 0x0000000085f00000| Untracked 
|  96|0x0000000086000000, 0x0000000086000000, 0x0000000086100000|  0%| F|  |TAMS 0x0000000086000000, 0x0000000086000000| Untracked 
|  97|0x0000000086100000, 0x0000000086100000, 0x0000000086200000|  0%| F|  |TAMS 0x0000000086100000, 0x0000000086100000| Untracked 
|  98|0x0000000086200000, 0x0000000086200000, 0x0000000086300000|  0%| F|  |TAMS 0x0000000086200000, 0x0000000086200000| Untracked 
|  99|0x0000000086300000, 0x0000000086300000, 0x0000000086400000|  0%| F|  |TAMS 0x0000000086300000, 0x0000000086300000| Untracked 
| 100|0x0000000086400000, 0x0000000086400000, 0x0000000086500000|  0%| F|  |TAMS 0x0000000086400000, 0x0000000086400000| Untracked 
| 101|0x0000000086500000, 0x0000000086500000, 0x0000000086600000|  0%| F|  |TAMS 0x0000000086500000, 0x0000000086500000| Untracked 
| 102|0x0000000086600000, 0x0000000086600000, 0x0000000086700000|  0%| F|  |TAMS 0x0000000086600000, 0x0000000086600000| Untracked 
| 103|0x0000000086700000, 0x0000000086700000, 0x0000000086800000|  0%| F|  |TAMS 0x0000000086700000, 0x0000000086700000| Untracked 
| 104|0x0000000086800000, 0x0000000086800000, 0x0000000086900000|  0%| F|  |TAMS 0x0000000086800000, 0x0000000086800000| Untracked 
| 105|0x0000000086900000, 0x0000000086900000, 0x0000000086a00000|  0%| F|  |TAMS 0x0000000086900000, 0x0000000086900000| Untracked 
| 106|0x0000000086a00000, 0x0000000086a00000, 0x0000000086b00000|  0%| F|  |TAMS 0x0000000086a00000, 0x0000000086a00000| Untracked 
| 107|0x0000000086b00000, 0x0000000086b00000, 0x0000000086c00000|  0%| F|  |TAMS 0x0000000086b00000, 0x0000000086b00000| Untracked 
| 108|0x0000000086c00000, 0x0000000086c00000, 0x0000000086d00000|  0%| F|  |TAMS 0x0000000086c00000, 0x0000000086c00000| Untracked 
| 109|0x0000000086d00000, 0x0000000086e00000, 0x0000000086e00000|100%| E|  |TAMS 0x0000000086d00000, 0x0000000086d00000| Complete 
| 110|0x0000000086e00000, 0x0000000086f00000, 0x0000000086f00000|100%| E|CS|TAMS 0x0000000086e00000, 0x0000000086e00000| Complete 
| 111|0x0000000086f00000, 0x0000000087000000, 0x0000000087000000|100%| E|CS|TAMS 0x0000000086f00000, 0x0000000086f00000| Complete 
| 112|0x0000000087000000, 0x0000000087100000, 0x0000000087100000|100%| E|CS|TAMS 0x0000000087000000, 0x0000000087000000| Complete 
| 113|0x0000000087100000, 0x0000000087200000, 0x0000000087200000|100%| E|CS|TAMS 0x0000000087100000, 0x0000000087100000| Complete 
| 114|0x0000000087200000, 0x0000000087300000, 0x0000000087300000|100%| E|CS|TAMS 0x0000000087200000, 0x0000000087200000| Complete 
| 115|0x0000000087300000, 0x0000000087400000, 0x0000000087400000|100%| E|CS|TAMS 0x0000000087300000, 0x0000000087300000| Complete 
| 116|0x0000000087400000, 0x0000000087500000, 0x0000000087500000|100%| E|CS|TAMS 0x0000000087400000, 0x0000000087400000| Complete 
| 117|0x0000000087500000, 0x0000000087600000, 0x0000000087600000|100%| E|CS|TAMS 0x0000000087500000, 0x0000000087500000| Complete 
| 118|0x0000000087600000, 0x0000000087700000, 0x0000000087700000|100%| E|CS|TAMS 0x0000000087600000, 0x0000000087600000| Complete 
| 119|0x0000000087700000, 0x0000000087800000, 0x0000000087800000|100%| E|CS|TAMS 0x0000000087700000, 0x0000000087700000| Complete 
| 120|0x0000000087800000, 0x0000000087900000, 0x0000000087900000|100%| E|CS|TAMS 0x0000000087800000, 0x0000000087800000| Complete 
| 121|0x0000000087900000, 0x0000000087a00000, 0x0000000087a00000|100%| E|CS|TAMS 0x0000000087900000, 0x0000000087900000| Complete 
| 122|0x0000000087a00000, 0x0000000087b00000, 0x0000000087b00000|100%| E|CS|TAMS 0x0000000087a00000, 0x0000000087a00000| Complete 
| 123|0x0000000087b00000, 0x0000000087c00000, 0x0000000087c00000|100%| E|CS|TAMS 0x0000000087b00000, 0x0000000087b00000| Complete 
| 124|0x0000000087c00000, 0x0000000087d00000, 0x0000000087d00000|100%| E|CS|TAMS 0x0000000087c00000, 0x0000000087c00000| Complete 
| 125|0x0000000087d00000, 0x0000000087e00000, 0x0000000087e00000|100%| E|CS|TAMS 0x0000000087d00000, 0x0000000087d00000| Complete 
| 126|0x0000000087e00000, 0x0000000087f00000, 0x0000000087f00000|100%| E|CS|TAMS 0x0000000087e00000, 0x0000000087e00000| Complete 
| 127|0x0000000087f00000, 0x0000000088000000, 0x0000000088000000|100%| E|CS|TAMS 0x0000000087f00000, 0x0000000087f00000| Complete 
| 128|0x0000000088000000, 0x0000000088100000, 0x0000000088100000|100%| E|CS|TAMS 0x0000000088000000, 0x0000000088000000| Complete 
| 129|0x0000000088100000, 0x0000000088200000, 0x0000000088200000|100%| E|CS|TAMS 0x0000000088100000, 0x0000000088100000| Complete 
| 130|0x0000000088200000, 0x0000000088300000, 0x0000000088300000|100%| E|CS|TAMS 0x0000000088200000, 0x0000000088200000| Complete 
| 131|0x0000000088300000, 0x0000000088400000, 0x0000000088400000|100%| E|CS|TAMS 0x0000000088300000, 0x0000000088300000| Complete 
| 132|0x0000000088400000, 0x0000000088500000, 0x0000000088500000|100%| E|CS|TAMS 0x0000000088400000, 0x0000000088400000| Complete 
| 133|0x0000000088500000, 0x0000000088600000, 0x0000000088600000|100%| E|CS|TAMS 0x0000000088500000, 0x0000000088500000| Complete 
| 134|0x0000000088600000, 0x0000000088700000, 0x0000000088700000|100%| E|CS|TAMS 0x0000000088600000, 0x0000000088600000| Complete 
| 135|0x0000000088700000, 0x0000000088800000, 0x0000000088800000|100%| E|CS|TAMS 0x0000000088700000, 0x0000000088700000| Complete 
| 136|0x0000000088800000, 0x0000000088900000, 0x0000000088900000|100%| E|CS|TAMS 0x0000000088800000, 0x0000000088800000| Complete 
| 137|0x0000000088900000, 0x0000000088a00000, 0x0000000088a00000|100%| E|CS|TAMS 0x0000000088900000, 0x0000000088900000| Complete 
| 138|0x0000000088a00000, 0x0000000088b00000, 0x0000000088b00000|100%| E|CS|TAMS 0x0000000088a00000, 0x0000000088a00000| Complete 
| 139|0x0000000088b00000, 0x0000000088c00000, 0x0000000088c00000|100%| E|CS|TAMS 0x0000000088b00000, 0x0000000088b00000| Complete 
| 140|0x0000000088c00000, 0x0000000088d00000, 0x0000000088d00000|100%| E|CS|TAMS 0x0000000088c00000, 0x0000000088c00000| Complete 
| 141|0x0000000088d00000, 0x0000000088e00000, 0x0000000088e00000|100%| E|CS|TAMS 0x0000000088d00000, 0x0000000088d00000| Complete 
| 142|0x0000000088e00000, 0x0000000088f00000, 0x0000000088f00000|100%| E|CS|TAMS 0x0000000088e00000, 0x0000000088e00000| Complete 
| 143|0x0000000088f00000, 0x0000000089000000, 0x0000000089000000|100%| E|CS|TAMS 0x0000000088f00000, 0x0000000088f00000| Complete 
| 144|0x0000000089000000, 0x0000000089100000, 0x0000000089100000|100%| E|CS|TAMS 0x0000000089000000, 0x0000000089000000| Complete 
| 145|0x0000000089100000, 0x0000000089200000, 0x0000000089200000|100%| E|CS|TAMS 0x0000000089100000, 0x0000000089100000| Complete 
| 146|0x0000000089200000, 0x0000000089300000, 0x0000000089300000|100%| E|CS|TAMS 0x0000000089200000, 0x0000000089200000| Complete 
| 147|0x0000000089300000, 0x0000000089400000, 0x0000000089400000|100%| E|CS|TAMS 0x0000000089300000, 0x0000000089300000| Complete 
| 148|0x0000000089400000, 0x0000000089500000, 0x0000000089500000|100%| E|CS|TAMS 0x0000000089400000, 0x0000000089400000| Complete 
| 149|0x0000000089500000, 0x0000000089600000, 0x0000000089600000|100%| E|CS|TAMS 0x0000000089500000, 0x0000000089500000| Complete 
| 150|0x0000000089600000, 0x0000000089700000, 0x0000000089700000|100%| E|CS|TAMS 0x0000000089600000, 0x0000000089600000| Complete 
| 151|0x0000000089700000, 0x0000000089800000, 0x0000000089800000|100%| E|CS|TAMS 0x0000000089700000, 0x0000000089700000| Complete 

Card table byte_map: [0x0000012ecbe70000,0x0000012ecc270000] _byte_map_base: 0x0000012ecba70000

Marking Bits (Prev, Next): (CMBitMap*) 0x0000012eb8c621c8, (CMBitMap*) 0x0000012eb8c62200
 Prev Bits: [0x0000012ecc670000, 0x0000012ece670000)
 Next Bits: [0x0000012ece670000, 0x0000012ed0670000)

Polling page: 0x0000012eb6bb0000

Metaspace:

Usage:
  Non-class:     66.32 MB capacity,    65.31 MB ( 98%) used,   820.09 KB (  1%) free+waste,   211.38 KB ( <1%) overhead. 
      Class:     10.48 MB capacity,     9.79 MB ( 93%) used,   604.55 KB (  6%) free+waste,    99.25 KB ( <1%) overhead. 
       Both:     76.80 MB capacity,    75.10 MB ( 98%) used,     1.39 MB (  2%) free+waste,   310.62 KB ( <1%) overhead. 

Virtual space:
  Non-class space:       68.00 MB reserved,      66.55 MB ( 98%) committed 
      Class space:        1.00 GB reserved,      10.50 MB (  1%) committed 
             Both:        1.07 GB reserved,      77.05 MB (  7%) committed 

Chunk freelists:
   Non-Class:  0 bytes
       Class:  0 bytes
        Both:  0 bytes

MaxMetaspaceSize: 17179869184.00 GB
CompressedClassSpaceSize: 1.00 GB
Initial GC threshold: 20.80 MB
Current GC threshold: 114.04 MB
CDS: off

CodeHeap 'non-profiled nmethods': size=120000Kb used=4897Kb max_used=4897Kb free=115102Kb
 bounds [0x0000012ec4210000, 0x0000012ec46e0000, 0x0000012ecb740000]
CodeHeap 'profiled nmethods': size=120000Kb used=16075Kb max_used=16075Kb free=103924Kb
 bounds [0x0000012ebcce0000, 0x0000012ebdca0000, 0x0000012ec4210000]
CodeHeap 'non-nmethods': size=5760Kb used=2366Kb max_used=2422Kb free=3393Kb
 bounds [0x0000012ebc740000, 0x0000012ebc9b0000, 0x0000012ebcce0000]
 total_blobs=8526 nmethods=7641 adapters=797
 compilation: enabled
              stopped_count=0, restarted_count=0
 full_count=0

Compilation events (20 events):
Event: 9.915 Thread 0x0000012ed3950800 7573       3       java.lang.invoke.LambdaForm$DMH/0x0000000100329840::invokeStatic (24 bytes)
Event: 9.916 Thread 0x0000012ed3950800 nmethod 7573 0x0000012ebdc48390 code [0x0000012ebdc48560, 0x0000012ebdc48ab8]
Event: 9.916 Thread 0x0000012ed3950800 7575       1       org.gradle.api.internal.DefaultMutationGuard::access$000 (5 bytes)
Event: 9.916 Thread 0x0000012ed3950800 nmethod 7575 0x0000012ec46caf10 code [0x0000012ec46cb0c0, 0x0000012ec46cb158]
Event: 9.928 Thread 0x0000012ed3950800 7577       3       org.gradle.internal.instantiation.generator.AsmBackedClassGenerator$ClassInspectionVisitorImpl::markPropertyAsIneligibleForConventionMapping (12 bytes)
Event: 9.928 Thread 0x0000012ed3950800 nmethod 7577 0x0000012ebdc48c10 code [0x0000012ebdc48dc0, 0x0000012ebdc48f88]
Event: 9.928 Thread 0x0000012ed3950800 7578       3       java.lang.String::toUpperCase (8 bytes)
Event: 9.928 Thread 0x0000012ed3950800 nmethod 7578 0x0000012ebdc49090 code [0x0000012ebdc49280, 0x0000012ebdc495f8]
Event: 9.930 Thread 0x0000012ed3950800 7579       3       org.gradle.api.internal.tasks.DefaultTaskDependency::<init> (9 bytes)
Event: 9.930 Thread 0x0000012ed3950800 nmethod 7579 0x0000012ebdc49710 code [0x0000012ebdc498e0, 0x0000012ebdc49c18]
Event: 9.934 Thread 0x0000012ed3950800 7581       3       sun.reflect.generics.parser.SignatureParser::parseBounds (111 bytes)
Event: 9.935 Thread 0x0000012ed3950800 nmethod 7581 0x0000012ebdc49d90 code [0x0000012ebdc4a0e0, 0x0000012ebdc4b298]
Event: 9.935 Thread 0x0000012ed3950800 7580       3       sun.reflect.generics.parser.SignatureParser::parseFormalTypeParameter (16 bytes)
Event: 9.936 Thread 0x0000012ed3950800 nmethod 7580 0x0000012ebdc4b890 code [0x0000012ebdc4baa0, 0x0000012ebdc4bfa8]
Event: 9.936 Thread 0x0000012ed3950800 7582       3       sun.reflect.generics.tree.FormalTypeParameter::make (10 bytes)
Event: 9.936 Thread 0x0000012ed3950800 nmethod 7582 0x0000012ebdc4c210 code [0x0000012ebdc4c3e0, 0x0000012ebdc4c698]
Event: 9.936 Thread 0x0000012ed3950800 7583       3       java.lang.Class::getFactory (9 bytes)
Event: 9.937 Thread 0x0000012ed3950800 nmethod 7583 0x0000012ebdc4c790 code [0x0000012ebdc4c980, 0x0000012ebdc4ced8]
Event: 9.941 Thread 0x0000012ed3950800 7584       3       org.gradle.api.internal.tasks.DefaultTaskDependencyFactory::configurableDependency (12 bytes)
Event: 9.941 Thread 0x0000012ed3950800 nmethod 7584 0x0000012ebdc4d090 code [0x0000012ebdc4d280, 0x0000012ebdc4d678]

GC Heap History (20 events):
Event: 3.562 GC heap before
{Heap before GC invocations=5 (full 0):
 garbage-first heap   total 129024K, used 75083K [0x0000000080000000, 0x0000000100000000)
  region size 1024K, 58 young (59392K), 3 survivors (3072K)
 Metaspace       used 31148K, capacity 31841K, committed 31872K, reserved 1077248K
  class space    used 4177K, capacity 4463K, committed 4480K, reserved 1048576K
}
Event: 3.566 GC heap after
{Heap after GC invocations=6 (full 0):
 garbage-first heap   total 129024K, used 20341K [0x0000000080000000, 0x0000000100000000)
  region size 1024K, 5 young (5120K), 5 survivors (5120K)
 Metaspace       used 31148K, capacity 31841K, committed 31872K, reserved 1077248K
  class space    used 4177K, capacity 4463K, committed 4480K, reserved 1048576K
}
Event: 3.910 GC heap before
{Heap before GC invocations=6 (full 0):
 garbage-first heap   total 129024K, used 36725K [0x0000000080000000, 0x0000000100000000)
  region size 1024K, 22 young (22528K), 5 survivors (5120K)
 Metaspace       used 34991K, capacity 35893K, committed 35968K, reserved 1081344K
  class space    used 4570K, capacity 4921K, committed 4992K, reserved 1048576K
}
Event: 3.921 GC heap after
{Heap after GC invocations=7 (full 0):
 garbage-first heap   total 129024K, used 22536K [0x0000000080000000, 0x0000000100000000)
  region size 1024K, 6 young (6144K), 6 survivors (6144K)
 Metaspace       used 34991K, capacity 35893K, committed 35968K, reserved 1081344K
  class space    used 4570K, capacity 4921K, committed 4992K, reserved 1048576K
}
Event: 4.597 GC heap before
{Heap before GC invocations=8 (full 0):
 garbage-first heap   total 129024K, used 86024K [0x0000000080000000, 0x0000000100000000)
  region size 1024K, 65 young (66560K), 6 survivors (6144K)
 Metaspace       used 40658K, capacity 41623K, committed 41884K, reserved 1085440K
  class space    used 5148K, capacity 5523K, committed 5632K, reserved 1048576K
}
Event: 4.611 GC heap after
{Heap after GC invocations=9 (full 0):
 garbage-first heap   total 129024K, used 28360K [0x0000000080000000, 0x0000000100000000)
  region size 1024K, 9 young (9216K), 9 survivors (9216K)
 Metaspace       used 40658K, capacity 41623K, committed 41884K, reserved 1085440K
  class space    used 5148K, capacity 5523K, committed 5632K, reserved 1048576K
}
Event: 5.337 GC heap before
{Heap before GC invocations=10 (full 0):
 garbage-first heap   total 129024K, used 88776K [0x0000000080000000, 0x0000000100000000)
  region size 1024K, 67 young (68608K), 9 survivors (9216K)
 Metaspace       used 45795K, capacity 46884K, committed 47132K, reserved 1089536K
  class space    used 5840K, capacity 6265K, committed 6272K, reserved 1048576K
}
Event: 5.346 GC heap after
{Heap after GC invocations=11 (full 0):
 garbage-first heap   total 155648K, used 30936K [0x0000000080000000, 0x0000000100000000)
  region size 1024K, 4 young (4096K), 4 survivors (4096K)
 Metaspace       used 45795K, capacity 46884K, committed 47132K, reserved 1089536K
  class space    used 5840K, capacity 6265K, committed 6272K, reserved 1048576K
}
Event: 6.071 GC heap before
{Heap before GC invocations=11 (full 0):
 garbage-first heap   total 155648K, used 104664K [0x0000000080000000, 0x0000000100000000)
  region size 1024K, 76 young (77824K), 4 survivors (4096K)
 Metaspace       used 49271K, capacity 50562K, committed 50844K, reserved 1093632K
  class space    used 6285K, capacity 6807K, committed 6912K, reserved 1048576K
}
Event: 6.076 GC heap after
{Heap after GC invocations=12 (full 0):
 garbage-first heap   total 155648K, used 33750K [0x0000000080000000, 0x0000000100000000)
  region size 1024K, 7 young (7168K), 7 survivors (7168K)
 Metaspace       used 49271K, capacity 50562K, committed 50844K, reserved 1093632K
  class space    used 6285K, capacity 6807K, committed 6912K, reserved 1048576K
}
Event: 7.085 GC heap before
{Heap before GC invocations=12 (full 0):
 garbage-first heap   total 155648K, used 116694K [0x0000000080000000, 0x0000000100000000)
  region size 1024K, 80 young (81920K), 7 survivors (7168K)
 Metaspace       used 57483K, capacity 59114K, committed 59420K, reserved 1101824K
  class space    used 7319K, capacity 7941K, committed 8064K, reserved 1048576K
}
Event: 7.092 GC heap after
{Heap after GC invocations=13 (full 0):
 garbage-first heap   total 155648K, used 50416K [0x0000000080000000, 0x0000000100000000)
  region size 1024K, 10 young (10240K), 10 survivors (10240K)
 Metaspace       used 57483K, capacity 59114K, committed 59420K, reserved 1101824K
  class space    used 7319K, capacity 7941K, committed 8064K, reserved 1048576K
}
Event: 7.915 GC heap before
{Heap before GC invocations=13 (full 0):
 garbage-first heap   total 155648K, used 123120K [0x0000000080000000, 0x0000000100000000)
  region size 1024K, 74 young (75776K), 10 survivors (10240K)
 Metaspace       used 63286K, capacity 64911K, committed 65180K, reserved 1105920K
  class space    used 8022K, capacity 8686K, committed 8704K, reserved 1048576K
}
Event: 7.922 GC heap after
{Heap after GC invocations=14 (full 0):
 garbage-first heap   total 155648K, used 57180K [0x0000000080000000, 0x0000000100000000)
  region size 1024K, 7 young (7168K), 7 survivors (7168K)
 Metaspace       used 63286K, capacity 64911K, committed 65180K, reserved 1105920K
  class space    used 8022K, capacity 8686K, committed 8704K, reserved 1048576K
}
Event: 8.631 GC heap before
{Heap before GC invocations=14 (full 0):
 garbage-first heap   total 155648K, used 118620K [0x0000000080000000, 0x0000000100000000)
  region size 1024K, 67 young (68608K), 7 survivors (7168K)
 Metaspace       used 68047K, capacity 69672K, committed 69808K, reserved 1110016K
  class space    used 8643K, capacity 9276K, committed 9344K, reserved 1048576K
}
Event: 8.638 GC heap after
{Heap after GC invocations=15 (full 0):
 garbage-first heap   total 155648K, used 61319K [0x0000000080000000, 0x0000000100000000)
  region size 1024K, 5 young (5120K), 5 survivors (5120K)
 Metaspace       used 68047K, capacity 69672K, committed 69808K, reserved 1110016K
  class space    used 8643K, capacity 9276K, committed 9344K, reserved 1048576K
}
Event: 8.698 GC heap before
{Heap before GC invocations=15 (full 0):
 garbage-first heap   total 155648K, used 71559K [0x0000000080000000, 0x0000000100000000)
  region size 1024K, 16 young (16384K), 5 survivors (5120K)
 Metaspace       used 68055K, capacity 69672K, committed 69808K, reserved 1110016K
  class space    used 8644K, capacity 9276K, committed 9344K, reserved 1048576K
}
Event: 8.705 GC heap after
{Heap after GC invocations=16 (full 0):
 garbage-first heap   total 155648K, used 61270K [0x0000000080000000, 0x0000000100000000)
  region size 1024K, 5 young (5120K), 5 survivors (5120K)
 Metaspace       used 68055K, capacity 69672K, committed 69808K, reserved 1110016K
  class space    used 8644K, capacity 9276K, committed 9344K, reserved 1048576K
}
Event: 9.415 GC heap before
{Heap before GC invocations=17 (full 0):
 garbage-first heap   total 155648K, used 123734K [0x0000000080000000, 0x0000000100000000)
  region size 1024K, 66 young (67584K), 5 survivors (5120K)
 Metaspace       used 72866K, capacity 74522K, committed 74800K, reserved 1114112K
  class space    used 9476K, capacity 10145K, committed 10240K, reserved 1048576K
}
Event: 9.422 GC heap after
{Heap after GC invocations=18 (full 0):
 garbage-first heap   total 155648K, used 65157K [0x0000000080000000, 0x0000000100000000)
  region size 1024K, 8 young (8192K), 8 survivors (8192K)
 Metaspace       used 72866K, capacity 74522K, committed 74800K, reserved 1114112K
  class space    used 9476K, capacity 10145K, committed 10240K, reserved 1048576K
}

Deoptimization events (20 events):
Event: 9.830 Thread 0x0000012ed65af800 Uncommon trap: trap_request=0xffffff4d fr.pc=0x0000012ec4481174 relative=0x00000000000001b4
Event: 9.830 Thread 0x0000012ed65af800 Uncommon trap: reason=unstable_if action=reinterpret pc=0x0000012ec4481174 method=com.esotericsoftware.kryo.io.Input.require(I)I @ 65 c2
Event: 9.830 Thread 0x0000012ed65af800 DEOPT PACKING pc=0x0000012ec4481174 sp=0x00000007c03f8dd0
Event: 9.830 Thread 0x0000012ed65af800 DEOPT UNPACKING pc=0x0000012ebc78a1af sp=0x00000007c03f8d80 mode 2
Event: 9.841 Thread 0x0000012ed65af800 Uncommon trap: trap_request=0xfffffff4 fr.pc=0x0000012ec4496734 relative=0x0000000000000734
Event: 9.841 Thread 0x0000012ed65af800 Uncommon trap: reason=null_check action=make_not_entrant pc=0x0000012ec4496734 method=org.gradle.util.internal.SimpleMapInterner.intern(Ljava/lang/Object;)Ljava/lang/Object; @ 2 c2
Event: 9.841 Thread 0x0000012ed65af800 DEOPT PACKING pc=0x0000012ec4496734 sp=0x00000007c03f91b0
Event: 9.841 Thread 0x0000012ed65af800 DEOPT UNPACKING pc=0x0000012ebc78a1af sp=0x00000007c03f9178 mode 2
Event: 9.841 Thread 0x0000012ed65af800 Uncommon trap: trap_request=0xffffff4d fr.pc=0x0000012ec449b068 relative=0x0000000000000708
Event: 9.841 Thread 0x0000012ed65af800 Uncommon trap: reason=unstable_if action=reinterpret pc=0x0000012ec449b068 method=org.gradle.util.internal.SimpleMapInterner.intern(Ljava/lang/String;)Ljava/lang/String; @ 1 c2
Event: 9.841 Thread 0x0000012ed65af800 DEOPT PACKING pc=0x0000012ec449b068 sp=0x00000007c03f9140
Event: 9.841 Thread 0x0000012ed65af800 DEOPT UNPACKING pc=0x0000012ebc78a1af sp=0x00000007c03f9108 mode 2
Event: 9.869 Thread 0x0000012ed65af800 Uncommon trap: trap_request=0xffffff4d fr.pc=0x0000012ec469339c relative=0x00000000000010fc
Event: 9.869 Thread 0x0000012ed65af800 Uncommon trap: reason=unstable_if action=reinterpret pc=0x0000012ec469339c method=org.gradle.internal.instantiation.generator.AbstractClassGenerator$ExtensibleTypePropertyHandler.unclaimed(Lorg/gradle/internal/instantiation/generator/AbstractClassGenerato
Event: 9.869 Thread 0x0000012ed65af800 DEOPT PACKING pc=0x0000012ec469339c sp=0x00000007c03f9630
Event: 9.869 Thread 0x0000012ed65af800 DEOPT UNPACKING pc=0x0000012ebc78a1af sp=0x00000007c03f95c0 mode 2
Event: 9.903 Thread 0x0000012ed65af800 Uncommon trap: trap_request=0xffffff4d fr.pc=0x0000012ec465c2ac relative=0x0000000000000fec
Event: 9.903 Thread 0x0000012ed65af800 Uncommon trap: reason=unstable_if action=reinterpret pc=0x0000012ec465c2ac method=org.gradle.internal.instantiation.generator.AbstractClassGenerator$ExtensibleTypePropertyHandler.unclaimed(Lorg/gradle/internal/instantiation/generator/AbstractClassGenerato
Event: 9.903 Thread 0x0000012ed65af800 DEOPT PACKING pc=0x0000012ec465c2ac sp=0x00000007c03f91f0
Event: 9.903 Thread 0x0000012ed65af800 DEOPT UNPACKING pc=0x0000012ebc78a1af sp=0x00000007c03f9190 mode 2

Classes redefined (0 events):
No events

Internal exceptions (20 events):
Event: 8.844 Thread 0x0000012ed65af800 Exception <a 'java/lang/ClassNotFoundException'{0x0000000087fcf278}: org/gradle/api/internal/artifacts/dsl/dependencies/DefaultDependencyHandlerCustomizer> (0x0000000087fcf278) thrown at [src/hotspot/share/classfile/systemDictionary.cpp, line 230]
Event: 8.845 Thread 0x0000012ed65af800 Exception <a 'java/lang/ClassNotFoundException'{0x0000000087e4ee78}: org/gradle/api/internal/artifacts/dsl/dependencies/DefaultDependencyHandler_DecoratedCustomizer> (0x0000000087e4ee78) thrown at [src/hotspot/share/classfile/systemDictionary.cpp, line 230]
Event: 9.581 Thread 0x0000012ed65af800 Exception <a 'java/lang/ClassNotFoundException'{0x0000000088c7ce58}: com/android/build/gradle/internal/api/ApkVariantOutputImpl_DecoratedBeanInfo> (0x0000000088c7ce58) thrown at [src/hotspot/share/classfile/systemDictionary.cpp, line 230]
Event: 9.581 Thread 0x0000012ed65af800 Exception <a 'java/lang/ClassNotFoundException'{0x0000000088c9ae68}: com/android/build/gradle/internal/api/ApkVariantOutputImplBeanInfo> (0x0000000088c9ae68) thrown at [src/hotspot/share/classfile/systemDictionary.cpp, line 230]
Event: 9.582 Thread 0x0000012ed65af800 Exception <a 'java/lang/ClassNotFoundException'{0x0000000088cba208}: com/android/build/gradle/internal/api/BaseVariantOutputImplBeanInfo> (0x0000000088cba208) thrown at [src/hotspot/share/classfile/systemDictionary.cpp, line 230]
Event: 9.582 Thread 0x0000012ed65af800 Exception <a 'java/lang/ClassNotFoundException'{0x0000000088cd88e8}: com/android/build/gradle/internal/api/BaseVariantOutputImplCustomizer> (0x0000000088cd88e8) thrown at [src/hotspot/share/classfile/systemDictionary.cpp, line 230]
Event: 9.583 Thread 0x0000012ed65af800 Exception <a 'java/lang/ClassNotFoundException'{0x0000000088b09890}: com/android/build/gradle/internal/api/ApkVariantOutputImplCustomizer> (0x0000000088b09890) thrown at [src/hotspot/share/classfile/systemDictionary.cpp, line 230]
Event: 9.584 Thread 0x0000012ed65af800 Exception <a 'java/lang/ClassNotFoundException'{0x0000000088b36c20}: com/android/build/gradle/internal/api/ApkVariantOutputImpl_DecoratedCustomizer> (0x0000000088b36c20) thrown at [src/hotspot/share/classfile/systemDictionary.cpp, line 230]
Event: 9.647 Thread 0x0000012ed65af800 Exception <a 'java/lang/ClassNotFoundException'{0x00000000887d3980}: com/android/build/gradle/internal/api/ReadOnlyBuildTypeBeanInfo> (0x00000000887d3980) thrown at [src/hotspot/share/classfile/systemDictionary.cpp, line 230]
Event: 9.647 Thread 0x0000012ed65af800 Exception <a 'java/lang/ClassNotFoundException'{0x00000000887f2078}: com/android/build/gradle/internal/api/ReadOnlyBaseConfigBeanInfo> (0x00000000887f2078) thrown at [src/hotspot/share/classfile/systemDictionary.cpp, line 230]
Event: 9.648 Thread 0x0000012ed65af800 Exception <a 'java/lang/ClassNotFoundException'{0x0000000088611540}: com/android/build/gradle/internal/api/ReadOnlyBaseConfigCustomizer> (0x0000000088611540) thrown at [src/hotspot/share/classfile/systemDictionary.cpp, line 230]
Event: 9.649 Thread 0x0000012ed65af800 Exception <a 'java/lang/ClassNotFoundException'{0x00000000886403a8}: com/android/build/gradle/internal/api/ReadOnlyBuildTypeCustomizer> (0x00000000886403a8) thrown at [src/hotspot/share/classfile/systemDictionary.cpp, line 230]
Event: 9.794 Thread 0x0000012ed65af800 Implicit null exception at 0x0000012ec46a37a4 to 0x0000012ec46a40c0
Event: 9.794 Thread 0x0000012ed65af800 Implicit null exception at 0x0000012ec469fe24 to 0x0000012ec469ffb8
Event: 9.795 Thread 0x0000012ed65af800 Implicit null exception at 0x0000012ec469f9db to 0x0000012ec469fa6c
Event: 9.795 Thread 0x0000012ed65af800 Implicit null exception at 0x0000012ec46a37a4 to 0x0000012ec46a40c0
Event: 9.797 Thread 0x0000012ed65af800 Implicit null exception at 0x0000012ec46a37a4 to 0x0000012ec46a40c0
Event: 9.797 Thread 0x0000012ed65af800 Implicit null exception at 0x0000012ec46a37a4 to 0x0000012ec46a40c0
Event: 9.841 Thread 0x0000012ed65af800 Implicit null exception at 0x0000012ec4496031 to 0x0000012ec4496720
Event: 9.841 Thread 0x0000012ed65af800 Implicit null exception at 0x0000012ec449a996 to 0x0000012ec449b054

Events (20 events):
Event: 9.938 loading class com/android/build/api/variant/impl/ResourcesApkPackagingImpl
Event: 9.938 loading class com/android/build/api/variant/impl/ResourcesApkPackagingImpl done
Event: 9.938 loading class com/android/build/api/variant/impl/ResourcesApkPackagingImpl$excludes$1
Event: 9.938 loading class com/android/build/api/variant/impl/ResourcesApkPackagingImpl$excludes$1 done
Event: 9.939 loading class com/android/build/gradle/internal/core/Abi
Event: 9.939 loading class com/android/build/gradle/internal/core/Abi done
Event: 9.940 loading class com/google/common/collect/ImmutableSet
Event: 9.940 loading class com/google/common/collect/ImmutableSet done
Event: 9.940 loading class com/google/common/collect/ImmutableSet
Event: 9.940 loading class com/google/common/collect/ImmutableSet done
Event: 9.940 loading class com/google/common/collect/ImmutableSet
Event: 9.940 loading class com/google/common/collect/ImmutableSet done
Event: 9.940 loading class com/google/common/collect/ImmutableSet
Event: 9.940 loading class com/google/common/collect/ImmutableSet done
Event: 9.941 loading class com/android/build/gradle/internal/tasks/PerModuleBundleTaskKt
Event: 9.941 loading class com/android/build/gradle/internal/tasks/PerModuleBundleTaskKt done
Event: 9.941 loading class com/android/build/gradle/internal/signing/SigningConfigDataProvider$Companion
Event: 9.941 loading class com/android/build/gradle/internal/signing/SigningConfigDataProvider$Companion done
Event: 9.942 loading class com/android/build/gradle/internal/signing/SigningConfigDataProvider$Companion$create$1
Event: 9.942 loading class com/android/build/gradle/internal/signing/SigningConfigDataProvider$Companion$create$1 done


Dynamic libraries:
0x00007ff6d9270000 - 0x00007ff6d927a000 	D:\AndroidStudio\jbr\bin\java.exe
0x00007ffd61150000 - 0x00007ffd61364000 	C:\WINDOWS\SYSTEM32\ntdll.dll
0x00007ffd5f8e0000 - 0x00007ffd5f9a2000 	C:\WINDOWS\System32\KERNEL32.DLL
0x00007ffd5eaa0000 - 0x00007ffd5ee3c000 	C:\WINDOWS\System32\KERNELBASE.dll
0x00007ffd5e7c0000 - 0x00007ffd5e8d1000 	C:\WINDOWS\System32\ucrtbase.dll
0x00007ffd5b2d0000 - 0x00007ffd5b2eb000 	D:\AndroidStudio\jbr\bin\VCRUNTIME140.dll
0x00007ffd5b2b0000 - 0x00007ffd5b2c7000 	D:\AndroidStudio\jbr\bin\jli.dll
0x00007ffd60800000 - 0x00007ffd609ab000 	C:\WINDOWS\System32\USER32.dll
0x00007ffd42780000 - 0x00007ffd42a0e000 	C:\WINDOWS\WinSxS\amd64_microsoft.windows.common-controls_6595b64144ccf1df_6.0.22621.608_none_a9444ca7c10bb01d\COMCTL32.dll
0x00007ffd5eec0000 - 0x00007ffd5eee6000 	C:\WINDOWS\System32\win32u.dll
0x00007ffd5f830000 - 0x00007ffd5f8d7000 	C:\WINDOWS\System32\msvcrt.dll
0x00007ffd60ca0000 - 0x00007ffd60cc9000 	C:\WINDOWS\System32\GDI32.dll
0x00007ffd5e8e0000 - 0x00007ffd5e9f3000 	C:\WINDOWS\System32\gdi32full.dll
0x00007ffd5ea00000 - 0x00007ffd5ea9a000 	C:\WINDOWS\System32\msvcp_win.dll
0x00007ffd607c0000 - 0x00007ffd607f1000 	C:\WINDOWS\System32\IMM32.DLL
0x00007ffd5b1e0000 - 0x00007ffd5b1ec000 	D:\AndroidStudio\jbr\bin\vcruntime140_1.dll
0x00007ffd57520000 - 0x00007ffd575ad000 	D:\AndroidStudio\jbr\bin\msvcp140.dll
0x00007ffcbbb90000 - 0x00007ffcbc74c000 	D:\AndroidStudio\jbr\bin\server\jvm.dll
0x00007ffd60ea0000 - 0x00007ffd60f4e000 	C:\WINDOWS\System32\ADVAPI32.dll
0x00007ffd5f9b0000 - 0x00007ffd5fa54000 	C:\WINDOWS\System32\sechost.dll
0x00007ffd5f090000 - 0x00007ffd5f1a7000 	C:\WINDOWS\System32\RPCRT4.dll
0x00007ffd60b50000 - 0x00007ffd60b58000 	C:\WINDOWS\System32\PSAPI.DLL
0x00007ffd36f40000 - 0x00007ffd36f49000 	C:\WINDOWS\SYSTEM32\WSOCK32.dll
0x00007ffd5ef60000 - 0x00007ffd5efd1000 	C:\WINDOWS\System32\WS2_32.dll
0x00007ffd57610000 - 0x00007ffd57644000 	C:\WINDOWS\SYSTEM32\WINMM.dll
0x00007ffd55450000 - 0x00007ffd5545a000 	C:\WINDOWS\SYSTEM32\VERSION.dll
0x00007ffd5d650000 - 0x00007ffd5d668000 	C:\WINDOWS\SYSTEM32\kernel.appcore.dll
0x00007ffd588c0000 - 0x00007ffd588d0000 	D:\AndroidStudio\jbr\bin\verify.dll
0x00007ffd5b4b0000 - 0x00007ffd5b6de000 	C:\WINDOWS\SYSTEM32\DBGHELP.DLL
0x00007ffd5fac0000 - 0x00007ffd5fe49000 	C:\WINDOWS\System32\combase.dll
0x00007ffd60b60000 - 0x00007ffd60c37000 	C:\WINDOWS\System32\OLEAUT32.dll
0x00007ffd3fd80000 - 0x00007ffd3fdb2000 	C:\WINDOWS\SYSTEM32\dbgcore.DLL
0x00007ffd5ee40000 - 0x00007ffd5eebb000 	C:\WINDOWS\System32\bcryptPrimitives.dll
0x00007ffd49420000 - 0x00007ffd49448000 	D:\AndroidStudio\jbr\bin\java.dll
0x00007ffd58660000 - 0x00007ffd5866a000 	D:\AndroidStudio\jbr\bin\jimage.dll
0x00007ffd575f0000 - 0x00007ffd57608000 	D:\AndroidStudio\jbr\bin\zip.dll
0x00007ffd5fe50000 - 0x00007ffd60640000 	C:\WINDOWS\System32\SHELL32.dll
0x00007ffd5c5a0000 - 0x00007ffd5ce6d000 	C:\WINDOWS\SYSTEM32\windows.storage.dll
0x00007ffd5c460000 - 0x00007ffd5c59e000 	C:\WINDOWS\SYSTEM32\wintypes.dll
0x00007ffd606a0000 - 0x00007ffd60791000 	C:\WINDOWS\System32\SHCORE.dll
0x00007ffd60c40000 - 0x00007ffd60c9e000 	C:\WINDOWS\System32\shlwapi.dll
0x00007ffd5e4c0000 - 0x00007ffd5e4e1000 	C:\WINDOWS\SYSTEM32\profapi.dll
0x00007ffd575b0000 - 0x00007ffd575c9000 	D:\AndroidStudio\jbr\bin\net.dll
0x00007ffd562b0000 - 0x00007ffd563e7000 	C:\WINDOWS\SYSTEM32\WINHTTP.dll
0x00007ffd5db40000 - 0x00007ffd5dba9000 	C:\WINDOWS\system32\mswsock.dll
0x00007ffd48740000 - 0x00007ffd48753000 	D:\AndroidStudio\jbr\bin\nio.dll
0x00007ffd58020000 - 0x00007ffd58047000 	C:\Users\Huawei\.gradle\native\e1d6ef7f7dcc3fd88c89a11ec53ec762bb8ba0a96d01ffa2cd45eb1d1d8dd5c5\windows-amd64\native-platform.dll
0x00007ffd22d90000 - 0x00007ffd22ed4000 	C:\Users\Huawei\.gradle\native\0d407fdbe67a94daf76414ababcb853783967236a71b16ec16e742cd7a986fd3\windows-amd64\native-platform-file-events.dll
0x00007ffd58640000 - 0x00007ffd5864a000 	D:\AndroidStudio\jbr\bin\management.dll
0x00007ffd58380000 - 0x00007ffd5838b000 	D:\AndroidStudio\jbr\bin\management_ext.dll
0x00007ffd5ddb0000 - 0x00007ffd5ddcb000 	C:\WINDOWS\SYSTEM32\CRYPTSP.dll
0x00007ffd5d5c0000 - 0x00007ffd5d5f5000 	C:\WINDOWS\system32\rsaenh.dll
0x00007ffd5dc40000 - 0x00007ffd5dc68000 	C:\WINDOWS\SYSTEM32\USERENV.dll
0x00007ffd5df40000 - 0x00007ffd5df68000 	C:\WINDOWS\SYSTEM32\bcrypt.dll
0x00007ffd5dda0000 - 0x00007ffd5ddac000 	C:\WINDOWS\SYSTEM32\CRYPTBASE.dll
0x00007ffd5d100000 - 0x00007ffd5d12d000 	C:\WINDOWS\SYSTEM32\IPHLPAPI.DLL
0x00007ffd5fab0000 - 0x00007ffd5fab9000 	C:\WINDOWS\System32\NSI.dll
0x00007ffd55870000 - 0x00007ffd55889000 	C:\WINDOWS\SYSTEM32\dhcpcsvc6.DLL
0x00007ffd56090000 - 0x00007ffd560af000 	C:\WINDOWS\SYSTEM32\dhcpcsvc.DLL
0x00007ffd5d130000 - 0x00007ffd5d223000 	C:\WINDOWS\SYSTEM32\DNSAPI.dll

dbghelp: loaded successfully - version: 4.0.5 - missing functions: none
symbol engine: initialized successfully - sym options: 0x614 - pdb path: .;D:\AndroidStudio\jbr\bin;C:\WINDOWS\SYSTEM32;C:\WINDOWS\WinSxS\amd64_microsoft.windows.common-controls_6595b64144ccf1df_6.0.22621.608_none_a9444ca7c10bb01d;D:\AndroidStudio\jbr\bin\server;C:\Users\Huawei\.gradle\native\e1d6ef7f7dcc3fd88c89a11ec53ec762bb8ba0a96d01ffa2cd45eb1d1d8dd5c5\windows-amd64;C:\Users\Huawei\.gradle\native\0d407fdbe67a94daf76414ababcb853783967236a71b16ec16e742cd7a986fd3\windows-amd64

VM Arguments:
jvm_args: --add-opens=java.base/java.util=ALL-UNNAMED --add-opens=java.base/java.lang=ALL-UNNAMED --add-opens=java.base/java.lang.invoke=ALL-UNNAMED --add-opens=java.base/java.util=ALL-UNNAMED --add-opens=java.prefs/java.util.prefs=ALL-UNNAMED --add-opens=java.prefs/java.util.prefs=ALL-UNNAMED --add-opens=java.base/java.nio.charset=ALL-UNNAMED --add-opens=java.base/java.net=ALL-UNNAMED --add-opens=java.base/java.util.concurrent.atomic=ALL-UNNAMED -Xmx2048m -Dfile.encoding=UTF-8 -Duser.country=MY -Duser.language=en -Duser.variant 
java_command: org.gradle.launcher.daemon.bootstrap.GradleDaemon 7.5
java_class_path (initial): C:\Users\Huawei\.gradle\wrapper\dists\gradle-7.5-bin\f1w0cc9nuo0eivz97x2xlu9sv\gradle-7.5\lib\gradle-launcher-7.5.jar
Launcher Type: SUN_STANDARD

[Global flags]
     intx CICompilerCount                          = 4                                         {product} {ergonomic}
     uint ConcGCThreads                            = 2                                         {product} {ergonomic}
     uint G1ConcRefinementThreads                  = 8                                         {product} {ergonomic}
   size_t G1HeapRegionSize                         = 1048576                                   {product} {ergonomic}
    uintx GCDrainStackTargetSize                   = 64                                        {product} {ergonomic}
   size_t InitialHeapSize                          = 132120576                                 {product} {ergonomic}
   size_t MarkStackSize                            = 4194304                                   {product} {ergonomic}
   size_t MaxHeapSize                              = 2147483648                                {product} {command line}
   size_t MaxNewSize                               = 1287651328                                {product} {ergonomic}
   size_t MinHeapDeltaBytes                        = 1048576                                   {product} {ergonomic}
    uintx NonNMethodCodeHeapSize                   = 5836300                                {pd product} {ergonomic}
    uintx NonProfiledCodeHeapSize                  = 122910970                              {pd product} {ergonomic}
    uintx ProfiledCodeHeapSize                     = 122910970                              {pd product} {ergonomic}
    uintx ReservedCodeCacheSize                    = 251658240                              {pd product} {ergonomic}
     bool SegmentedCodeCache                       = true                                      {product} {ergonomic}
     bool UseCompressedClassPointers               = true                                 {lp64_product} {ergonomic}
     bool UseCompressedOops                        = true                                 {lp64_product} {ergonomic}
     bool UseG1GC                                  = true                                      {product} {ergonomic}
     bool UseLargePagesIndividualAllocation        = false                                  {pd product} {ergonomic}

Logging:
Log output configuration:
 #0: stdout all=warning uptime,level,tags
 #1: stderr all=off uptime,level,tags

Environment Variables:
PATH=C:\Windows\system32;C:\Windows;C:\Windows\System32\Wbem;C:\Windows\System32\WindowsPowerShell\v1.0\;C:\Windows\System32\OpenSSH\;C:\Program Files (x86)\NVIDIA Corporation\PhysX\Common;C:\Program Files\NVIDIA Corporation\NVIDIA NvDLISR;C:\Program Files\Intel\WiFi\bin\;C:\Program Files\Common Files\Intel\WirelessCommon\;C:\WINDOWS\system32;C:\WINDOWS;C:\WINDOWS\System32\Wbem;C:\WINDOWS\System32\WindowsPowerShell\v1.0\;C:\WINDOWS\System32\OpenSSH\;D:\Git\cmd;C:\Users\Huawei\AppData\Local\Microsoft\WindowsApps;D:\IntelliJ IDEA Community Edition 2022.2.2\bin;C:\Users\Huawei\AppData\Local\GitHubDesktop\bin;%USERPROFILE%\AppData\Local\Microsoft\WindowsApps;
USERNAME=Huawei
OS=Windows_NT
PROCESSOR_IDENTIFIER=Intel64 Family 6 Model 142 Stepping 11, GenuineIntel



---------------  S Y S T E M  ---------------

OS: Windows 11 , 64 bit Build 22621 (10.0.22621.1485)
OS uptime: 0 days 19:30 hours

CPU:total 8 (initial active 8) (4 cores per cpu, 2 threads per core) family 6 model 142 stepping 11 microcode 0xde, cmov, cx8, fxsr, mmx, sse, sse2, sse3, ssse3, sse4.1, sse4.2, popcnt, avx, avx2, aes, clmul, erms, 3dnowpref, lzcnt, ht, tsc, tscinvbit, bmi1, bmi2, adx, fma

Memory: 4k page, system-wide physical 8037M (1034M free)
TotalPageFile size 8037M (AvailPageFile size 14M)
current process WorkingSet (physical memory assigned to process): 397M, peak: 409M
current process commit charge ("private bytes"): 439M, peak: 451M

vm_info: OpenJDK 64-Bit Server VM (11.0.15+0-b2043.56-9505619) for windows-amd64 JRE (11.0.15+0-b2043.56-9505619), built on Jan 19 2023 02:48:00 by "builduser" with unknown MS VC++:1929

END.
