#
# There is insufficient memory for the Java Runtime Environment to continue.
# Native memory allocation (mmap) failed to map 132120576 bytes for Failed to commit area from 0x0000000082600000 to 0x000000008a400000 of length 132120576.
# Possible reasons:
#   The system is out of physical RAM or swap space
#   The process is running with CompressedOops enabled, and the Java Heap may be blocking the growth of the native heap
# Possible solutions:
#   Reduce memory load on the system
#   Increase physical memory or swap space
#   Check if swap backing store is full
#   Decrease Java heap size (-Xmx/-Xms)
#   Decrease number of Java threads
#   Decrease Java thread stack sizes (-Xss)
#   Set larger code cache with -XX:ReservedCodeCacheSize=
# This output file may be truncated or incomplete.
#
#  Out of Memory Error (src/hotspot/os/windows/os_windows.cpp:3627), pid=11068, tid=8228
#
# JRE version:  (11.0.15) (build )
# Java VM: OpenJDK 64-Bit Server VM (11.0.15+0-b2043.56-9505619, mixed mode, sharing, tiered, compressed oops, g1 gc, windows-amd64)
# No core dump will be written. Minidumps are not enabled by default on client versions of Windows
#

---------------  S U M M A R Y ------------

Command Line: org.jetbrains.kotlin.cli.jvm.K2JVMCompiler @D:\TaskApp\app\build\20230417_2755921459876259668.compiler.options

Host: Intel(R) Core(TM) i7-8565U CPU @ 1.80GHz, 8 cores, 7G,  Windows 11 , 64 bit Build 22621 (10.0.22621.1485)
Time: Mon Apr 17 19:22:50 2023 W. Europe Daylight Time elapsed time: 0.028449 seconds (0d 0h 0m 0s)

---------------  T H R E A D  ---------------

Current thread (0x0000019cfb46f800):  JavaThread "Unknown thread" [_thread_in_vm, id=8228, stack(0x0000006c44b00000,0x0000006c44c00000)]

Stack: [0x0000006c44b00000,0x0000006c44c00000]
Native frames: (J=compiled Java code, j=interpreted, Vv=VM code, C=native code)
V  [jvm.dll+0x64135a]
V  [jvm.dll+0x7d39f9]
V  [jvm.dll+0x7d51b9]
V  [jvm.dll+0x7d58a3]
V  [jvm.dll+0x2691c5]
V  [jvm.dll+0x63e4e9]
V  [jvm.dll+0x632985]
V  [jvm.dll+0x3231ac]
V  [jvm.dll+0x323032]
V  [jvm.dll+0x327c06]
V  [jvm.dll+0x36ffa2]
V  [jvm.dll+0x36fa01]
V  [jvm.dll+0x2fea28]
V  [jvm.dll+0x2ffb25]
V  [jvm.dll+0x7accd7]
V  [jvm.dll+0x7ae49f]
V  [jvm.dll+0x37d299]
V  [jvm.dll+0x78ef9f]
V  [jvm.dll+0x3ec847]
V  [jvm.dll+0x3eed31]
C  [jli.dll+0x52cb]
C  [ucrtbase.dll+0x29363]
C  [KERNEL32.DLL+0x1269d]
C  [ntdll.dll+0x5a9f8]


---------------  P R O C E S S  ---------------

Threads class SMR info:
_java_thread_list=0x0000019cfb205e30, length=0, elements={
}

Java Threads: ( => current thread )

Other Threads:
  0x0000019cfb486800 GCTaskThread "GC Thread#0" [stack: 0x0000006c44c00000,0x0000006c44d00000] [id=3480]
  0x0000019cfb4bb000 ConcurrentGCThread "G1 Main Marker" [stack: 0x0000006c44d00000,0x0000006c44e00000] [id=14168]
  0x0000019cfb4bd000 ConcurrentGCThread "G1 Conc#0" [stack: 0x0000006c44e00000,0x0000006c44f00000] [id=7292]

[error occurred during error reporting (printing all threads), id 0xc0000005, EXCEPTION_ACCESS_VIOLATION (0xc0000005) at pc=0x00007ffcbbe9f3e7]

VM state:not at safepoint (not fully initialized)

VM Mutex/Monitor currently owned by a thread:  ([mutex/lock_event])
[0x0000019cfb46ac60] Heap_lock - owner thread: 0x0000019cfb46f800

Heap address: 0x0000000082600000, size: 2010 MB, Compressed Oops mode: Non-zero based: 0x0000000082600000
Narrow klass base: 0x0000000000000000, Narrow klass shift: 0

GC Heap History (0 events):
No events

Deoptimization events (0 events):
No events

Classes redefined (0 events):
No events

Internal exceptions (0 events):
No events

Events (1 events):
Event: 0.011 Loaded shared library D:\AndroidStudio\jbr\bin\zip.dll


Dynamic libraries:
0x00007ff6d9270000 - 0x00007ff6d927a000 	D:\AndroidStudio\jbr\bin\java.exe
0x00007ffd61150000 - 0x00007ffd61364000 	C:\WINDOWS\SYSTEM32\ntdll.dll
0x00007ffd5f8e0000 - 0x00007ffd5f9a2000 	C:\WINDOWS\System32\KERNEL32.DLL
0x00007ffd5eaa0000 - 0x00007ffd5ee3c000 	C:\WINDOWS\System32\KERNELBASE.dll
0x00007ffd5e7c0000 - 0x00007ffd5e8d1000 	C:\WINDOWS\System32\ucrtbase.dll
0x00007ffd5b2b0000 - 0x00007ffd5b2c7000 	D:\AndroidStudio\jbr\bin\jli.dll
0x00007ffd5b1e0000 - 0x00007ffd5b1fb000 	D:\AndroidStudio\jbr\bin\VCRUNTIME140.dll
0x00007ffd60800000 - 0x00007ffd609ab000 	C:\WINDOWS\System32\USER32.dll
0x00007ffd42780000 - 0x00007ffd42a0e000 	C:\WINDOWS\WinSxS\amd64_microsoft.windows.common-controls_6595b64144ccf1df_6.0.22621.608_none_a9444ca7c10bb01d\COMCTL32.dll
0x00007ffd5eec0000 - 0x00007ffd5eee6000 	C:\WINDOWS\System32\win32u.dll
0x00007ffd5f830000 - 0x00007ffd5f8d7000 	C:\WINDOWS\System32\msvcrt.dll
0x00007ffd60ca0000 - 0x00007ffd60cc9000 	C:\WINDOWS\System32\GDI32.dll
0x00007ffd5e8e0000 - 0x00007ffd5e9f3000 	C:\WINDOWS\System32\gdi32full.dll
0x00007ffd5ea00000 - 0x00007ffd5ea9a000 	C:\WINDOWS\System32\msvcp_win.dll
0x00007ffd607c0000 - 0x00007ffd607f1000 	C:\WINDOWS\System32\IMM32.DLL
0x00007ffd575a0000 - 0x00007ffd575ac000 	D:\AndroidStudio\jbr\bin\vcruntime140_1.dll
0x00007ffd47a20000 - 0x00007ffd47aad000 	D:\AndroidStudio\jbr\bin\msvcp140.dll
0x00007ffcbbb90000 - 0x00007ffcbc74c000 	D:\AndroidStudio\jbr\bin\server\jvm.dll
0x00007ffd60ea0000 - 0x00007ffd60f4e000 	C:\WINDOWS\System32\ADVAPI32.dll
0x00007ffd5f9b0000 - 0x00007ffd5fa54000 	C:\WINDOWS\System32\sechost.dll
0x00007ffd5f090000 - 0x00007ffd5f1a7000 	C:\WINDOWS\System32\RPCRT4.dll
0x00007ffd60b50000 - 0x00007ffd60b58000 	C:\WINDOWS\System32\PSAPI.DLL
0x00007ffd36f40000 - 0x00007ffd36f49000 	C:\WINDOWS\SYSTEM32\WSOCK32.dll
0x00007ffd57610000 - 0x00007ffd57644000 	C:\WINDOWS\SYSTEM32\WINMM.dll
0x00007ffd55450000 - 0x00007ffd5545a000 	C:\WINDOWS\SYSTEM32\VERSION.dll
0x00007ffd5ef60000 - 0x00007ffd5efd1000 	C:\WINDOWS\System32\WS2_32.dll
0x00007ffd5d650000 - 0x00007ffd5d668000 	C:\WINDOWS\SYSTEM32\kernel.appcore.dll
0x00007ffd588c0000 - 0x00007ffd588d0000 	D:\AndroidStudio\jbr\bin\verify.dll
0x00007ffd5b4b0000 - 0x00007ffd5b6de000 	C:\WINDOWS\SYSTEM32\DBGHELP.DLL
0x00007ffd5fac0000 - 0x00007ffd5fe49000 	C:\WINDOWS\System32\combase.dll
0x00007ffd60b60000 - 0x00007ffd60c37000 	C:\WINDOWS\System32\OLEAUT32.dll
0x00007ffd3fd80000 - 0x00007ffd3fdb2000 	C:\WINDOWS\SYSTEM32\dbgcore.DLL
0x00007ffd5ee40000 - 0x00007ffd5eebb000 	C:\WINDOWS\System32\bcryptPrimitives.dll
0x00007ffd49420000 - 0x00007ffd49448000 	D:\AndroidStudio\jbr\bin\java.dll
0x00007ffd58660000 - 0x00007ffd5866a000 	D:\AndroidStudio\jbr\bin\jimage.dll
0x00007ffd575f0000 - 0x00007ffd57608000 	D:\AndroidStudio\jbr\bin\zip.dll

dbghelp: loaded successfully - version: 4.0.5 - missing functions: none
symbol engine: initialized successfully - sym options: 0x614 - pdb path: .;D:\AndroidStudio\jbr\bin;C:\WINDOWS\SYSTEM32;C:\WINDOWS\WinSxS\amd64_microsoft.windows.common-controls_6595b64144ccf1df_6.0.22621.608_none_a9444ca7c10bb01d;D:\AndroidStudio\jbr\bin\server

VM Arguments:
java_command: org.jetbrains.kotlin.cli.jvm.K2JVMCompiler @D:\TaskApp\app\build\20230417_2755921459876259668.compiler.options
java_class_path (initial): C:\Users\Huawei\.gradle\caches\modules-2\files-2.1\org.jetbrains.kotlin\kotlin-compiler-embeddable\1.8.0\eb9118d4bcceaa2a94b2ae2a33a4ddba7c9a947f\kotlin-compiler-embeddable-1.8.0.jar;C:\Users\Huawei\.gradle\caches\modules-2\files-2.1\org.jetbrains.kotlin\kotlin-stdlib\1.8.0\1796921c7a3e2e2665a83e6c8d33399336cd39bc\kotlin-stdlib-1.8.0.jar;C:\Users\Huawei\.gradle\caches\modules-2\files-2.1\org.jetbrains.kotlin\kotlin-script-runtime\1.8.0\b2f7e760d283cb339974851c222a4c1d48f2d3d\kotlin-script-runtime-1.8.0.jar;C:\Users\Huawei\.gradle\caches\modules-2\files-2.1\org.jetbrains.kotlin\kotlin-reflect\1.6.10\1cbe9c92c12a94eea200d23c2bbaedaf3daf5132\kotlin-reflect-1.6.10.jar;C:\Users\Huawei\.gradle\caches\modules-2\files-2.1\org.jetbrains.kotlin\kotlin-daemon-embeddable\1.8.0\d255216c551685dc3a7e852b53617f5f01aaaa5c\kotlin-daemon-embeddable-1.8.0.jar;C:\Users\Huawei\.gradle\caches\modules-2\files-2.1\org.jetbrains.intellij.deps\trove4j\1.0.20200330\3afb14d5f9ceb459d724e907a21145e8ff394f02\trove4j-1.0.20200330.jar;C:\Users\Huawei\.gradle\caches\modules-2\files-2.1\net.java.dev.jna\jna\5.6.0\330f2244e9030119ab3030fc3fededc86713d9cc\jna-5.6.0.jar;C:\Users\Huawei\.gradle\caches\modules-2\files-2.1\org.jetbrains.kotlin\kotlin-stdlib-common\1.8.0\f7197e7cc76453ac59f8b0f8d5137cc600becd36\kotlin-stdlib-common-1.8.0.jar;C:\Users\Huawei\.gradle\caches\modules-2\files-2.1\org.jetbrains\annotations\13.0\919f0dfe192fb4e063e7dacadee7f8bb9a2672a9\annotations-13.0.jar
Launcher Type: SUN_STANDARD

[Global flags]
     intx CICompilerCount                          = 4                                         {product} {ergonomic}
     uint ConcGCThreads                            = 2                                         {product} {ergonomic}
     uint G1ConcRefinementThreads                  = 8                                         {product} {ergonomic}
   size_t G1HeapRegionSize                         = 1048576                                   {product} {ergonomic}
    uintx GCDrainStackTargetSize                   = 64                                        {product} {ergonomic}
   size_t InitialHeapSize                          = 132120576                                 {product} {ergonomic}
   size_t MarkStackSize                            = 4194304                                   {product} {ergonomic}
   size_t MaxHeapSize                              = 2107637760                                {product} {ergonomic}
   size_t MinHeapDeltaBytes                        = 1048576                                   {product} {ergonomic}
    uintx NonNMethodCodeHeapSize                   = 5836300                                {pd product} {ergonomic}
    uintx NonProfiledCodeHeapSize                  = 122910970                              {pd product} {ergonomic}
    uintx ProfiledCodeHeapSize                     = 122910970                              {pd product} {ergonomic}
    uintx ReservedCodeCacheSize                    = 251658240                              {pd product} {ergonomic}
     bool SegmentedCodeCache                       = true                                      {product} {ergonomic}
     bool UseCompressedClassPointers               = true                                 {lp64_product} {ergonomic}
     bool UseCompressedOops                        = true                                 {lp64_product} {ergonomic}
     bool UseG1GC                                  = true                                      {product} {ergonomic}
     bool UseLargePagesIndividualAllocation        = false                                  {pd product} {ergonomic}

Logging:
Log output configuration:
 #0: stdout all=warning uptime,level,tags
 #1: stderr all=off uptime,level,tags

Environment Variables:
PATH=C:\Windows\system32;C:\Windows;C:\Windows\System32\Wbem;C:\Windows\System32\WindowsPowerShell\v1.0\;C:\Windows\System32\OpenSSH\;C:\Program Files (x86)\NVIDIA Corporation\PhysX\Common;C:\Program Files\NVIDIA Corporation\NVIDIA NvDLISR;C:\Program Files\Intel\WiFi\bin\;C:\Program Files\Common Files\Intel\WirelessCommon\;C:\WINDOWS\system32;C:\WINDOWS;C:\WINDOWS\System32\Wbem;C:\WINDOWS\System32\WindowsPowerShell\v1.0\;C:\WINDOWS\System32\OpenSSH\;D:\Git\cmd;C:\Users\Huawei\AppData\Local\Microsoft\WindowsApps;D:\IntelliJ IDEA Community Edition 2022.2.2\bin;C:\Users\Huawei\AppData\Local\GitHubDesktop\bin;%USERPROFILE%\AppData\Local\Microsoft\WindowsApps;
USERNAME=Huawei
OS=Windows_NT
PROCESSOR_IDENTIFIER=Intel64 Family 6 Model 142 Stepping 11, GenuineIntel



---------------  S Y S T E M  ---------------

OS: Windows 11 , 64 bit Build 22621 (10.0.22621.1485)
OS uptime: 0 days 19:35 hours

CPU:total 8 (initial active 8) (4 cores per cpu, 2 threads per core) family 6 model 142 stepping 11 microcode 0xde, cmov, cx8, fxsr, mmx, sse, sse2, sse3, ssse3, sse4.1, sse4.2, popcnt, avx, avx2, aes, clmul, erms, 3dnowpref, lzcnt, ht, tsc, tscinvbit, bmi1, bmi2, adx, fma

Memory: 4k page, system-wide physical 8037M (1362M free)
TotalPageFile size 8037M (AvailPageFile size 88M)
current process WorkingSet (physical memory assigned to process): 10M, peak: 10M
current process commit charge ("private bytes"): 60M, peak: 186M

vm_info: OpenJDK 64-Bit Server VM (11.0.15+0-b2043.56-9505619) for windows-amd64 JRE (11.0.15+0-b2043.56-9505619), built on Jan 19 2023 02:48:00 by "builduser" with unknown MS VC++:1929

END.
