#
# There is insufficient memory for the Java Runtime Environment to continue.
# Native memory allocation (malloc) failed to allocate 526608 bytes for Chunk::new
# Possible reasons:
#   The system is out of physical RAM or swap space
#   The process is running with CompressedOops enabled, and the Java Heap may be blocking the growth of the native heap
# Possible solutions:
#   Reduce memory load on the system
#   Increase physical memory or swap space
#   Check if swap backing store is full
#   Decrease Java heap size (-Xmx/-Xms)
#   Decrease number of Java threads
#   Decrease Java thread stack sizes (-Xss)
#   Set larger code cache with -XX:ReservedCodeCacheSize=
#   JVM is running with Unscaled Compressed Oops mode in which the Java heap is
#     placed in the first 4GB address space. The Java Heap base address is the
#     maximum limit for the native heap growth. Please use -XX:HeapBaseMinAddress
#     to set the Java Heap base and to place the Java Heap above 4GB virtual address.
# This output file may be truncated or incomplete.
#
#  Out of Memory Error (src/hotspot/share/memory/arena.cpp:197), pid=4628, tid=15096
#
# JRE version: OpenJDK Runtime Environment (11.0.15) (build 11.0.15+0-b2043.56-9505619)
# Java VM: OpenJDK 64-Bit Server VM (11.0.15+0-b2043.56-9505619, mixed mode, tiered, compressed oops, g1 gc, windows-amd64)
# No core dump will be written. Minidumps are not enabled by default on client versions of Windows
#

---------------  S U M M A R Y ------------

Command Line: --add-opens=java.base/java.util=ALL-UNNAMED --add-opens=java.base/java.lang=ALL-UNNAMED --add-opens=java.base/java.lang.invoke=ALL-UNNAMED --add-opens=java.base/java.util=ALL-UNNAMED --add-opens=java.prefs/java.util.prefs=ALL-UNNAMED --add-opens=java.prefs/java.util.prefs=ALL-UNNAMED --add-opens=java.base/java.nio.charset=ALL-UNNAMED --add-opens=java.base/java.net=ALL-UNNAMED --add-opens=java.base/java.util.concurrent.atomic=ALL-UNNAMED -Xmx2048m -Dfile.encoding=UTF-8 -Duser.country=MY -Duser.language=en -Duser.variant org.gradle.launcher.daemon.bootstrap.GradleDaemon 7.5

Host: Intel(R) Core(TM) i7-8565U CPU @ 1.80GHz, 8 cores, 7G,  Windows 11 , 64 bit Build 22621 (10.0.22621.1485)
Time: Mon Apr 17 22:44:31 2023 W. Europe Daylight Time elapsed time: 11.842078 seconds (0d 0h 0m 11s)

---------------  T H R E A D  ---------------

Current thread (0x000001c922a2c000):  JavaThread "C2 CompilerThread0" daemon [_thread_in_native, id=15096, stack(0x0000009787000000,0x0000009787100000)]


Current CompileTask:
C2:  11842 5914       4       org.gradle.internal.classpath.ClasspathBuilder$ZipEntryBuilder::maybeAddParent (50 bytes)

Stack: [0x0000009787000000,0x0000009787100000]
Native frames: (J=compiled Java code, j=interpreted, Vv=VM code, C=native code)
V  [jvm.dll+0x64135a]
V  [jvm.dll+0x7d39f9]
V  [jvm.dll+0x7d51b9]
V  [jvm.dll+0x7d58a3]
V  [jvm.dll+0x2691c5]
V  [jvm.dll+0xc1a5c]
V  [jvm.dll+0xc200c]
V  [jvm.dll+0x220bb7]
V  [jvm.dll+0x5d2035]
V  [jvm.dll+0x5d0ee7]
V  [jvm.dll+0x221347]
V  [jvm.dll+0x220498]
V  [jvm.dll+0x19e851]
V  [jvm.dll+0x230479]
V  [jvm.dll+0x22e5ef]
V  [jvm.dll+0x794de1]
V  [jvm.dll+0x78dc24]
V  [jvm.dll+0x6400f6]
C  [ucrtbase.dll+0x29363]
C  [KERNEL32.DLL+0x1269d]
C  [ntdll.dll+0x5a9f8]


---------------  P R O C E S S  ---------------

Threads class SMR info:
_java_thread_list=0x000001c92687c6d0, length=41, elements={
0x000001c908550800, 0x000001c922a1c000, 0x000001c922a20800, 0x000001c922a27800,
0x000001c922a29000, 0x000001c922a2a000, 0x000001c922a2c000, 0x000001c922a2e800,
0x000001c923278000, 0x000001c9233e8000, 0x000001c9263a9000, 0x000001c9234d7000,
0x000001c923a89000, 0x000001c926dc9800, 0x000001c925423800, 0x000001c924713000,
0x000001c9237ba000, 0x000001c925856000, 0x000001c926436800, 0x000001c924588000,
0x000001c924589000, 0x000001c924c7e800, 0x000001c924c7d000, 0x000001c924c81000,
0x000001c924c7f800, 0x000001c924c7e000, 0x000001c924c80800, 0x000001c924c82000,
0x000001c924c7c800, 0x000001c924c83000, 0x000001c925b5d800, 0x000001c925b5c000,
0x000001c925b5e000, 0x000001c925b5f000, 0x000001c925b5a000, 0x000001c925b5b000,
0x000001c925b59800, 0x000001c925b60000, 0x000001c925b60800, 0x000001c925b61800,
0x000001c9267a9800
}

Java Threads: ( => current thread )
  0x000001c908550800 JavaThread "main" [_thread_blocked, id=12048, stack(0x0000009786400000,0x0000009786500000)]
  0x000001c922a1c000 JavaThread "Reference Handler" daemon [_thread_blocked, id=7252, stack(0x0000009786b00000,0x0000009786c00000)]
  0x000001c922a20800 JavaThread "Finalizer" daemon [_thread_blocked, id=13336, stack(0x0000009786c00000,0x0000009786d00000)]
  0x000001c922a27800 JavaThread "Signal Dispatcher" daemon [_thread_blocked, id=13640, stack(0x0000009786d00000,0x0000009786e00000)]
  0x000001c922a29000 JavaThread "Attach Listener" daemon [_thread_blocked, id=4704, stack(0x0000009786e00000,0x0000009786f00000)]
  0x000001c922a2a000 JavaThread "Service Thread" daemon [_thread_blocked, id=6804, stack(0x0000009786f00000,0x0000009787000000)]
=>0x000001c922a2c000 JavaThread "C2 CompilerThread0" daemon [_thread_in_native, id=15096, stack(0x0000009787000000,0x0000009787100000)]
  0x000001c922a2e800 JavaThread "C1 CompilerThread0" daemon [_thread_blocked, id=9480, stack(0x0000009787100000,0x0000009787200000)]
  0x000001c923278000 JavaThread "Sweeper thread" daemon [_thread_blocked, id=9696, stack(0x0000009787200000,0x0000009787300000)]
  0x000001c9233e8000 JavaThread "Common-Cleaner" daemon [_thread_blocked, id=4352, stack(0x0000009787300000,0x0000009787400000)]
  0x000001c9263a9000 JavaThread "Daemon health stats" [_thread_blocked, id=4380, stack(0x0000009787900000,0x0000009787a00000)]
  0x000001c9234d7000 JavaThread "Incoming local TCP Connector on port 50822" [_thread_in_native, id=1640, stack(0x0000009787500000,0x0000009787600000)]
  0x000001c923a89000 JavaThread "Daemon periodic checks" [_thread_blocked, id=11172, stack(0x0000009787600000,0x0000009787700000)]
  0x000001c926dc9800 JavaThread "Daemon" [_thread_blocked, id=12504, stack(0x0000009787a00000,0x0000009787b00000)]
  0x000001c925423800 JavaThread "Handler for socket connection from /127.0.0.1:50822 to /127.0.0.1:50823" [_thread_in_native, id=15184, stack(0x0000009787b00000,0x0000009787c00000)]
  0x000001c924713000 JavaThread "Cancel handler" [_thread_blocked, id=4832, stack(0x0000009787c00000,0x0000009787d00000)]
  0x000001c9237ba000 JavaThread "Daemon worker" [_thread_blocked, id=2388, stack(0x0000009787d00000,0x0000009787e00000)]
  0x000001c925856000 JavaThread "Asynchronous log dispatcher for DefaultDaemonConnection: socket connection from /127.0.0.1:50822 to /127.0.0.1:50823" [_thread_blocked, id=11520, stack(0x0000009787e00000,0x0000009787f00000)]
  0x000001c926436800 JavaThread "Stdin handler" [_thread_blocked, id=2228, stack(0x0000009787f00000,0x0000009788000000)]
  0x000001c924588000 JavaThread "Daemon client event forwarder" [_thread_blocked, id=11580, stack(0x0000009788000000,0x0000009788100000)]
  0x000001c924589000 JavaThread "C2 CompilerThread1" daemon [_thread_in_native, id=10280, stack(0x0000009788100000,0x0000009788200000)]
  0x000001c924c7e800 JavaThread "Cache worker for journal cache (C:\Users\Huawei\.gradle\caches\journal-1)" [_thread_blocked, id=2764, stack(0x0000009788700000,0x0000009788800000)]
  0x000001c924c7d000 JavaThread "File lock request listener" [_thread_in_native, id=3628, stack(0x0000009788800000,0x0000009788900000)]
  0x000001c924c81000 JavaThread "Cache worker for file hash cache (C:\Users\Huawei\.gradle\caches\7.5\fileHashes)" [_thread_blocked, id=14564, stack(0x0000009788a00000,0x0000009788b00000)]
  0x000001c924c7f800 JavaThread "File watcher server" daemon [_thread_in_native, id=824, stack(0x0000009788c00000,0x0000009788d00000)]
  0x000001c924c7e000 JavaThread "File watcher consumer" daemon [_thread_blocked, id=2516, stack(0x0000009788d00000,0x0000009788e00000)]
  0x000001c924c80800 JavaThread "jar transforms" [_thread_blocked, id=9488, stack(0x0000009788e00000,0x0000009788f00000)]
  0x000001c924c82000 JavaThread "jar transforms Thread 2" [_thread_blocked, id=11596, stack(0x0000009788f00000,0x0000009789000000)]
  0x000001c924c7c800 JavaThread "jar transforms Thread 3" [_thread_blocked, id=7592, stack(0x0000009789000000,0x0000009789100000)]
  0x000001c924c83000 JavaThread "jar transforms Thread 4" [_thread_blocked, id=6916, stack(0x0000009789100000,0x0000009789200000)]
  0x000001c925b5d800 JavaThread "jar transforms Thread 5" [_thread_blocked, id=9848, stack(0x0000009789200000,0x0000009789300000)]
  0x000001c925b5c000 JavaThread "jar transforms Thread 6" [_thread_blocked, id=7296, stack(0x0000009789300000,0x0000009789400000)]
  0x000001c925b5e000 JavaThread "jar transforms Thread 7" [_thread_in_Java, id=2312, stack(0x0000009789400000,0x0000009789500000)]
  0x000001c925b5f000 JavaThread "jar transforms Thread 8" [_thread_blocked, id=9944, stack(0x0000009789500000,0x0000009789600000)]
  0x000001c925b5a000 JavaThread "Cache worker for checksums cache (D:\TaskApp\.gradle\7.5\checksums)" [_thread_blocked, id=7932, stack(0x0000009789600000,0x0000009789700000)]
  0x000001c925b5b000 JavaThread "Cache worker for cache directory md-rule (C:\Users\Huawei\.gradle\caches\7.5\md-rule)" [_thread_blocked, id=12940, stack(0x0000009789700000,0x0000009789800000)]
  0x000001c925b59800 JavaThread "Cache worker for file content cache (C:\Users\Huawei\.gradle\caches\7.5\fileContent)" [_thread_blocked, id=2588, stack(0x0000009789800000,0x0000009789900000)]
  0x000001c925b60000 JavaThread "Cache worker for file hash cache (D:\TaskApp\.gradle\7.5\fileHashes)" [_thread_blocked, id=9236, stack(0x0000009789900000,0x0000009789a00000)]
  0x000001c925b60800 JavaThread "Cache worker for cache directory md-supplier (C:\Users\Huawei\.gradle\caches\7.5\md-supplier)" [_thread_blocked, id=10652, stack(0x0000009789a00000,0x0000009789b00000)]
  0x000001c925b61800 JavaThread "Cache worker for execution history cache (C:\Users\Huawei\.gradle\caches\7.5\executionHistory)" [_thread_blocked, id=4416, stack(0x0000009789b00000,0x0000009789c00000)]
  0x000001c9267a9800 JavaThread "C2 CompilerThread2" daemon [_thread_in_native, id=4592, stack(0x0000009788b00000,0x0000009788c00000)]

Other Threads:
  0x000001c922a09000 VMThread "VM Thread" [stack: 0x0000009786a00000,0x0000009786b00000] [id=13184]
  0x000001c9233fa800 WatcherThread [stack: 0x0000009787400000,0x0000009787500000] [id=11352]
  0x000001c90856b800 GCTaskThread "GC Thread#0" [stack: 0x0000009786500000,0x0000009786600000] [id=2392]
  0x000001c923ab3800 GCTaskThread "GC Thread#1" [stack: 0x0000009787700000,0x0000009787800000] [id=10592]
  0x000001c923f86000 GCTaskThread "GC Thread#2" [stack: 0x0000009787800000,0x0000009787900000] [id=5280]
  0x000001c923d9b800 GCTaskThread "GC Thread#3" [stack: 0x0000009788200000,0x0000009788300000] [id=4660]
  0x000001c9243b9000 GCTaskThread "GC Thread#4" [stack: 0x0000009788300000,0x0000009788400000] [id=15028]
  0x000001c925502800 GCTaskThread "GC Thread#5" [stack: 0x0000009788400000,0x0000009788500000] [id=9716]
  0x000001c924d94800 GCTaskThread "GC Thread#6" [stack: 0x0000009788500000,0x0000009788600000] [id=10828]
  0x000001c925695000 GCTaskThread "GC Thread#7" [stack: 0x0000009788600000,0x0000009788700000] [id=10100]
  0x000001c90859b000 ConcurrentGCThread "G1 Main Marker" [stack: 0x0000009786600000,0x0000009786700000] [id=11940]
  0x000001c90859d000 ConcurrentGCThread "G1 Conc#0" [stack: 0x0000009786700000,0x0000009786800000] [id=10312]
  0x000001c926ef7800 ConcurrentGCThread "G1 Conc#1" [stack: 0x0000009788900000,0x0000009788a00000] [id=14592]
  0x000001c90861d800 ConcurrentGCThread "G1 Refine#0" [stack: 0x0000009786800000,0x0000009786900000] [id=5336]
  0x000001c90861e800 ConcurrentGCThread "G1 Young RemSet Sampling" [stack: 0x0000009786900000,0x0000009786a00000] [id=12752]

Threads with active compile tasks:
C2 CompilerThread0    11866 5914       4       org.gradle.internal.classpath.ClasspathBuilder$ZipEntryBuilder::maybeAddParent (50 bytes)
C2 CompilerThread1    11866 5919       4       org.gradle.internal.classpath.InstrumentingClasspathFileTransformer$$Lambda$449/0x0000000100587040::visit (17 bytes)
C2 CompilerThread2    11866 5867 %     4       org.objectweb.asm.ClassReader::readCode @ 1738 (5109 bytes)

VM state:not at safepoint (normal execution)

VM Mutex/Monitor currently owned by a thread: None

Heap address: 0x0000000080000000, size: 2048 MB, Compressed Oops mode: 32-bit
Narrow klass base: 0x0000000000000000, Narrow klass shift: 3
Compressed class space size: 1073741824 Address: 0x0000000100000000

Heap:
 garbage-first heap   total 282624K, used 211882K [0x0000000080000000, 0x0000000100000000)
  region size 1024K, 124 young (126976K), 9 survivors (9216K)
 Metaspace       used 50573K, capacity 51987K, committed 52220K, reserved 1095680K
  class space    used 6468K, capacity 6971K, committed 7040K, reserved 1048576K
Heap Regions: E=young(eden), S=young(survivor), O=old, HS=humongous(starts), HC=humongous(continues), CS=collection set, F=free, A=archive, TAMS=top-at-mark-start (previous, next)
|   0|0x0000000080000000, 0x0000000080100000, 0x0000000080100000|100%| O|  |TAMS 0x0000000080100000, 0x0000000080000000| Untracked 
|   1|0x0000000080100000, 0x0000000080200000, 0x0000000080200000|100%| O|  |TAMS 0x0000000080200000, 0x0000000080100000| Untracked 
|   2|0x0000000080200000, 0x0000000080300000, 0x0000000080300000|100%| O|  |TAMS 0x0000000080300000, 0x0000000080200000| Untracked 
|   3|0x0000000080300000, 0x0000000080400000, 0x0000000080400000|100%|HS|  |TAMS 0x0000000080400000, 0x0000000080300000| Complete 
|   4|0x0000000080400000, 0x0000000080500000, 0x0000000080500000|100%|HC|  |TAMS 0x0000000080500000, 0x0000000080400000| Complete 
|   5|0x0000000080500000, 0x0000000080600000, 0x0000000080600000|100%|HC|  |TAMS 0x0000000080600000, 0x0000000080500000| Complete 
|   6|0x0000000080600000, 0x0000000080700000, 0x0000000080700000|100%| O|  |TAMS 0x0000000080700000, 0x0000000080600000| Untracked 
|   7|0x0000000080700000, 0x0000000080800000, 0x0000000080800000|100%| O|  |TAMS 0x0000000080800000, 0x0000000080700000| Untracked 
|   8|0x0000000080800000, 0x0000000080900000, 0x0000000080900000|100%| O|  |TAMS 0x0000000080900000, 0x0000000080800000| Untracked 
|   9|0x0000000080900000, 0x0000000080a00000, 0x0000000080a00000|100%| O|  |TAMS 0x0000000080a00000, 0x0000000080900000| Untracked 
|  10|0x0000000080a00000, 0x0000000080b00000, 0x0000000080b00000|100%| O|  |TAMS 0x0000000080b00000, 0x0000000080a00000| Untracked 
|  11|0x0000000080b00000, 0x0000000080c00000, 0x0000000080c00000|100%| O|  |TAMS 0x0000000080c00000, 0x0000000080b00000| Untracked 
|  12|0x0000000080c00000, 0x0000000080d00000, 0x0000000080d00000|100%| O|  |TAMS 0x0000000080d00000, 0x0000000080c00000| Untracked 
|  13|0x0000000080d00000, 0x0000000080e00000, 0x0000000080e00000|100%| O|  |TAMS 0x0000000080e00000, 0x0000000080d00000| Untracked 
|  14|0x0000000080e00000, 0x0000000080f00000, 0x0000000080f00000|100%| O|  |TAMS 0x0000000080f00000, 0x0000000080e00000| Untracked 
|  15|0x0000000080f00000, 0x0000000081000000, 0x0000000081000000|100%| O|  |TAMS 0x0000000081000000, 0x0000000080f00000| Untracked 
|  16|0x0000000081000000, 0x0000000081100000, 0x0000000081100000|100%| O|  |TAMS 0x0000000081100000, 0x0000000081000000| Untracked 
|  17|0x0000000081100000, 0x0000000081200000, 0x0000000081200000|100%|HS|  |TAMS 0x0000000081200000, 0x0000000081100000| Complete 
|  18|0x0000000081200000, 0x0000000081300000, 0x0000000081300000|100%|HC|  |TAMS 0x0000000081300000, 0x0000000081200000| Complete 
|  19|0x0000000081300000, 0x0000000081400000, 0x0000000081400000|100%|HS|  |TAMS 0x0000000081400000, 0x0000000081300000| Complete 
|  20|0x0000000081400000, 0x0000000081500000, 0x0000000081500000|100%|HC|  |TAMS 0x0000000081500000, 0x0000000081400000| Complete 
|  21|0x0000000081500000, 0x0000000081600000, 0x0000000081600000|100%|HC|  |TAMS 0x0000000081600000, 0x0000000081500000| Complete 
|  22|0x0000000081600000, 0x0000000081700000, 0x0000000081700000|100%|HS|  |TAMS 0x0000000081700000, 0x0000000081600000| Complete 
|  23|0x0000000081700000, 0x0000000081800000, 0x0000000081800000|100%|HC|  |TAMS 0x0000000081800000, 0x0000000081700000| Complete 
|  24|0x0000000081800000, 0x0000000081900000, 0x0000000081900000|100%|HC|  |TAMS 0x0000000081900000, 0x0000000081800000| Complete 
|  25|0x0000000081900000, 0x0000000081a00000, 0x0000000081a00000|100%|HS|  |TAMS 0x0000000081a00000, 0x0000000081900000| Complete 
|  26|0x0000000081a00000, 0x0000000081b00000, 0x0000000081b00000|100%|HC|  |TAMS 0x0000000081b00000, 0x0000000081a00000| Complete 
|  27|0x0000000081b00000, 0x0000000081c00000, 0x0000000081c00000|100%|HS|  |TAMS 0x0000000081c00000, 0x0000000081b00000| Complete 
|  28|0x0000000081c00000, 0x0000000081d00000, 0x0000000081d00000|100%|HC|  |TAMS 0x0000000081d00000, 0x0000000081c00000| Complete 
|  29|0x0000000081d00000, 0x0000000081e00000, 0x0000000081e00000|100%|HC|  |TAMS 0x0000000081e00000, 0x0000000081d00000| Complete 
|  30|0x0000000081e00000, 0x0000000081f00000, 0x0000000081f00000|100%|HC|  |TAMS 0x0000000081f00000, 0x0000000081e00000| Complete 
|  31|0x0000000081f00000, 0x0000000082000000, 0x0000000082000000|100%|HC|  |TAMS 0x0000000082000000, 0x0000000081f00000| Complete 
|  32|0x0000000082000000, 0x0000000082100000, 0x0000000082100000|100%|HC|  |TAMS 0x0000000082100000, 0x0000000082000000| Complete 
|  33|0x0000000082100000, 0x0000000082200000, 0x0000000082200000|100%|HC|  |TAMS 0x0000000082200000, 0x0000000082100000| Complete 
|  34|0x0000000082200000, 0x0000000082300000, 0x0000000082300000|100%|HC|  |TAMS 0x0000000082300000, 0x0000000082200000| Complete 
|  35|0x0000000082300000, 0x0000000082400000, 0x0000000082400000|100%|HC|  |TAMS 0x0000000082400000, 0x0000000082300000| Complete 
|  36|0x0000000082400000, 0x0000000082500000, 0x0000000082500000|100%|HC|  |TAMS 0x0000000082500000, 0x0000000082400000| Complete 
|  37|0x0000000082500000, 0x0000000082600000, 0x0000000082600000|100%|HS|  |TAMS 0x0000000082600000, 0x0000000082500000| Complete 
|  38|0x0000000082600000, 0x0000000082700000, 0x0000000082700000|100%|HC|  |TAMS 0x0000000082700000, 0x0000000082600000| Complete 
|  39|0x0000000082700000, 0x0000000082800000, 0x0000000082800000|100%|HS|  |TAMS 0x0000000082800000, 0x0000000082700000| Complete 
|  40|0x0000000082800000, 0x0000000082900000, 0x0000000082900000|100%|HC|  |TAMS 0x0000000082900000, 0x0000000082800000| Complete 
|  41|0x0000000082900000, 0x0000000082a00000, 0x0000000082a00000|100%|HC|  |TAMS 0x0000000082a00000, 0x0000000082900000| Complete 
|  42|0x0000000082a00000, 0x0000000082b00000, 0x0000000082b00000|100%|HC|  |TAMS 0x0000000082b00000, 0x0000000082a00000| Complete 
|  43|0x0000000082b00000, 0x0000000082c00000, 0x0000000082c00000|100%|HC|  |TAMS 0x0000000082c00000, 0x0000000082b00000| Complete 
|  44|0x0000000082c00000, 0x0000000082d00000, 0x0000000082d00000|100%| O|  |TAMS 0x0000000082d00000, 0x0000000082c00000| Untracked 
|  45|0x0000000082d00000, 0x0000000082e00000, 0x0000000082e00000|100%| O|  |TAMS 0x0000000082e00000, 0x0000000082d00000| Untracked 
|  46|0x0000000082e00000, 0x0000000082f00000, 0x0000000082f00000|100%| O|  |TAMS 0x0000000082f00000, 0x0000000082e00000| Untracked 
|  47|0x0000000082f00000, 0x0000000083000000, 0x0000000083000000|100%| O|  |TAMS 0x0000000083000000, 0x0000000082f00000| Untracked 
|  48|0x0000000083000000, 0x0000000083100000, 0x0000000083100000|100%| O|  |TAMS 0x0000000083100000, 0x0000000083000000| Untracked 
|  49|0x0000000083100000, 0x0000000083200000, 0x0000000083200000|100%| O|  |TAMS 0x0000000083200000, 0x0000000083100000| Untracked 
|  50|0x0000000083200000, 0x0000000083300000, 0x0000000083300000|100%| O|  |TAMS 0x0000000083300000, 0x0000000083200000| Untracked 
|  51|0x0000000083300000, 0x0000000083400000, 0x0000000083400000|100%| O|  |TAMS 0x0000000083400000, 0x0000000083300000| Untracked 
|  52|0x0000000083400000, 0x0000000083500000, 0x0000000083500000|100%| O|  |TAMS 0x0000000083500000, 0x0000000083400000| Untracked 
|  53|0x0000000083500000, 0x0000000083600000, 0x0000000083600000|100%| O|  |TAMS 0x0000000083600000, 0x0000000083500000| Untracked 
|  54|0x0000000083600000, 0x0000000083700000, 0x0000000083700000|100%| O|  |TAMS 0x0000000083700000, 0x0000000083600000| Untracked 
|  55|0x0000000083700000, 0x0000000083800000, 0x0000000083800000|100%| O|  |TAMS 0x0000000083800000, 0x0000000083700000| Untracked 
|  56|0x0000000083800000, 0x0000000083900000, 0x0000000083900000|100%| O|  |TAMS 0x0000000083900000, 0x0000000083800000| Untracked 
|  57|0x0000000083900000, 0x0000000083a00000, 0x0000000083a00000|100%| O|  |TAMS 0x0000000083a00000, 0x0000000083900000| Untracked 
|  58|0x0000000083a00000, 0x0000000083b00000, 0x0000000083b00000|100%| O|  |TAMS 0x0000000083b00000, 0x0000000083a00000| Untracked 
|  59|0x0000000083b00000, 0x0000000083c00000, 0x0000000083c00000|100%| O|  |TAMS 0x0000000083c00000, 0x0000000083b00000| Untracked 
|  60|0x0000000083c00000, 0x0000000083d00000, 0x0000000083d00000|100%|HS|  |TAMS 0x0000000083d00000, 0x0000000083c00000| Complete 
|  61|0x0000000083d00000, 0x0000000083e00000, 0x0000000083e00000|100%|HC|  |TAMS 0x0000000083e00000, 0x0000000083d00000| Complete 
|  62|0x0000000083e00000, 0x0000000083f00000, 0x0000000083f00000|100%|HC|  |TAMS 0x0000000083f00000, 0x0000000083e00000| Complete 
|  63|0x0000000083f00000, 0x0000000084000000, 0x0000000084000000|100%|HC|  |TAMS 0x0000000084000000, 0x0000000083f00000| Complete 
|  64|0x0000000084000000, 0x0000000084100000, 0x0000000084100000|100%|HC|  |TAMS 0x0000000084100000, 0x0000000084000000| Complete 
|  65|0x0000000084100000, 0x0000000084200000, 0x0000000084200000|100%| O|  |TAMS 0x0000000084200000, 0x0000000084100000| Untracked 
|  66|0x0000000084200000, 0x0000000084300000, 0x0000000084300000|100%| O|  |TAMS 0x0000000084300000, 0x0000000084200000| Untracked 
|  67|0x0000000084300000, 0x0000000084400000, 0x0000000084400000|100%|HS|  |TAMS 0x0000000084400000, 0x0000000084300000| Complete 
|  68|0x0000000084400000, 0x0000000084500000, 0x0000000084500000|100%|HC|  |TAMS 0x0000000084500000, 0x0000000084400000| Complete 
|  69|0x0000000084500000, 0x0000000084600000, 0x0000000084600000|100%|HS|  |TAMS 0x0000000084600000, 0x0000000084500000| Complete 
|  70|0x0000000084600000, 0x0000000084700000, 0x0000000084700000|100%|HC|  |TAMS 0x0000000084700000, 0x0000000084600000| Complete 
|  71|0x0000000084700000, 0x0000000084800000, 0x0000000084800000|100%|HC|  |TAMS 0x0000000084800000, 0x0000000084700000| Complete 
|  72|0x0000000084800000, 0x0000000084900000, 0x0000000084900000|100%|HC|  |TAMS 0x0000000084900000, 0x0000000084800000| Complete 
|  73|0x0000000084900000, 0x0000000084a00000, 0x0000000084a00000|100%|HC|  |TAMS 0x0000000084a00000, 0x0000000084900000| Complete 
|  74|0x0000000084a00000, 0x0000000084b00000, 0x0000000084b00000|100%|HC|  |TAMS 0x0000000084b00000, 0x0000000084a00000| Complete 
|  75|0x0000000084b00000, 0x0000000084c00000, 0x0000000084c00000|100%|HC|  |TAMS 0x0000000084c00000, 0x0000000084b00000| Complete 
|  76|0x0000000084c00000, 0x0000000084d00000, 0x0000000084d00000|100%|HC|  |TAMS 0x0000000084d00000, 0x0000000084c00000| Complete 
|  77|0x0000000084d00000, 0x0000000084e00000, 0x0000000084e00000|100%|HC|  |TAMS 0x0000000084e00000, 0x0000000084d00000| Complete 
|  78|0x0000000084e00000, 0x0000000084f00000, 0x0000000084f00000|100%|HC|  |TAMS 0x0000000084f00000, 0x0000000084e00000| Complete 
|  79|0x0000000084f00000, 0x0000000085000000, 0x0000000085000000|100%|HS|  |TAMS 0x0000000085000000, 0x0000000084f00000| Complete 
|  80|0x0000000085000000, 0x0000000085100000, 0x0000000085100000|100%|HC|  |TAMS 0x0000000085100000, 0x0000000085000000| Complete 
|  81|0x0000000085100000, 0x0000000085200000, 0x0000000085200000|100%| O|  |TAMS 0x0000000085200000, 0x0000000085100000| Untracked 
|  82|0x0000000085200000, 0x0000000085300000, 0x0000000085300000|100%| O|  |TAMS 0x00000000852b1400, 0x0000000085200000| Untracked 
|  83|0x0000000085300000, 0x0000000085400000, 0x0000000085400000|100%| O|  |TAMS 0x0000000085300000, 0x0000000085300000| Untracked 
|  84|0x0000000085400000, 0x0000000085465a00, 0x0000000085500000| 39%| O|  |TAMS 0x0000000085400000, 0x0000000085400000| Untracked 
|  85|0x0000000085500000, 0x0000000085500000, 0x0000000085600000|  0%| F|  |TAMS 0x0000000085500000, 0x0000000085500000| Untracked 
|  86|0x0000000085600000, 0x0000000085600000, 0x0000000085700000|  0%| F|  |TAMS 0x0000000085600000, 0x0000000085600000| Untracked 
|  87|0x0000000085700000, 0x0000000085700000, 0x0000000085800000|  0%| F|  |TAMS 0x0000000085700000, 0x0000000085700000| Untracked 
|  88|0x0000000085800000, 0x0000000085800000, 0x0000000085900000|  0%| F|  |TAMS 0x0000000085800000, 0x0000000085800000| Untracked 
|  89|0x0000000085900000, 0x0000000085900000, 0x0000000085a00000|  0%| F|  |TAMS 0x0000000085900000, 0x0000000085900000| Untracked 
|  90|0x0000000085a00000, 0x0000000085a00000, 0x0000000085b00000|  0%| F|  |TAMS 0x0000000085a00000, 0x0000000085a00000| Untracked 
|  91|0x0000000085b00000, 0x0000000085b00000, 0x0000000085c00000|  0%| F|  |TAMS 0x0000000085b00000, 0x0000000085b00000| Untracked 
|  92|0x0000000085c00000, 0x0000000085c00000, 0x0000000085d00000|  0%| F|  |TAMS 0x0000000085c00000, 0x0000000085c00000| Untracked 
|  93|0x0000000085d00000, 0x0000000085d00000, 0x0000000085e00000|  0%| F|  |TAMS 0x0000000085d00000, 0x0000000085d00000| Untracked 
|  94|0x0000000085e00000, 0x0000000085e00000, 0x0000000085f00000|  0%| F|  |TAMS 0x0000000085e00000, 0x0000000085e00000| Untracked 
|  95|0x0000000085f00000, 0x0000000085f00000, 0x0000000086000000|  0%| F|  |TAMS 0x0000000085f00000, 0x0000000085f00000| Untracked 
|  96|0x0000000086000000, 0x0000000086000000, 0x0000000086100000|  0%| F|  |TAMS 0x0000000086000000, 0x0000000086000000| Untracked 
|  97|0x0000000086100000, 0x0000000086100000, 0x0000000086200000|  0%| F|  |TAMS 0x0000000086100000, 0x0000000086100000| Untracked 
|  98|0x0000000086200000, 0x0000000086200000, 0x0000000086300000|  0%| F|  |TAMS 0x0000000086200000, 0x0000000086200000| Untracked 
|  99|0x0000000086300000, 0x0000000086300000, 0x0000000086400000|  0%| F|  |TAMS 0x0000000086300000, 0x0000000086300000| Untracked 
| 100|0x0000000086400000, 0x0000000086400000, 0x0000000086500000|  0%| F|  |TAMS 0x0000000086400000, 0x0000000086400000| Untracked 
| 101|0x0000000086500000, 0x0000000086500000, 0x0000000086600000|  0%| F|  |TAMS 0x0000000086500000, 0x0000000086500000| Untracked 
| 102|0x0000000086600000, 0x0000000086600000, 0x0000000086700000|  0%| F|  |TAMS 0x0000000086600000, 0x0000000086600000| Untracked 
| 103|0x0000000086700000, 0x0000000086700000, 0x0000000086800000|  0%| F|  |TAMS 0x0000000086700000, 0x0000000086700000| Untracked 
| 104|0x0000000086800000, 0x0000000086800000, 0x0000000086900000|  0%| F|  |TAMS 0x0000000086800000, 0x0000000086800000| Untracked 
| 105|0x0000000086900000, 0x0000000086900000, 0x0000000086a00000|  0%| F|  |TAMS 0x0000000086900000, 0x0000000086900000| Untracked 
| 106|0x0000000086a00000, 0x0000000086a00000, 0x0000000086b00000|  0%| F|  |TAMS 0x0000000086a00000, 0x0000000086a00000| Untracked 
| 107|0x0000000086b00000, 0x0000000086b84ee8, 0x0000000086c00000| 51%| S|CS|TAMS 0x0000000086b00000, 0x0000000086b00000| Complete 
| 108|0x0000000086c00000, 0x0000000086c00000, 0x0000000086d00000|  0%| F|  |TAMS 0x0000000086c00000, 0x0000000086c00000| Untracked 
| 109|0x0000000086d00000, 0x0000000086d00000, 0x0000000086e00000|  0%| F|  |TAMS 0x0000000086d00000, 0x0000000086d00000| Untracked 
| 110|0x0000000086e00000, 0x0000000086f00000, 0x0000000086f00000|100%| S|CS|TAMS 0x0000000086e00000, 0x0000000086e00000| Complete 
| 111|0x0000000086f00000, 0x0000000087000000, 0x0000000087000000|100%| S|CS|TAMS 0x0000000086f00000, 0x0000000086f00000| Complete 
| 112|0x0000000087000000, 0x0000000087000000, 0x0000000087100000|  0%| F|  |TAMS 0x0000000087000000, 0x0000000087000000| Untracked 
| 113|0x0000000087100000, 0x0000000087100000, 0x0000000087200000|  0%| F|  |TAMS 0x0000000087100000, 0x0000000087100000| Untracked 
| 114|0x0000000087200000, 0x0000000087300000, 0x0000000087300000|100%| S|CS|TAMS 0x0000000087200000, 0x0000000087200000| Complete 
| 115|0x0000000087300000, 0x0000000087400000, 0x0000000087400000|100%| S|CS|TAMS 0x0000000087300000, 0x0000000087300000| Complete 
| 116|0x0000000087400000, 0x0000000087500000, 0x0000000087500000|100%| S|CS|TAMS 0x0000000087400000, 0x0000000087400000| Complete 
| 117|0x0000000087500000, 0x0000000087600000, 0x0000000087600000|100%| S|CS|TAMS 0x0000000087500000, 0x0000000087500000| Complete 
| 118|0x0000000087600000, 0x0000000087700000, 0x0000000087700000|100%| S|CS|TAMS 0x0000000087600000, 0x0000000087600000| Complete 
| 119|0x0000000087700000, 0x0000000087700000, 0x0000000087800000|  0%| F|  |TAMS 0x0000000087700000, 0x0000000087700000| Untracked 
| 120|0x0000000087800000, 0x0000000087800000, 0x0000000087900000|  0%| F|  |TAMS 0x0000000087800000, 0x0000000087800000| Untracked 
| 121|0x0000000087900000, 0x0000000087a00000, 0x0000000087a00000|100%| S|CS|TAMS 0x0000000087900000, 0x0000000087900000| Complete 
| 122|0x0000000087a00000, 0x0000000087a00000, 0x0000000087b00000|  0%| F|  |TAMS 0x0000000087a00000, 0x0000000087a00000| Untracked 
| 123|0x0000000087b00000, 0x0000000087b00000, 0x0000000087c00000|  0%| F|  |TAMS 0x0000000087b00000, 0x0000000087b00000| Untracked 
| 124|0x0000000087c00000, 0x0000000087c00000, 0x0000000087d00000|  0%| F|  |TAMS 0x0000000087c00000, 0x0000000087c00000| Untracked 
| 125|0x0000000087d00000, 0x0000000087d00000, 0x0000000087e00000|  0%| F|  |TAMS 0x0000000087d00000, 0x0000000087d00000| Untracked 
| 126|0x0000000087e00000, 0x0000000087e00000, 0x0000000087f00000|  0%| F|  |TAMS 0x0000000087e00000, 0x0000000087e00000| Untracked 
| 127|0x0000000087f00000, 0x0000000087f00000, 0x0000000088000000|  0%| F|  |TAMS 0x0000000087f00000, 0x0000000087f00000| Untracked 
| 128|0x0000000088000000, 0x0000000088000000, 0x0000000088100000|  0%| F|  |TAMS 0x0000000088000000, 0x0000000088000000| Untracked 
| 129|0x0000000088100000, 0x0000000088100000, 0x0000000088200000|  0%| F|  |TAMS 0x0000000088100000, 0x0000000088100000| Untracked 
| 130|0x0000000088200000, 0x0000000088200000, 0x0000000088300000|  0%| F|  |TAMS 0x0000000088200000, 0x0000000088200000| Untracked 
| 131|0x0000000088300000, 0x0000000088300000, 0x0000000088400000|  0%| F|  |TAMS 0x0000000088300000, 0x0000000088300000| Untracked 
| 132|0x0000000088400000, 0x0000000088400000, 0x0000000088500000|  0%| F|  |TAMS 0x0000000088400000, 0x0000000088400000| Untracked 
| 133|0x0000000088500000, 0x0000000088500000, 0x0000000088600000|  0%| F|  |TAMS 0x0000000088500000, 0x0000000088500000| Untracked 
| 134|0x0000000088600000, 0x0000000088600000, 0x0000000088700000|  0%| F|  |TAMS 0x0000000088600000, 0x0000000088600000| Untracked 
| 135|0x0000000088700000, 0x0000000088700000, 0x0000000088800000|  0%| F|  |TAMS 0x0000000088700000, 0x0000000088700000| Untracked 
| 136|0x0000000088800000, 0x0000000088800000, 0x0000000088900000|  0%| F|  |TAMS 0x0000000088800000, 0x0000000088800000| Untracked 
| 137|0x0000000088900000, 0x0000000088900000, 0x0000000088a00000|  0%| F|  |TAMS 0x0000000088900000, 0x0000000088900000| Untracked 
| 138|0x0000000088a00000, 0x0000000088a00000, 0x0000000088b00000|  0%| F|  |TAMS 0x0000000088a00000, 0x0000000088a00000| Untracked 
| 139|0x0000000088b00000, 0x0000000088b00000, 0x0000000088c00000|  0%| F|  |TAMS 0x0000000088b00000, 0x0000000088b00000| Untracked 
| 140|0x0000000088c00000, 0x0000000088c00000, 0x0000000088d00000|  0%| F|  |TAMS 0x0000000088c00000, 0x0000000088c00000| Untracked 
| 141|0x0000000088d00000, 0x0000000088d00000, 0x0000000088e00000|  0%| F|  |TAMS 0x0000000088d00000, 0x0000000088d00000| Untracked 
| 142|0x0000000088e00000, 0x0000000088e00000, 0x0000000088f00000|  0%| F|  |TAMS 0x0000000088e00000, 0x0000000088e00000| Untracked 
| 143|0x0000000088f00000, 0x0000000088f00000, 0x0000000089000000|  0%| F|  |TAMS 0x0000000088f00000, 0x0000000088f00000| Untracked 
| 144|0x0000000089000000, 0x0000000089000000, 0x0000000089100000|  0%| F|  |TAMS 0x0000000089000000, 0x0000000089000000| Untracked 
| 145|0x0000000089100000, 0x0000000089100000, 0x0000000089200000|  0%| F|  |TAMS 0x0000000089100000, 0x0000000089100000| Untracked 
| 146|0x0000000089200000, 0x0000000089200000, 0x0000000089300000|  0%| F|  |TAMS 0x0000000089200000, 0x0000000089200000| Untracked 
| 147|0x0000000089300000, 0x0000000089300000, 0x0000000089400000|  0%| F|  |TAMS 0x0000000089300000, 0x0000000089300000| Untracked 
| 148|0x0000000089400000, 0x0000000089400000, 0x0000000089500000|  0%| F|  |TAMS 0x0000000089400000, 0x0000000089400000| Untracked 
| 149|0x0000000089500000, 0x0000000089500000, 0x0000000089600000|  0%| F|  |TAMS 0x0000000089500000, 0x0000000089500000| Untracked 
| 150|0x0000000089600000, 0x0000000089600000, 0x0000000089700000|  0%| F|  |TAMS 0x0000000089600000, 0x0000000089600000| Untracked 
| 151|0x0000000089700000, 0x0000000089700000, 0x0000000089800000|  0%| F|  |TAMS 0x0000000089700000, 0x0000000089700000| Untracked 
| 152|0x0000000089800000, 0x0000000089800000, 0x0000000089900000|  0%| F|  |TAMS 0x0000000089800000, 0x0000000089800000| Untracked 
| 153|0x0000000089900000, 0x0000000089900000, 0x0000000089a00000|  0%| F|  |TAMS 0x0000000089900000, 0x0000000089900000| Untracked 
| 154|0x0000000089a00000, 0x0000000089a00000, 0x0000000089b00000|  0%| F|  |TAMS 0x0000000089a00000, 0x0000000089a00000| Untracked 
| 155|0x0000000089b00000, 0x0000000089b00000, 0x0000000089c00000|  0%| F|  |TAMS 0x0000000089b00000, 0x0000000089b00000| Untracked 
| 156|0x0000000089c00000, 0x0000000089c00000, 0x0000000089d00000|  0%| F|  |TAMS 0x0000000089c00000, 0x0000000089c00000| Untracked 
| 157|0x0000000089d00000, 0x0000000089d00000, 0x0000000089e00000|  0%| F|  |TAMS 0x0000000089d00000, 0x0000000089d00000| Untracked 
| 158|0x0000000089e00000, 0x0000000089e00000, 0x0000000089f00000|  0%| F|  |TAMS 0x0000000089e00000, 0x0000000089e00000| Untracked 
| 159|0x0000000089f00000, 0x0000000089f00000, 0x000000008a000000|  0%| F|  |TAMS 0x0000000089f00000, 0x0000000089f00000| Untracked 
| 160|0x000000008a000000, 0x000000008a100000, 0x000000008a100000|100%| E|  |TAMS 0x000000008a000000, 0x000000008a000000| Complete 
| 161|0x000000008a100000, 0x000000008a200000, 0x000000008a200000|100%| E|CS|TAMS 0x000000008a100000, 0x000000008a100000| Complete 
| 162|0x000000008a200000, 0x000000008a300000, 0x000000008a300000|100%| E|CS|TAMS 0x000000008a200000, 0x000000008a200000| Complete 
| 163|0x000000008a300000, 0x000000008a400000, 0x000000008a400000|100%| E|CS|TAMS 0x000000008a300000, 0x000000008a300000| Complete 
| 164|0x000000008a400000, 0x000000008a500000, 0x000000008a500000|100%| E|CS|TAMS 0x000000008a400000, 0x000000008a400000| Complete 
| 165|0x000000008a500000, 0x000000008a600000, 0x000000008a600000|100%| E|CS|TAMS 0x000000008a500000, 0x000000008a500000| Complete 
| 166|0x000000008a600000, 0x000000008a700000, 0x000000008a700000|100%| E|CS|TAMS 0x000000008a600000, 0x000000008a600000| Complete 
| 167|0x000000008a700000, 0x000000008a800000, 0x000000008a800000|100%| E|CS|TAMS 0x000000008a700000, 0x000000008a700000| Complete 
| 168|0x000000008a800000, 0x000000008a900000, 0x000000008a900000|100%| E|CS|TAMS 0x000000008a800000, 0x000000008a800000| Complete 
| 169|0x000000008a900000, 0x000000008aa00000, 0x000000008aa00000|100%| E|CS|TAMS 0x000000008a900000, 0x000000008a900000| Complete 
| 170|0x000000008aa00000, 0x000000008ab00000, 0x000000008ab00000|100%| E|CS|TAMS 0x000000008aa00000, 0x000000008aa00000| Complete 
| 171|0x000000008ab00000, 0x000000008ac00000, 0x000000008ac00000|100%| E|CS|TAMS 0x000000008ab00000, 0x000000008ab00000| Complete 
| 172|0x000000008ac00000, 0x000000008ad00000, 0x000000008ad00000|100%| E|CS|TAMS 0x000000008ac00000, 0x000000008ac00000| Complete 
| 173|0x000000008ad00000, 0x000000008ae00000, 0x000000008ae00000|100%| E|CS|TAMS 0x000000008ad00000, 0x000000008ad00000| Complete 
| 174|0x000000008ae00000, 0x000000008af00000, 0x000000008af00000|100%| E|CS|TAMS 0x000000008ae00000, 0x000000008ae00000| Complete 
| 175|0x000000008af00000, 0x000000008b000000, 0x000000008b000000|100%| E|CS|TAMS 0x000000008af00000, 0x000000008af00000| Complete 
| 176|0x000000008b000000, 0x000000008b100000, 0x000000008b100000|100%| E|CS|TAMS 0x000000008b000000, 0x000000008b000000| Complete 
| 177|0x000000008b100000, 0x000000008b200000, 0x000000008b200000|100%| E|CS|TAMS 0x000000008b100000, 0x000000008b100000| Complete 
| 178|0x000000008b200000, 0x000000008b300000, 0x000000008b300000|100%| E|CS|TAMS 0x000000008b200000, 0x000000008b200000| Complete 
| 179|0x000000008b300000, 0x000000008b400000, 0x000000008b400000|100%| E|CS|TAMS 0x000000008b300000, 0x000000008b300000| Complete 
| 180|0x000000008b400000, 0x000000008b500000, 0x000000008b500000|100%| E|CS|TAMS 0x000000008b400000, 0x000000008b400000| Complete 
| 181|0x000000008b500000, 0x000000008b600000, 0x000000008b600000|100%| E|CS|TAMS 0x000000008b500000, 0x000000008b500000| Complete 
| 182|0x000000008b600000, 0x000000008b700000, 0x000000008b700000|100%| E|CS|TAMS 0x000000008b600000, 0x000000008b600000| Complete 
| 183|0x000000008b700000, 0x000000008b800000, 0x000000008b800000|100%| E|CS|TAMS 0x000000008b700000, 0x000000008b700000| Complete 
| 184|0x000000008b800000, 0x000000008b900000, 0x000000008b900000|100%| E|CS|TAMS 0x000000008b800000, 0x000000008b800000| Complete 
| 185|0x000000008b900000, 0x000000008ba00000, 0x000000008ba00000|100%| E|CS|TAMS 0x000000008b900000, 0x000000008b900000| Complete 
| 186|0x000000008ba00000, 0x000000008bb00000, 0x000000008bb00000|100%| E|CS|TAMS 0x000000008ba00000, 0x000000008ba00000| Complete 
| 187|0x000000008bb00000, 0x000000008bc00000, 0x000000008bc00000|100%| E|CS|TAMS 0x000000008bb00000, 0x000000008bb00000| Complete 
| 188|0x000000008bc00000, 0x000000008bd00000, 0x000000008bd00000|100%| E|CS|TAMS 0x000000008bc00000, 0x000000008bc00000| Complete 
| 189|0x000000008bd00000, 0x000000008be00000, 0x000000008be00000|100%| E|CS|TAMS 0x000000008bd00000, 0x000000008bd00000| Complete 
| 190|0x000000008be00000, 0x000000008bf00000, 0x000000008bf00000|100%| E|CS|TAMS 0x000000008be00000, 0x000000008be00000| Complete 
| 191|0x000000008bf00000, 0x000000008c000000, 0x000000008c000000|100%| E|CS|TAMS 0x000000008bf00000, 0x000000008bf00000| Complete 
| 192|0x000000008c000000, 0x000000008c100000, 0x000000008c100000|100%| E|CS|TAMS 0x000000008c000000, 0x000000008c000000| Complete 
| 193|0x000000008c100000, 0x000000008c200000, 0x000000008c200000|100%| E|CS|TAMS 0x000000008c100000, 0x000000008c100000| Complete 
| 194|0x000000008c200000, 0x000000008c300000, 0x000000008c300000|100%| E|CS|TAMS 0x000000008c200000, 0x000000008c200000| Complete 
| 195|0x000000008c300000, 0x000000008c400000, 0x000000008c400000|100%| E|CS|TAMS 0x000000008c300000, 0x000000008c300000| Complete 
| 196|0x000000008c400000, 0x000000008c500000, 0x000000008c500000|100%| E|CS|TAMS 0x000000008c400000, 0x000000008c400000| Complete 
| 197|0x000000008c500000, 0x000000008c600000, 0x000000008c600000|100%| E|CS|TAMS 0x000000008c500000, 0x000000008c500000| Complete 
| 198|0x000000008c600000, 0x000000008c700000, 0x000000008c700000|100%| E|CS|TAMS 0x000000008c600000, 0x000000008c600000| Complete 
| 199|0x000000008c700000, 0x000000008c800000, 0x000000008c800000|100%| E|CS|TAMS 0x000000008c700000, 0x000000008c700000| Complete 
| 200|0x000000008c800000, 0x000000008c900000, 0x000000008c900000|100%| E|CS|TAMS 0x000000008c800000, 0x000000008c800000| Complete 
| 201|0x000000008c900000, 0x000000008ca00000, 0x000000008ca00000|100%| E|CS|TAMS 0x000000008c900000, 0x000000008c900000| Complete 
| 202|0x000000008ca00000, 0x000000008cb00000, 0x000000008cb00000|100%| E|CS|TAMS 0x000000008ca00000, 0x000000008ca00000| Complete 
| 203|0x000000008cb00000, 0x000000008cc00000, 0x000000008cc00000|100%| E|CS|TAMS 0x000000008cb00000, 0x000000008cb00000| Complete 
| 204|0x000000008cc00000, 0x000000008cd00000, 0x000000008cd00000|100%| E|CS|TAMS 0x000000008cc00000, 0x000000008cc00000| Complete 
| 205|0x000000008cd00000, 0x000000008ce00000, 0x000000008ce00000|100%| E|CS|TAMS 0x000000008cd00000, 0x000000008cd00000| Complete 
| 206|0x000000008ce00000, 0x000000008cf00000, 0x000000008cf00000|100%| E|CS|TAMS 0x000000008ce00000, 0x000000008ce00000| Complete 
| 207|0x000000008cf00000, 0x000000008d000000, 0x000000008d000000|100%| E|CS|TAMS 0x000000008cf00000, 0x000000008cf00000| Complete 
| 208|0x000000008d000000, 0x000000008d100000, 0x000000008d100000|100%| E|CS|TAMS 0x000000008d000000, 0x000000008d000000| Complete 
| 209|0x000000008d100000, 0x000000008d200000, 0x000000008d200000|100%| E|CS|TAMS 0x000000008d100000, 0x000000008d100000| Complete 
| 210|0x000000008d200000, 0x000000008d300000, 0x000000008d300000|100%| E|CS|TAMS 0x000000008d200000, 0x000000008d200000| Complete 
| 211|0x000000008d300000, 0x000000008d400000, 0x000000008d400000|100%| E|CS|TAMS 0x000000008d300000, 0x000000008d300000| Complete 
| 212|0x000000008d400000, 0x000000008d500000, 0x000000008d500000|100%| E|CS|TAMS 0x000000008d400000, 0x000000008d400000| Complete 
| 213|0x000000008d500000, 0x000000008d600000, 0x000000008d600000|100%| E|CS|TAMS 0x000000008d500000, 0x000000008d500000| Complete 
| 214|0x000000008d600000, 0x000000008d700000, 0x000000008d700000|100%| E|CS|TAMS 0x000000008d600000, 0x000000008d600000| Complete 
| 215|0x000000008d700000, 0x000000008d800000, 0x000000008d800000|100%| E|CS|TAMS 0x000000008d700000, 0x000000008d700000| Complete 
| 216|0x000000008d800000, 0x000000008d900000, 0x000000008d900000|100%| E|CS|TAMS 0x000000008d800000, 0x000000008d800000| Complete 
| 217|0x000000008d900000, 0x000000008da00000, 0x000000008da00000|100%| E|CS|TAMS 0x000000008d900000, 0x000000008d900000| Complete 
| 218|0x000000008da00000, 0x000000008db00000, 0x000000008db00000|100%| E|CS|TAMS 0x000000008da00000, 0x000000008da00000| Complete 
| 219|0x000000008db00000, 0x000000008dc00000, 0x000000008dc00000|100%| E|CS|TAMS 0x000000008db00000, 0x000000008db00000| Complete 
| 220|0x000000008dc00000, 0x000000008dd00000, 0x000000008dd00000|100%| E|CS|TAMS 0x000000008dc00000, 0x000000008dc00000| Complete 
| 221|0x000000008dd00000, 0x000000008de00000, 0x000000008de00000|100%| E|CS|TAMS 0x000000008dd00000, 0x000000008dd00000| Complete 
| 222|0x000000008de00000, 0x000000008df00000, 0x000000008df00000|100%| E|CS|TAMS 0x000000008de00000, 0x000000008de00000| Complete 
| 223|0x000000008df00000, 0x000000008e000000, 0x000000008e000000|100%| E|CS|TAMS 0x000000008df00000, 0x000000008df00000| Complete 
| 224|0x000000008e000000, 0x000000008e100000, 0x000000008e100000|100%| E|CS|TAMS 0x000000008e000000, 0x000000008e000000| Complete 
| 225|0x000000008e100000, 0x000000008e200000, 0x000000008e200000|100%| E|CS|TAMS 0x000000008e100000, 0x000000008e100000| Complete 
| 226|0x000000008e200000, 0x000000008e300000, 0x000000008e300000|100%| E|CS|TAMS 0x000000008e200000, 0x000000008e200000| Complete 
| 227|0x000000008e300000, 0x000000008e400000, 0x000000008e400000|100%| E|CS|TAMS 0x000000008e300000, 0x000000008e300000| Complete 
| 228|0x000000008e400000, 0x000000008e500000, 0x000000008e500000|100%| E|CS|TAMS 0x000000008e400000, 0x000000008e400000| Complete 
| 229|0x000000008e500000, 0x000000008e600000, 0x000000008e600000|100%| E|CS|TAMS 0x000000008e500000, 0x000000008e500000| Complete 
| 230|0x000000008e600000, 0x000000008e700000, 0x000000008e700000|100%| E|CS|TAMS 0x000000008e600000, 0x000000008e600000| Complete 
| 231|0x000000008e700000, 0x000000008e800000, 0x000000008e800000|100%| E|CS|TAMS 0x000000008e700000, 0x000000008e700000| Complete 
| 232|0x000000008e800000, 0x000000008e900000, 0x000000008e900000|100%| E|CS|TAMS 0x000000008e800000, 0x000000008e800000| Complete 
| 233|0x000000008e900000, 0x000000008ea00000, 0x000000008ea00000|100%| E|CS|TAMS 0x000000008e900000, 0x000000008e900000| Complete 
| 234|0x000000008ea00000, 0x000000008eb00000, 0x000000008eb00000|100%| E|CS|TAMS 0x000000008ea00000, 0x000000008ea00000| Complete 
| 235|0x000000008eb00000, 0x000000008ec00000, 0x000000008ec00000|100%| E|CS|TAMS 0x000000008eb00000, 0x000000008eb00000| Complete 
| 236|0x000000008ec00000, 0x000000008ed00000, 0x000000008ed00000|100%| E|CS|TAMS 0x000000008ec00000, 0x000000008ec00000| Complete 
| 237|0x000000008ed00000, 0x000000008ee00000, 0x000000008ee00000|100%| E|CS|TAMS 0x000000008ed00000, 0x000000008ed00000| Complete 
| 238|0x000000008ee00000, 0x000000008ef00000, 0x000000008ef00000|100%| E|CS|TAMS 0x000000008ee00000, 0x000000008ee00000| Complete 
| 239|0x000000008ef00000, 0x000000008f000000, 0x000000008f000000|100%| E|CS|TAMS 0x000000008ef00000, 0x000000008ef00000| Complete 
| 240|0x000000008f000000, 0x000000008f100000, 0x000000008f100000|100%| E|CS|TAMS 0x000000008f000000, 0x000000008f000000| Complete 
| 241|0x000000008f100000, 0x000000008f200000, 0x000000008f200000|100%| E|CS|TAMS 0x000000008f100000, 0x000000008f100000| Complete 
| 242|0x000000008f200000, 0x000000008f300000, 0x000000008f300000|100%| E|CS|TAMS 0x000000008f200000, 0x000000008f200000| Complete 
| 243|0x000000008f300000, 0x000000008f400000, 0x000000008f400000|100%| E|CS|TAMS 0x000000008f300000, 0x000000008f300000| Complete 
| 244|0x000000008f400000, 0x000000008f500000, 0x000000008f500000|100%| E|CS|TAMS 0x000000008f400000, 0x000000008f400000| Complete 
| 245|0x000000008f500000, 0x000000008f600000, 0x000000008f600000|100%| E|CS|TAMS 0x000000008f500000, 0x000000008f500000| Complete 
| 246|0x000000008f600000, 0x000000008f700000, 0x000000008f700000|100%| E|CS|TAMS 0x000000008f600000, 0x000000008f600000| Complete 
| 247|0x000000008f700000, 0x000000008f800000, 0x000000008f800000|100%| E|CS|TAMS 0x000000008f700000, 0x000000008f700000| Complete 
| 248|0x000000008f800000, 0x000000008f900000, 0x000000008f900000|100%| E|CS|TAMS 0x000000008f800000, 0x000000008f800000| Complete 
| 249|0x000000008f900000, 0x000000008fa00000, 0x000000008fa00000|100%| E|CS|TAMS 0x000000008f900000, 0x000000008f900000| Complete 
| 250|0x000000008fa00000, 0x000000008fb00000, 0x000000008fb00000|100%| E|CS|TAMS 0x000000008fa00000, 0x000000008fa00000| Complete 
| 251|0x000000008fb00000, 0x000000008fc00000, 0x000000008fc00000|100%| E|CS|TAMS 0x000000008fb00000, 0x000000008fb00000| Complete 
| 252|0x000000008fc00000, 0x000000008fd00000, 0x000000008fd00000|100%| E|CS|TAMS 0x000000008fc00000, 0x000000008fc00000| Complete 
| 253|0x000000008fd00000, 0x000000008fe00000, 0x000000008fe00000|100%| E|CS|TAMS 0x000000008fd00000, 0x000000008fd00000| Complete 
| 254|0x000000008fe00000, 0x000000008ff00000, 0x000000008ff00000|100%| E|CS|TAMS 0x000000008fe00000, 0x000000008fe00000| Complete 
| 255|0x000000008ff00000, 0x0000000090000000, 0x0000000090000000|100%| E|CS|TAMS 0x000000008ff00000, 0x000000008ff00000| Complete 
| 256|0x0000000090000000, 0x0000000090100000, 0x0000000090100000|100%| E|CS|TAMS 0x0000000090000000, 0x0000000090000000| Complete 
| 257|0x0000000090100000, 0x0000000090200000, 0x0000000090200000|100%| E|CS|TAMS 0x0000000090100000, 0x0000000090100000| Complete 
| 258|0x0000000090200000, 0x0000000090300000, 0x0000000090300000|100%| E|CS|TAMS 0x0000000090200000, 0x0000000090200000| Complete 
| 259|0x0000000090300000, 0x0000000090400000, 0x0000000090400000|100%| E|CS|TAMS 0x0000000090300000, 0x0000000090300000| Complete 
| 260|0x0000000090400000, 0x0000000090500000, 0x0000000090500000|100%| E|CS|TAMS 0x0000000090400000, 0x0000000090400000| Complete 
| 261|0x0000000090500000, 0x0000000090600000, 0x0000000090600000|100%| E|CS|TAMS 0x0000000090500000, 0x0000000090500000| Complete 
| 262|0x0000000090600000, 0x0000000090700000, 0x0000000090700000|100%| E|CS|TAMS 0x0000000090600000, 0x0000000090600000| Complete 
| 263|0x0000000090700000, 0x0000000090800000, 0x0000000090800000|100%| E|CS|TAMS 0x0000000090700000, 0x0000000090700000| Complete 
| 264|0x0000000090800000, 0x0000000090900000, 0x0000000090900000|100%| E|CS|TAMS 0x0000000090800000, 0x0000000090800000| Complete 
| 265|0x0000000090900000, 0x0000000090a00000, 0x0000000090a00000|100%| E|CS|TAMS 0x0000000090900000, 0x0000000090900000| Complete 
| 266|0x0000000090a00000, 0x0000000090b00000, 0x0000000090b00000|100%| E|CS|TAMS 0x0000000090a00000, 0x0000000090a00000| Complete 
| 267|0x0000000090b00000, 0x0000000090c00000, 0x0000000090c00000|100%| E|CS|TAMS 0x0000000090b00000, 0x0000000090b00000| Complete 
| 268|0x0000000090c00000, 0x0000000090d00000, 0x0000000090d00000|100%| E|CS|TAMS 0x0000000090c00000, 0x0000000090c00000| Complete 
| 269|0x0000000090d00000, 0x0000000090e00000, 0x0000000090e00000|100%| E|CS|TAMS 0x0000000090d00000, 0x0000000090d00000| Complete 
| 270|0x0000000090e00000, 0x0000000090f00000, 0x0000000090f00000|100%| E|CS|TAMS 0x0000000090e00000, 0x0000000090e00000| Complete 
| 271|0x0000000090f00000, 0x0000000091000000, 0x0000000091000000|100%| E|CS|TAMS 0x0000000090f00000, 0x0000000090f00000| Complete 
| 272|0x0000000091000000, 0x0000000091100000, 0x0000000091100000|100%| E|CS|TAMS 0x0000000091000000, 0x0000000091000000| Complete 
| 273|0x0000000091100000, 0x0000000091200000, 0x0000000091200000|100%| E|CS|TAMS 0x0000000091100000, 0x0000000091100000| Complete 
| 274|0x0000000091200000, 0x0000000091300000, 0x0000000091300000|100%| E|CS|TAMS 0x0000000091200000, 0x0000000091200000| Complete 
| 275|0x0000000091300000, 0x0000000091400000, 0x0000000091400000|100%| E|CS|TAMS 0x0000000091300000, 0x0000000091300000| Complete 

Card table byte_map: [0x000001c91b7b0000,0x000001c91bbb0000] _byte_map_base: 0x000001c91b3b0000

Marking Bits (Prev, Next): (CMBitMap*) 0x000001c908592468, (CMBitMap*) 0x000001c9085924a0
 Prev Bits: [0x000001c91bfb0000, 0x000001c91dfb0000)
 Next Bits: [0x000001c91dfb0000, 0x000001c91ffb0000)

Polling page: 0x000001c9064d0000

Metaspace:

Usage:
  Non-class:     43.96 MB capacity,    43.07 MB ( 98%) used,   770.06 KB (  2%) free+waste,   141.06 KB ( <1%) overhead. 
      Class:      6.81 MB capacity,     6.32 MB ( 93%) used,   434.74 KB (  6%) free+waste,    67.94 KB ( <1%) overhead. 
       Both:     50.77 MB capacity,    49.39 MB ( 97%) used,     1.18 MB (  2%) free+waste,   209.00 KB ( <1%) overhead. 

Virtual space:
  Non-class space:       46.00 MB reserved,      44.12 MB ( 96%) committed 
      Class space:        1.00 GB reserved,       6.88 MB ( <1%) committed 
             Both:        1.04 GB reserved,      51.00 MB (  5%) committed 

Chunk freelists:
   Non-Class:  36.00 KB
       Class:  0 bytes
        Both:  36.00 KB

MaxMetaspaceSize: 17179869184.00 GB
CompressedClassSpaceSize: 1.00 GB
Initial GC threshold: 20.80 MB
Current GC threshold: 85.00 MB
CDS: off

CodeHeap 'non-profiled nmethods': size=120000Kb used=5364Kb max_used=5364Kb free=114635Kb
 bounds [0x000001c913b40000, 0x000001c914080000, 0x000001c91b070000]
CodeHeap 'profiled nmethods': size=120000Kb used=12384Kb max_used=12384Kb free=107615Kb
 bounds [0x000001c90c610000, 0x000001c90d230000, 0x000001c913b40000]
CodeHeap 'non-nmethods': size=5760Kb used=2304Kb max_used=2379Kb free=3455Kb
 bounds [0x000001c90c070000, 0x000001c90c2e0000, 0x000001c90c610000]
 total_blobs=6671 nmethods=5866 adapters=716
 compilation: enabled
              stopped_count=0, restarted_count=0
 full_count=0

Compilation events (20 events):
Event: 11.633 Thread 0x000001c924589000 nmethod 5916 0x000001c91407a110 code [0x000001c91407a300, 0x000001c91407ab58]
Event: 11.633 Thread 0x000001c924589000 5917       4       java.time.zone.ZoneRules::getOffset (153 bytes)
Event: 11.636 Thread 0x000001c924589000 nmethod 5917 0x000001c91407b610 code [0x000001c91407b7c0, 0x000001c91407ba18]
Event: 11.636 Thread 0x000001c924589000 5904       4       org.objectweb.asm.ClassWriter::<init> (68 bytes)
Event: 11.644 Thread 0x000001c924589000 nmethod 5904 0x000001c91407bd10 code [0x000001c91407bee0, 0x000001c91407c5f8]
Event: 11.645 Thread 0x000001c924589000 5920       4       com.google.common.io.ByteStreams::read (93 bytes)
Event: 11.645 Thread 0x000001c922a2e800 5921       3       org.objectweb.asm.ClassVisitor::visitOuterClass (18 bytes)
Event: 11.645 Thread 0x000001c922a2e800 nmethod 5921 0x000001c90d224f90 code [0x000001c90d225140, 0x000001c90d225328]
Event: 11.647 Thread 0x000001c924589000 nmethod 5920 0x000001c91407c810 code [0x000001c91407c9c0, 0x000001c91407cbc8]
Event: 11.647 Thread 0x000001c924589000 5918   !   4       org.apache.tools.zip.ZipEncodingHelper::getZipEncoding (69 bytes)
Event: 11.648 Thread 0x000001c924589000 nmethod 5918 0x000001c91407ce10 code [0x000001c91407cfc0, 0x000001c91407d048]
Event: 11.648 Thread 0x000001c924589000 5919       4       org.gradle.internal.classpath.InstrumentingClasspathFileTransformer$$Lambda$449/0x0000000100587040::visit (17 bytes)
Event: 11.714 Thread 0x000001c922a2e800 5925   !   3       java.util.zip.Deflater::setInput (69 bytes)
Event: 11.714 Thread 0x000001c922a2e800 nmethod 5925 0x000001c90d225410 code [0x000001c90d2255e0, 0x000001c90d225aa8]
Event: 11.717 Thread 0x000001c922a2e800 5926       3       org.objectweb.asm.ByteVector::putLong (145 bytes)
Event: 11.717 Thread 0x000001c922a2e800 nmethod 5926 0x000001c90d225c10 code [0x000001c90d225de0, 0x000001c90d2260c8]
Event: 11.724 Thread 0x000001c922a2e800 5927       3       org.objectweb.asm.MethodWriter::visitSwitchInsn (174 bytes)
Event: 11.725 Thread 0x000001c922a2e800 nmethod 5927 0x000001c90d226290 code [0x000001c90d226540, 0x000001c90d2275d8]
Event: 11.737 Thread 0x000001c922a2e800 5928       3       org.objectweb.asm.MethodVisitor::visitLookupSwitchInsn (18 bytes)
Event: 11.737 Thread 0x000001c922a2e800 nmethod 5928 0x000001c90d227c10 code [0x000001c90d227dc0, 0x000001c90d227fa8]

GC Heap History (20 events):
Event: 8.676 GC heap before
{Heap before GC invocations=28 (full 0):
 garbage-first heap   total 187392K, used 148626K [0x0000000080000000, 0x0000000100000000)
  region size 1024K, 64 young (65536K), 4 survivors (4096K)
 Metaspace       used 50559K, capacity 51987K, committed 52220K, reserved 1095680K
  class space    used 6468K, capacity 6971K, committed 7040K, reserved 1048576K
}
Event: 8.681 GC heap after
{Heap after GC invocations=29 (full 0):
 garbage-first heap   total 187392K, used 88495K [0x0000000080000000, 0x0000000100000000)
  region size 1024K, 4 young (4096K), 4 survivors (4096K)
 Metaspace       used 50559K, capacity 51987K, committed 52220K, reserved 1095680K
  class space    used 6468K, capacity 6971K, committed 7040K, reserved 1048576K
}
Event: 8.920 GC heap before
{Heap before GC invocations=29 (full 0):
 garbage-first heap   total 187392K, used 148911K [0x0000000080000000, 0x0000000100000000)
  region size 1024K, 63 young (64512K), 4 survivors (4096K)
 Metaspace       used 50565K, capacity 51987K, committed 52220K, reserved 1095680K
  class space    used 6468K, capacity 6971K, committed 7040K, reserved 1048576K
}
Event: 8.925 GC heap after
{Heap after GC invocations=30 (full 0):
 garbage-first heap   total 235520K, used 88853K [0x0000000080000000, 0x0000000100000000)
  region size 1024K, 5 young (5120K), 5 survivors (5120K)
 Metaspace       used 50565K, capacity 51987K, committed 52220K, reserved 1095680K
  class space    used 6468K, capacity 6971K, committed 7040K, reserved 1048576K
}
Event: 9.316 GC heap before
{Heap before GC invocations=31 (full 0):
 garbage-first heap   total 235520K, used 177941K [0x0000000080000000, 0x0000000100000000)
  region size 1024K, 92 young (94208K), 5 survivors (5120K)
 Metaspace       used 50567K, capacity 51987K, committed 52220K, reserved 1095680K
  class space    used 6468K, capacity 6971K, committed 7040K, reserved 1048576K
}
Event: 9.320 GC heap after
{Heap after GC invocations=32 (full 0):
 garbage-first heap   total 235520K, used 89399K [0x0000000080000000, 0x0000000100000000)
  region size 1024K, 5 young (5120K), 5 survivors (5120K)
 Metaspace       used 50567K, capacity 51987K, committed 52220K, reserved 1095680K
  class space    used 6468K, capacity 6971K, committed 7040K, reserved 1048576K
}
Event: 9.777 GC heap before
{Heap before GC invocations=32 (full 0):
 garbage-first heap   total 235520K, used 196919K [0x0000000080000000, 0x0000000100000000)
  region size 1024K, 110 young (112640K), 5 survivors (5120K)
 Metaspace       used 50568K, capacity 51987K, committed 52220K, reserved 1095680K
  class space    used 6468K, capacity 6971K, committed 7040K, reserved 1048576K
}
Event: 9.781 GC heap after
{Heap after GC invocations=33 (full 0):
 garbage-first heap   total 235520K, used 90099K [0x0000000080000000, 0x0000000100000000)
  region size 1024K, 6 young (6144K), 6 survivors (6144K)
 Metaspace       used 50568K, capacity 51987K, committed 52220K, reserved 1095680K
  class space    used 6468K, capacity 6971K, committed 7040K, reserved 1048576K
}
Event: 10.102 GC heap before
{Heap before GC invocations=33 (full 0):
 garbage-first heap   total 235520K, used 197619K [0x0000000080000000, 0x0000000100000000)
  region size 1024K, 111 young (113664K), 6 survivors (6144K)
 Metaspace       used 50568K, capacity 51987K, committed 52220K, reserved 1095680K
  class space    used 6468K, capacity 6971K, committed 7040K, reserved 1048576K
}
Event: 10.107 GC heap after
{Heap after GC invocations=34 (full 0):
 garbage-first heap   total 235520K, used 90935K [0x0000000080000000, 0x0000000100000000)
  region size 1024K, 7 young (7168K), 7 survivors (7168K)
 Metaspace       used 50568K, capacity 51987K, committed 52220K, reserved 1095680K
  class space    used 6468K, capacity 6971K, committed 7040K, reserved 1048576K
}
Event: 10.425 GC heap before
{Heap before GC invocations=34 (full 0):
 garbage-first heap   total 235520K, used 199479K [0x0000000080000000, 0x0000000100000000)
  region size 1024K, 113 young (115712K), 7 survivors (7168K)
 Metaspace       used 50568K, capacity 51987K, committed 52220K, reserved 1095680K
  class space    used 6468K, capacity 6971K, committed 7040K, reserved 1048576K
}
Event: 10.430 GC heap after
{Heap after GC invocations=35 (full 0):
 garbage-first heap   total 235520K, used 91845K [0x0000000080000000, 0x0000000100000000)
  region size 1024K, 7 young (7168K), 7 survivors (7168K)
 Metaspace       used 50568K, capacity 51987K, committed 52220K, reserved 1095680K
  class space    used 6468K, capacity 6971K, committed 7040K, reserved 1048576K
}
Event: 10.711 GC heap before
{Heap before GC invocations=35 (full 0):
 garbage-first heap   total 235520K, used 203461K [0x0000000080000000, 0x0000000100000000)
  region size 1024K, 116 young (118784K), 7 survivors (7168K)
 Metaspace       used 50571K, capacity 51987K, committed 52220K, reserved 1095680K
  class space    used 6468K, capacity 6971K, committed 7040K, reserved 1048576K
}
Event: 10.717 GC heap after
{Heap after GC invocations=36 (full 0):
 garbage-first heap   total 235520K, used 92449K [0x0000000080000000, 0x0000000100000000)
  region size 1024K, 8 young (8192K), 8 survivors (8192K)
 Metaspace       used 50571K, capacity 51987K, committed 52220K, reserved 1095680K
  class space    used 6468K, capacity 6971K, committed 7040K, reserved 1048576K
}
Event: 11.009 GC heap before
{Heap before GC invocations=36 (full 0):
 garbage-first heap   total 235520K, used 203041K [0x0000000080000000, 0x0000000100000000)
  region size 1024K, 116 young (118784K), 8 survivors (8192K)
 Metaspace       used 50572K, capacity 51987K, committed 52220K, reserved 1095680K
  class space    used 6468K, capacity 6971K, committed 7040K, reserved 1048576K
}
Event: 11.015 GC heap after
{Heap after GC invocations=37 (full 0):
 garbage-first heap   total 235520K, used 93365K [0x0000000080000000, 0x0000000100000000)
  region size 1024K, 9 young (9216K), 9 survivors (9216K)
 Metaspace       used 50572K, capacity 51987K, committed 52220K, reserved 1095680K
  class space    used 6468K, capacity 6971K, committed 7040K, reserved 1048576K
}
Event: 11.268 GC heap before
{Heap before GC invocations=37 (full 0):
 garbage-first heap   total 235520K, used 201909K [0x0000000080000000, 0x0000000100000000)
  region size 1024K, 115 young (117760K), 9 survivors (9216K)
 Metaspace       used 50573K, capacity 51987K, committed 52220K, reserved 1095680K
  class space    used 6468K, capacity 6971K, committed 7040K, reserved 1048576K
}
Event: 11.274 GC heap after
{Heap after GC invocations=38 (full 0):
 garbage-first heap   total 235520K, used 94614K [0x0000000080000000, 0x0000000100000000)
  region size 1024K, 8 young (8192K), 8 survivors (8192K)
 Metaspace       used 50573K, capacity 51987K, committed 52220K, reserved 1095680K
  class space    used 6468K, capacity 6971K, committed 7040K, reserved 1048576K
}
Event: 11.545 GC heap before
{Heap before GC invocations=38 (full 0):
 garbage-first heap   total 235520K, used 203158K [0x0000000080000000, 0x0000000100000000)
  region size 1024K, 114 young (116736K), 8 survivors (8192K)
 Metaspace       used 50573K, capacity 51987K, committed 52220K, reserved 1095680K
  class space    used 6468K, capacity 6971K, committed 7040K, reserved 1048576K
}
Event: 11.554 GC heap after
{Heap after GC invocations=39 (full 0):
 garbage-first heap   total 282624K, used 95146K [0x0000000080000000, 0x0000000100000000)
  region size 1024K, 9 young (9216K), 9 survivors (9216K)
 Metaspace       used 50573K, capacity 51987K, committed 52220K, reserved 1095680K
  class space    used 6468K, capacity 6971K, committed 7040K, reserved 1048576K
}

Deoptimization events (20 events):
Event: 11.827 Thread 0x000001c925b5e000 DEOPT PACKING pc=0x000001c90d17a77a sp=0x00000097894fdfd0
Event: 11.827 Thread 0x000001c925b5e000 DEOPT UNPACKING pc=0x000001c90c0ba95e sp=0x00000097894fd640 mode 0
Event: 11.828 Thread 0x000001c925b5e000 DEOPT PACKING pc=0x000001c90d179872 sp=0x00000097894fdfd0
Event: 11.828 Thread 0x000001c925b5e000 DEOPT UNPACKING pc=0x000001c90c0ba95e sp=0x00000097894fd640 mode 0
Event: 11.829 Thread 0x000001c925b5e000 DEOPT PACKING pc=0x000001c90d179872 sp=0x00000097894fdfd0
Event: 11.829 Thread 0x000001c925b5e000 DEOPT UNPACKING pc=0x000001c90c0ba95e sp=0x00000097894fd640 mode 0
Event: 11.831 Thread 0x000001c925b5e000 DEOPT PACKING pc=0x000001c90d17a77a sp=0x00000097894fdfd0
Event: 11.831 Thread 0x000001c925b5e000 DEOPT UNPACKING pc=0x000001c90c0ba95e sp=0x00000097894fd640 mode 0
Event: 11.832 Thread 0x000001c925b5e000 DEOPT PACKING pc=0x000001c90d179872 sp=0x00000097894fdfd0
Event: 11.832 Thread 0x000001c925b5e000 DEOPT UNPACKING pc=0x000001c90c0ba95e sp=0x00000097894fd640 mode 0
Event: 11.834 Thread 0x000001c925b5e000 DEOPT PACKING pc=0x000001c90d179872 sp=0x00000097894fdfd0
Event: 11.834 Thread 0x000001c925b5e000 DEOPT UNPACKING pc=0x000001c90c0ba95e sp=0x00000097894fd640 mode 0
Event: 11.835 Thread 0x000001c925b5e000 DEOPT PACKING pc=0x000001c90d179872 sp=0x00000097894fdfd0
Event: 11.835 Thread 0x000001c925b5e000 DEOPT UNPACKING pc=0x000001c90c0ba95e sp=0x00000097894fd640 mode 0
Event: 11.836 Thread 0x000001c925b5e000 DEOPT PACKING pc=0x000001c90d17a77a sp=0x00000097894fdfd0
Event: 11.836 Thread 0x000001c925b5e000 DEOPT UNPACKING pc=0x000001c90c0ba95e sp=0x00000097894fd640 mode 0
Event: 11.837 Thread 0x000001c925b5e000 DEOPT PACKING pc=0x000001c90d17a77a sp=0x00000097894fdfd0
Event: 11.837 Thread 0x000001c925b5e000 DEOPT UNPACKING pc=0x000001c90c0ba95e sp=0x00000097894fd640 mode 0
Event: 11.839 Thread 0x000001c925b5e000 DEOPT PACKING pc=0x000001c90d179872 sp=0x00000097894fdfd0
Event: 11.839 Thread 0x000001c925b5e000 DEOPT UNPACKING pc=0x000001c90c0ba95e sp=0x00000097894fd640 mode 0

Classes redefined (0 events):
No events

Internal exceptions (20 events):
Event: 7.261 Thread 0x000001c9237ba000 Exception <a 'java/lang/ClassNotFoundException'{0x00000000872cd430}: org/apache/groovy/parser/antlr4/util/StringUtils$2Customizer> (0x00000000872cd430) thrown at [src/hotspot/share/classfile/systemDictionary.cpp, line 230]
Event: 7.265 Thread 0x000001c9237ba000 Exception <a 'java/lang/ClassNotFoundException'{0x0000000087033088}: org/apache/groovy/parser/antlr4/util/StringUtils$1BeanInfo> (0x0000000087033088) thrown at [src/hotspot/share/classfile/systemDictionary.cpp, line 230]
Event: 7.268 Thread 0x000001c9237ba000 Exception <a 'java/lang/ClassNotFoundException'{0x0000000086f70ac8}: org/apache/groovy/parser/antlr4/util/StringUtils$1Customizer> (0x0000000086f70ac8) thrown at [src/hotspot/share/classfile/systemDictionary.cpp, line 230]
Event: 7.274 Thread 0x000001c9237ba000 Exception <a 'java/lang/ClassNotFoundException'{0x0000000086ed6338}: org/apache/groovy/parser/antlr4/util/StringUtils$3BeanInfo> (0x0000000086ed6338) thrown at [src/hotspot/share/classfile/systemDictionary.cpp, line 230]
Event: 7.275 Thread 0x000001c9237ba000 Exception <a 'java/lang/ClassNotFoundException'{0x0000000086c141b0}: org/apache/groovy/parser/antlr4/util/StringUtils$3Customizer> (0x0000000086c141b0) thrown at [src/hotspot/share/classfile/systemDictionary.cpp, line 230]
Event: 7.352 Thread 0x000001c9237ba000 Exception <a 'java/lang/NoSuchMethodError'{0x0000000086cd1d00}: 'void java.lang.invoke.DirectMethodHandle$Holder.invokeSpecialIFC(java.lang.Object, java.lang.Object, java.lang.Object)'> (0x0000000086cd1d00) thrown at [src/hotspot/share/interpreter/linkResolver.cpp, line 773]
Event: 7.502 Thread 0x000001c9237ba000 Exception <a 'java/lang/NoSuchMethodError'{0x000000008662e3f8}: 'int java.lang.invoke.DirectMethodHandle$Holder.invokeStatic(java.lang.Object, int, java.lang.Object, java.lang.Object)'> (0x000000008662e3f8) thrown at [src/hotspot/share/interpreter/linkResolver.cpp, line 773]
Event: 7.624 Thread 0x000001c925b5f000 Exception <a 'sun/nio/fs/WindowsException'{0x000000008918a580}> (0x000000008918a580) thrown at [src/hotspot/share/prims/jni.cpp, line 617]
Event: 7.626 Thread 0x000001c925b5f000 Exception <a 'sun/nio/fs/WindowsException'{0x00000000891a99f8}> (0x00000000891a99f8) thrown at [src/hotspot/share/prims/jni.cpp, line 617]
Event: 7.626 Thread 0x000001c925b5f000 Exception <a 'sun/nio/fs/WindowsException'{0x00000000891a9b68}> (0x00000000891a9b68) thrown at [src/hotspot/share/prims/jni.cpp, line 617]
Event: 7.631 Thread 0x000001c9237ba000 Exception <a 'java/lang/ClassNotFoundException'{0x000000008916cc78}: sync_studio_tooling1186_4k6sozt8j7ijigv09wiv9t7zwBeanInfo> (0x000000008916cc78) thrown at [src/hotspot/share/classfile/systemDictionary.cpp, line 230]
Event: 7.632 Thread 0x000001c9237ba000 Exception <a 'java/lang/ClassNotFoundException'{0x000000008917a860}: sync_studio_tooling1186_4k6sozt8j7ijigv09wiv9t7zwCustomizer> (0x000000008917a860) thrown at [src/hotspot/share/classfile/systemDictionary.cpp, line 230]
Event: 8.172 Thread 0x000001c924c7c800 Exception <a 'sun/nio/fs/WindowsException'{0x0000000088893f78}> (0x0000000088893f78) thrown at [src/hotspot/share/prims/jni.cpp, line 617]
Event: 8.178 Thread 0x000001c924c7c800 Exception <a 'sun/nio/fs/WindowsException'{0x00000000888c3aa0}> (0x00000000888c3aa0) thrown at [src/hotspot/share/prims/jni.cpp, line 617]
Event: 8.178 Thread 0x000001c924c7c800 Exception <a 'sun/nio/fs/WindowsException'{0x00000000888c3c18}> (0x00000000888c3c18) thrown at [src/hotspot/share/prims/jni.cpp, line 617]
Event: 8.184 Thread 0x000001c9237ba000 Exception <a 'java/lang/ClassNotFoundException'{0x00000000887459d0}: ijinit4_aytautwisgw94b4sn7kz1ndbkBeanInfo> (0x00000000887459d0) thrown at [src/hotspot/share/classfile/systemDictionary.cpp, line 230]
Event: 8.184 Thread 0x000001c9237ba000 Exception <a 'java/lang/ClassNotFoundException'{0x00000000887522a8}: ijinit4_aytautwisgw94b4sn7kz1ndbkCustomizer> (0x00000000887522a8) thrown at [src/hotspot/share/classfile/systemDictionary.cpp, line 230]
Event: 8.189 Thread 0x000001c9237ba000 Exception <a 'java/lang/ClassNotFoundException'{0x00000000887a1f40}: ijinit4_aytautwisgw94b4sn7kz1ndbk$_run_closure1BeanInfo> (0x00000000887a1f40) thrown at [src/hotspot/share/classfile/systemDictionary.cpp, line 230]
Event: 8.189 Thread 0x000001c9237ba000 Exception <a 'java/lang/ClassNotFoundException'{0x00000000887a8f78}: ijinit4_aytautwisgw94b4sn7kz1ndbk$_run_closure1Customizer> (0x00000000887a8f78) thrown at [src/hotspot/share/classfile/systemDictionary.cpp, line 230]
Event: 8.246 Thread 0x000001c925b5e000 Exception <a 'sun/nio/fs/WindowsException'{0x000000008aac6d70}> (0x000000008aac6d70) thrown at [src/hotspot/share/prims/jni.cpp, line 617]

Events (20 events):
Event: 8.965 Executing VM operation: CGC_Operation
Event: 8.973 Executing VM operation: CGC_Operation done
Event: 8.989 Executing VM operation: CGC_Operation
Event: 8.989 Executing VM operation: CGC_Operation done
Event: 9.316 Executing VM operation: G1CollectForAllocation
Event: 9.320 Executing VM operation: G1CollectForAllocation done
Event: 9.777 Executing VM operation: G1CollectForAllocation
Event: 9.781 Executing VM operation: G1CollectForAllocation done
Event: 10.102 Executing VM operation: G1CollectForAllocation
Event: 10.107 Executing VM operation: G1CollectForAllocation done
Event: 10.425 Executing VM operation: G1CollectForAllocation
Event: 10.430 Executing VM operation: G1CollectForAllocation done
Event: 10.711 Executing VM operation: G1CollectForAllocation
Event: 10.717 Executing VM operation: G1CollectForAllocation done
Event: 11.009 Executing VM operation: G1CollectForAllocation
Event: 11.015 Executing VM operation: G1CollectForAllocation done
Event: 11.268 Executing VM operation: G1CollectForAllocation
Event: 11.274 Executing VM operation: G1CollectForAllocation done
Event: 11.545 Executing VM operation: G1CollectForAllocation
Event: 11.554 Executing VM operation: G1CollectForAllocation done


Dynamic libraries:
0x00007ff604160000 - 0x00007ff60416a000 	C:\Program Files\Android\Android Studio\jbr\bin\java.exe
0x00007ff9c8cd0000 - 0x00007ff9c8ee4000 	C:\WINDOWS\SYSTEM32\ntdll.dll
0x00007ff9c7a20000 - 0x00007ff9c7ae2000 	C:\WINDOWS\System32\KERNEL32.DLL
0x00007ff9c65d0000 - 0x00007ff9c696c000 	C:\WINDOWS\System32\KERNELBASE.dll
0x00007ff9c62d0000 - 0x00007ff9c63e1000 	C:\WINDOWS\System32\ucrtbase.dll
0x00007ff9c00a0000 - 0x00007ff9c00b7000 	C:\Program Files\Android\Android Studio\jbr\bin\jli.dll
0x00007ff9c2d60000 - 0x00007ff9c2d7b000 	C:\Program Files\Android\Android Studio\jbr\bin\VCRUNTIME140.dll
0x00007ff9c7dd0000 - 0x00007ff9c7f7b000 	C:\WINDOWS\System32\USER32.dll
0x00007ff998140000 - 0x00007ff9983ce000 	C:\WINDOWS\WinSxS\amd64_microsoft.windows.common-controls_6595b64144ccf1df_6.0.22621.608_none_a9444ca7c10bb01d\COMCTL32.dll
0x00007ff9c6200000 - 0x00007ff9c6226000 	C:\WINDOWS\System32\win32u.dll
0x00007ff9c7bd0000 - 0x00007ff9c7c77000 	C:\WINDOWS\System32\msvcrt.dll
0x00007ff9c8b80000 - 0x00007ff9c8ba9000 	C:\WINDOWS\System32\GDI32.dll
0x00007ff9c64b0000 - 0x00007ff9c65c3000 	C:\WINDOWS\System32\gdi32full.dll
0x00007ff9c6230000 - 0x00007ff9c62ca000 	C:\WINDOWS\System32\msvcp_win.dll
0x00007ff9c7c80000 - 0x00007ff9c7cb1000 	C:\WINDOWS\System32\IMM32.DLL
0x00007ff9c0090000 - 0x00007ff9c009c000 	C:\Program Files\Android\Android Studio\jbr\bin\vcruntime140_1.dll
0x00007ff9b1d20000 - 0x00007ff9b1dad000 	C:\Program Files\Android\Android Studio\jbr\bin\msvcp140.dll
0x00007ff959970000 - 0x00007ff95a52c000 	C:\Program Files\Android\Android Studio\jbr\bin\server\jvm.dll
0x00007ff9c75a0000 - 0x00007ff9c764e000 	C:\WINDOWS\System32\ADVAPI32.dll
0x00007ff9c8720000 - 0x00007ff9c87c4000 	C:\WINDOWS\System32\sechost.dll
0x00007ff9c76e0000 - 0x00007ff9c77f7000 	C:\WINDOWS\System32\RPCRT4.dll
0x00007ff9c7400000 - 0x00007ff9c7408000 	C:\WINDOWS\System32\PSAPI.DLL
0x00007ff9bf210000 - 0x00007ff9bf244000 	C:\WINDOWS\SYSTEM32\WINMM.dll
0x00007ff9a3010000 - 0x00007ff9a3019000 	C:\WINDOWS\SYSTEM32\WSOCK32.dll
0x00007ff9be760000 - 0x00007ff9be76a000 	C:\WINDOWS\SYSTEM32\VERSION.dll
0x00007ff9c8bb0000 - 0x00007ff9c8c21000 	C:\WINDOWS\System32\WS2_32.dll
0x00007ff9c5250000 - 0x00007ff9c5268000 	C:\WINDOWS\SYSTEM32\kernel.appcore.dll
0x00007ff9c03c0000 - 0x00007ff9c03d0000 	C:\Program Files\Android\Android Studio\jbr\bin\verify.dll
0x00007ff9c3000000 - 0x00007ff9c322e000 	C:\WINDOWS\SYSTEM32\DBGHELP.DLL
0x00007ff9c87d0000 - 0x00007ff9c8b59000 	C:\WINDOWS\System32\combase.dll
0x00007ff9c7af0000 - 0x00007ff9c7bc7000 	C:\WINDOWS\System32\OLEAUT32.dll
0x00007ff9bbea0000 - 0x00007ff9bbed2000 	C:\WINDOWS\SYSTEM32\dbgcore.DLL
0x00007ff9c6180000 - 0x00007ff9c61fb000 	C:\WINDOWS\System32\bcryptPrimitives.dll
0x00007ff9bfd30000 - 0x00007ff9bfd58000 	C:\Program Files\Android\Android Studio\jbr\bin\java.dll
0x00007ff9c0070000 - 0x00007ff9c007a000 	C:\Program Files\Android\Android Studio\jbr\bin\jimage.dll
0x00007ff9bfd10000 - 0x00007ff9bfd28000 	C:\Program Files\Android\Android Studio\jbr\bin\zip.dll
0x00007ff9c6ae0000 - 0x00007ff9c72d0000 	C:\WINDOWS\System32\SHELL32.dll
0x00007ff9c4120000 - 0x00007ff9c49ed000 	C:\WINDOWS\SYSTEM32\windows.storage.dll
0x00007ff9c3fe0000 - 0x00007ff9c411e000 	C:\WINDOWS\SYSTEM32\wintypes.dll
0x00007ff9c7f80000 - 0x00007ff9c8071000 	C:\WINDOWS\System32\SHCORE.dll
0x00007ff9c7650000 - 0x00007ff9c76ae000 	C:\WINDOWS\System32\shlwapi.dll
0x00007ff9c6040000 - 0x00007ff9c6061000 	C:\WINDOWS\SYSTEM32\profapi.dll
0x00007ff9bfbe0000 - 0x00007ff9bfbf9000 	C:\Program Files\Android\Android Studio\jbr\bin\net.dll
0x00007ff9be8b0000 - 0x00007ff9be9e7000 	C:\WINDOWS\SYSTEM32\WINHTTP.dll
0x00007ff9c56c0000 - 0x00007ff9c5729000 	C:\WINDOWS\system32\mswsock.dll
0x00007ff9bfbc0000 - 0x00007ff9bfbd3000 	C:\Program Files\Android\Android Studio\jbr\bin\nio.dll
0x00007ff9c0230000 - 0x00007ff9c0257000 	C:\Users\Huawei\.gradle\native\e1d6ef7f7dcc3fd88c89a11ec53ec762bb8ba0a96d01ffa2cd45eb1d1d8dd5c5\windows-amd64\native-platform.dll
0x00007ff994060000 - 0x00007ff9941a4000 	C:\Users\Huawei\.gradle\native\0d407fdbe67a94daf76414ababcb853783967236a71b16ec16e742cd7a986fd3\windows-amd64\native-platform-file-events.dll
0x00007ff9c0060000 - 0x00007ff9c006a000 	C:\Program Files\Android\Android Studio\jbr\bin\management.dll
0x00007ff9bff30000 - 0x00007ff9bff3b000 	C:\Program Files\Android\Android Studio\jbr\bin\management_ext.dll
0x00007ff9c5920000 - 0x00007ff9c593b000 	C:\WINDOWS\SYSTEM32\CRYPTSP.dll
0x00007ff9c51c0000 - 0x00007ff9c51f5000 	C:\WINDOWS\system32\rsaenh.dll
0x00007ff9c57c0000 - 0x00007ff9c57e8000 	C:\WINDOWS\SYSTEM32\USERENV.dll
0x00007ff9c5ac0000 - 0x00007ff9c5ae8000 	C:\WINDOWS\SYSTEM32\bcrypt.dll
0x00007ff9c5940000 - 0x00007ff9c594c000 	C:\WINDOWS\SYSTEM32\CRYPTBASE.dll
0x00007ff9c4cb0000 - 0x00007ff9c4cdd000 	C:\WINDOWS\SYSTEM32\IPHLPAPI.DLL
0x00007ff9c72d0000 - 0x00007ff9c72d9000 	C:\WINDOWS\System32\NSI.dll
0x00007ff9be890000 - 0x00007ff9be8a9000 	C:\WINDOWS\SYSTEM32\dhcpcsvc6.DLL
0x00007ff9be870000 - 0x00007ff9be88f000 	C:\WINDOWS\SYSTEM32\dhcpcsvc.DLL
0x00007ff9c4d20000 - 0x00007ff9c4e13000 	C:\WINDOWS\SYSTEM32\DNSAPI.dll

dbghelp: loaded successfully - version: 4.0.5 - missing functions: none
symbol engine: initialized successfully - sym options: 0x614 - pdb path: .;C:\Program Files\Android\Android Studio\jbr\bin;C:\WINDOWS\SYSTEM32;C:\WINDOWS\WinSxS\amd64_microsoft.windows.common-controls_6595b64144ccf1df_6.0.22621.608_none_a9444ca7c10bb01d;C:\Program Files\Android\Android Studio\jbr\bin\server;C:\Users\Huawei\.gradle\native\e1d6ef7f7dcc3fd88c89a11ec53ec762bb8ba0a96d01ffa2cd45eb1d1d8dd5c5\windows-amd64;C:\Users\Huawei\.gradle\native\0d407fdbe67a94daf76414ababcb853783967236a71b16ec16e742cd7a986fd3\windows-amd64

VM Arguments:
jvm_args: --add-opens=java.base/java.util=ALL-UNNAMED --add-opens=java.base/java.lang=ALL-UNNAMED --add-opens=java.base/java.lang.invoke=ALL-UNNAMED --add-opens=java.base/java.util=ALL-UNNAMED --add-opens=java.prefs/java.util.prefs=ALL-UNNAMED --add-opens=java.prefs/java.util.prefs=ALL-UNNAMED --add-opens=java.base/java.nio.charset=ALL-UNNAMED --add-opens=java.base/java.net=ALL-UNNAMED --add-opens=java.base/java.util.concurrent.atomic=ALL-UNNAMED -Xmx2048m -Dfile.encoding=UTF-8 -Duser.country=MY -Duser.language=en -Duser.variant 
java_command: org.gradle.launcher.daemon.bootstrap.GradleDaemon 7.5
java_class_path (initial): C:\Users\Huawei\.gradle\wrapper\dists\gradle-7.5-bin\f1w0cc9nuo0eivz97x2xlu9sv\gradle-7.5\lib\gradle-launcher-7.5.jar
Launcher Type: SUN_STANDARD

[Global flags]
     intx CICompilerCount                          = 4                                         {product} {ergonomic}
     uint ConcGCThreads                            = 2                                         {product} {ergonomic}
     uint G1ConcRefinementThreads                  = 8                                         {product} {ergonomic}
   size_t G1HeapRegionSize                         = 1048576                                   {product} {ergonomic}
    uintx GCDrainStackTargetSize                   = 64                                        {product} {ergonomic}
   size_t InitialHeapSize                          = 132120576                                 {product} {ergonomic}
   size_t MarkStackSize                            = 4194304                                   {product} {ergonomic}
   size_t MaxHeapSize                              = 2147483648                                {product} {command line}
   size_t MaxNewSize                               = 1287651328                                {product} {ergonomic}
   size_t MinHeapDeltaBytes                        = 1048576                                   {product} {ergonomic}
    uintx NonNMethodCodeHeapSize                   = 5836300                                {pd product} {ergonomic}
    uintx NonProfiledCodeHeapSize                  = 122910970                              {pd product} {ergonomic}
    uintx ProfiledCodeHeapSize                     = 122910970                              {pd product} {ergonomic}
    uintx ReservedCodeCacheSize                    = 251658240                              {pd product} {ergonomic}
     bool SegmentedCodeCache                       = true                                      {product} {ergonomic}
     bool UseCompressedClassPointers               = true                                 {lp64_product} {ergonomic}
     bool UseCompressedOops                        = true                                 {lp64_product} {ergonomic}
     bool UseG1GC                                  = true                                      {product} {ergonomic}
     bool UseLargePagesIndividualAllocation        = false                                  {pd product} {ergonomic}

Logging:
Log output configuration:
 #0: stdout all=warning uptime,level,tags
 #1: stderr all=off uptime,level,tags

Environment Variables:
PATH=C:\Windows\system32;C:\Windows;C:\Windows\System32\Wbem;C:\Windows\System32\WindowsPowerShell\v1.0\;C:\Windows\System32\OpenSSH\;C:\Program Files (x86)\NVIDIA Corporation\PhysX\Common;C:\Program Files\NVIDIA Corporation\NVIDIA NvDLISR;C:\Program Files\Intel\WiFi\bin\;C:\Program Files\Common Files\Intel\WirelessCommon\;C:\WINDOWS\system32;C:\WINDOWS;C:\WINDOWS\System32\Wbem;C:\WINDOWS\System32\WindowsPowerShell\v1.0\;C:\WINDOWS\System32\OpenSSH\;D:\Git\cmd;C:\Users\Huawei\AppData\Local\Microsoft\WindowsApps;D:\IntelliJ IDEA Community Edition 2022.2.2\bin;C:\Users\Huawei\AppData\Local\GitHubDesktop\bin;%USERPROFILE%\AppData\Local\Microsoft\WindowsApps;
USERNAME=Huawei
OS=Windows_NT
PROCESSOR_IDENTIFIER=Intel64 Family 6 Model 142 Stepping 11, GenuineIntel



---------------  S Y S T E M  ---------------

OS: Windows 11 , 64 bit Build 22621 (10.0.22621.1485)
OS uptime: 0 days 0:28 hours

CPU:total 8 (initial active 8) (4 cores per cpu, 2 threads per core) family 6 model 142 stepping 11 microcode 0xde, cmov, cx8, fxsr, mmx, sse, sse2, sse3, ssse3, sse4.1, sse4.2, popcnt, avx, avx2, aes, clmul, erms, 3dnowpref, lzcnt, ht, tsc, tscinvbit, bmi1, bmi2, adx, fma

Memory: 4k page, system-wide physical 8037M (1182M free)
TotalPageFile size 8037M (AvailPageFile size 4M)
current process WorkingSet (physical memory assigned to process): 489M, peak: 489M
current process commit charge ("private bytes"): 526M, peak: 528M

vm_info: OpenJDK 64-Bit Server VM (11.0.15+0-b2043.56-9505619) for windows-amd64 JRE (11.0.15+0-b2043.56-9505619), built on Jan 19 2023 02:48:00 by "builduser" with unknown MS VC++:1929

END.
