#
# There is insufficient memory for the Java Runtime Environment to continue.
# Native memory allocation (malloc) failed to allocate 1803376 bytes for Chunk::new
# Possible reasons:
#   The system is out of physical RAM or swap space
#   The process is running with CompressedOops enabled, and the Java Heap may be blocking the growth of the native heap
# Possible solutions:
#   Reduce memory load on the system
#   Increase physical memory or swap space
#   Check if swap backing store is full
#   Decrease Java heap size (-Xmx/-Xms)
#   Decrease number of Java threads
#   Decrease Java thread stack sizes (-Xss)
#   Set larger code cache with -XX:ReservedCodeCacheSize=
#   JVM is running with Unscaled Compressed Oops mode in which the Java heap is
#     placed in the first 4GB address space. The Java Heap base address is the
#     maximum limit for the native heap growth. Please use -XX:HeapBaseMinAddress
#     to set the Java Heap base and to place the Java Heap above 4GB virtual address.
# This output file may be truncated or incomplete.
#
#  Out of Memory Error (src/hotspot/share/memory/arena.cpp:197), pid=3088, tid=11056
#
# JRE version: OpenJDK Runtime Environment (11.0.15) (build 11.0.15+0-b2043.56-9505619)
# Java VM: OpenJDK 64-Bit Server VM (11.0.15+0-b2043.56-9505619, mixed mode, tiered, compressed oops, g1 gc, windows-amd64)
# No core dump will be written. Minidumps are not enabled by default on client versions of Windows
#

---------------  S U M M A R Y ------------

Command Line: --add-opens=java.base/java.util=ALL-UNNAMED --add-opens=java.base/java.lang=ALL-UNNAMED --add-opens=java.base/java.lang.invoke=ALL-UNNAMED --add-opens=java.base/java.util=ALL-UNNAMED --add-opens=java.prefs/java.util.prefs=ALL-UNNAMED --add-opens=java.prefs/java.util.prefs=ALL-UNNAMED --add-opens=java.base/java.nio.charset=ALL-UNNAMED --add-opens=java.base/java.net=ALL-UNNAMED --add-opens=java.base/java.util.concurrent.atomic=ALL-UNNAMED -Xmx2048m -Dfile.encoding=UTF-8 -Duser.country=MY -Duser.language=en -Duser.variant org.gradle.launcher.daemon.bootstrap.GradleDaemon 7.5

Host: Intel(R) Core(TM) i7-8565U CPU @ 1.80GHz, 8 cores, 7G,  Windows 11 , 64 bit Build 22621 (10.0.22621.1485)
Time: Mon Apr 17 19:18:09 2023 W. Europe Daylight Time elapsed time: 9.484412 seconds (0d 0h 0m 9s)

---------------  T H R E A D  ---------------

Current thread (0x0000015ab6cb2800):  JavaThread "C2 CompilerThread1" daemon [_thread_in_native, id=11056, stack(0x0000003030000000,0x0000003030100000)]


Current CompileTask:
C2:   9484 7053       4       org.gradle.internal.instantiation.generator.AbstractClassGenerator::inspectType (560 bytes)

Stack: [0x0000003030000000,0x0000003030100000]
Native frames: (J=compiled Java code, j=interpreted, Vv=VM code, C=native code)
V  [jvm.dll+0x64135a]
V  [jvm.dll+0x7d39f9]
V  [jvm.dll+0x7d51b9]
V  [jvm.dll+0x7d58a3]
V  [jvm.dll+0x2691c5]
V  [jvm.dll+0xc1a5c]
V  [jvm.dll+0xc200c]
V  [jvm.dll+0x3774a7]
V  [jvm.dll+0x342495]
V  [jvm.dll+0x34186a]
V  [jvm.dll+0x2214bd]
V  [jvm.dll+0x220498]
V  [jvm.dll+0x19e851]
V  [jvm.dll+0x230479]
V  [jvm.dll+0x22e5ef]
V  [jvm.dll+0x794de1]
V  [jvm.dll+0x78dc24]
V  [jvm.dll+0x6400f6]
C  [ucrtbase.dll+0x29363]
C  [KERNEL32.DLL+0x1269d]
C  [ntdll.dll+0x5a9f8]


---------------  P R O C E S S  ---------------

Threads class SMR info:
_java_thread_list=0x0000015ab7acc000, length=125, elements={
0x0000015a996be000, 0x0000015ab4423800, 0x0000015ab4425800, 0x0000015ab4472800,
0x0000015ab4473800, 0x0000015ab4474800, 0x0000015ab447e000, 0x0000015ab3c03000,
0x0000015ab3c0e800, 0x0000015ab45e7000, 0x0000015ab575e000, 0x0000015ab64f0000,
0x0000015ab6067800, 0x0000015ab56de800, 0x0000015ab6d64800, 0x0000015ab6879000,
0x0000015ab6da6800, 0x0000015ab6ccc800, 0x0000015ab6c00000, 0x0000015ab5067800,
0x0000015ab6fbe000, 0x0000015ab6fbb800, 0x0000015ab6fbf800, 0x0000015ab6cb2800,
0x0000015ab6fc0800, 0x0000015ab6fbd000, 0x0000015ab6fbe800, 0x0000015ab6fba800,
0x0000015ab6fbc000, 0x0000015ab6fc1000, 0x0000015abb119800, 0x0000015abb11c800,
0x0000015abb11e000, 0x0000015abb11f000, 0x0000015abb120000, 0x0000015abb11a000,
0x0000015abb11b000, 0x0000015abb120800, 0x0000015abb121800, 0x0000015ab53f4000,
0x0000015abb11c000, 0x0000015abb125800, 0x0000015abb126800, 0x0000015abb127000,
0x0000015abb128000, 0x0000015abb125000, 0x0000015abb122800, 0x0000015abb124000,
0x0000015abb123000, 0x0000015aba17b800, 0x0000015aba179000, 0x0000015aba176800,
0x0000015aba178000, 0x0000015aba17a000, 0x0000015aba17a800, 0x0000015aba17d000,
0x0000015aba17c000, 0x0000015aba177800, 0x0000015aba182000, 0x0000015aba181000,
0x0000015aba17e000, 0x0000015aba17f800, 0x0000015aba17e800, 0x0000015aba183000,
0x0000015aba183800, 0x0000015aba184800, 0x0000015aba185000, 0x0000015aba180800,
0x0000015ab5248000, 0x0000015ab524a800, 0x0000015ab524a000, 0x0000015ab5249000,
0x0000015ab524b800, 0x0000015ab524c800, 0x0000015ab524d000, 0x0000015ab5247800,
0x0000015ab5253800, 0x0000015ab5252000, 0x0000015ab5251000, 0x0000015ab524f800,
0x0000015ab5253000, 0x0000015ab5250800, 0x0000015ab524e000, 0x0000015ab5254800,
0x0000015ab524e800, 0x0000015ab5255000, 0x0000015ab5256000, 0x0000015ab7d19000,
0x0000015ab7d17800, 0x0000015ab7d1e000, 0x0000015ab7d1a800, 0x0000015ab7d18800,
0x0000015ab7d1f000, 0x0000015ab7d1f800, 0x0000015ab7d1b800, 0x0000015ab7d1d000,
0x0000015ab7d1a000, 0x0000015ab7d20800, 0x0000015ab7d21800, 0x0000015ab7d22000,
0x0000015ab7d1c800, 0x0000015ab7d24800, 0x0000015ab7d25800, 0x0000015ab7d23800,
0x0000015ab7d26000, 0x0000015ab7d23000, 0x0000015ab9bfb800, 0x0000015ab9bf9000,
0x0000015ab9bf9800, 0x0000015ab9bf5800, 0x0000015ab9bf7800, 0x0000015ab9bfa800,
0x0000015ab9bf6800, 0x0000015ab9bfc000, 0x0000015ab9bfd000, 0x0000015ab9bfe000,
0x0000015ab9bf8000, 0x0000015ab9c04800, 0x0000015ab9bfe800, 0x0000015ab9c02800,
0x0000015ab9c02000, 0x0000015ab9c00800, 0x0000015ab9bff800, 0x0000015ab9c03800,
0x0000015ab9c01000
}

Java Threads: ( => current thread )
  0x0000015a996be000 JavaThread "main" [_thread_blocked, id=2416, stack(0x000000302e500000,0x000000302e600000)]
  0x0000015ab4423800 JavaThread "Reference Handler" daemon [_thread_blocked, id=15144, stack(0x000000302ec00000,0x000000302ed00000)]
  0x0000015ab4425800 JavaThread "Finalizer" daemon [_thread_blocked, id=10452, stack(0x000000302ed00000,0x000000302ee00000)]
  0x0000015ab4472800 JavaThread "Signal Dispatcher" daemon [_thread_blocked, id=15936, stack(0x000000302ef00000,0x000000302f000000)]
  0x0000015ab4473800 JavaThread "Attach Listener" daemon [_thread_blocked, id=11524, stack(0x000000302f000000,0x000000302f100000)]
  0x0000015ab4474800 JavaThread "Service Thread" daemon [_thread_blocked, id=8680, stack(0x000000302f100000,0x000000302f200000)]
  0x0000015ab447e000 JavaThread "C2 CompilerThread0" daemon [_thread_in_native, id=7304, stack(0x000000302f200000,0x000000302f300000)]
  0x0000015ab3c03000 JavaThread "C1 CompilerThread0" daemon [_thread_blocked, id=16052, stack(0x000000302f300000,0x000000302f400000)]
  0x0000015ab3c0e800 JavaThread "Sweeper thread" daemon [_thread_blocked, id=10676, stack(0x000000302f400000,0x000000302f500000)]
  0x0000015ab45e7000 JavaThread "Common-Cleaner" daemon [_thread_blocked, id=11884, stack(0x000000302f500000,0x000000302f600000)]
  0x0000015ab575e000 JavaThread "Daemon health stats" [_thread_blocked, id=2504, stack(0x000000302fb00000,0x000000302fc00000)]
  0x0000015ab64f0000 JavaThread "Incoming local TCP Connector on port 50829" [_thread_in_native, id=16084, stack(0x000000302f700000,0x000000302f800000)]
  0x0000015ab6067800 JavaThread "Daemon periodic checks" [_thread_blocked, id=16140, stack(0x000000302fa00000,0x000000302fb00000)]
  0x0000015ab56de800 JavaThread "Daemon" [_thread_blocked, id=13380, stack(0x000000302fc00000,0x000000302fd00000)]
  0x0000015ab6d64800 JavaThread "Handler for socket connection from /127.0.0.1:50829 to /127.0.0.1:50830" [_thread_in_native, id=9716, stack(0x000000302fd00000,0x000000302fe00000)]
  0x0000015ab6879000 JavaThread "Cancel handler" [_thread_blocked, id=6496, stack(0x000000302fe00000,0x000000302ff00000)]
  0x0000015ab6da6800 JavaThread "Daemon worker" [_thread_in_vm, id=6284, stack(0x000000302ff00000,0x0000003030000000)]
  0x0000015ab6ccc800 JavaThread "Asynchronous log dispatcher for DefaultDaemonConnection: socket connection from /127.0.0.1:50829 to /127.0.0.1:50830" [_thread_blocked, id=15560, stack(0x0000003030100000,0x0000003030200000)]
  0x0000015ab6c00000 JavaThread "Stdin handler" [_thread_blocked, id=8764, stack(0x0000003030200000,0x0000003030300000)]
  0x0000015ab5067800 JavaThread "Daemon client event forwarder" [_thread_blocked, id=9172, stack(0x0000003030300000,0x0000003030400000)]
  0x0000015ab6fbe000 JavaThread "Cache worker for journal cache (C:\Users\Huawei\.gradle\caches\journal-1)" [_thread_blocked, id=16156, stack(0x0000003030900000,0x0000003030a00000)]
  0x0000015ab6fbb800 JavaThread "File lock request listener" [_thread_in_native, id=6132, stack(0x0000003030a00000,0x0000003030b00000)]
  0x0000015ab6fbf800 JavaThread "Cache worker for file hash cache (C:\Users\Huawei\.gradle\caches\7.5\fileHashes)" [_thread_blocked, id=1152, stack(0x0000003030b00000,0x0000003030c00000)]
=>0x0000015ab6cb2800 JavaThread "C2 CompilerThread1" daemon [_thread_in_native, id=11056, stack(0x0000003030000000,0x0000003030100000)]
  0x0000015ab6fc0800 JavaThread "File watcher server" daemon [_thread_in_native, id=8352, stack(0x0000003030e00000,0x0000003030f00000)]
  0x0000015ab6fbd000 JavaThread "File watcher consumer" daemon [_thread_blocked, id=1168, stack(0x0000003030f00000,0x0000003031000000)]
  0x0000015ab6fbe800 JavaThread "Cache worker for checksums cache (D:\TaskApp\.gradle\7.5\checksums)" [_thread_blocked, id=7212, stack(0x0000003031000000,0x0000003031100000)]
  0x0000015ab6fba800 JavaThread "Cache worker for cache directory md-rule (C:\Users\Huawei\.gradle\caches\7.5\md-rule)" [_thread_blocked, id=3992, stack(0x0000003031100000,0x0000003031200000)]
  0x0000015ab6fbc000 JavaThread "Cache worker for file content cache (C:\Users\Huawei\.gradle\caches\7.5\fileContent)" [_thread_blocked, id=14264, stack(0x0000003031200000,0x0000003031300000)]
  0x0000015ab6fc1000 JavaThread "Cache worker for file hash cache (D:\TaskApp\.gradle\7.5\fileHashes)" [_thread_blocked, id=9828, stack(0x0000003031300000,0x0000003031400000)]
  0x0000015abb119800 JavaThread "Cache worker for cache directory md-supplier (C:\Users\Huawei\.gradle\caches\7.5\md-supplier)" [_thread_blocked, id=980, stack(0x0000003031400000,0x0000003031500000)]
  0x0000015abb11c800 JavaThread "Cache worker for execution history cache (C:\Users\Huawei\.gradle\caches\7.5\executionHistory)" [_thread_blocked, id=15152, stack(0x0000003031500000,0x0000003031600000)]
  0x0000015abb11e000 JavaThread "jar transforms" [_thread_blocked, id=6468, stack(0x0000003030d00000,0x0000003030e00000)]
  0x0000015abb11f000 JavaThread "jar transforms Thread 2" [_thread_blocked, id=14840, stack(0x0000003031600000,0x0000003031700000)]
  0x0000015abb120000 JavaThread "jar transforms Thread 3" [_thread_blocked, id=8436, stack(0x0000003031800000,0x0000003031900000)]
  0x0000015abb11a000 JavaThread "jar transforms Thread 4" [_thread_blocked, id=12456, stack(0x0000003031900000,0x0000003031a00000)]
  0x0000015abb11b000 JavaThread "Cache worker for dependencies-accessors (D:\TaskApp\.gradle\7.5\dependencies-accessors)" [_thread_blocked, id=11984, stack(0x0000003031a00000,0x0000003031b00000)]
  0x0000015abb120800 JavaThread "jar transforms Thread 5" [_thread_blocked, id=5872, stack(0x0000003031b00000,0x0000003031c00000)]
  0x0000015abb121800 JavaThread "Cache worker for Build Output Cleanup Cache (D:\TaskApp\.gradle\buildOutputCleanup)" [_thread_blocked, id=15624, stack(0x0000003031700000,0x0000003031800000)]
  0x0000015ab53f4000 JavaThread "C2 CompilerThread2" daemon [_thread_in_native, id=9304, stack(0x0000003031c00000,0x0000003031d00000)]
  0x0000015abb11c000 JavaThread "Unconstrained build operations" [_thread_blocked, id=9804, stack(0x0000003031d00000,0x0000003031e00000)]
  0x0000015abb125800 JavaThread "Unconstrained build operations Thread 2" [_thread_blocked, id=10720, stack(0x0000003031e00000,0x0000003031f00000)]
  0x0000015abb126800 JavaThread "Unconstrained build operations Thread 3" [_thread_blocked, id=11956, stack(0x0000003031f00000,0x0000003032000000)]
  0x0000015abb127000 JavaThread "Unconstrained build operations Thread 4" [_thread_blocked, id=9108, stack(0x0000003032000000,0x0000003032100000)]
  0x0000015abb128000 JavaThread "Unconstrained build operations Thread 5" [_thread_blocked, id=9880, stack(0x0000003032100000,0x0000003032200000)]
  0x0000015abb125000 JavaThread "Unconstrained build operations Thread 6" [_thread_blocked, id=12152, stack(0x0000003032200000,0x0000003032300000)]
  0x0000015abb122800 JavaThread "Unconstrained build operations Thread 7" [_thread_blocked, id=13152, stack(0x0000003032300000,0x0000003032400000)]
  0x0000015abb124000 JavaThread "Unconstrained build operations Thread 8" [_thread_blocked, id=1736, stack(0x0000003032400000,0x0000003032500000)]
  0x0000015abb123000 JavaThread "Unconstrained build operations Thread 9" [_thread_blocked, id=4892, stack(0x0000003032500000,0x0000003032600000)]
  0x0000015aba17b800 JavaThread "Unconstrained build operations Thread 10" [_thread_blocked, id=2340, stack(0x0000003032600000,0x0000003032700000)]
  0x0000015aba179000 JavaThread "Unconstrained build operations Thread 11" [_thread_blocked, id=7312, stack(0x0000003032700000,0x0000003032800000)]
  0x0000015aba176800 JavaThread "Unconstrained build operations Thread 12" [_thread_blocked, id=9000, stack(0x0000003032800000,0x0000003032900000)]
  0x0000015aba178000 JavaThread "Unconstrained build operations Thread 13" [_thread_blocked, id=3176, stack(0x0000003032900000,0x0000003032a00000)]
  0x0000015aba17a000 JavaThread "Unconstrained build operations Thread 14" [_thread_blocked, id=13712, stack(0x0000003032a00000,0x0000003032b00000)]
  0x0000015aba17a800 JavaThread "Unconstrained build operations Thread 15" [_thread_blocked, id=14892, stack(0x0000003032b00000,0x0000003032c00000)]
  0x0000015aba17d000 JavaThread "Unconstrained build operations Thread 16" [_thread_blocked, id=13156, stack(0x0000003032c00000,0x0000003032d00000)]
  0x0000015aba17c000 JavaThread "Unconstrained build operations Thread 17" [_thread_blocked, id=16356, stack(0x0000003032d00000,0x0000003032e00000)]
  0x0000015aba177800 JavaThread "Unconstrained build operations Thread 18" [_thread_blocked, id=16060, stack(0x0000003032e00000,0x0000003032f00000)]
  0x0000015aba182000 JavaThread "Unconstrained build operations Thread 19" [_thread_blocked, id=10484, stack(0x0000003032f00000,0x0000003033000000)]
  0x0000015aba181000 JavaThread "Unconstrained build operations Thread 20" [_thread_blocked, id=15372, stack(0x0000003033000000,0x0000003033100000)]
  0x0000015aba17e000 JavaThread "Unconstrained build operations Thread 21" [_thread_blocked, id=9632, stack(0x0000003033100000,0x0000003033200000)]
  0x0000015aba17f800 JavaThread "Unconstrained build operations Thread 22" [_thread_blocked, id=2716, stack(0x0000003033200000,0x0000003033300000)]
  0x0000015aba17e800 JavaThread "Unconstrained build operations Thread 23" [_thread_blocked, id=15800, stack(0x0000003033300000,0x0000003033400000)]
  0x0000015aba183000 JavaThread "Unconstrained build operations Thread 24" [_thread_blocked, id=10208, stack(0x0000003033400000,0x0000003033500000)]
  0x0000015aba183800 JavaThread "Unconstrained build operations Thread 25" [_thread_blocked, id=3580, stack(0x0000003033500000,0x0000003033600000)]
  0x0000015aba184800 JavaThread "Unconstrained build operations Thread 26" [_thread_blocked, id=9272, stack(0x0000003033600000,0x0000003033700000)]
  0x0000015aba185000 JavaThread "Unconstrained build operations Thread 27" [_thread_blocked, id=3556, stack(0x0000003033700000,0x0000003033800000)]
  0x0000015aba180800 JavaThread "Unconstrained build operations Thread 28" [_thread_blocked, id=1544, stack(0x0000003033800000,0x0000003033900000)]
  0x0000015ab5248000 JavaThread "Unconstrained build operations Thread 29" [_thread_blocked, id=2236, stack(0x0000003033900000,0x0000003033a00000)]
  0x0000015ab524a800 JavaThread "Unconstrained build operations Thread 30" [_thread_blocked, id=10816, stack(0x0000003033a00000,0x0000003033b00000)]
  0x0000015ab524a000 JavaThread "Unconstrained build operations Thread 31" [_thread_blocked, id=12220, stack(0x0000003033b00000,0x0000003033c00000)]
  0x0000015ab5249000 JavaThread "Unconstrained build operations Thread 32" [_thread_blocked, id=12384, stack(0x0000003033c00000,0x0000003033d00000)]
  0x0000015ab524b800 JavaThread "Unconstrained build operations Thread 33" [_thread_blocked, id=15972, stack(0x0000003033d00000,0x0000003033e00000)]
  0x0000015ab524c800 JavaThread "Unconstrained build operations Thread 34" [_thread_blocked, id=15904, stack(0x0000003033e00000,0x0000003033f00000)]
  0x0000015ab524d000 JavaThread "Unconstrained build operations Thread 35" [_thread_blocked, id=12688, stack(0x0000003033f00000,0x0000003034000000)]
  0x0000015ab5247800 JavaThread "Unconstrained build operations Thread 36" [_thread_blocked, id=16296, stack(0x0000003034000000,0x0000003034100000)]
  0x0000015ab5253800 JavaThread "Unconstrained build operations Thread 37" [_thread_blocked, id=3372, stack(0x0000003034100000,0x0000003034200000)]
  0x0000015ab5252000 JavaThread "Unconstrained build operations Thread 38" [_thread_blocked, id=6784, stack(0x0000003034200000,0x0000003034300000)]
  0x0000015ab5251000 JavaThread "Unconstrained build operations Thread 39" [_thread_blocked, id=10248, stack(0x0000003034300000,0x0000003034400000)]
  0x0000015ab524f800 JavaThread "Unconstrained build operations Thread 40" [_thread_blocked, id=15748, stack(0x0000003034400000,0x0000003034500000)]
  0x0000015ab5253000 JavaThread "Unconstrained build operations Thread 41" [_thread_blocked, id=15424, stack(0x0000003034500000,0x0000003034600000)]
  0x0000015ab5250800 JavaThread "Unconstrained build operations Thread 42" [_thread_blocked, id=3824, stack(0x0000003034600000,0x0000003034700000)]
  0x0000015ab524e000 JavaThread "Unconstrained build operations Thread 43" [_thread_blocked, id=11940, stack(0x0000003034700000,0x0000003034800000)]
  0x0000015ab5254800 JavaThread "Unconstrained build operations Thread 44" [_thread_blocked, id=11592, stack(0x0000003034800000,0x0000003034900000)]
  0x0000015ab524e800 JavaThread "Unconstrained build operations Thread 45" [_thread_blocked, id=11400, stack(0x0000003034900000,0x0000003034a00000)]
  0x0000015ab5255000 JavaThread "Unconstrained build operations Thread 46" [_thread_blocked, id=15784, stack(0x0000003034a00000,0x0000003034b00000)]
  0x0000015ab5256000 JavaThread "Unconstrained build operations Thread 47" [_thread_blocked, id=2480, stack(0x0000003034b00000,0x0000003034c00000)]
  0x0000015ab7d19000 JavaThread "Unconstrained build operations Thread 48" [_thread_blocked, id=4900, stack(0x0000003034c00000,0x0000003034d00000)]
  0x0000015ab7d17800 JavaThread "Unconstrained build operations Thread 49" [_thread_blocked, id=10272, stack(0x0000003034d00000,0x0000003034e00000)]
  0x0000015ab7d1e000 JavaThread "Unconstrained build operations Thread 50" [_thread_blocked, id=560, stack(0x0000003034e00000,0x0000003034f00000)]
  0x0000015ab7d1a800 JavaThread "Unconstrained build operations Thread 51" [_thread_blocked, id=4924, stack(0x0000003034f00000,0x0000003035000000)]
  0x0000015ab7d18800 JavaThread "Unconstrained build operations Thread 52" [_thread_blocked, id=15776, stack(0x0000003035000000,0x0000003035100000)]
  0x0000015ab7d1f000 JavaThread "Unconstrained build operations Thread 53" [_thread_blocked, id=8844, stack(0x0000003035100000,0x0000003035200000)]
  0x0000015ab7d1f800 JavaThread "Unconstrained build operations Thread 54" [_thread_blocked, id=8996, stack(0x0000003035200000,0x0000003035300000)]
  0x0000015ab7d1b800 JavaThread "Unconstrained build operations Thread 55" [_thread_blocked, id=8108, stack(0x0000003035300000,0x0000003035400000)]
  0x0000015ab7d1d000 JavaThread "Unconstrained build operations Thread 56" [_thread_blocked, id=15896, stack(0x0000003035400000,0x0000003035500000)]
  0x0000015ab7d1a000 JavaThread "Unconstrained build operations Thread 57" [_thread_blocked, id=9800, stack(0x0000003035500000,0x0000003035600000)]
  0x0000015ab7d20800 JavaThread "Unconstrained build operations Thread 58" [_thread_blocked, id=2892, stack(0x0000003035600000,0x0000003035700000)]
  0x0000015ab7d21800 JavaThread "Unconstrained build operations Thread 59" [_thread_blocked, id=2064, stack(0x0000003035700000,0x0000003035800000)]
  0x0000015ab7d22000 JavaThread "Unconstrained build operations Thread 60" [_thread_blocked, id=3352, stack(0x0000003035800000,0x0000003035900000)]
  0x0000015ab7d1c800 JavaThread "Unconstrained build operations Thread 61" [_thread_blocked, id=15420, stack(0x0000003035900000,0x0000003035a00000)]
  0x0000015ab7d24800 JavaThread "Unconstrained build operations Thread 62" [_thread_blocked, id=3272, stack(0x0000003035a00000,0x0000003035b00000)]
  0x0000015ab7d25800 JavaThread "Unconstrained build operations Thread 63" [_thread_blocked, id=15856, stack(0x0000003035b00000,0x0000003035c00000)]
  0x0000015ab7d23800 JavaThread "Unconstrained build operations Thread 64" [_thread_blocked, id=10580, stack(0x0000003035c00000,0x0000003035d00000)]
  0x0000015ab7d26000 JavaThread "Unconstrained build operations Thread 65" [_thread_blocked, id=14848, stack(0x0000003035d00000,0x0000003035e00000)]
  0x0000015ab7d23000 JavaThread "Unconstrained build operations Thread 66" [_thread_blocked, id=9368, stack(0x0000003035e00000,0x0000003035f00000)]
  0x0000015ab9bfb800 JavaThread "Unconstrained build operations Thread 67" [_thread_blocked, id=11072, stack(0x0000003035f00000,0x0000003036000000)]
  0x0000015ab9bf9000 JavaThread "Unconstrained build operations Thread 68" [_thread_blocked, id=4144, stack(0x0000003036000000,0x0000003036100000)]
  0x0000015ab9bf9800 JavaThread "Unconstrained build operations Thread 69" [_thread_blocked, id=15636, stack(0x0000003036100000,0x0000003036200000)]
  0x0000015ab9bf5800 JavaThread "Unconstrained build operations Thread 70" [_thread_blocked, id=1820, stack(0x0000003036200000,0x0000003036300000)]
  0x0000015ab9bf7800 JavaThread "Unconstrained build operations Thread 71" [_thread_blocked, id=10172, stack(0x0000003036300000,0x0000003036400000)]
  0x0000015ab9bfa800 JavaThread "Unconstrained build operations Thread 72" [_thread_blocked, id=1860, stack(0x0000003036400000,0x0000003036500000)]
  0x0000015ab9bf6800 JavaThread "Unconstrained build operations Thread 73" [_thread_blocked, id=10268, stack(0x0000003036500000,0x0000003036600000)]
  0x0000015ab9bfc000 JavaThread "Unconstrained build operations Thread 74" [_thread_blocked, id=15920, stack(0x0000003036600000,0x0000003036700000)]
  0x0000015ab9bfd000 JavaThread "Unconstrained build operations Thread 75" [_thread_blocked, id=10664, stack(0x0000003036700000,0x0000003036800000)]
  0x0000015ab9bfe000 JavaThread "Unconstrained build operations Thread 76" [_thread_blocked, id=4416, stack(0x0000003036800000,0x0000003036900000)]
  0x0000015ab9bf8000 JavaThread "Unconstrained build operations Thread 77" [_thread_blocked, id=1680, stack(0x0000003036900000,0x0000003036a00000)]
  0x0000015ab9c04800 JavaThread "Unconstrained build operations Thread 78" [_thread_blocked, id=300, stack(0x0000003036a00000,0x0000003036b00000)]
  0x0000015ab9bfe800 JavaThread "Unconstrained build operations Thread 79" [_thread_blocked, id=6892, stack(0x0000003036b00000,0x0000003036c00000)]
  0x0000015ab9c02800 JavaThread "Unconstrained build operations Thread 80" [_thread_blocked, id=3904, stack(0x0000003036c00000,0x0000003036d00000)]
  0x0000015ab9c02000 JavaThread "jar transforms Thread 6" [_thread_blocked, id=11028, stack(0x0000003036d00000,0x0000003036e00000)]
  0x0000015ab9c00800 JavaThread "jar transforms Thread 7" [_thread_blocked, id=4456, stack(0x0000003036e00000,0x0000003036f00000)]
  0x0000015ab9bff800 JavaThread "jar transforms Thread 8" [_thread_blocked, id=9636, stack(0x0000003036f00000,0x0000003037000000)]
  0x0000015ab9c03800 JavaThread "build event listener" [_thread_blocked, id=5268, stack(0x0000003037000000,0x0000003037100000)]
  0x0000015ab9c01000 JavaThread "Memory manager" [_thread_blocked, id=13672, stack(0x0000003037100000,0x0000003037200000)]

Other Threads:
  0x0000015ab3bf3800 VMThread "VM Thread" [stack: 0x000000302eb00000,0x000000302ec00000] [id=2072]
  0x0000015ab4602000 WatcherThread [stack: 0x000000302f600000,0x000000302f700000] [id=14192]
  0x0000015a996d8800 GCTaskThread "GC Thread#0" [stack: 0x000000302e600000,0x000000302e700000] [id=16112]
  0x0000015ab49b1000 GCTaskThread "GC Thread#1" [stack: 0x000000302f800000,0x000000302f900000] [id=6404]
  0x0000015ab58fd800 GCTaskThread "GC Thread#2" [stack: 0x000000302f900000,0x000000302fa00000] [id=12200]
  0x0000015ab4b36000 GCTaskThread "GC Thread#3" [stack: 0x0000003030400000,0x0000003030500000] [id=3108]
  0x0000015ab66c7000 GCTaskThread "GC Thread#4" [stack: 0x0000003030500000,0x0000003030600000] [id=1504]
  0x0000015ab5f0f000 GCTaskThread "GC Thread#5" [stack: 0x0000003030600000,0x0000003030700000] [id=5016]
  0x0000015ab51a8800 GCTaskThread "GC Thread#6" [stack: 0x0000003030700000,0x0000003030800000] [id=5552]
  0x0000015ab72a1800 GCTaskThread "GC Thread#7" [stack: 0x0000003030800000,0x0000003030900000] [id=5328]
  0x0000015a9970a800 ConcurrentGCThread "G1 Main Marker" [stack: 0x000000302e700000,0x000000302e800000] [id=15740]
  0x0000015a9970c800 ConcurrentGCThread "G1 Conc#0" [stack: 0x000000302e800000,0x000000302e900000] [id=3796]
  0x0000015ab7005000 ConcurrentGCThread "G1 Conc#1" [stack: 0x0000003030c00000,0x0000003030d00000] [id=11204]
  0x0000015ab3a42800 ConcurrentGCThread "G1 Refine#0" [stack: 0x000000302e900000,0x000000302ea00000] [id=5416]
  0x0000015ab3a46800 ConcurrentGCThread "G1 Young RemSet Sampling" [stack: 0x000000302ea00000,0x000000302eb00000] [id=13336]

Threads with active compile tasks:
C2 CompilerThread0     9507 7042       4       sun.reflect.generics.parser.SignatureParser::parsePackageNameAndSimpleClassTypeSignature (119 bytes)
C2 CompilerThread1     9507 7053       4       org.gradle.internal.instantiation.generator.AbstractClassGenerator::inspectType (560 bytes)
C2 CompilerThread2     9507 7141       4       java.util.jar.JarFile::maybeInstantiateVerifier (112 bytes)

VM state:not at safepoint (normal execution)

VM Mutex/Monitor currently owned by a thread: None

Heap address: 0x0000000080000000, size: 2048 MB, Compressed Oops mode: 32-bit
Narrow klass base: 0x0000000000000000, Narrow klass shift: 3
Compressed class space size: 1073741824 Address: 0x0000000100000000

Heap:
 garbage-first heap   total 155648K, used 92158K [0x0000000080000000, 0x0000000100000000)
  region size 1024K, 35 young (35840K), 6 survivors (6144K)
 Metaspace       used 71864K, capacity 73556K, committed 73948K, reserved 1114112K
  class space    used 9285K, capacity 9932K, committed 10072K, reserved 1048576K
Heap Regions: E=young(eden), S=young(survivor), O=old, HS=humongous(starts), HC=humongous(continues), CS=collection set, F=free, A=archive, TAMS=top-at-mark-start (previous, next)
|   0|0x0000000080000000, 0x0000000080100000, 0x0000000080100000|100%| O|  |TAMS 0x0000000080100000, 0x0000000080000000| Untracked 
|   1|0x0000000080100000, 0x0000000080200000, 0x0000000080200000|100%| O|  |TAMS 0x0000000080200000, 0x0000000080100000| Untracked 
|   2|0x0000000080200000, 0x0000000080300000, 0x0000000080300000|100%| O|  |TAMS 0x0000000080300000, 0x0000000080200000| Untracked 
|   3|0x0000000080300000, 0x0000000080400000, 0x0000000080400000|100%|HS|  |TAMS 0x0000000080400000, 0x0000000080300000| Complete 
|   4|0x0000000080400000, 0x0000000080500000, 0x0000000080500000|100%|HC|  |TAMS 0x0000000080500000, 0x0000000080400000| Complete 
|   5|0x0000000080500000, 0x0000000080600000, 0x0000000080600000|100%|HC|  |TAMS 0x0000000080600000, 0x0000000080500000| Complete 
|   6|0x0000000080600000, 0x0000000080700000, 0x0000000080700000|100%| O|  |TAMS 0x0000000080700000, 0x0000000080600000| Untracked 
|   7|0x0000000080700000, 0x0000000080800000, 0x0000000080800000|100%| O|  |TAMS 0x0000000080800000, 0x0000000080700000| Untracked 
|   8|0x0000000080800000, 0x0000000080900000, 0x0000000080900000|100%| O|  |TAMS 0x0000000080900000, 0x0000000080800000| Untracked 
|   9|0x0000000080900000, 0x0000000080a00000, 0x0000000080a00000|100%| O|  |TAMS 0x0000000080a00000, 0x0000000080900000| Untracked 
|  10|0x0000000080a00000, 0x0000000080b00000, 0x0000000080b00000|100%| O|  |TAMS 0x0000000080b00000, 0x0000000080a00000| Untracked 
|  11|0x0000000080b00000, 0x0000000080c00000, 0x0000000080c00000|100%| O|  |TAMS 0x0000000080c00000, 0x0000000080b00000| Untracked 
|  12|0x0000000080c00000, 0x0000000080d00000, 0x0000000080d00000|100%| O|  |TAMS 0x0000000080d00000, 0x0000000080c00000| Untracked 
|  13|0x0000000080d00000, 0x0000000080e00000, 0x0000000080e00000|100%| O|  |TAMS 0x0000000080e00000, 0x0000000080d00000| Untracked 
|  14|0x0000000080e00000, 0x0000000080f00000, 0x0000000080f00000|100%| O|  |TAMS 0x0000000080f00000, 0x0000000080e00000| Untracked 
|  15|0x0000000080f00000, 0x0000000081000000, 0x0000000081000000|100%| O|  |TAMS 0x0000000081000000, 0x0000000080f00000| Untracked 
|  16|0x0000000081000000, 0x0000000081100000, 0x0000000081100000|100%|HS|  |TAMS 0x0000000081100000, 0x0000000081000000| Complete 
|  17|0x0000000081100000, 0x0000000081200000, 0x0000000081200000|100%| O|  |TAMS 0x0000000081200000, 0x0000000081100000| Untracked 
|  18|0x0000000081200000, 0x0000000081300000, 0x0000000081300000|100%| O|  |TAMS 0x0000000081300000, 0x0000000081200000| Untracked 
|  19|0x0000000081300000, 0x0000000081400000, 0x0000000081400000|100%| O|  |TAMS 0x0000000081400000, 0x0000000081300000| Untracked 
|  20|0x0000000081400000, 0x0000000081500000, 0x0000000081500000|100%| O|  |TAMS 0x0000000081500000, 0x0000000081400000| Untracked 
|  21|0x0000000081500000, 0x0000000081600000, 0x0000000081600000|100%| O|  |TAMS 0x0000000081600000, 0x0000000081500000| Untracked 
|  22|0x0000000081600000, 0x0000000081700000, 0x0000000081700000|100%| O|  |TAMS 0x0000000081700000, 0x0000000081600000| Untracked 
|  23|0x0000000081700000, 0x0000000081800000, 0x0000000081800000|100%| O|  |TAMS 0x0000000081800000, 0x0000000081700000| Untracked 
|  24|0x0000000081800000, 0x0000000081900000, 0x0000000081900000|100%| O|  |TAMS 0x0000000081900000, 0x0000000081800000| Untracked 
|  25|0x0000000081900000, 0x0000000081a00000, 0x0000000081a00000|100%| O|  |TAMS 0x0000000081a00000, 0x0000000081900000| Untracked 
|  26|0x0000000081a00000, 0x0000000081b00000, 0x0000000081b00000|100%| O|  |TAMS 0x0000000081b00000, 0x0000000081a00000| Untracked 
|  27|0x0000000081b00000, 0x0000000081c00000, 0x0000000081c00000|100%| O|  |TAMS 0x0000000081c00000, 0x0000000081b00000| Untracked 
|  28|0x0000000081c00000, 0x0000000081d00000, 0x0000000081d00000|100%| O|  |TAMS 0x0000000081d00000, 0x0000000081c00000| Untracked 
|  29|0x0000000081d00000, 0x0000000081e00000, 0x0000000081e00000|100%|HS|  |TAMS 0x0000000081e00000, 0x0000000081d00000| Complete 
|  30|0x0000000081e00000, 0x0000000081f00000, 0x0000000081f00000|100%|HC|  |TAMS 0x0000000081f00000, 0x0000000081e00000| Complete 
|  31|0x0000000081f00000, 0x0000000082000000, 0x0000000082000000|100%|HS|  |TAMS 0x0000000082000000, 0x0000000081f00000| Complete 
|  32|0x0000000082000000, 0x0000000082100000, 0x0000000082100000|100%|HS|  |TAMS 0x0000000082100000, 0x0000000082000000| Complete 
|  33|0x0000000082100000, 0x0000000082200000, 0x0000000082200000|100%|HC|  |TAMS 0x0000000082200000, 0x0000000082100000| Complete 
|  34|0x0000000082200000, 0x0000000082300000, 0x0000000082300000|100%|HC|  |TAMS 0x0000000082300000, 0x0000000082200000| Complete 
|  35|0x0000000082300000, 0x0000000082400000, 0x0000000082400000|100%|HC|  |TAMS 0x0000000082400000, 0x0000000082300000| Complete 
|  36|0x0000000082400000, 0x0000000082500000, 0x0000000082500000|100%| O|  |TAMS 0x0000000082500000, 0x0000000082400000| Untracked 
|  37|0x0000000082500000, 0x0000000082600000, 0x0000000082600000|100%| O|  |TAMS 0x0000000082600000, 0x0000000082500000| Untracked 
|  38|0x0000000082600000, 0x0000000082700000, 0x0000000082700000|100%| O|  |TAMS 0x0000000082700000, 0x0000000082600000| Untracked 
|  39|0x0000000082700000, 0x0000000082800000, 0x0000000082800000|100%| O|  |TAMS 0x0000000082800000, 0x0000000082700000| Untracked 
|  40|0x0000000082800000, 0x0000000082900000, 0x0000000082900000|100%| O|  |TAMS 0x0000000082900000, 0x0000000082800000| Untracked 
|  41|0x0000000082900000, 0x0000000082a00000, 0x0000000082a00000|100%| O|  |TAMS 0x0000000082a00000, 0x0000000082900000| Untracked 
|  42|0x0000000082a00000, 0x0000000082b00000, 0x0000000082b00000|100%| O|  |TAMS 0x0000000082b00000, 0x0000000082a00000| Untracked 
|  43|0x0000000082b00000, 0x0000000082c00000, 0x0000000082c00000|100%| O|  |TAMS 0x0000000082c00000, 0x0000000082b00000| Untracked 
|  44|0x0000000082c00000, 0x0000000082d00000, 0x0000000082d00000|100%| O|  |TAMS 0x0000000082d00000, 0x0000000082c00000| Untracked 
|  45|0x0000000082d00000, 0x0000000082e00000, 0x0000000082e00000|100%| O|  |TAMS 0x0000000082e00000, 0x0000000082d00000| Untracked 
|  46|0x0000000082e00000, 0x0000000082f00000, 0x0000000082f00000|100%| O|  |TAMS 0x0000000082f00000, 0x0000000082e00000| Untracked 
|  47|0x0000000082f00000, 0x0000000083000000, 0x0000000083000000|100%| O|  |TAMS 0x0000000083000000, 0x0000000082f00000| Untracked 
|  48|0x0000000083000000, 0x0000000083000000, 0x0000000083100000|  0%| F|  |TAMS 0x0000000083000000, 0x0000000083000000| Untracked 
|  49|0x0000000083100000, 0x0000000083200000, 0x0000000083200000|100%| O|  |TAMS 0x0000000083200000, 0x0000000083100000| Untracked 
|  50|0x0000000083200000, 0x0000000083300000, 0x0000000083300000|100%| O|  |TAMS 0x0000000083300000, 0x0000000083200000| Untracked 
|  51|0x0000000083300000, 0x0000000083400000, 0x0000000083400000|100%| O|  |TAMS 0x0000000083400000, 0x0000000083300000| Untracked 
|  52|0x0000000083400000, 0x0000000083500000, 0x0000000083500000|100%| O|  |TAMS 0x0000000083500000, 0x0000000083400000| Untracked 
|  53|0x0000000083500000, 0x0000000083600000, 0x0000000083600000|100%| O|  |TAMS 0x0000000083600000, 0x0000000083500000| Untracked 
|  54|0x0000000083600000, 0x0000000083700000, 0x0000000083700000|100%| O|  |TAMS 0x0000000083700000, 0x0000000083600000| Untracked 
|  55|0x0000000083700000, 0x0000000083800000, 0x0000000083800000|100%| O|  |TAMS 0x0000000083800000, 0x0000000083700000| Untracked 
|  56|0x0000000083800000, 0x0000000083900000, 0x0000000083900000|100%| O|  |TAMS 0x0000000083900000, 0x0000000083800000| Untracked 
|  57|0x0000000083900000, 0x0000000083959600, 0x0000000083a00000| 34%| O|  |TAMS 0x0000000083959600, 0x0000000083900000| Untracked 
|  58|0x0000000083a00000, 0x0000000083a00000, 0x0000000083b00000|  0%| F|  |TAMS 0x0000000083a00000, 0x0000000083a00000| Untracked 
|  59|0x0000000083b00000, 0x0000000083b00000, 0x0000000083c00000|  0%| F|  |TAMS 0x0000000083b00000, 0x0000000083b00000| Untracked 
|  60|0x0000000083c00000, 0x0000000083c00000, 0x0000000083d00000|  0%| F|  |TAMS 0x0000000083c00000, 0x0000000083c00000| Untracked 
|  61|0x0000000083d00000, 0x0000000083d00000, 0x0000000083e00000|  0%| F|  |TAMS 0x0000000083d00000, 0x0000000083d00000| Untracked 
|  62|0x0000000083e00000, 0x0000000083e00000, 0x0000000083f00000|  0%| F|  |TAMS 0x0000000083e00000, 0x0000000083e00000| Untracked 
|  63|0x0000000083f00000, 0x0000000083f00000, 0x0000000084000000|  0%| F|  |TAMS 0x0000000083f00000, 0x0000000083f00000| Untracked 
|  64|0x0000000084000000, 0x0000000084000000, 0x0000000084100000|  0%| F|  |TAMS 0x0000000084000000, 0x0000000084000000| Untracked 
|  65|0x0000000084100000, 0x0000000084100000, 0x0000000084200000|  0%| F|  |TAMS 0x0000000084100000, 0x0000000084100000| Untracked 
|  66|0x0000000084200000, 0x0000000084200000, 0x0000000084300000|  0%| F|  |TAMS 0x0000000084200000, 0x0000000084200000| Untracked 
|  67|0x0000000084300000, 0x0000000084300000, 0x0000000084400000|  0%| F|  |TAMS 0x0000000084300000, 0x0000000084300000| Untracked 
|  68|0x0000000084400000, 0x0000000084400000, 0x0000000084500000|  0%| F|  |TAMS 0x0000000084400000, 0x0000000084400000| Untracked 
|  69|0x0000000084500000, 0x0000000084500000, 0x0000000084600000|  0%| F|  |TAMS 0x0000000084500000, 0x0000000084500000| Untracked 
|  70|0x0000000084600000, 0x0000000084600000, 0x0000000084700000|  0%| F|  |TAMS 0x0000000084600000, 0x0000000084600000| Untracked 
|  71|0x0000000084700000, 0x0000000084700000, 0x0000000084800000|  0%| F|  |TAMS 0x0000000084700000, 0x0000000084700000| Untracked 
|  72|0x0000000084800000, 0x0000000084800000, 0x0000000084900000|  0%| F|  |TAMS 0x0000000084800000, 0x0000000084800000| Untracked 
|  73|0x0000000084900000, 0x0000000084900000, 0x0000000084a00000|  0%| F|  |TAMS 0x0000000084900000, 0x0000000084900000| Untracked 
|  74|0x0000000084a00000, 0x0000000084a00000, 0x0000000084b00000|  0%| F|  |TAMS 0x0000000084a00000, 0x0000000084a00000| Untracked 
|  75|0x0000000084b00000, 0x0000000084b00000, 0x0000000084c00000|  0%| F|  |TAMS 0x0000000084b00000, 0x0000000084b00000| Untracked 
|  76|0x0000000084c00000, 0x0000000084c00000, 0x0000000084d00000|  0%| F|  |TAMS 0x0000000084c00000, 0x0000000084c00000| Untracked 
|  77|0x0000000084d00000, 0x0000000084d00000, 0x0000000084e00000|  0%| F|  |TAMS 0x0000000084d00000, 0x0000000084d00000| Untracked 
|  78|0x0000000084e00000, 0x0000000084e00000, 0x0000000084f00000|  0%| F|  |TAMS 0x0000000084e00000, 0x0000000084e00000| Untracked 
|  79|0x0000000084f00000, 0x0000000084f00000, 0x0000000085000000|  0%| F|  |TAMS 0x0000000084f00000, 0x0000000084f00000| Untracked 
|  80|0x0000000085000000, 0x0000000085000000, 0x0000000085100000|  0%| F|  |TAMS 0x0000000085000000, 0x0000000085000000| Untracked 
|  81|0x0000000085100000, 0x0000000085100000, 0x0000000085200000|  0%| F|  |TAMS 0x0000000085100000, 0x0000000085100000| Untracked 
|  82|0x0000000085200000, 0x0000000085200000, 0x0000000085300000|  0%| F|  |TAMS 0x0000000085200000, 0x0000000085200000| Untracked 
|  83|0x0000000085300000, 0x0000000085300000, 0x0000000085400000|  0%| F|  |TAMS 0x0000000085300000, 0x0000000085300000| Untracked 
|  84|0x0000000085400000, 0x0000000085400000, 0x0000000085500000|  0%| F|  |TAMS 0x0000000085400000, 0x0000000085400000| Untracked 
|  85|0x0000000085500000, 0x0000000085500000, 0x0000000085600000|  0%| F|  |TAMS 0x0000000085500000, 0x0000000085500000| Untracked 
|  86|0x0000000085600000, 0x0000000085600000, 0x0000000085700000|  0%| F|  |TAMS 0x0000000085600000, 0x0000000085600000| Untracked 
|  87|0x0000000085700000, 0x0000000085700000, 0x0000000085800000|  0%| F|  |TAMS 0x0000000085700000, 0x0000000085700000| Untracked 
|  88|0x0000000085800000, 0x0000000085800000, 0x0000000085900000|  0%| F|  |TAMS 0x0000000085800000, 0x0000000085800000| Untracked 
|  89|0x0000000085900000, 0x0000000085900000, 0x0000000085a00000|  0%| F|  |TAMS 0x0000000085900000, 0x0000000085900000| Untracked 
|  90|0x0000000085a00000, 0x0000000085a00000, 0x0000000085b00000|  0%| F|  |TAMS 0x0000000085a00000, 0x0000000085a00000| Untracked 
|  91|0x0000000085b00000, 0x0000000085b00000, 0x0000000085c00000|  0%| F|  |TAMS 0x0000000085b00000, 0x0000000085b00000| Untracked 
|  92|0x0000000085c00000, 0x0000000085c00000, 0x0000000085d00000|  0%| F|  |TAMS 0x0000000085c00000, 0x0000000085c00000| Untracked 
|  93|0x0000000085d00000, 0x0000000085d00000, 0x0000000085e00000|  0%| F|  |TAMS 0x0000000085d00000, 0x0000000085d00000| Untracked 
|  94|0x0000000085e00000, 0x0000000085e00000, 0x0000000085f00000|  0%| F|  |TAMS 0x0000000085e00000, 0x0000000085e00000| Untracked 
|  95|0x0000000085f00000, 0x0000000085f00000, 0x0000000086000000|  0%| F|  |TAMS 0x0000000085f00000, 0x0000000085f00000| Untracked 
|  96|0x0000000086000000, 0x0000000086000000, 0x0000000086100000|  0%| F|  |TAMS 0x0000000086000000, 0x0000000086000000| Untracked 
|  97|0x0000000086100000, 0x0000000086100000, 0x0000000086200000|  0%| F|  |TAMS 0x0000000086100000, 0x0000000086100000| Untracked 
|  98|0x0000000086200000, 0x0000000086200000, 0x0000000086300000|  0%| F|  |TAMS 0x0000000086200000, 0x0000000086200000| Untracked 
|  99|0x0000000086300000, 0x0000000086300000, 0x0000000086400000|  0%| F|  |TAMS 0x0000000086300000, 0x0000000086300000| Untracked 
| 100|0x0000000086400000, 0x0000000086400000, 0x0000000086500000|  0%| F|  |TAMS 0x0000000086400000, 0x0000000086400000| Untracked 
| 101|0x0000000086500000, 0x0000000086500000, 0x0000000086600000|  0%| F|  |TAMS 0x0000000086500000, 0x0000000086500000| Untracked 
| 102|0x0000000086600000, 0x0000000086600000, 0x0000000086700000|  0%| F|  |TAMS 0x0000000086600000, 0x0000000086600000| Untracked 
| 103|0x0000000086700000, 0x0000000086700000, 0x0000000086800000|  0%| F|  |TAMS 0x0000000086700000, 0x0000000086700000| Untracked 
| 104|0x0000000086800000, 0x0000000086800000, 0x0000000086900000|  0%| F|  |TAMS 0x0000000086800000, 0x0000000086800000| Untracked 
| 105|0x0000000086900000, 0x0000000086900000, 0x0000000086a00000|  0%| F|  |TAMS 0x0000000086900000, 0x0000000086900000| Untracked 
| 106|0x0000000086a00000, 0x0000000086a00000, 0x0000000086b00000|  0%| F|  |TAMS 0x0000000086a00000, 0x0000000086a00000| Untracked 
| 107|0x0000000086b00000, 0x0000000086b00000, 0x0000000086c00000|  0%| F|  |TAMS 0x0000000086b00000, 0x0000000086b00000| Untracked 
| 108|0x0000000086c00000, 0x0000000086c00000, 0x0000000086d00000|  0%| F|  |TAMS 0x0000000086c00000, 0x0000000086c00000| Untracked 
| 109|0x0000000086d00000, 0x0000000086d00000, 0x0000000086e00000|  0%| F|  |TAMS 0x0000000086d00000, 0x0000000086d00000| Untracked 
| 110|0x0000000086e00000, 0x0000000086e00000, 0x0000000086f00000|  0%| F|  |TAMS 0x0000000086e00000, 0x0000000086e00000| Untracked 
| 111|0x0000000086f00000, 0x0000000086f00000, 0x0000000087000000|  0%| F|  |TAMS 0x0000000086f00000, 0x0000000086f00000| Untracked 
| 112|0x0000000087000000, 0x0000000087000000, 0x0000000087100000|  0%| F|  |TAMS 0x0000000087000000, 0x0000000087000000| Untracked 
| 113|0x0000000087100000, 0x0000000087100000, 0x0000000087200000|  0%| F|  |TAMS 0x0000000087100000, 0x0000000087100000| Untracked 
| 114|0x0000000087200000, 0x0000000087200000, 0x0000000087300000|  0%| F|  |TAMS 0x0000000087200000, 0x0000000087200000| Untracked 
| 115|0x0000000087300000, 0x0000000087300000, 0x0000000087400000|  0%| F|  |TAMS 0x0000000087300000, 0x0000000087300000| Untracked 
| 116|0x0000000087400000, 0x0000000087400000, 0x0000000087500000|  0%| F|  |TAMS 0x0000000087400000, 0x0000000087400000| Untracked 
| 117|0x0000000087500000, 0x0000000087580800, 0x0000000087600000| 50%| E|  |TAMS 0x0000000087500000, 0x0000000087500000| Complete 
| 118|0x0000000087600000, 0x0000000087700000, 0x0000000087700000|100%| E|CS|TAMS 0x0000000087600000, 0x0000000087600000| Complete 
| 119|0x0000000087700000, 0x0000000087800000, 0x0000000087800000|100%| E|CS|TAMS 0x0000000087700000, 0x0000000087700000| Complete 
| 120|0x0000000087800000, 0x00000000878a6500, 0x0000000087900000| 64%| S|CS|TAMS 0x0000000087800000, 0x0000000087800000| Complete 
| 121|0x0000000087900000, 0x0000000087a00000, 0x0000000087a00000|100%| S|CS|TAMS 0x0000000087900000, 0x0000000087900000| Complete 
| 122|0x0000000087a00000, 0x0000000087b00000, 0x0000000087b00000|100%| S|CS|TAMS 0x0000000087a00000, 0x0000000087a00000| Complete 
| 123|0x0000000087b00000, 0x0000000087c00000, 0x0000000087c00000|100%| S|CS|TAMS 0x0000000087b00000, 0x0000000087b00000| Complete 
| 124|0x0000000087c00000, 0x0000000087d00000, 0x0000000087d00000|100%| S|CS|TAMS 0x0000000087c00000, 0x0000000087c00000| Complete 
| 125|0x0000000087d00000, 0x0000000087e00000, 0x0000000087e00000|100%| S|CS|TAMS 0x0000000087d00000, 0x0000000087d00000| Complete 
| 126|0x0000000087e00000, 0x0000000087f00000, 0x0000000087f00000|100%| E|CS|TAMS 0x0000000087e00000, 0x0000000087e00000| Complete 
| 127|0x0000000087f00000, 0x0000000088000000, 0x0000000088000000|100%| E|CS|TAMS 0x0000000087f00000, 0x0000000087f00000| Complete 
| 128|0x0000000088000000, 0x0000000088100000, 0x0000000088100000|100%| E|CS|TAMS 0x0000000088000000, 0x0000000088000000| Complete 
| 129|0x0000000088100000, 0x0000000088200000, 0x0000000088200000|100%| E|CS|TAMS 0x0000000088100000, 0x0000000088100000| Complete 
| 130|0x0000000088200000, 0x0000000088300000, 0x0000000088300000|100%| E|CS|TAMS 0x0000000088200000, 0x0000000088200000| Complete 
| 131|0x0000000088300000, 0x0000000088400000, 0x0000000088400000|100%| E|CS|TAMS 0x0000000088300000, 0x0000000088300000| Complete 
| 132|0x0000000088400000, 0x0000000088500000, 0x0000000088500000|100%| E|CS|TAMS 0x0000000088400000, 0x0000000088400000| Complete 
| 133|0x0000000088500000, 0x0000000088600000, 0x0000000088600000|100%| E|CS|TAMS 0x0000000088500000, 0x0000000088500000| Complete 
| 134|0x0000000088600000, 0x0000000088700000, 0x0000000088700000|100%| E|CS|TAMS 0x0000000088600000, 0x0000000088600000| Complete 
| 135|0x0000000088700000, 0x0000000088800000, 0x0000000088800000|100%| E|CS|TAMS 0x0000000088700000, 0x0000000088700000| Complete 
| 136|0x0000000088800000, 0x0000000088900000, 0x0000000088900000|100%| E|CS|TAMS 0x0000000088800000, 0x0000000088800000| Complete 
| 137|0x0000000088900000, 0x0000000088a00000, 0x0000000088a00000|100%| E|CS|TAMS 0x0000000088900000, 0x0000000088900000| Complete 
| 138|0x0000000088a00000, 0x0000000088b00000, 0x0000000088b00000|100%| E|CS|TAMS 0x0000000088a00000, 0x0000000088a00000| Complete 
| 139|0x0000000088b00000, 0x0000000088c00000, 0x0000000088c00000|100%| E|CS|TAMS 0x0000000088b00000, 0x0000000088b00000| Complete 
| 140|0x0000000088c00000, 0x0000000088d00000, 0x0000000088d00000|100%| E|CS|TAMS 0x0000000088c00000, 0x0000000088c00000| Complete 
| 141|0x0000000088d00000, 0x0000000088e00000, 0x0000000088e00000|100%| E|CS|TAMS 0x0000000088d00000, 0x0000000088d00000| Complete 
| 142|0x0000000088e00000, 0x0000000088f00000, 0x0000000088f00000|100%| E|CS|TAMS 0x0000000088e00000, 0x0000000088e00000| Complete 
| 143|0x0000000088f00000, 0x0000000089000000, 0x0000000089000000|100%| E|CS|TAMS 0x0000000088f00000, 0x0000000088f00000| Complete 
| 144|0x0000000089000000, 0x0000000089100000, 0x0000000089100000|100%| E|CS|TAMS 0x0000000089000000, 0x0000000089000000| Complete 
| 145|0x0000000089100000, 0x0000000089200000, 0x0000000089200000|100%| E|CS|TAMS 0x0000000089100000, 0x0000000089100000| Complete 
| 146|0x0000000089200000, 0x0000000089300000, 0x0000000089300000|100%| E|CS|TAMS 0x0000000089200000, 0x0000000089200000| Complete 
| 147|0x0000000089300000, 0x0000000089400000, 0x0000000089400000|100%| E|CS|TAMS 0x0000000089300000, 0x0000000089300000| Complete 
| 148|0x0000000089400000, 0x0000000089500000, 0x0000000089500000|100%| E|CS|TAMS 0x0000000089400000, 0x0000000089400000| Complete 
| 149|0x0000000089500000, 0x0000000089600000, 0x0000000089600000|100%| E|CS|TAMS 0x0000000089500000, 0x0000000089500000| Complete 
| 150|0x0000000089600000, 0x0000000089700000, 0x0000000089700000|100%| E|CS|TAMS 0x0000000089600000, 0x0000000089600000| Complete 
| 151|0x0000000089700000, 0x0000000089800000, 0x0000000089800000|100%| E|CS|TAMS 0x0000000089700000, 0x0000000089700000| Complete 

Card table byte_map: [0x0000015aac910000,0x0000015aacd10000] _byte_map_base: 0x0000015aac510000

Marking Bits (Prev, Next): (CMBitMap*) 0x0000015a99700a28, (CMBitMap*) 0x0000015a99700a60
 Prev Bits: [0x0000015aad110000, 0x0000015aaf110000)
 Next Bits: [0x0000015aaf110000, 0x0000015ab1110000)

Polling page: 0x0000015a98e90000

Metaspace:

Usage:
  Non-class:     62.13 MB capacity,    61.12 MB ( 98%) used,   844.24 KB (  1%) free+waste,   190.88 KB ( <1%) overhead. 
      Class:      9.70 MB capacity,     9.07 MB ( 94%) used,   554.75 KB (  6%) free+waste,    89.94 KB ( <1%) overhead. 
       Both:     71.83 MB capacity,    70.19 MB ( 98%) used,     1.37 MB (  2%) free+waste,   280.81 KB ( <1%) overhead. 

Virtual space:
  Non-class space:       64.00 MB reserved,      62.38 MB ( 97%) committed 
      Class space:        1.00 GB reserved,       9.84 MB ( <1%) committed 
             Both:        1.06 GB reserved,      72.21 MB (  7%) committed 

Chunk freelists:
   Non-Class:  60.00 KB
       Class:  20.00 KB
        Both:  80.00 KB

MaxMetaspaceSize: 17179869184.00 GB
CompressedClassSpaceSize: 1.00 GB
Initial GC threshold: 20.80 MB
Current GC threshold: 115.15 MB
CDS: off

CodeHeap 'non-profiled nmethods': size=120000Kb used=4485Kb max_used=4485Kb free=115515Kb
 bounds [0x0000015aa4cb0000, 0x0000015aa5120000, 0x0000015aac1e0000]
CodeHeap 'profiled nmethods': size=120000Kb used=14583Kb max_used=14583Kb free=105416Kb
 bounds [0x0000015a9d780000, 0x0000015a9e5c0000, 0x0000015aa4cb0000]
CodeHeap 'non-nmethods': size=5760Kb used=2361Kb max_used=2401Kb free=3398Kb
 bounds [0x0000015a9d1e0000, 0x0000015a9d450000, 0x0000015a9d780000]
 total_blobs=7999 nmethods=7118 adapters=792
 compilation: enabled
              stopped_count=0, restarted_count=0
 full_count=0

Compilation events (20 events):
Event: 9.400 Thread 0x0000015ab3c03000 7108       3       org.gradle.internal.typeconversion.NotationConverterToNotationParserAdapter$ResultImpl::<init> (5 bytes)
Event: 9.400 Thread 0x0000015ab3c03000 nmethod 7108 0x0000015a9e5af110 code [0x0000015a9e5af2c0, 0x0000015a9e5af478]
Event: 9.400 Thread 0x0000015ab3c03000 7109       3       org.gradle.api.internal.file.AbstractFileCollection$2::visitCollection (43 bytes)
Event: 9.401 Thread 0x0000015ab3c03000 nmethod 7109 0x0000015a9e5af590 code [0x0000015a9e5af7a0, 0x0000015a9e5afd38]
Event: 9.401 Thread 0x0000015ab3c03000 7110       3       com.android.build.gradle.internal.api.DefaultAndroidSourceSet_Decorated::getName (40 bytes)
Event: 9.401 Thread 0x0000015ab3c03000 nmethod 7110 0x0000015a9e5aff10 code [0x0000015a9e5b0140, 0x0000015a9e5b0848]
Event: 9.424 Thread 0x0000015ab3c03000 7111       3       org.gradle.api.internal.project.DefaultProject::projectPath (9 bytes)
Event: 9.424 Thread 0x0000015ab3c03000 nmethod 7111 0x0000015a9e5b0a90 code [0x0000015a9e5b0c60, 0x0000015a9e5b0ee8]
Event: 9.424 Thread 0x0000015ab3c03000 7112       3       org.gradle.api.internal.project.DefaultProject::identityPath (9 bytes)
Event: 9.424 Thread 0x0000015ab3c03000 nmethod 7112 0x0000015a9e5b1010 code [0x0000015a9e5b11e0, 0x0000015a9e5b1468]
Event: 9.427 Thread 0x0000015ab3c03000 7113       3       kotlin.collections.CollectionsKt__CollectionsKt::emptyList (7 bytes)
Event: 9.427 Thread 0x0000015ab3c03000 nmethod 7113 0x0000015a9e5b1590 code [0x0000015a9e5b1740, 0x0000015a9e5b1838]
Event: 9.429 Thread 0x0000015ab3c03000 7114       3       org.gradle.api.internal.project.DefaultProject::getExtensions (5 bytes)
Event: 9.429 Thread 0x0000015ab3c03000 nmethod 7114 0x0000015a9e5b1910 code [0x0000015a9e5b1ae0, 0x0000015a9e5b1f38]
Event: 9.432 Thread 0x0000015ab3c03000 7115       1       com.android.build.api.artifact.Artifact::getKind (5 bytes)
Event: 9.432 Thread 0x0000015ab3c03000 nmethod 7115 0x0000015aa5109b10 code [0x0000015aa5109cc0, 0x0000015aa5109d78]
Event: 9.432 Thread 0x0000015ab3c03000 7116       1       org.gradle.internal.ImmutableActionSet$SetWithManyActions::isEmpty (2 bytes)
Event: 9.432 Thread 0x0000015ab3c03000 nmethod 7116 0x0000015aa5109e10 code [0x0000015aa5109fc0, 0x0000015aa510a078]
Event: 9.434 Thread 0x0000015ab3c03000 7117       1       com.google.common.collect.ImmutableMapEntry$NonTerminalImmutableMapEntry::getNextInKeyBucket (5 bytes)
Event: 9.434 Thread 0x0000015ab3c03000 nmethod 7117 0x0000015aa510a110 code [0x0000015aa510a2c0, 0x0000015aa510a378]

GC Heap History (20 events):
Event: 2.846 GC heap before
{Heap before GC invocations=2 (full 0):
 garbage-first heap   total 129024K, used 40872K [0x0000000080000000, 0x0000000100000000)
  region size 1024K, 35 young (35840K), 10 survivors (10240K)
 Metaspace       used 20764K, capacity 21197K, committed 21296K, reserved 1069056K
  class space    used 2525K, capacity 2687K, committed 2688K, reserved 1048576K
}
Event: 2.858 GC heap after
{Heap after GC invocations=3 (full 0):
 garbage-first heap   total 129024K, used 17161K [0x0000000080000000, 0x0000000100000000)
  region size 1024K, 2 young (2048K), 2 survivors (2048K)
 Metaspace       used 20764K, capacity 21197K, committed 21296K, reserved 1069056K
  class space    used 2525K, capacity 2687K, committed 2688K, reserved 1048576K
}
Event: 3.610 GC heap before
{Heap before GC invocations=4 (full 0):
 garbage-first heap   total 129024K, used 76553K [0x0000000080000000, 0x0000000100000000)
  region size 1024K, 60 young (61440K), 2 survivors (2048K)
 Metaspace       used 27043K, capacity 27653K, committed 27772K, reserved 1073152K
  class space    used 3520K, capacity 3768K, committed 3788K, reserved 1048576K
}
Event: 3.613 GC heap after
{Heap after GC invocations=5 (full 0):
 garbage-first heap   total 129024K, used 18986K [0x0000000080000000, 0x0000000100000000)
  region size 1024K, 3 young (3072K), 3 survivors (3072K)
 Metaspace       used 27043K, capacity 27653K, committed 27772K, reserved 1073152K
  class space    used 3520K, capacity 3768K, committed 3788K, reserved 1048576K
}
Event: 4.453 GC heap before
{Heap before GC invocations=5 (full 0):
 garbage-first heap   total 129024K, used 82474K [0x0000000080000000, 0x0000000100000000)
  region size 1024K, 66 young (67584K), 3 survivors (3072K)
 Metaspace       used 35080K, capacity 35957K, committed 36048K, reserved 1081344K
  class space    used 4571K, capacity 4921K, committed 4940K, reserved 1048576K
}
Event: 4.461 GC heap after
{Heap after GC invocations=6 (full 0):
 garbage-first heap   total 129024K, used 22395K [0x0000000080000000, 0x0000000100000000)
  region size 1024K, 7 young (7168K), 7 survivors (7168K)
 Metaspace       used 35080K, capacity 35957K, committed 36048K, reserved 1081344K
  class space    used 4571K, capacity 4921K, committed 4940K, reserved 1048576K
}
Event: 5.158 GC heap before
{Heap before GC invocations=7 (full 0):
 garbage-first heap   total 129024K, used 91003K [0x0000000080000000, 0x0000000100000000)
  region size 1024K, 71 young (72704K), 7 survivors (7168K)
 Metaspace       used 40989K, capacity 41985K, committed 42140K, reserved 1085440K
  class space    used 5205K, capacity 5560K, committed 5656K, reserved 1048576K
}
Event: 5.169 GC heap after
{Heap after GC invocations=8 (full 0):
 garbage-first heap   total 129024K, used 28610K [0x0000000080000000, 0x0000000100000000)
  region size 1024K, 9 young (9216K), 9 survivors (9216K)
 Metaspace       used 40989K, capacity 41985K, committed 42140K, reserved 1085440K
  class space    used 5205K, capacity 5560K, committed 5656K, reserved 1048576K
}
Event: 5.789 GC heap before
{Heap before GC invocations=9 (full 0):
 garbage-first heap   total 129024K, used 93122K [0x0000000080000000, 0x0000000100000000)
  region size 1024K, 72 young (73728K), 9 survivors (9216K)
 Metaspace       used 46448K, capacity 47542K, committed 47772K, reserved 1091584K
  class space    used 5932K, capacity 6335K, committed 6424K, reserved 1048576K
}
Event: 5.799 GC heap after
{Heap after GC invocations=10 (full 0):
 garbage-first heap   total 155648K, used 30999K [0x0000000080000000, 0x0000000100000000)
  region size 1024K, 4 young (4096K), 4 survivors (4096K)
 Metaspace       used 46448K, capacity 47542K, committed 47772K, reserved 1091584K
  class space    used 5932K, capacity 6335K, committed 6424K, reserved 1048576K
}
Event: 6.721 GC heap before
{Heap before GC invocations=10 (full 0):
 garbage-first heap   total 155648K, used 115991K [0x0000000080000000, 0x0000000100000000)
  region size 1024K, 79 young (80896K), 4 survivors (4096K)
 Metaspace       used 49764K, capacity 51155K, committed 51356K, reserved 1093632K
  class space    used 6332K, capacity 6864K, committed 6936K, reserved 1048576K
}
Event: 6.727 GC heap after
{Heap after GC invocations=11 (full 0):
 garbage-first heap   total 155648K, used 49108K [0x0000000080000000, 0x0000000100000000)
  region size 1024K, 10 young (10240K), 10 survivors (10240K)
 Metaspace       used 49764K, capacity 51155K, committed 51356K, reserved 1093632K
  class space    used 6332K, capacity 6864K, committed 6936K, reserved 1048576K
}
Event: 7.604 GC heap before
{Heap before GC invocations=11 (full 0):
 garbage-first heap   total 155648K, used 116692K [0x0000000080000000, 0x0000000100000000)
  region size 1024K, 76 young (77824K), 10 survivors (10240K)
 Metaspace       used 58641K, capacity 60171K, committed 60316K, reserved 1101824K
  class space    used 7466K, capacity 8079K, committed 8216K, reserved 1048576K
}
Event: 7.611 GC heap after
{Heap after GC invocations=12 (full 0):
 garbage-first heap   total 155648K, used 52124K [0x0000000080000000, 0x0000000100000000)
  region size 1024K, 3 young (3072K), 3 survivors (3072K)
 Metaspace       used 58641K, capacity 60171K, committed 60316K, reserved 1101824K
  class space    used 7466K, capacity 8079K, committed 8216K, reserved 1048576K
}
Event: 8.305 GC heap before
{Heap before GC invocations=12 (full 0):
 garbage-first heap   total 155648K, used 125852K [0x0000000080000000, 0x0000000100000000)
  region size 1024K, 68 young (69632K), 3 survivors (3072K)
 Metaspace       used 63987K, capacity 65620K, committed 65820K, reserved 1105920K
  class space    used 8131K, capacity 8772K, committed 8856K, reserved 1048576K
}
Event: 8.310 GC heap after
{Heap after GC invocations=13 (full 0):
 garbage-first heap   total 155648K, used 57936K [0x0000000080000000, 0x0000000100000000)
  region size 1024K, 9 young (9216K), 9 survivors (9216K)
 Metaspace       used 63987K, capacity 65620K, committed 65820K, reserved 1105920K
  class space    used 8131K, capacity 8772K, committed 8856K, reserved 1048576K
}
Event: 8.951 GC heap before
{Heap before GC invocations=13 (full 0):
 garbage-first heap   total 155648K, used 121424K [0x0000000080000000, 0x0000000100000000)
  region size 1024K, 71 young (72704K), 9 survivors (9216K)
 Metaspace       used 68055K, capacity 69640K, committed 69916K, reserved 1110016K
  class space    used 8637K, capacity 9265K, committed 9368K, reserved 1048576K
}
Event: 8.959 GC heap after
{Heap after GC invocations=14 (full 0):
 garbage-first heap   total 155648K, used 62144K [0x0000000080000000, 0x0000000100000000)
  region size 1024K, 5 young (5120K), 5 survivors (5120K)
 Metaspace       used 68055K, capacity 69640K, committed 69916K, reserved 1110016K
  class space    used 8637K, capacity 9265K, committed 9368K, reserved 1048576K
}
Event: 9.128 GC heap before
{Heap before GC invocations=14 (full 0):
 garbage-first heap   total 155648K, used 87744K [0x0000000080000000, 0x0000000100000000)
  region size 1024K, 31 young (31744K), 5 survivors (5120K)
 Metaspace       used 68450K, capacity 70127K, committed 70236K, reserved 1110016K
  class space    used 8681K, capacity 9365K, committed 9432K, reserved 1048576K
}
Event: 9.133 GC heap after
{Heap after GC invocations=15 (full 0):
 garbage-first heap   total 155648K, used 63486K [0x0000000080000000, 0x0000000100000000)
  region size 1024K, 6 young (6144K), 6 survivors (6144K)
 Metaspace       used 68450K, capacity 70127K, committed 70236K, reserved 1110016K
  class space    used 8681K, capacity 9365K, committed 9432K, reserved 1048576K
}

Deoptimization events (20 events):
Event: 8.759 Thread 0x0000015ab6da6800 DEOPT PACKING pc=0x0000015aa50c37e0 sp=0x000000302fff7380
Event: 8.759 Thread 0x0000015ab6da6800 DEOPT UNPACKING pc=0x0000015a9d22a1af sp=0x000000302fff7350 mode 2
Event: 8.855 Thread 0x0000015ab6da6800 Uncommon trap: trap_request=0xffffff4d fr.pc=0x0000015aa4e9c080 relative=0x0000000000000340
Event: 8.855 Thread 0x0000015ab6da6800 Uncommon trap: reason=unstable_if action=reinterpret pc=0x0000015aa4e9c080 method=java.util.StringJoiner.add(Ljava/lang/CharSequence;)Ljava/util/StringJoiner; @ 33 c2
Event: 8.855 Thread 0x0000015ab6da6800 DEOPT PACKING pc=0x0000015aa4e9c080 sp=0x000000302fff54a0
Event: 8.855 Thread 0x0000015ab6da6800 DEOPT UNPACKING pc=0x0000015a9d22a1af sp=0x000000302fff5450 mode 2
Event: 8.944 Thread 0x0000015ab6da6800 Uncommon trap: trap_request=0xfffffff4 fr.pc=0x0000015aa50d2fa0 relative=0x0000000000000a00
Event: 8.944 Thread 0x0000015ab6da6800 Uncommon trap: reason=null_check action=make_not_entrant pc=0x0000015aa50d2fa0 method=com.sun.beans.introspect.MethodInfo$MethodOrder.compare(Ljava/lang/reflect/Method;Ljava/lang/reflect/Method;)I @ 133 c2
Event: 8.944 Thread 0x0000015ab6da6800 DEOPT PACKING pc=0x0000015aa50d2fa0 sp=0x000000302fff3310
Event: 8.944 Thread 0x0000015ab6da6800 DEOPT UNPACKING pc=0x0000015a9d22a1af sp=0x000000302fff3240 mode 2
Event: 9.030 Thread 0x0000015ab6da6800 Uncommon trap: trap_request=0xfffffff4 fr.pc=0x0000015aa50daa44 relative=0x0000000000000b04
Event: 9.030 Thread 0x0000015ab6da6800 Uncommon trap: reason=null_check action=make_not_entrant pc=0x0000015aa50daa44 method=com.sun.beans.introspect.MethodInfo$MethodOrder.compare(Ljava/lang/reflect/Method;Ljava/lang/reflect/Method;)I @ 145 c2
Event: 9.030 Thread 0x0000015ab6da6800 DEOPT PACKING pc=0x0000015aa50daa44 sp=0x000000302fff1f50
Event: 9.030 Thread 0x0000015ab6da6800 DEOPT UNPACKING pc=0x0000015a9d22a1af sp=0x000000302fff1e80 mode 2
Event: 9.030 Thread 0x0000015ab6da6800 Uncommon trap: trap_request=0xfffffff4 fr.pc=0x0000015aa50dbd9c relative=0x000000000000097c
Event: 9.030 Thread 0x0000015ab6da6800 Uncommon trap: reason=null_check action=make_not_entrant pc=0x0000015aa50dbd9c method=com.sun.beans.introspect.MethodInfo$MethodOrder.compare(Ljava/lang/reflect/Method;Ljava/lang/reflect/Method;)I @ 145 c2
Event: 9.030 Thread 0x0000015ab6da6800 DEOPT PACKING pc=0x0000015aa50dbd9c sp=0x000000302fff1ec0
Event: 9.030 Thread 0x0000015ab6da6800 DEOPT UNPACKING pc=0x0000015a9d22a1af sp=0x000000302fff1e78 mode 2
Event: 9.267 Thread 0x0000015ab6da6800 DEOPT PACKING pc=0x0000015a9e2bd2d6 sp=0x000000302fff8520
Event: 9.267 Thread 0x0000015ab6da6800 DEOPT UNPACKING pc=0x0000015a9d22a95e sp=0x000000302fff7ac0 mode 0

Classes redefined (0 events):
No events

Internal exceptions (20 events):
Event: 9.049 Thread 0x0000015ab6da6800 Exception <a 'java/lang/ClassNotFoundException'{0x0000000088727f38}: org/gradle/api/JavaVersionBeanInfo> (0x0000000088727f38) thrown at [src/hotspot/share/classfile/systemDictionary.cpp, line 230]
Event: 9.050 Thread 0x0000015ab6da6800 Exception <a 'java/lang/ClassNotFoundException'{0x0000000088759238}: org/gradle/api/JavaVersionCustomizer> (0x0000000088759238) thrown at [src/hotspot/share/classfile/systemDictionary.cpp, line 230]
Event: 9.053 Thread 0x0000015ab6da6800 Exception <a 'java/lang/ClassNotFoundException'{0x00000000887c81a8}: com/android/build/gradle/internal/CompileOptions$AgpDecorated_DecoratedBeanInfo> (0x00000000887c81a8) thrown at [src/hotspot/share/classfile/systemDictionary.cpp, line 230]
Event: 9.054 Thread 0x0000015ab6da6800 Exception <a 'java/lang/ClassNotFoundException'{0x00000000887e8e48}: com/android/build/gradle/internal/CompileOptions$AgpDecoratedBeanInfo> (0x00000000887e8e48) thrown at [src/hotspot/share/classfile/systemDictionary.cpp, line 230]
Event: 9.054 Thread 0x0000015ab6da6800 Exception <a 'java/lang/ClassNotFoundException'{0x0000000088607478}: com/android/build/gradle/internal/CompileOptionsBeanInfo> (0x0000000088607478) thrown at [src/hotspot/share/classfile/systemDictionary.cpp, line 230]
Event: 9.054 Thread 0x0000015ab6da6800 Exception <a 'java/lang/ClassNotFoundException'{0x0000000088625ed8}: com/android/build/gradle/internal/CompileOptionsCustomizer> (0x0000000088625ed8) thrown at [src/hotspot/share/classfile/systemDictionary.cpp, line 230]
Event: 9.055 Thread 0x0000015ab6da6800 Exception <a 'java/lang/ClassNotFoundException'{0x0000000088652fb0}: com/android/build/gradle/internal/CompileOptions$AgpDecoratedCustomizer> (0x0000000088652fb0) thrown at [src/hotspot/share/classfile/systemDictionary.cpp, line 230]
Event: 9.055 Thread 0x0000015ab6da6800 Exception <a 'java/lang/ClassNotFoundException'{0x0000000088683eb0}: com/android/build/gradle/internal/CompileOptions$AgpDecorated_DecoratedCustomizer> (0x0000000088683eb0) thrown at [src/hotspot/share/classfile/systemDictionary.cpp, line 230]
Event: 9.062 Thread 0x0000015ab6da6800 Exception <a 'java/lang/ClassNotFoundException'{0x000000008850ee38}: org/jetbrains/kotlin/gradle/plugin/AndroidProjectHandler$configureTarget$kotlinOptions$1BeanInfo> (0x000000008850ee38) thrown at [src/hotspot/share/classfile/systemDictionary.cpp, line 230]
Event: 9.063 Thread 0x0000015ab6da6800 Exception <a 'java/lang/ClassNotFoundException'{0x0000000088533dd8}: org/jetbrains/kotlin/gradle/plugin/AndroidProjectHandler$configureTarget$kotlinOptions$1Customizer> (0x0000000088533dd8) thrown at [src/hotspot/share/classfile/systemDictionary.cpp, line 230]
Event: 9.069 Thread 0x0000015ab6da6800 Exception <a 'java/lang/ClassNotFoundException'{0x00000000885e10a0}: com/android/build/gradle/internal/dsl/ApplicationBuildFeaturesImpl_DecoratedBeanInfo> (0x00000000885e10a0) thrown at [src/hotspot/share/classfile/systemDictionary.cpp, line 230]
Event: 9.070 Thread 0x0000015ab6da6800 Exception <a 'java/lang/ClassNotFoundException'{0x0000000088403038}: com/android/build/gradle/internal/dsl/ApplicationBuildFeaturesImplBeanInfo> (0x0000000088403038) thrown at [src/hotspot/share/classfile/systemDictionary.cpp, line 230]
Event: 9.070 Thread 0x0000015ab6da6800 Exception <a 'java/lang/ClassNotFoundException'{0x0000000088422948}: com/android/build/gradle/internal/dsl/BuildFeaturesImplBeanInfo> (0x0000000088422948) thrown at [src/hotspot/share/classfile/systemDictionary.cpp, line 230]
Event: 9.071 Thread 0x0000015ab6da6800 Exception <a 'java/lang/ClassNotFoundException'{0x0000000088442290}: com/android/build/gradle/internal/dsl/BuildFeaturesImplCustomizer> (0x0000000088442290) thrown at [src/hotspot/share/classfile/systemDictionary.cpp, line 230]
Event: 9.072 Thread 0x0000015ab6da6800 Exception <a 'java/lang/ClassNotFoundException'{0x000000008846f698}: com/android/build/gradle/internal/dsl/ApplicationBuildFeaturesImplCustomizer> (0x000000008846f698) thrown at [src/hotspot/share/classfile/systemDictionary.cpp, line 230]
Event: 9.072 Thread 0x0000015ab6da6800 Exception <a 'java/lang/ClassNotFoundException'{0x0000000088499490}: com/android/build/gradle/internal/dsl/ApplicationBuildFeaturesImpl_DecoratedCustomizer> (0x0000000088499490) thrown at [src/hotspot/share/classfile/systemDictionary.cpp, line 230]
Event: 9.076 Thread 0x0000015ab6da6800 Exception <a 'java/lang/ClassNotFoundException'{0x000000008837bbc8}: org/gradle/api/internal/artifacts/dsl/dependencies/DefaultDependencyHandler_DecoratedBeanInfo> (0x000000008837bbc8) thrown at [src/hotspot/share/classfile/systemDictionary.cpp, line 230]
Event: 9.077 Thread 0x0000015ab6da6800 Exception <a 'java/lang/ClassNotFoundException'{0x00000000883cfc10}: org/gradle/api/internal/artifacts/dsl/dependencies/DefaultDependencyHandlerBeanInfo> (0x00000000883cfc10) thrown at [src/hotspot/share/classfile/systemDictionary.cpp, line 230]
Event: 9.078 Thread 0x0000015ab6da6800 Exception <a 'java/lang/ClassNotFoundException'{0x00000000882241b8}: org/gradle/api/internal/artifacts/dsl/dependencies/DefaultDependencyHandlerCustomizer> (0x00000000882241b8) thrown at [src/hotspot/share/classfile/systemDictionary.cpp, line 230]
Event: 9.080 Thread 0x0000015ab6da6800 Exception <a 'java/lang/ClassNotFoundException'{0x00000000882a3b88}: org/gradle/api/internal/artifacts/dsl/dependencies/DefaultDependencyHandler_DecoratedCustomizer> (0x00000000882a3b88) thrown at [src/hotspot/share/classfile/systemDictionary.cpp, line 230]

Events (20 events):
Event: 9.433 loading class com/android/ide/common/process/ProcessException
Event: 9.433 loading class com/android/ide/common/process/ProcessException done
Event: 9.433 loading class org/gradle/tooling/BuildException
Event: 9.433 loading class org/gradle/tooling/BuildException done
Event: 9.434 loading class org/gradle/tooling/BuildException
Event: 9.434 loading class org/gradle/tooling/BuildException done
Event: 9.434 loading class org/gradle/tooling/GradleConnectionException
Event: 9.434 loading class org/gradle/tooling/GradleConnectionException done
Event: 9.434 loading class com/android/build/gradle/internal/res/LinkApplicationAndroidResourcesTask$BaseCreationAction$handleProvider$4
Event: 9.434 loading class com/android/build/gradle/internal/res/LinkApplicationAndroidResourcesTask$BaseCreationAction$handleProvider$4 done
Event: 9.435 loading class com/android/build/gradle/internal/res/LinkApplicationAndroidResourcesTask$CreationAction$handleProvider$1
Event: 9.435 loading class com/android/build/gradle/internal/res/LinkApplicationAndroidResourcesTask$CreationAction$handleProvider$1 done
Event: 9.435 loading class com/android/build/gradle/internal/res/LinkApplicationAndroidResourcesTask$CreationAction$handleProvider$2
Event: 9.435 loading class com/android/build/gradle/internal/res/LinkApplicationAndroidResourcesTask$CreationAction$handleProvider$2 done
Event: 9.436 loading class com/android/build/gradle/internal/res/LinkApplicationAndroidResourcesTask$CreationAction$handleProvider$3
Event: 9.436 loading class com/android/build/gradle/internal/res/LinkApplicationAndroidResourcesTask$CreationAction$handleProvider$3 done
Event: 9.436 loading class com/android/build/gradle/internal/res/LinkAndroidResForBundleTask$CreationAction
Event: 9.436 loading class com/android/build/gradle/internal/res/LinkAndroidResForBundleTask$CreationAction done
Event: 9.436 loading class com/android/build/gradle/internal/res/LinkAndroidResForBundleTask
Event: 9.436 loading class com/android/build/gradle/internal/res/LinkAndroidResForBundleTask done


Dynamic libraries:
0x00007ff6d9270000 - 0x00007ff6d927a000 	D:\AndroidStudio\jbr\bin\java.exe
0x00007ffd61150000 - 0x00007ffd61364000 	C:\WINDOWS\SYSTEM32\ntdll.dll
0x00007ffd5f8e0000 - 0x00007ffd5f9a2000 	C:\WINDOWS\System32\KERNEL32.DLL
0x00007ffd5eaa0000 - 0x00007ffd5ee3c000 	C:\WINDOWS\System32\KERNELBASE.dll
0x00007ffd5e7c0000 - 0x00007ffd5e8d1000 	C:\WINDOWS\System32\ucrtbase.dll
0x00007ffd5b2b0000 - 0x00007ffd5b2c7000 	D:\AndroidStudio\jbr\bin\jli.dll
0x00007ffd60800000 - 0x00007ffd609ab000 	C:\WINDOWS\System32\USER32.dll
0x00007ffd5eec0000 - 0x00007ffd5eee6000 	C:\WINDOWS\System32\win32u.dll
0x00007ffd60ca0000 - 0x00007ffd60cc9000 	C:\WINDOWS\System32\GDI32.dll
0x00007ffd5e8e0000 - 0x00007ffd5e9f3000 	C:\WINDOWS\System32\gdi32full.dll
0x00007ffd5ea00000 - 0x00007ffd5ea9a000 	C:\WINDOWS\System32\msvcp_win.dll
0x00007ffd57590000 - 0x00007ffd575ab000 	D:\AndroidStudio\jbr\bin\VCRUNTIME140.dll
0x00007ffd42780000 - 0x00007ffd42a0e000 	C:\WINDOWS\WinSxS\amd64_microsoft.windows.common-controls_6595b64144ccf1df_6.0.22621.608_none_a9444ca7c10bb01d\COMCTL32.dll
0x00007ffd5f830000 - 0x00007ffd5f8d7000 	C:\WINDOWS\System32\msvcrt.dll
0x00007ffd607c0000 - 0x00007ffd607f1000 	C:\WINDOWS\System32\IMM32.DLL
0x00007ffd5b1e0000 - 0x00007ffd5b1ec000 	D:\AndroidStudio\jbr\bin\vcruntime140_1.dll
0x00007ffd47a20000 - 0x00007ffd47aad000 	D:\AndroidStudio\jbr\bin\msvcp140.dll
0x00007ffcbbb90000 - 0x00007ffcbc74c000 	D:\AndroidStudio\jbr\bin\server\jvm.dll
0x00007ffd60ea0000 - 0x00007ffd60f4e000 	C:\WINDOWS\System32\ADVAPI32.dll
0x00007ffd5f9b0000 - 0x00007ffd5fa54000 	C:\WINDOWS\System32\sechost.dll
0x00007ffd5f090000 - 0x00007ffd5f1a7000 	C:\WINDOWS\System32\RPCRT4.dll
0x00007ffd60b50000 - 0x00007ffd60b58000 	C:\WINDOWS\System32\PSAPI.DLL
0x00007ffd36f40000 - 0x00007ffd36f49000 	C:\WINDOWS\SYSTEM32\WSOCK32.dll
0x00007ffd5ef60000 - 0x00007ffd5efd1000 	C:\WINDOWS\System32\WS2_32.dll
0x00007ffd57610000 - 0x00007ffd57644000 	C:\WINDOWS\SYSTEM32\WINMM.dll
0x00007ffd55450000 - 0x00007ffd5545a000 	C:\WINDOWS\SYSTEM32\VERSION.dll
0x00007ffd5d650000 - 0x00007ffd5d668000 	C:\WINDOWS\SYSTEM32\kernel.appcore.dll
0x00007ffd588c0000 - 0x00007ffd588d0000 	D:\AndroidStudio\jbr\bin\verify.dll
0x00007ffd5b4b0000 - 0x00007ffd5b6de000 	C:\WINDOWS\SYSTEM32\DBGHELP.DLL
0x00007ffd5fac0000 - 0x00007ffd5fe49000 	C:\WINDOWS\System32\combase.dll
0x00007ffd60b60000 - 0x00007ffd60c37000 	C:\WINDOWS\System32\OLEAUT32.dll
0x00007ffd3fd80000 - 0x00007ffd3fdb2000 	C:\WINDOWS\SYSTEM32\dbgcore.DLL
0x00007ffd5ee40000 - 0x00007ffd5eebb000 	C:\WINDOWS\System32\bcryptPrimitives.dll
0x00007ffd49420000 - 0x00007ffd49448000 	D:\AndroidStudio\jbr\bin\java.dll
0x00007ffd58660000 - 0x00007ffd5866a000 	D:\AndroidStudio\jbr\bin\jimage.dll
0x00007ffd575f0000 - 0x00007ffd57608000 	D:\AndroidStudio\jbr\bin\zip.dll
0x00007ffd5fe50000 - 0x00007ffd60640000 	C:\WINDOWS\System32\SHELL32.dll
0x00007ffd5c5a0000 - 0x00007ffd5ce6d000 	C:\WINDOWS\SYSTEM32\windows.storage.dll
0x00007ffd5c460000 - 0x00007ffd5c59e000 	C:\WINDOWS\SYSTEM32\wintypes.dll
0x00007ffd606a0000 - 0x00007ffd60791000 	C:\WINDOWS\System32\SHCORE.dll
0x00007ffd60c40000 - 0x00007ffd60c9e000 	C:\WINDOWS\System32\shlwapi.dll
0x00007ffd5e4c0000 - 0x00007ffd5e4e1000 	C:\WINDOWS\SYSTEM32\profapi.dll
0x00007ffd575b0000 - 0x00007ffd575c9000 	D:\AndroidStudio\jbr\bin\net.dll
0x00007ffd562b0000 - 0x00007ffd563e7000 	C:\WINDOWS\SYSTEM32\WINHTTP.dll
0x00007ffd5db40000 - 0x00007ffd5dba9000 	C:\WINDOWS\system32\mswsock.dll
0x00007ffd48740000 - 0x00007ffd48753000 	D:\AndroidStudio\jbr\bin\nio.dll
0x00007ffd58020000 - 0x00007ffd58047000 	C:\Users\Huawei\.gradle\native\e1d6ef7f7dcc3fd88c89a11ec53ec762bb8ba0a96d01ffa2cd45eb1d1d8dd5c5\windows-amd64\native-platform.dll
0x00007ffd41f60000 - 0x00007ffd420a4000 	C:\Users\Huawei\.gradle\native\0d407fdbe67a94daf76414ababcb853783967236a71b16ec16e742cd7a986fd3\windows-amd64\native-platform-file-events.dll
0x00007ffd58640000 - 0x00007ffd5864a000 	D:\AndroidStudio\jbr\bin\management.dll
0x00007ffd58380000 - 0x00007ffd5838b000 	D:\AndroidStudio\jbr\bin\management_ext.dll
0x00007ffd5ddb0000 - 0x00007ffd5ddcb000 	C:\WINDOWS\SYSTEM32\CRYPTSP.dll
0x00007ffd5d5c0000 - 0x00007ffd5d5f5000 	C:\WINDOWS\system32\rsaenh.dll
0x00007ffd5dc40000 - 0x00007ffd5dc68000 	C:\WINDOWS\SYSTEM32\USERENV.dll
0x00007ffd5df40000 - 0x00007ffd5df68000 	C:\WINDOWS\SYSTEM32\bcrypt.dll
0x00007ffd5dda0000 - 0x00007ffd5ddac000 	C:\WINDOWS\SYSTEM32\CRYPTBASE.dll
0x00007ffd5d100000 - 0x00007ffd5d12d000 	C:\WINDOWS\SYSTEM32\IPHLPAPI.DLL
0x00007ffd5fab0000 - 0x00007ffd5fab9000 	C:\WINDOWS\System32\NSI.dll
0x00007ffd55870000 - 0x00007ffd55889000 	C:\WINDOWS\SYSTEM32\dhcpcsvc6.DLL
0x00007ffd56090000 - 0x00007ffd560af000 	C:\WINDOWS\SYSTEM32\dhcpcsvc.DLL
0x00007ffd5d130000 - 0x00007ffd5d223000 	C:\WINDOWS\SYSTEM32\DNSAPI.dll

dbghelp: loaded successfully - version: 4.0.5 - missing functions: none
symbol engine: initialized successfully - sym options: 0x614 - pdb path: .;D:\AndroidStudio\jbr\bin;C:\WINDOWS\SYSTEM32;C:\WINDOWS\WinSxS\amd64_microsoft.windows.common-controls_6595b64144ccf1df_6.0.22621.608_none_a9444ca7c10bb01d;D:\AndroidStudio\jbr\bin\server;C:\Users\Huawei\.gradle\native\e1d6ef7f7dcc3fd88c89a11ec53ec762bb8ba0a96d01ffa2cd45eb1d1d8dd5c5\windows-amd64;C:\Users\Huawei\.gradle\native\0d407fdbe67a94daf76414ababcb853783967236a71b16ec16e742cd7a986fd3\windows-amd64

VM Arguments:
jvm_args: --add-opens=java.base/java.util=ALL-UNNAMED --add-opens=java.base/java.lang=ALL-UNNAMED --add-opens=java.base/java.lang.invoke=ALL-UNNAMED --add-opens=java.base/java.util=ALL-UNNAMED --add-opens=java.prefs/java.util.prefs=ALL-UNNAMED --add-opens=java.prefs/java.util.prefs=ALL-UNNAMED --add-opens=java.base/java.nio.charset=ALL-UNNAMED --add-opens=java.base/java.net=ALL-UNNAMED --add-opens=java.base/java.util.concurrent.atomic=ALL-UNNAMED -Xmx2048m -Dfile.encoding=UTF-8 -Duser.country=MY -Duser.language=en -Duser.variant 
java_command: org.gradle.launcher.daemon.bootstrap.GradleDaemon 7.5
java_class_path (initial): C:\Users\Huawei\.gradle\wrapper\dists\gradle-7.5-bin\f1w0cc9nuo0eivz97x2xlu9sv\gradle-7.5\lib\gradle-launcher-7.5.jar
Launcher Type: SUN_STANDARD

[Global flags]
     intx CICompilerCount                          = 4                                         {product} {ergonomic}
     uint ConcGCThreads                            = 2                                         {product} {ergonomic}
     uint G1ConcRefinementThreads                  = 8                                         {product} {ergonomic}
   size_t G1HeapRegionSize                         = 1048576                                   {product} {ergonomic}
    uintx GCDrainStackTargetSize                   = 64                                        {product} {ergonomic}
   size_t InitialHeapSize                          = 132120576                                 {product} {ergonomic}
   size_t MarkStackSize                            = 4194304                                   {product} {ergonomic}
   size_t MaxHeapSize                              = 2147483648                                {product} {command line}
   size_t MaxNewSize                               = 1287651328                                {product} {ergonomic}
   size_t MinHeapDeltaBytes                        = 1048576                                   {product} {ergonomic}
    uintx NonNMethodCodeHeapSize                   = 5836300                                {pd product} {ergonomic}
    uintx NonProfiledCodeHeapSize                  = 122910970                              {pd product} {ergonomic}
    uintx ProfiledCodeHeapSize                     = 122910970                              {pd product} {ergonomic}
    uintx ReservedCodeCacheSize                    = 251658240                              {pd product} {ergonomic}
     bool SegmentedCodeCache                       = true                                      {product} {ergonomic}
     bool UseCompressedClassPointers               = true                                 {lp64_product} {ergonomic}
     bool UseCompressedOops                        = true                                 {lp64_product} {ergonomic}
     bool UseG1GC                                  = true                                      {product} {ergonomic}
     bool UseLargePagesIndividualAllocation        = false                                  {pd product} {ergonomic}

Logging:
Log output configuration:
 #0: stdout all=warning uptime,level,tags
 #1: stderr all=off uptime,level,tags

Environment Variables:
PATH=C:\Windows\system32;C:\Windows;C:\Windows\System32\Wbem;C:\Windows\System32\WindowsPowerShell\v1.0\;C:\Windows\System32\OpenSSH\;C:\Program Files (x86)\NVIDIA Corporation\PhysX\Common;C:\Program Files\NVIDIA Corporation\NVIDIA NvDLISR;C:\Program Files\Intel\WiFi\bin\;C:\Program Files\Common Files\Intel\WirelessCommon\;C:\WINDOWS\system32;C:\WINDOWS;C:\WINDOWS\System32\Wbem;C:\WINDOWS\System32\WindowsPowerShell\v1.0\;C:\WINDOWS\System32\OpenSSH\;D:\Git\cmd;C:\Users\Huawei\AppData\Local\Microsoft\WindowsApps;D:\IntelliJ IDEA Community Edition 2022.2.2\bin;C:\Users\Huawei\AppData\Local\GitHubDesktop\bin;%USERPROFILE%\AppData\Local\Microsoft\WindowsApps;
USERNAME=Huawei
OS=Windows_NT
PROCESSOR_IDENTIFIER=Intel64 Family 6 Model 142 Stepping 11, GenuineIntel



---------------  S Y S T E M  ---------------

OS: Windows 11 , 64 bit Build 22621 (10.0.22621.1485)
OS uptime: 0 days 19:31 hours

CPU:total 8 (initial active 8) (4 cores per cpu, 2 threads per core) family 6 model 142 stepping 11 microcode 0xde, cmov, cx8, fxsr, mmx, sse, sse2, sse3, ssse3, sse4.1, sse4.2, popcnt, avx, avx2, aes, clmul, erms, 3dnowpref, lzcnt, ht, tsc, tscinvbit, bmi1, bmi2, adx, fma

Memory: 4k page, system-wide physical 8037M (1054M free)
TotalPageFile size 8037M (AvailPageFile size 9M)
current process WorkingSet (physical memory assigned to process): 380M, peak: 382M
current process commit charge ("private bytes"): 420M, peak: 423M

vm_info: OpenJDK 64-Bit Server VM (11.0.15+0-b2043.56-9505619) for windows-amd64 JRE (11.0.15+0-b2043.56-9505619), built on Jan 19 2023 02:48:00 by "builduser" with unknown MS VC++:1929

END.
