#
# There is insufficient memory for the Java Runtime Environment to continue.
# Native memory allocation (malloc) failed to allocate 5480 bytes for AllocateHeap
# Possible reasons:
#   The system is out of physical RAM or swap space
#   The process is running with CompressedOops enabled, and the Java Heap may be blocking the growth of the native heap
# Possible solutions:
#   Reduce memory load on the system
#   Increase physical memory or swap space
#   Check if swap backing store is full
#   Decrease Java heap size (-Xmx/-Xms)
#   Decrease number of Java threads
#   Decrease Java thread stack sizes (-Xss)
#   Set larger code cache with -XX:ReservedCodeCacheSize=
#   JVM is running with Unscaled Compressed Oops mode in which the Java heap is
#     placed in the first 4GB address space. The Java Heap base address is the
#     maximum limit for the native heap growth. Please use -XX:HeapBaseMinAddress
#     to set the Java Heap base and to place the Java Heap above 4GB virtual address.
# This output file may be truncated or incomplete.
#
#  Out of Memory Error (src/hotspot/share/memory/allocation.cpp:46), pid=9008, tid=4424
#
# JRE version: OpenJDK Runtime Environment (11.0.15) (build 11.0.15+0-b2043.56-9505619)
# Java VM: OpenJDK 64-Bit Server VM (11.0.15+0-b2043.56-9505619, mixed mode, tiered, compressed oops, g1 gc, windows-amd64)
# No core dump will be written. Minidumps are not enabled by default on client versions of Windows
#

---------------  S U M M A R Y ------------

Command Line: --add-opens=java.base/java.util=ALL-UNNAMED --add-opens=java.base/java.lang=ALL-UNNAMED --add-opens=java.base/java.lang.invoke=ALL-UNNAMED --add-opens=java.base/java.util=ALL-UNNAMED --add-opens=java.prefs/java.util.prefs=ALL-UNNAMED --add-opens=java.prefs/java.util.prefs=ALL-UNNAMED --add-opens=java.base/java.nio.charset=ALL-UNNAMED --add-opens=java.base/java.net=ALL-UNNAMED --add-opens=java.base/java.util.concurrent.atomic=ALL-UNNAMED -Xmx2048m -Dfile.encoding=UTF-8 -Duser.country=MY -Duser.language=en -Duser.variant org.gradle.launcher.daemon.bootstrap.GradleDaemon 7.5

Host: Intel(R) Core(TM) i7-8565U CPU @ 1.80GHz, 8 cores, 7G,  Windows 11 , 64 bit Build 22621 (10.0.22621.1485)
Time: Mon Apr 17 19:16:14 2023 W. Europe Daylight Time elapsed time: 37.963047 seconds (0d 0h 0m 37s)

---------------  T H R E A D  ---------------

Current thread (0x0000021cd8842800):  JavaThread "WorkerExecutor Queue" [_thread_in_Java, id=4424, stack(0x000000d07ad00000,0x000000d07ae00000)]

Stack: [0x000000d07ad00000,0x000000d07ae00000]
[error occurred during error reporting (printing stack bounds), id 0xc0000005, EXCEPTION_ACCESS_VIOLATION (0xc0000005) at pc=0x00007ffcbc244b4a]

Native frames: (J=compiled Java code, j=interpreted, Vv=VM code, C=native code)
V  [jvm.dll+0x64135a]
V  [jvm.dll+0x7d39f9]
V  [jvm.dll+0x7d51b9]
V  [jvm.dll+0x7d5805]
V  [jvm.dll+0x7d57bb]
V  [jvm.dll+0x640655]
V  [jvm.dll+0x640d68]
C  [ntdll.dll+0xa3cff]
C  [ntdll.dll+0x1e456]
C  [ntdll.dll+0xa2cee]
V  [jvm.dll+0x6b4b4a]
C  0x0000021cb7cd88be

Java frames: (J=compiled Java code, j=interpreted, Vv=VM code)
v  blob 0x0000021cb7d1a12b
J 12230 c2 org.gradle.internal.logging.sink.OutputEventListenerManager$1.onOutput(Lorg/gradle/internal/logging/events/OutputEvent;)V (33 bytes) @ 0x0000021cbff93aa0 [0x0000021cbff93a20+0x0000000000000080]
j  org.gradle.internal.logging.slf4j.OutputEventListenerBackedLogger.log(Lorg/gradle/api/logging/LogLevel;Ljava/lang/Throwable;Ljava/lang/String;Lorg/gradle/internal/operations/OperationIdentifier;)V+40
j  org.gradle.internal.logging.slf4j.DefaultContextAwareTaskLogger.log(Lorg/gradle/api/logging/LogLevel;Ljava/lang/Throwable;Ljava/lang/String;)V+11
j  org.gradle.internal.logging.slf4j.DefaultContextAwareTaskLogger.lifecycle(Ljava/lang/String;)V+13
j  org.jetbrains.kotlin.gradle.logging.GradleKotlinLogger.lifecycle(Ljava/lang/String;)V+11
j  org.jetbrains.kotlin.compilerRunner.ReportUtilsKt$runToolInSeparateProcess$1.invoke(Ljava/lang/String;)V+14
j  org.jetbrains.kotlin.compilerRunner.ReportUtilsKt$runToolInSeparateProcess$1.invoke(Ljava/lang/Object;)Ljava/lang/Object;+5
j  kotlin.io.TextStreamsKt.forEachLine(Ljava/io/Reader;Lkotlin/jvm/functions/Function1;)V+118
j  org.jetbrains.kotlin.compilerRunner.ReportUtilsKt.runToolInSeparateProcess([Ljava/lang/String;Ljava/lang/String;Ljava/lang/Iterable;Lorg/jetbrains/kotlin/compilerRunner/KotlinLogger;Ljava/io/File;Ljava/util/List;)Lorg/jetbrains/kotlin/cli/common/ExitCode;+396
j  org.jetbrains.kotlin.compilerRunner.ReportUtilsKt.runToolInSeparateProcess$default([Ljava/lang/String;Ljava/lang/String;Ljava/lang/Iterable;Lorg/jetbrains/kotlin/compilerRunner/KotlinLogger;Ljava/io/File;Ljava/util/List;ILjava/lang/Object;)Lorg/jetbrains/kotlin/cli/common/ExitCode;+21
j  org.jetbrains.kotlin.compilerRunner.GradleKotlinCompilerWork.compileOutOfProcess()Lorg/jetbrains/kotlin/cli/common/ExitCode;+82
j  org.jetbrains.kotlin.compilerRunner.GradleKotlinCompilerWork.compileWithDaemonOrFallbackImpl(Lorg/jetbrains/kotlin/cli/common/messages/MessageCollector;)Lkotlin/Pair;+469
j  org.jetbrains.kotlin.compilerRunner.GradleKotlinCompilerWork.run()V+22
j  org.jetbrains.kotlin.compilerRunner.GradleCompilerRunnerWithWorkers$GradleKotlinCompilerWorkAction.execute()V+136
j  org.gradle.workers.internal.DefaultWorkerServer.execute(Lorg/gradle/workers/internal/SimpleActionExecutionSpec;)Lorg/gradle/workers/internal/DefaultWorkResult;+128
j  org.gradle.workers.internal.NoIsolationWorkerFactory$1$1.create()Lorg/gradle/workers/internal/DefaultWorkResult;+29
j  org.gradle.workers.internal.NoIsolationWorkerFactory$1$1.create()Ljava/lang/Object;+1
j  org.gradle.internal.classloader.ClassLoaderUtils.executeInClassloader(Ljava/lang/ClassLoader;Lorg/gradle/internal/Factory;)Ljava/lang/Object;+15
j  org.gradle.workers.internal.NoIsolationWorkerFactory$1.lambda$execute$0(Ljava/lang/ClassLoader;Lorg/gradle/workers/WorkerExecutor;Lorg/gradle/workers/internal/IsolatedParametersActionExecutionSpec;)Lorg/gradle/workers/internal/DefaultWorkResult;+10
j  org.gradle.workers.internal.NoIsolationWorkerFactory$1$$Lambda$1244.execute(Lorg/gradle/workers/internal/IsolatedParametersActionExecutionSpec;)Lorg/gradle/workers/internal/DefaultWorkResult;+13
j  org.gradle.workers.internal.AbstractWorker$1.call(Lorg/gradle/internal/operations/BuildOperationContext;)Lorg/gradle/workers/internal/DefaultWorkResult;+8
j  org.gradle.workers.internal.AbstractWorker$1.call(Lorg/gradle/internal/operations/BuildOperationContext;)Ljava/lang/Object;+2
J 10444 c1 org.gradle.internal.operations.DefaultBuildOperationRunner$CallableBuildOperationWorker.execute(Lorg/gradle/internal/operations/BuildOperation;Lorg/gradle/internal/operations/BuildOperationContext;)V (10 bytes) @ 0x0000021cb98001b4 [0x0000021cb97fff60+0x0000000000000254]
J 7317 c1 org.gradle.internal.operations.DefaultBuildOperationRunner$2.execute(Lorg/gradle/internal/operations/BuildOperationDescriptor;Lorg/gradle/internal/operations/BuildOperationState;Lorg/gradle/internal/operations/BuildOperationState;Lorg/gradle/internal/operations/DefaultBuildOperationRunner$ReadableBuildOperationContext;Lorg/gradle/internal/operations/DefaultBuildOperationRunner$BuildOperationExecutionListener;)Lorg/gradle/internal/operations/BuildOperation; (110 bytes) @ 0x0000021cb913caa4 [0x0000021cb913c8c0+0x00000000000001e4]
J 7109 c1 org.gradle.internal.operations.DefaultBuildOperationRunner.execute(Lorg/gradle/internal/operations/BuildOperationDescriptor$Builder;Lorg/gradle/internal/operations/BuildOperationState;Lorg/gradle/internal/operations/DefaultBuildOperationRunner$BuildOperationExecution;)Ljava/lang/Object; (147 bytes) @ 0x0000021cb90dafb4 [0x0000021cb90da2c0+0x0000000000000cf4]
J 9917 c1 org.gradle.internal.operations.DefaultBuildOperationRunner.call(Lorg/gradle/internal/operations/CallableBuildOperation;)Ljava/lang/Object; (24 bytes) @ 0x0000021cb96e64dc [0x0000021cb96e5de0+0x00000000000006fc]
J 9916 c1 org.gradle.internal.operations.DefaultBuildOperationExecutor.call(Lorg/gradle/internal/operations/CallableBuildOperation;)Ljava/lang/Object; (11 bytes) @ 0x0000021cb96e59bc [0x0000021cb96e58c0+0x00000000000000fc]
j  org.gradle.workers.internal.AbstractWorker.executeWrappedInBuildOperation(Lorg/gradle/workers/internal/IsolatedParametersActionExecutionSpec;Lorg/gradle/internal/operations/BuildOperationRef;Lorg/gradle/workers/internal/AbstractWorker$Work;)Lorg/gradle/workers/internal/DefaultWorkResult;+15
j  org.gradle.workers.internal.NoIsolationWorkerFactory$1.execute(Lorg/gradle/workers/internal/IsolatedParametersActionExecutionSpec;Lorg/gradle/internal/operations/BuildOperationRef;)Lorg/gradle/workers/internal/DefaultWorkResult;+17
j  org.gradle.workers.internal.DefaultWorkerExecutor.lambda$submitWork$2(Lorg/gradle/workers/internal/WorkerFactory;Lorg/gradle/workers/internal/WorkerRequirement;Lorg/gradle/workers/internal/IsolatedParametersActionExecutionSpec;Lorg/gradle/internal/operations/BuildOperationRef;)Lorg/gradle/workers/internal/DefaultWorkResult;+13
j  org.gradle.workers.internal.DefaultWorkerExecutor$$Lambda$1241.call()Ljava/lang/Object;+16
J 5818 c1 java.util.concurrent.FutureTask.run()V java.base@11.0.15 (123 bytes) @ 0x0000021cb8d9d69c [0x0000021cb8d9d020+0x000000000000067c]
j  org.gradle.internal.work.DefaultConditionalExecutionQueue$ExecutionRunner.runExecution(Lorg/gradle/internal/work/ConditionalExecution;)V+6
j  org.gradle.internal.work.DefaultConditionalExecutionQueue$ExecutionRunner.access$700(Lorg/gradle/internal/work/DefaultConditionalExecutionQueue$ExecutionRunner;Lorg/gradle/internal/work/ConditionalExecution;)V+2
j  org.gradle.internal.work.DefaultConditionalExecutionQueue$ExecutionRunner$1.run()V+14
j  org.gradle.internal.Factories$1.create()Ljava/lang/Object;+4
J 11154 c1 org.gradle.internal.work.DefaultWorkerLeaseService.withLocks(Ljava/util/Collection;Lorg/gradle/internal/Factory;)Ljava/lang/Object; (53 bytes) @ 0x0000021cb9973014 [0x0000021cb9972bc0+0x0000000000000454]
J 11186 c1 org.gradle.internal.work.DefaultWorkerLeaseService.runAsWorkerThread(Lorg/gradle/internal/Factory;)Ljava/lang/Object; (37 bytes) @ 0x0000021cb99844d4 [0x0000021cb9983d20+0x00000000000007b4]
j  org.gradle.internal.work.DefaultWorkerLeaseService.runAsWorkerThread(Ljava/lang/Runnable;)V+5
j  org.gradle.internal.work.DefaultConditionalExecutionQueue$ExecutionRunner.runBatch(Lorg/gradle/internal/work/ConditionalExecution;)V+16
j  org.gradle.internal.work.DefaultConditionalExecutionQueue$ExecutionRunner.run()V+11
j  java.util.concurrent.Executors$RunnableAdapter.call()Ljava/lang/Object;+4 java.base@11.0.15
J 5818 c1 java.util.concurrent.FutureTask.run()V java.base@11.0.15 (123 bytes) @ 0x0000021cb8d9d69c [0x0000021cb8d9d020+0x000000000000067c]
J 9700 c1 org.gradle.internal.concurrent.ManagedExecutorImpl$1.run()V (57 bytes) @ 0x0000021cb967c4dc [0x0000021cb967c260+0x000000000000027c]
j  java.util.concurrent.ThreadPoolExecutor.runWorker(Ljava/util/concurrent/ThreadPoolExecutor$Worker;)V+92 java.base@11.0.15
j  java.util.concurrent.ThreadPoolExecutor$Worker.run()V+5 java.base@11.0.15
j  java.lang.Thread.run()V+11 java.base@11.0.15
v  ~StubRoutines::call_stub

---------------  P R O C E S S  ---------------

Threads class SMR info:
_java_thread_list=0x0000021cd68f2130, length=141, elements={
0x0000021cb41b1800, 0x0000021ccee91800, 0x0000021ccee9d800, 0x0000021cce671800,
0x0000021cce672800, 0x0000021cce673800, 0x0000021cce677000, 0x0000021cce680000,
0x0000021cceee8000, 0x0000021ccf04c800, 0x0000021cd10dd800, 0x0000021ccf14d800,
0x0000021ccf834000, 0x0000021cd1120800, 0x0000021cd05cf000, 0x0000021cd2073800,
0x0000021cd16e8000, 0x0000021cd080a800, 0x0000021cd1ccf800, 0x0000021cd0eb9000,
0x0000021cd1c36000, 0x0000021cd1c35000, 0x0000021cd1c32000, 0x0000021cd1c32800,
0x0000021cd1c33800, 0x0000021cd1c37000, 0x0000021cd1c34800, 0x0000021cd1c31000,
0x0000021cd1c37800, 0x0000021cd146f800, 0x0000021cd1471800, 0x0000021cd1470800,
0x0000021cd146d000, 0x0000021cd146f000, 0x0000021cd147a800, 0x0000021cd1475800,
0x0000021cd1479800, 0x0000021cd1478000, 0x0000021cd1476000, 0x0000021cd1477000,
0x0000021cd485b000, 0x0000021cd4857000, 0x0000021cd485b800, 0x0000021cd485a000,
0x0000021cd4858800, 0x0000021cd4856000, 0x0000021cd485c800, 0x0000021cd485d800,
0x0000021cd4859000, 0x0000021cd4857800, 0x0000021cd4862000, 0x0000021cd4860800,
0x0000021cd4864000, 0x0000021cd4861800, 0x0000021cd4860000, 0x0000021cd485f000,
0x0000021cd4863000, 0x0000021cd485e000, 0x0000021cd4864800, 0x0000021cd48e8000,
0x0000021cd48e7000, 0x0000021cd48e3800, 0x0000021cd48e6000, 0x0000021cd48e2000,
0x0000021cd48e4800, 0x0000021cd48e5800, 0x0000021cd48e8800, 0x0000021cd48e3000,
0x0000021cd48eb000, 0x0000021cd48ec000, 0x0000021cd48ea800, 0x0000021cd48ec800,
0x0000021cd48ed800, 0x0000021cd48ee800, 0x0000021cd48ef000, 0x0000021cd48e9800,
0x0000021cd48f1000, 0x0000021cd48f0000, 0x0000021cd5625800, 0x0000021cd5624800,
0x0000021cd5628000, 0x0000021cd5627000, 0x0000021cd562c000, 0x0000021cd5629800,
0x0000021cd5628800, 0x0000021cd5626000, 0x0000021cd562c800, 0x0000021cd5630000,
0x0000021cd562d800, 0x0000021cd562e800, 0x0000021cd562f000, 0x0000021cd562a000,
0x0000021cd562b000, 0x0000021cd5631000, 0x0000021cd5631800, 0x0000021cd5633000,
0x0000021cd5632800, 0x0000021cd5da9000, 0x0000021cd5dad000, 0x0000021cd5da9800,
0x0000021cd5daa800, 0x0000021cd5da7000, 0x0000021cd5dab800, 0x0000021cd5dac000,
0x0000021cd5dae000, 0x0000021cd5da8000, 0x0000021cd5db0000, 0x0000021cd5dae800,
0x0000021cd5db4800, 0x0000021cd5daf800, 0x0000021cd5db5000, 0x0000021cd5db2000,
0x0000021cd5db6000, 0x0000021cd5db3800, 0x0000021cd5db1000, 0x0000021cd5db2800,
0x0000021cd5150000, 0x0000021cd5151000, 0x0000021cd514b000, 0x0000021cd514d000,
0x0000021cd5151800, 0x0000021cd514e800, 0x0000021cd514d800, 0x0000021cd5156000,
0x0000021cd5157800, 0x0000021cd5159000, 0x0000021cd5153800, 0x0000021cd515a000,
0x0000021cd5154000, 0x0000021cd5156800, 0x0000021cd5155000, 0x0000021cd5158000,
0x0000021cd8842800, 0x0000021cd8845000, 0x0000021cd883f000, 0x0000021cd8844000,
0x0000021cd8845800, 0x0000021cd8846800, 0x0000021cd8841000, 0x0000021cd63c2000,
0x0000021cd8847800
}

Java Threads: ( => current thread )
  0x0000021cb41b1800 JavaThread "main" [_thread_blocked, id=14376, stack(0x000000d071700000,0x000000d071800000)]
  0x0000021ccee91800 JavaThread "Reference Handler" daemon [_thread_blocked, id=10260, stack(0x000000d071e00000,0x000000d071f00000)]
  0x0000021ccee9d800 JavaThread "Finalizer" daemon [_thread_blocked, id=12228, stack(0x000000d071f00000,0x000000d072000000)]
  0x0000021cce671800 JavaThread "Signal Dispatcher" daemon [_thread_blocked, id=3100, stack(0x000000d072000000,0x000000d072100000)]
  0x0000021cce672800 JavaThread "Attach Listener" daemon [_thread_blocked, id=4140, stack(0x000000d072100000,0x000000d072200000)]
  0x0000021cce673800 JavaThread "Service Thread" daemon [_thread_blocked, id=2540, stack(0x000000d072200000,0x000000d072300000)]
  0x0000021cce677000 JavaThread "C2 CompilerThread0" daemon [_thread_blocked, id=5612, stack(0x000000d072300000,0x000000d072400000)]
  0x0000021cce680000 JavaThread "C1 CompilerThread0" daemon [_thread_blocked, id=12164, stack(0x000000d072400000,0x000000d072500000)]
  0x0000021cceee8000 JavaThread "Sweeper thread" daemon [_thread_blocked, id=8700, stack(0x000000d072500000,0x000000d072600000)]
  0x0000021ccf04c800 JavaThread "Common-Cleaner" daemon [_thread_blocked, id=12560, stack(0x000000d072600000,0x000000d072700000)]
  0x0000021cd10dd800 JavaThread "Daemon health stats" [_thread_blocked, id=15112, stack(0x000000d072c00000,0x000000d072d00000)]
  0x0000021ccf14d800 JavaThread "Incoming local TCP Connector on port 50762" [_thread_in_native, id=11460, stack(0x000000d072800000,0x000000d072900000)]
  0x0000021ccf834000 JavaThread "Daemon periodic checks" [_thread_blocked, id=9436, stack(0x000000d072b00000,0x000000d072c00000)]
  0x0000021cd1120800 JavaThread "Daemon" [_thread_blocked, id=15100, stack(0x000000d072d00000,0x000000d072e00000)]
  0x0000021cd05cf000 JavaThread "Handler for socket connection from /127.0.0.1:50762 to /127.0.0.1:50763" [_thread_in_native, id=14252, stack(0x000000d072e00000,0x000000d072f00000)]
  0x0000021cd2073800 JavaThread "Cancel handler" [_thread_blocked, id=13188, stack(0x000000d072f00000,0x000000d073000000)]
  0x0000021cd16e8000 JavaThread "Daemon worker" [_thread_blocked, id=4984, stack(0x000000d073000000,0x000000d073100000)]
  0x0000021cd080a800 JavaThread "Asynchronous log dispatcher for DefaultDaemonConnection: socket connection from /127.0.0.1:50762 to /127.0.0.1:50763" [_thread_blocked, id=3924, stack(0x000000d073200000,0x000000d073300000)]
  0x0000021cd1ccf800 JavaThread "Stdin handler" [_thread_blocked, id=8756, stack(0x000000d073300000,0x000000d073400000)]
  0x0000021cd0eb9000 JavaThread "Daemon client event forwarder" [_thread_blocked, id=15616, stack(0x000000d073400000,0x000000d073500000)]
  0x0000021cd1c36000 JavaThread "Cache worker for journal cache (C:\Users\Huawei\.gradle\caches\journal-1)" [_thread_blocked, id=16228, stack(0x000000d073a00000,0x000000d073b00000)]
  0x0000021cd1c35000 JavaThread "File lock request listener" [_thread_in_native, id=3708, stack(0x000000d073b00000,0x000000d073c00000)]
  0x0000021cd1c32000 JavaThread "Cache worker for file hash cache (C:\Users\Huawei\.gradle\caches\7.5\fileHashes)" [_thread_blocked, id=8760, stack(0x000000d073c00000,0x000000d073d00000)]
  0x0000021cd1c32800 JavaThread "File watcher server" daemon [_thread_in_native, id=1660, stack(0x000000d073e00000,0x000000d073f00000)]
  0x0000021cd1c33800 JavaThread "File watcher consumer" daemon [_thread_blocked, id=15968, stack(0x000000d073f00000,0x000000d074000000)]
  0x0000021cd1c37000 JavaThread "Cache worker for checksums cache (D:\TaskApp\.gradle\7.5\checksums)" [_thread_blocked, id=14448, stack(0x000000d074000000,0x000000d074100000)]
  0x0000021cd1c34800 JavaThread "Cache worker for cache directory md-rule (C:\Users\Huawei\.gradle\caches\7.5\md-rule)" [_thread_blocked, id=9748, stack(0x000000d074100000,0x000000d074200000)]
  0x0000021cd1c31000 JavaThread "Cache worker for file content cache (C:\Users\Huawei\.gradle\caches\7.5\fileContent)" [_thread_blocked, id=14044, stack(0x000000d074200000,0x000000d074300000)]
  0x0000021cd1c37800 JavaThread "Cache worker for file hash cache (D:\TaskApp\.gradle\7.5\fileHashes)" [_thread_blocked, id=5744, stack(0x000000d074300000,0x000000d074400000)]
  0x0000021cd146f800 JavaThread "Cache worker for cache directory md-supplier (C:\Users\Huawei\.gradle\caches\7.5\md-supplier)" [_thread_blocked, id=10104, stack(0x000000d074400000,0x000000d074500000)]
  0x0000021cd1471800 JavaThread "Cache worker for execution history cache (C:\Users\Huawei\.gradle\caches\7.5\executionHistory)" [_thread_blocked, id=9156, stack(0x000000d074500000,0x000000d074600000)]
  0x0000021cd1470800 JavaThread "jar transforms" [_thread_blocked, id=4580, stack(0x000000d073100000,0x000000d073200000)]
  0x0000021cd146d000 JavaThread "jar transforms Thread 2" [_thread_blocked, id=11272, stack(0x000000d074700000,0x000000d074800000)]
  0x0000021cd146f000 JavaThread "jar transforms Thread 3" [_thread_blocked, id=6112, stack(0x000000d074900000,0x000000d074a00000)]
  0x0000021cd147a800 JavaThread "jar transforms Thread 4" [_thread_blocked, id=12068, stack(0x000000d074a00000,0x000000d074b00000)]
  0x0000021cd1475800 JavaThread "Cache worker for dependencies-accessors (D:\TaskApp\.gradle\7.5\dependencies-accessors)" [_thread_blocked, id=14260, stack(0x000000d074b00000,0x000000d074c00000)]
  0x0000021cd1479800 JavaThread "jar transforms Thread 5" [_thread_blocked, id=12420, stack(0x000000d074c00000,0x000000d074d00000)]
  0x0000021cd1478000 JavaThread "Cache worker for Build Output Cleanup Cache (D:\TaskApp\.gradle\buildOutputCleanup)" [_thread_blocked, id=5512, stack(0x000000d074d00000,0x000000d074e00000)]
  0x0000021cd1476000 JavaThread "Unconstrained build operations" [_thread_blocked, id=11828, stack(0x000000d074f00000,0x000000d075000000)]
  0x0000021cd1477000 JavaThread "Unconstrained build operations Thread 2" [_thread_blocked, id=13704, stack(0x000000d075000000,0x000000d075100000)]
  0x0000021cd485b000 JavaThread "Unconstrained build operations Thread 3" [_thread_blocked, id=1128, stack(0x000000d075100000,0x000000d075200000)]
  0x0000021cd4857000 JavaThread "Unconstrained build operations Thread 4" [_thread_blocked, id=15664, stack(0x000000d075200000,0x000000d075300000)]
  0x0000021cd485b800 JavaThread "Unconstrained build operations Thread 5" [_thread_blocked, id=12032, stack(0x000000d075300000,0x000000d075400000)]
  0x0000021cd485a000 JavaThread "Unconstrained build operations Thread 6" [_thread_blocked, id=15104, stack(0x000000d075400000,0x000000d075500000)]
  0x0000021cd4858800 JavaThread "Unconstrained build operations Thread 7" [_thread_blocked, id=15344, stack(0x000000d075500000,0x000000d075600000)]
  0x0000021cd4856000 JavaThread "Unconstrained build operations Thread 8" [_thread_blocked, id=8584, stack(0x000000d075600000,0x000000d075700000)]
  0x0000021cd485c800 JavaThread "Unconstrained build operations Thread 9" [_thread_blocked, id=13488, stack(0x000000d075700000,0x000000d075800000)]
  0x0000021cd485d800 JavaThread "Unconstrained build operations Thread 10" [_thread_blocked, id=3144, stack(0x000000d075800000,0x000000d075900000)]
  0x0000021cd4859000 JavaThread "Unconstrained build operations Thread 11" [_thread_blocked, id=15504, stack(0x000000d075900000,0x000000d075a00000)]
  0x0000021cd4857800 JavaThread "Unconstrained build operations Thread 12" [_thread_blocked, id=12004, stack(0x000000d075a00000,0x000000d075b00000)]
  0x0000021cd4862000 JavaThread "Unconstrained build operations Thread 13" [_thread_blocked, id=15832, stack(0x000000d075b00000,0x000000d075c00000)]
  0x0000021cd4860800 JavaThread "Unconstrained build operations Thread 14" [_thread_blocked, id=6040, stack(0x000000d075c00000,0x000000d075d00000)]
  0x0000021cd4864000 JavaThread "Unconstrained build operations Thread 15" [_thread_blocked, id=13068, stack(0x000000d075d00000,0x000000d075e00000)]
  0x0000021cd4861800 JavaThread "Unconstrained build operations Thread 16" [_thread_blocked, id=12212, stack(0x000000d075e00000,0x000000d075f00000)]
  0x0000021cd4860000 JavaThread "Unconstrained build operations Thread 17" [_thread_blocked, id=13468, stack(0x000000d075f00000,0x000000d076000000)]
  0x0000021cd485f000 JavaThread "Unconstrained build operations Thread 18" [_thread_blocked, id=11180, stack(0x000000d076000000,0x000000d076100000)]
  0x0000021cd4863000 JavaThread "Unconstrained build operations Thread 19" [_thread_blocked, id=8364, stack(0x000000d076100000,0x000000d076200000)]
  0x0000021cd485e000 JavaThread "Unconstrained build operations Thread 20" [_thread_blocked, id=10792, stack(0x000000d076200000,0x000000d076300000)]
  0x0000021cd4864800 JavaThread "Unconstrained build operations Thread 21" [_thread_blocked, id=3512, stack(0x000000d076300000,0x000000d076400000)]
  0x0000021cd48e8000 JavaThread "Unconstrained build operations Thread 22" [_thread_blocked, id=1372, stack(0x000000d076400000,0x000000d076500000)]
  0x0000021cd48e7000 JavaThread "Unconstrained build operations Thread 23" [_thread_blocked, id=15644, stack(0x000000d076500000,0x000000d076600000)]
  0x0000021cd48e3800 JavaThread "Unconstrained build operations Thread 24" [_thread_blocked, id=15352, stack(0x000000d076600000,0x000000d076700000)]
  0x0000021cd48e6000 JavaThread "Unconstrained build operations Thread 25" [_thread_blocked, id=12156, stack(0x000000d076700000,0x000000d076800000)]
  0x0000021cd48e2000 JavaThread "Unconstrained build operations Thread 26" [_thread_blocked, id=14768, stack(0x000000d076800000,0x000000d076900000)]
  0x0000021cd48e4800 JavaThread "Unconstrained build operations Thread 27" [_thread_blocked, id=4632, stack(0x000000d076900000,0x000000d076a00000)]
  0x0000021cd48e5800 JavaThread "Unconstrained build operations Thread 28" [_thread_blocked, id=4332, stack(0x000000d076a00000,0x000000d076b00000)]
  0x0000021cd48e8800 JavaThread "Unconstrained build operations Thread 29" [_thread_blocked, id=2552, stack(0x000000d076b00000,0x000000d076c00000)]
  0x0000021cd48e3000 JavaThread "Unconstrained build operations Thread 30" [_thread_blocked, id=15096, stack(0x000000d076c00000,0x000000d076d00000)]
  0x0000021cd48eb000 JavaThread "Unconstrained build operations Thread 31" [_thread_blocked, id=9980, stack(0x000000d076d00000,0x000000d076e00000)]
  0x0000021cd48ec000 JavaThread "Unconstrained build operations Thread 32" [_thread_blocked, id=15700, stack(0x000000d076e00000,0x000000d076f00000)]
  0x0000021cd48ea800 JavaThread "Unconstrained build operations Thread 33" [_thread_blocked, id=3752, stack(0x000000d076f00000,0x000000d077000000)]
  0x0000021cd48ec800 JavaThread "Unconstrained build operations Thread 34" [_thread_blocked, id=3088, stack(0x000000d077000000,0x000000d077100000)]
  0x0000021cd48ed800 JavaThread "Unconstrained build operations Thread 35" [_thread_blocked, id=9908, stack(0x000000d077100000,0x000000d077200000)]
  0x0000021cd48ee800 JavaThread "Unconstrained build operations Thread 36" [_thread_blocked, id=4516, stack(0x000000d077200000,0x000000d077300000)]
  0x0000021cd48ef000 JavaThread "Unconstrained build operations Thread 37" [_thread_blocked, id=10144, stack(0x000000d077300000,0x000000d077400000)]
  0x0000021cd48e9800 JavaThread "Unconstrained build operations Thread 38" [_thread_blocked, id=12524, stack(0x000000d077400000,0x000000d077500000)]
  0x0000021cd48f1000 JavaThread "Unconstrained build operations Thread 39" [_thread_blocked, id=15744, stack(0x000000d077500000,0x000000d077600000)]
  0x0000021cd48f0000 JavaThread "Unconstrained build operations Thread 40" [_thread_blocked, id=1520, stack(0x000000d077600000,0x000000d077700000)]
  0x0000021cd5625800 JavaThread "Unconstrained build operations Thread 41" [_thread_blocked, id=14648, stack(0x000000d077700000,0x000000d077800000)]
  0x0000021cd5624800 JavaThread "Unconstrained build operations Thread 42" [_thread_blocked, id=8976, stack(0x000000d077800000,0x000000d077900000)]
  0x0000021cd5628000 JavaThread "Unconstrained build operations Thread 43" [_thread_blocked, id=4856, stack(0x000000d077900000,0x000000d077a00000)]
  0x0000021cd5627000 JavaThread "Unconstrained build operations Thread 44" [_thread_blocked, id=9424, stack(0x000000d077a00000,0x000000d077b00000)]
  0x0000021cd562c000 JavaThread "Unconstrained build operations Thread 45" [_thread_blocked, id=13696, stack(0x000000d077b00000,0x000000d077c00000)]
  0x0000021cd5629800 JavaThread "Unconstrained build operations Thread 46" [_thread_blocked, id=11196, stack(0x000000d077c00000,0x000000d077d00000)]
  0x0000021cd5628800 JavaThread "Unconstrained build operations Thread 47" [_thread_blocked, id=2324, stack(0x000000d077d00000,0x000000d077e00000)]
  0x0000021cd5626000 JavaThread "Unconstrained build operations Thread 48" [_thread_blocked, id=15880, stack(0x000000d077e00000,0x000000d077f00000)]
  0x0000021cd562c800 JavaThread "Unconstrained build operations Thread 49" [_thread_blocked, id=9812, stack(0x000000d077f00000,0x000000d078000000)]
  0x0000021cd5630000 JavaThread "Unconstrained build operations Thread 50" [_thread_blocked, id=976, stack(0x000000d078000000,0x000000d078100000)]
  0x0000021cd562d800 JavaThread "Unconstrained build operations Thread 51" [_thread_blocked, id=9148, stack(0x000000d078100000,0x000000d078200000)]
  0x0000021cd562e800 JavaThread "Unconstrained build operations Thread 52" [_thread_blocked, id=15724, stack(0x000000d078200000,0x000000d078300000)]
  0x0000021cd562f000 JavaThread "Unconstrained build operations Thread 53" [_thread_blocked, id=2416, stack(0x000000d078300000,0x000000d078400000)]
  0x0000021cd562a000 JavaThread "Unconstrained build operations Thread 54" [_thread_blocked, id=1848, stack(0x000000d078400000,0x000000d078500000)]
  0x0000021cd562b000 JavaThread "Unconstrained build operations Thread 55" [_thread_blocked, id=11024, stack(0x000000d078500000,0x000000d078600000)]
  0x0000021cd5631000 JavaThread "Unconstrained build operations Thread 56" [_thread_blocked, id=6988, stack(0x000000d078600000,0x000000d078700000)]
  0x0000021cd5631800 JavaThread "Unconstrained build operations Thread 57" [_thread_blocked, id=11360, stack(0x000000d078700000,0x000000d078800000)]
  0x0000021cd5633000 JavaThread "Unconstrained build operations Thread 58" [_thread_blocked, id=10152, stack(0x000000d078800000,0x000000d078900000)]
  0x0000021cd5632800 JavaThread "Unconstrained build operations Thread 59" [_thread_blocked, id=16112, stack(0x000000d078900000,0x000000d078a00000)]
  0x0000021cd5da9000 JavaThread "Unconstrained build operations Thread 60" [_thread_blocked, id=15740, stack(0x000000d078a00000,0x000000d078b00000)]
  0x0000021cd5dad000 JavaThread "Unconstrained build operations Thread 61" [_thread_blocked, id=3796, stack(0x000000d078b00000,0x000000d078c00000)]
  0x0000021cd5da9800 JavaThread "Unconstrained build operations Thread 62" [_thread_blocked, id=5596, stack(0x000000d078c00000,0x000000d078d00000)]
  0x0000021cd5daa800 JavaThread "Unconstrained build operations Thread 63" [_thread_blocked, id=4716, stack(0x000000d078d00000,0x000000d078e00000)]
  0x0000021cd5da7000 JavaThread "Unconstrained build operations Thread 64" [_thread_blocked, id=5416, stack(0x000000d078e00000,0x000000d078f00000)]
  0x0000021cd5dab800 JavaThread "Unconstrained build operations Thread 65" [_thread_blocked, id=13336, stack(0x000000d078f00000,0x000000d079000000)]
  0x0000021cd5dac000 JavaThread "Unconstrained build operations Thread 66" [_thread_blocked, id=4080, stack(0x000000d079000000,0x000000d079100000)]
  0x0000021cd5dae000 JavaThread "Unconstrained build operations Thread 67" [_thread_blocked, id=15948, stack(0x000000d079100000,0x000000d079200000)]
  0x0000021cd5da8000 JavaThread "Unconstrained build operations Thread 68" [_thread_blocked, id=9492, stack(0x000000d079200000,0x000000d079300000)]
  0x0000021cd5db0000 JavaThread "Unconstrained build operations Thread 69" [_thread_blocked, id=12224, stack(0x000000d079300000,0x000000d079400000)]
  0x0000021cd5dae800 JavaThread "Unconstrained build operations Thread 70" [_thread_blocked, id=5956, stack(0x000000d079400000,0x000000d079500000)]
  0x0000021cd5db4800 JavaThread "Unconstrained build operations Thread 71" [_thread_blocked, id=11868, stack(0x000000d079500000,0x000000d079600000)]
  0x0000021cd5daf800 JavaThread "Unconstrained build operations Thread 72" [_thread_blocked, id=15808, stack(0x000000d079600000,0x000000d079700000)]
  0x0000021cd5db5000 JavaThread "Unconstrained build operations Thread 73" [_thread_blocked, id=3268, stack(0x000000d079700000,0x000000d079800000)]
  0x0000021cd5db2000 JavaThread "Unconstrained build operations Thread 74" [_thread_blocked, id=14316, stack(0x000000d079800000,0x000000d079900000)]
  0x0000021cd5db6000 JavaThread "Unconstrained build operations Thread 75" [_thread_blocked, id=12472, stack(0x000000d079900000,0x000000d079a00000)]
  0x0000021cd5db3800 JavaThread "Unconstrained build operations Thread 76" [_thread_blocked, id=4700, stack(0x000000d079a00000,0x000000d079b00000)]
  0x0000021cd5db1000 JavaThread "Unconstrained build operations Thread 77" [_thread_blocked, id=2072, stack(0x000000d079b00000,0x000000d079c00000)]
  0x0000021cd5db2800 JavaThread "Unconstrained build operations Thread 78" [_thread_blocked, id=15144, stack(0x000000d079c00000,0x000000d079d00000)]
  0x0000021cd5150000 JavaThread "Unconstrained build operations Thread 79" [_thread_blocked, id=10452, stack(0x000000d079d00000,0x000000d079e00000)]
  0x0000021cd5151000 JavaThread "Unconstrained build operations Thread 80" [_thread_blocked, id=1324, stack(0x000000d079e00000,0x000000d079f00000)]
  0x0000021cd514b000 JavaThread "jar transforms Thread 6" [_thread_blocked, id=15900, stack(0x000000d079f00000,0x000000d07a000000)]
  0x0000021cd514d000 JavaThread "jar transforms Thread 7" [_thread_blocked, id=11876, stack(0x000000d07a000000,0x000000d07a100000)]
  0x0000021cd5151800 JavaThread "jar transforms Thread 8" [_thread_blocked, id=15936, stack(0x000000d07a100000,0x000000d07a200000)]
  0x0000021cd514e800 JavaThread "build event listener" [_thread_blocked, id=6404, stack(0x000000d07a200000,0x000000d07a300000)]
  0x0000021cd514d800 JavaThread "Memory manager" [_thread_blocked, id=12200, stack(0x000000d07a300000,0x000000d07a400000)]
  0x0000021cd5156000 JavaThread "included builds" [_thread_blocked, id=10092, stack(0x000000d07a400000,0x000000d07a500000)]
  0x0000021cd5157800 JavaThread "Execution worker" [_thread_blocked, id=14344, stack(0x000000d07a500000,0x000000d07a600000)]
  0x0000021cd5159000 JavaThread "Execution worker Thread 2" [_thread_blocked, id=10880, stack(0x000000d07a600000,0x000000d07a700000)]
  0x0000021cd5153800 JavaThread "Execution worker Thread 3" [_thread_blocked, id=7320, stack(0x000000d07a700000,0x000000d07a800000)]
  0x0000021cd515a000 JavaThread "Execution worker Thread 4" [_thread_blocked, id=15792, stack(0x000000d07a800000,0x000000d07a900000)]
  0x0000021cd5154000 JavaThread "Execution worker Thread 5" [_thread_blocked, id=10080, stack(0x000000d07a900000,0x000000d07aa00000)]
  0x0000021cd5156800 JavaThread "Execution worker Thread 6" [_thread_blocked, id=9384, stack(0x000000d07aa00000,0x000000d07ab00000)]
  0x0000021cd5155000 JavaThread "Execution worker Thread 7" [_thread_blocked, id=4104, stack(0x000000d07ab00000,0x000000d07ac00000)]
  0x0000021cd5158000 JavaThread "Cache worker for execution history cache (D:\TaskApp\.gradle\7.5\executionHistory)" [_thread_blocked, id=13456, stack(0x000000d07ac00000,0x000000d07ad00000)]
=>0x0000021cd8842800 JavaThread "WorkerExecutor Queue" [_thread_in_Java, id=4424, stack(0x000000d07ad00000,0x000000d07ae00000)]
  0x0000021cd8845000 JavaThread "RMI Scheduler(0)" daemon [_thread_blocked, id=2068, stack(0x000000d074600000,0x000000d074700000)]
  0x0000021cd883f000 JavaThread "RMI RenewClean-[127.0.0.1:17568,org.jetbrains.kotlin.daemon.common.LoopbackNetworkInterface$ClientLoopbackSocketFactory@fce2625]" daemon [_thread_blocked, id=13380, stack(0x000000d074800000,0x000000d074900000)]
  0x0000021cd8844000 JavaThread "RMI GC Daemon" daemon [_thread_blocked, id=6496, stack(0x000000d07ae00000,0x000000d07af00000)]
  0x0000021cd8845800 JavaThread "RMI TCP Accept-0" daemon [_thread_in_native, id=9716, stack(0x000000d07af00000,0x000000d07b000000)]
  0x0000021cd8846800 JavaThread "RMI Reaper" [_thread_blocked, id=6284, stack(0x000000d07b000000,0x000000d07b100000)]
  0x0000021cd8841000 JavaThread "RMI TCP Connection(idle)" daemon [_thread_blocked, id=16084, stack(0x000000d07b100000,0x000000d07b200000)]
  0x0000021cd63c2000 JavaThread "C2 CompilerThread1" daemon [_thread_blocked, id=8912, stack(0x000000d07b400000,0x000000d07b500000)]
  0x0000021cd8847800 JavaThread "Thread-121" [_thread_in_native, id=8696, stack(0x000000d07b600000,0x000000d07b700000)]

Other Threads:
  0x0000021cce665800 VMThread "VM Thread" [stack: 0x000000d071d00000,0x000000d071e00000] [id=192]
  0x0000021ccf056000 WatcherThread [stack: 0x000000d072700000,0x000000d072800000] [id=16200]
  0x0000021cb41c9000 GCTaskThread "GC Thread#0" [stack: 0x000000d071800000,0x000000d071900000] [id=2956]
  0x0000021cd000e000 GCTaskThread "GC Thread#1" [stack: 0x000000d072900000,0x000000d072a00000] [id=16312]
  0x0000021ccfcff000 GCTaskThread "GC Thread#2" [stack: 0x000000d072a00000,0x000000d072b00000] [id=13260]
  0x0000021cd1d2e800 GCTaskThread "GC Thread#3" [stack: 0x000000d073500000,0x000000d073600000] [id=7360]
  0x0000021cd182e000 GCTaskThread "GC Thread#4" [stack: 0x000000d073600000,0x000000d073700000] [id=9340]
  0x0000021cd07ff800 GCTaskThread "GC Thread#5" [stack: 0x000000d073700000,0x000000d073800000] [id=15452]
  0x0000021cd1818000 GCTaskThread "GC Thread#6" [stack: 0x000000d073800000,0x000000d073900000] [id=11976]
  0x0000021cd161e800 GCTaskThread "GC Thread#7" [stack: 0x000000d073900000,0x000000d073a00000] [id=14000]
  0x0000021cb41fa000 ConcurrentGCThread "G1 Main Marker" [stack: 0x000000d071900000,0x000000d071a00000] [id=9248]
  0x0000021cb41fc000 ConcurrentGCThread "G1 Conc#0" [stack: 0x000000d071a00000,0x000000d071b00000] [id=2628]
  0x0000021cd13d1000 ConcurrentGCThread "G1 Conc#1" [stack: 0x000000d073d00000,0x000000d073e00000] [id=8024]
  0x0000021cb427e800 ConcurrentGCThread "G1 Refine#0" [stack: 0x000000d071b00000,0x000000d071c00000] [id=15812]
  0x0000021cce4b5800 ConcurrentGCThread "G1 Young RemSet Sampling" [stack: 0x000000d071c00000,0x000000d071d00000] [id=2088]

Threads with active compile tasks:

VM state:not at safepoint (normal execution)

VM Mutex/Monitor currently owned by a thread: None

Heap address: 0x0000000080000000, size: 2048 MB, Compressed Oops mode: 32-bit
Narrow klass base: 0x0000000000000000, Narrow klass shift: 3
Compressed class space size: 1073741824 Address: 0x0000000100000000

Heap:
 garbage-first heap   total 155648K, used 123350K [0x0000000080000000, 0x0000000100000000)
  region size 1024K, 22 young (22528K), 3 survivors (3072K)
 Metaspace       used 102632K, capacity 105266K, committed 105500K, reserved 1140736K
  class space    used 13374K, capacity 14369K, committed 14464K, reserved 1048576K
Heap Regions: E=young(eden), S=young(survivor), O=old, HS=humongous(starts), HC=humongous(continues), CS=collection set, F=free, A=archive, TAMS=top-at-mark-start (previous, next)
|   0|0x0000000080000000, 0x0000000080100000, 0x0000000080100000|100%| O|  |TAMS 0x0000000080100000, 0x0000000080000000| Untracked 
|   1|0x0000000080100000, 0x0000000080200000, 0x0000000080200000|100%| O|  |TAMS 0x0000000080200000, 0x0000000080100000| Untracked 
|   2|0x0000000080200000, 0x0000000080300000, 0x0000000080300000|100%| O|  |TAMS 0x0000000080300000, 0x0000000080200000| Untracked 
|   3|0x0000000080300000, 0x0000000080400000, 0x0000000080400000|100%|HS|  |TAMS 0x0000000080400000, 0x0000000080300000| Complete 
|   4|0x0000000080400000, 0x0000000080500000, 0x0000000080500000|100%|HC|  |TAMS 0x0000000080500000, 0x0000000080400000| Complete 
|   5|0x0000000080500000, 0x0000000080600000, 0x0000000080600000|100%|HC|  |TAMS 0x0000000080600000, 0x0000000080500000| Complete 
|   6|0x0000000080600000, 0x0000000080700000, 0x0000000080700000|100%| O|  |TAMS 0x0000000080700000, 0x0000000080600000| Untracked 
|   7|0x0000000080700000, 0x0000000080800000, 0x0000000080800000|100%| O|  |TAMS 0x0000000080800000, 0x0000000080700000| Untracked 
|   8|0x0000000080800000, 0x0000000080900000, 0x0000000080900000|100%| O|  |TAMS 0x0000000080900000, 0x0000000080800000| Untracked 
|   9|0x0000000080900000, 0x0000000080a00000, 0x0000000080a00000|100%| O|  |TAMS 0x0000000080a00000, 0x0000000080900000| Untracked 
|  10|0x0000000080a00000, 0x0000000080b00000, 0x0000000080b00000|100%| O|  |TAMS 0x0000000080b00000, 0x0000000080a00000| Untracked 
|  11|0x0000000080b00000, 0x0000000080c00000, 0x0000000080c00000|100%| O|  |TAMS 0x0000000080c00000, 0x0000000080b00000| Untracked 
|  12|0x0000000080c00000, 0x0000000080d00000, 0x0000000080d00000|100%| O|  |TAMS 0x0000000080d00000, 0x0000000080c00000| Untracked 
|  13|0x0000000080d00000, 0x0000000080e00000, 0x0000000080e00000|100%| O|  |TAMS 0x0000000080e00000, 0x0000000080d00000| Untracked 
|  14|0x0000000080e00000, 0x0000000080f00000, 0x0000000080f00000|100%| O|  |TAMS 0x0000000080f00000, 0x0000000080e00000| Untracked 
|  15|0x0000000080f00000, 0x0000000081000000, 0x0000000081000000|100%| O|  |TAMS 0x0000000081000000, 0x0000000080f00000| Untracked 
|  16|0x0000000081000000, 0x0000000081100000, 0x0000000081100000|100%|HS|  |TAMS 0x0000000081100000, 0x0000000081000000| Complete 
|  17|0x0000000081100000, 0x0000000081200000, 0x0000000081200000|100%| O|  |TAMS 0x0000000081200000, 0x0000000081100000| Untracked 
|  18|0x0000000081200000, 0x0000000081300000, 0x0000000081300000|100%| O|  |TAMS 0x0000000081300000, 0x0000000081200000| Untracked 
|  19|0x0000000081300000, 0x0000000081400000, 0x0000000081400000|100%| O|  |TAMS 0x0000000081400000, 0x0000000081300000| Untracked 
|  20|0x0000000081400000, 0x0000000081500000, 0x0000000081500000|100%| O|  |TAMS 0x0000000081500000, 0x0000000081400000| Untracked 
|  21|0x0000000081500000, 0x0000000081600000, 0x0000000081600000|100%| O|  |TAMS 0x0000000081600000, 0x0000000081500000| Untracked 
|  22|0x0000000081600000, 0x0000000081700000, 0x0000000081700000|100%| O|  |TAMS 0x0000000081700000, 0x0000000081600000| Untracked 
|  23|0x0000000081700000, 0x0000000081800000, 0x0000000081800000|100%| O|  |TAMS 0x0000000081800000, 0x0000000081700000| Untracked 
|  24|0x0000000081800000, 0x0000000081900000, 0x0000000081900000|100%| O|  |TAMS 0x0000000081900000, 0x0000000081800000| Untracked 
|  25|0x0000000081900000, 0x0000000081a00000, 0x0000000081a00000|100%| O|  |TAMS 0x0000000081a00000, 0x0000000081900000| Untracked 
|  26|0x0000000081a00000, 0x0000000081b00000, 0x0000000081b00000|100%| O|  |TAMS 0x0000000081b00000, 0x0000000081a00000| Untracked 
|  27|0x0000000081b00000, 0x0000000081c00000, 0x0000000081c00000|100%| O|  |TAMS 0x0000000081c00000, 0x0000000081b00000| Untracked 
|  28|0x0000000081c00000, 0x0000000081d00000, 0x0000000081d00000|100%|HS|  |TAMS 0x0000000081d00000, 0x0000000081c00000| Complete 
|  29|0x0000000081d00000, 0x0000000081e00000, 0x0000000081e00000|100%|HC|  |TAMS 0x0000000081e00000, 0x0000000081d00000| Complete 
|  30|0x0000000081e00000, 0x0000000081f00000, 0x0000000081f00000|100%|HS|  |TAMS 0x0000000081f00000, 0x0000000081e00000| Complete 
|  31|0x0000000081f00000, 0x0000000082000000, 0x0000000082000000|100%|HS|  |TAMS 0x0000000082000000, 0x0000000081f00000| Complete 
|  32|0x0000000082000000, 0x0000000082100000, 0x0000000082100000|100%|HC|  |TAMS 0x0000000082100000, 0x0000000082000000| Complete 
|  33|0x0000000082100000, 0x0000000082200000, 0x0000000082200000|100%|HC|  |TAMS 0x0000000082200000, 0x0000000082100000| Complete 
|  34|0x0000000082200000, 0x0000000082300000, 0x0000000082300000|100%|HC|  |TAMS 0x0000000082300000, 0x0000000082200000| Complete 
|  35|0x0000000082300000, 0x0000000082400000, 0x0000000082400000|100%| O|  |TAMS 0x0000000082400000, 0x0000000082300000| Untracked 
|  36|0x0000000082400000, 0x0000000082500000, 0x0000000082500000|100%| O|  |TAMS 0x0000000082500000, 0x0000000082400000| Untracked 
|  37|0x0000000082500000, 0x0000000082600000, 0x0000000082600000|100%| O|  |TAMS 0x0000000082600000, 0x0000000082500000| Untracked 
|  38|0x0000000082600000, 0x0000000082700000, 0x0000000082700000|100%| O|  |TAMS 0x0000000082700000, 0x0000000082600000| Untracked 
|  39|0x0000000082700000, 0x0000000082800000, 0x0000000082800000|100%| O|  |TAMS 0x0000000082800000, 0x0000000082700000| Untracked 
|  40|0x0000000082800000, 0x0000000082900000, 0x0000000082900000|100%| O|  |TAMS 0x0000000082900000, 0x0000000082800000| Untracked 
|  41|0x0000000082900000, 0x0000000082a00000, 0x0000000082a00000|100%| O|  |TAMS 0x0000000082a00000, 0x0000000082900000| Untracked 
|  42|0x0000000082a00000, 0x0000000082b00000, 0x0000000082b00000|100%| O|  |TAMS 0x0000000082b00000, 0x0000000082a00000| Untracked 
|  43|0x0000000082b00000, 0x0000000082c00000, 0x0000000082c00000|100%| O|  |TAMS 0x0000000082c00000, 0x0000000082b00000| Untracked 
|  44|0x0000000082c00000, 0x0000000082d00000, 0x0000000082d00000|100%| O|  |TAMS 0x0000000082d00000, 0x0000000082c00000| Untracked 
|  45|0x0000000082d00000, 0x0000000082e00000, 0x0000000082e00000|100%| O|  |TAMS 0x0000000082e00000, 0x0000000082d00000| Untracked 
|  46|0x0000000082e00000, 0x0000000082f00000, 0x0000000082f00000|100%| O|  |TAMS 0x0000000082f00000, 0x0000000082e00000| Untracked 
|  47|0x0000000082f00000, 0x0000000083000000, 0x0000000083000000|100%| O|  |TAMS 0x0000000083000000, 0x0000000082f00000| Untracked 
|  48|0x0000000083000000, 0x0000000083100000, 0x0000000083100000|100%| O|  |TAMS 0x0000000083100000, 0x0000000083000000| Untracked 
|  49|0x0000000083100000, 0x0000000083200000, 0x0000000083200000|100%| O|  |TAMS 0x0000000083200000, 0x0000000083100000| Untracked 
|  50|0x0000000083200000, 0x0000000083300000, 0x0000000083300000|100%| O|  |TAMS 0x0000000083300000, 0x0000000083200000| Untracked 
|  51|0x0000000083300000, 0x0000000083400000, 0x0000000083400000|100%| O|  |TAMS 0x0000000083400000, 0x0000000083300000| Untracked 
|  52|0x0000000083400000, 0x0000000083500000, 0x0000000083500000|100%| O|  |TAMS 0x0000000083500000, 0x0000000083400000| Untracked 
|  53|0x0000000083500000, 0x0000000083600000, 0x0000000083600000|100%| O|  |TAMS 0x0000000083600000, 0x0000000083500000| Untracked 
|  54|0x0000000083600000, 0x0000000083700000, 0x0000000083700000|100%| O|  |TAMS 0x0000000083700000, 0x0000000083600000| Untracked 
|  55|0x0000000083700000, 0x0000000083800000, 0x0000000083800000|100%| O|  |TAMS 0x0000000083800000, 0x0000000083700000| Untracked 
|  56|0x0000000083800000, 0x0000000083900000, 0x0000000083900000|100%| O|  |TAMS 0x0000000083900000, 0x0000000083800000| Untracked 
|  57|0x0000000083900000, 0x0000000083a00000, 0x0000000083a00000|100%| O|  |TAMS 0x0000000083a00000, 0x0000000083900000| Untracked 
|  58|0x0000000083a00000, 0x0000000083b00000, 0x0000000083b00000|100%| O|  |TAMS 0x0000000083b00000, 0x0000000083a00000| Untracked 
|  59|0x0000000083b00000, 0x0000000083c00000, 0x0000000083c00000|100%| O|  |TAMS 0x0000000083c00000, 0x0000000083b00000| Untracked 
|  60|0x0000000083c00000, 0x0000000083d00000, 0x0000000083d00000|100%| O|  |TAMS 0x0000000083d00000, 0x0000000083c00000| Untracked 
|  61|0x0000000083d00000, 0x0000000083e00000, 0x0000000083e00000|100%| O|  |TAMS 0x0000000083e00000, 0x0000000083d00000| Untracked 
|  62|0x0000000083e00000, 0x0000000083f00000, 0x0000000083f00000|100%| O|  |TAMS 0x0000000083f00000, 0x0000000083e00000| Untracked 
|  63|0x0000000083f00000, 0x0000000084000000, 0x0000000084000000|100%| O|  |TAMS 0x0000000084000000, 0x0000000083f00000| Untracked 
|  64|0x0000000084000000, 0x0000000084100000, 0x0000000084100000|100%| O|  |TAMS 0x0000000084100000, 0x0000000084000000| Untracked 
|  65|0x0000000084100000, 0x0000000084200000, 0x0000000084200000|100%| O|  |TAMS 0x0000000084200000, 0x0000000084100000| Untracked 
|  66|0x0000000084200000, 0x0000000084300000, 0x0000000084300000|100%| O|  |TAMS 0x0000000084300000, 0x0000000084200000| Untracked 
|  67|0x0000000084300000, 0x0000000084400000, 0x0000000084400000|100%| O|  |TAMS 0x0000000084400000, 0x0000000084300000| Untracked 
|  68|0x0000000084400000, 0x0000000084500000, 0x0000000084500000|100%| O|  |TAMS 0x0000000084500000, 0x0000000084400000| Untracked 
|  69|0x0000000084500000, 0x0000000084600000, 0x0000000084600000|100%| O|  |TAMS 0x0000000084600000, 0x0000000084500000| Untracked 
|  70|0x0000000084600000, 0x0000000084700000, 0x0000000084700000|100%| O|  |TAMS 0x0000000084700000, 0x0000000084600000| Untracked 
|  71|0x0000000084700000, 0x0000000084800000, 0x0000000084800000|100%| O|  |TAMS 0x0000000084800000, 0x0000000084700000| Untracked 
|  72|0x0000000084800000, 0x0000000084900000, 0x0000000084900000|100%| O|  |TAMS 0x0000000084900000, 0x0000000084800000| Untracked 
|  73|0x0000000084900000, 0x0000000084a00000, 0x0000000084a00000|100%| O|  |TAMS 0x0000000084a00000, 0x0000000084900000| Untracked 
|  74|0x0000000084a00000, 0x0000000084b00000, 0x0000000084b00000|100%| O|  |TAMS 0x0000000084b00000, 0x0000000084a00000| Untracked 
|  75|0x0000000084b00000, 0x0000000084c00000, 0x0000000084c00000|100%| O|  |TAMS 0x0000000084c00000, 0x0000000084b00000| Untracked 
|  76|0x0000000084c00000, 0x0000000084d00000, 0x0000000084d00000|100%| O|  |TAMS 0x0000000084d00000, 0x0000000084c00000| Untracked 
|  77|0x0000000084d00000, 0x0000000084e00000, 0x0000000084e00000|100%| O|  |TAMS 0x0000000084e00000, 0x0000000084d00000| Untracked 
|  78|0x0000000084e00000, 0x0000000084f00000, 0x0000000084f00000|100%| O|  |TAMS 0x0000000084f00000, 0x0000000084e00000| Untracked 
|  79|0x0000000084f00000, 0x0000000085000000, 0x0000000085000000|100%| O|  |TAMS 0x0000000085000000, 0x0000000084f00000| Untracked 
|  80|0x0000000085000000, 0x0000000085100000, 0x0000000085100000|100%| O|  |TAMS 0x0000000085100000, 0x0000000085000000| Untracked 
|  81|0x0000000085100000, 0x0000000085200000, 0x0000000085200000|100%| O|  |TAMS 0x0000000085200000, 0x0000000085100000| Untracked 
|  82|0x0000000085200000, 0x0000000085300000, 0x0000000085300000|100%| O|  |TAMS 0x0000000085300000, 0x0000000085200000| Untracked 
|  83|0x0000000085300000, 0x0000000085400000, 0x0000000085400000|100%| O|  |TAMS 0x0000000085400000, 0x0000000085300000| Untracked 
|  84|0x0000000085400000, 0x0000000085500000, 0x0000000085500000|100%| O|  |TAMS 0x0000000085500000, 0x0000000085400000| Untracked 
|  85|0x0000000085500000, 0x0000000085600000, 0x0000000085600000|100%| O|  |TAMS 0x0000000085600000, 0x0000000085500000| Untracked 
|  86|0x0000000085600000, 0x0000000085700000, 0x0000000085700000|100%| O|  |TAMS 0x0000000085700000, 0x0000000085600000| Untracked 
|  87|0x0000000085700000, 0x0000000085800000, 0x0000000085800000|100%| O|  |TAMS 0x0000000085800000, 0x0000000085700000| Untracked 
|  88|0x0000000085800000, 0x0000000085900000, 0x0000000085900000|100%| O|  |TAMS 0x0000000085900000, 0x0000000085800000| Untracked 
|  89|0x0000000085900000, 0x0000000085a00000, 0x0000000085a00000|100%| O|  |TAMS 0x0000000085a00000, 0x0000000085900000| Untracked 
|  90|0x0000000085a00000, 0x0000000085b00000, 0x0000000085b00000|100%| O|  |TAMS 0x0000000085b00000, 0x0000000085a00000| Untracked 
|  91|0x0000000085b00000, 0x0000000085c00000, 0x0000000085c00000|100%| O|  |TAMS 0x0000000085c00000, 0x0000000085b00000| Untracked 
|  92|0x0000000085c00000, 0x0000000085d00000, 0x0000000085d00000|100%| O|  |TAMS 0x0000000085d00000, 0x0000000085c00000| Untracked 
|  93|0x0000000085d00000, 0x0000000085e00000, 0x0000000085e00000|100%| O|  |TAMS 0x0000000085e00000, 0x0000000085d00000| Untracked 
|  94|0x0000000085e00000, 0x0000000085f00000, 0x0000000085f00000|100%| O|  |TAMS 0x0000000085f00000, 0x0000000085e00000| Untracked 
|  95|0x0000000085f00000, 0x0000000086000000, 0x0000000086000000|100%| O|  |TAMS 0x0000000086000000, 0x0000000085f00000| Untracked 
|  96|0x0000000086000000, 0x0000000086100000, 0x0000000086100000|100%| O|  |TAMS 0x0000000086100000, 0x0000000086000000| Untracked 
|  97|0x0000000086100000, 0x0000000086200000, 0x0000000086200000|100%| O|  |TAMS 0x0000000086200000, 0x0000000086100000| Untracked 
|  98|0x0000000086200000, 0x0000000086300000, 0x0000000086300000|100%| O|  |TAMS 0x0000000086300000, 0x0000000086200000| Untracked 
|  99|0x0000000086300000, 0x0000000086400000, 0x0000000086400000|100%| O|  |TAMS 0x0000000086400000, 0x0000000086300000| Untracked 
| 100|0x0000000086400000, 0x0000000086475a00, 0x0000000086500000| 45%| O|  |TAMS 0x0000000086475a00, 0x0000000086400000| Untracked 
| 101|0x0000000086500000, 0x0000000086500000, 0x0000000086600000|  0%| F|  |TAMS 0x0000000086500000, 0x0000000086500000| Untracked 
| 102|0x0000000086600000, 0x0000000086600000, 0x0000000086700000|  0%| F|  |TAMS 0x0000000086600000, 0x0000000086600000| Untracked 
| 103|0x0000000086700000, 0x0000000086700000, 0x0000000086800000|  0%| F|  |TAMS 0x0000000086700000, 0x0000000086700000| Untracked 
| 104|0x0000000086800000, 0x0000000086800000, 0x0000000086900000|  0%| F|  |TAMS 0x0000000086800000, 0x0000000086800000| Untracked 
| 105|0x0000000086900000, 0x0000000086900000, 0x0000000086a00000|  0%| F|  |TAMS 0x0000000086900000, 0x0000000086900000| Untracked 
| 106|0x0000000086a00000, 0x0000000086a00000, 0x0000000086b00000|  0%| F|  |TAMS 0x0000000086a00000, 0x0000000086a00000| Untracked 
| 107|0x0000000086b00000, 0x0000000086b00000, 0x0000000086c00000|  0%| F|  |TAMS 0x0000000086b00000, 0x0000000086b00000| Untracked 
| 108|0x0000000086c00000, 0x0000000086c00000, 0x0000000086d00000|  0%| F|  |TAMS 0x0000000086c00000, 0x0000000086c00000| Untracked 
| 109|0x0000000086d00000, 0x0000000086d00000, 0x0000000086e00000|  0%| F|  |TAMS 0x0000000086d00000, 0x0000000086d00000| Untracked 
| 110|0x0000000086e00000, 0x0000000086e00000, 0x0000000086f00000|  0%| F|  |TAMS 0x0000000086e00000, 0x0000000086e00000| Untracked 
| 111|0x0000000086f00000, 0x0000000086f00000, 0x0000000087000000|  0%| F|  |TAMS 0x0000000086f00000, 0x0000000086f00000| Untracked 
| 112|0x0000000087000000, 0x0000000087000000, 0x0000000087100000|  0%| F|  |TAMS 0x0000000087000000, 0x0000000087000000| Untracked 
| 113|0x0000000087100000, 0x0000000087100000, 0x0000000087200000|  0%| F|  |TAMS 0x0000000087100000, 0x0000000087100000| Untracked 
| 114|0x0000000087200000, 0x0000000087200000, 0x0000000087300000|  0%| F|  |TAMS 0x0000000087200000, 0x0000000087200000| Untracked 
| 115|0x0000000087300000, 0x0000000087300000, 0x0000000087400000|  0%| F|  |TAMS 0x0000000087300000, 0x0000000087300000| Untracked 
| 116|0x0000000087400000, 0x0000000087400000, 0x0000000087500000|  0%| F|  |TAMS 0x0000000087400000, 0x0000000087400000| Untracked 
| 117|0x0000000087500000, 0x0000000087500000, 0x0000000087600000|  0%| F|  |TAMS 0x0000000087500000, 0x0000000087500000| Untracked 
| 118|0x0000000087600000, 0x0000000087600000, 0x0000000087700000|  0%| F|  |TAMS 0x0000000087600000, 0x0000000087600000| Untracked 
| 119|0x0000000087700000, 0x0000000087800000, 0x0000000087800000|100%| S|CS|TAMS 0x0000000087700000, 0x0000000087700000| Complete 
| 120|0x0000000087800000, 0x0000000087900000, 0x0000000087900000|100%| S|CS|TAMS 0x0000000087800000, 0x0000000087800000| Complete 
| 121|0x0000000087900000, 0x0000000087900000, 0x0000000087a00000|  0%| F|  |TAMS 0x0000000087900000, 0x0000000087900000| Untracked 
| 122|0x0000000087a00000, 0x0000000087a00000, 0x0000000087b00000|  0%| F|  |TAMS 0x0000000087a00000, 0x0000000087a00000| Untracked 
| 123|0x0000000087b00000, 0x0000000087c00000, 0x0000000087c00000|100%| S|CS|TAMS 0x0000000087b00000, 0x0000000087b00000| Complete 
| 124|0x0000000087c00000, 0x0000000087c00000, 0x0000000087d00000|  0%| F|  |TAMS 0x0000000087c00000, 0x0000000087c00000| Untracked 
| 125|0x0000000087d00000, 0x0000000087d00000, 0x0000000087e00000|  0%| F|  |TAMS 0x0000000087d00000, 0x0000000087d00000| Untracked 
| 126|0x0000000087e00000, 0x0000000087e00000, 0x0000000087f00000|  0%| F|  |TAMS 0x0000000087e00000, 0x0000000087e00000| Untracked 
| 127|0x0000000087f00000, 0x0000000087f00000, 0x0000000088000000|  0%| F|  |TAMS 0x0000000087f00000, 0x0000000087f00000| Untracked 
| 128|0x0000000088000000, 0x0000000088000000, 0x0000000088100000|  0%| F|  |TAMS 0x0000000088000000, 0x0000000088000000| Untracked 
| 129|0x0000000088100000, 0x0000000088100000, 0x0000000088200000|  0%| F|  |TAMS 0x0000000088100000, 0x0000000088100000| Untracked 
| 130|0x0000000088200000, 0x0000000088200000, 0x0000000088300000|  0%| F|  |TAMS 0x0000000088200000, 0x0000000088200000| Untracked 
| 131|0x0000000088300000, 0x0000000088300000, 0x0000000088400000|  0%| F|  |TAMS 0x0000000088300000, 0x0000000088300000| Untracked 
| 132|0x0000000088400000, 0x0000000088400000, 0x0000000088500000|  0%| F|  |TAMS 0x0000000088400000, 0x0000000088400000| Untracked 
| 133|0x0000000088500000, 0x00000000885de038, 0x0000000088600000| 86%| E|  |TAMS 0x0000000088500000, 0x0000000088500000| Complete 
| 134|0x0000000088600000, 0x0000000088700000, 0x0000000088700000|100%| E|CS|TAMS 0x0000000088600000, 0x0000000088600000| Complete 
| 135|0x0000000088700000, 0x0000000088800000, 0x0000000088800000|100%| E|CS|TAMS 0x0000000088700000, 0x0000000088700000| Complete 
| 136|0x0000000088800000, 0x0000000088900000, 0x0000000088900000|100%| E|CS|TAMS 0x0000000088800000, 0x0000000088800000| Complete 
| 137|0x0000000088900000, 0x0000000088a00000, 0x0000000088a00000|100%| E|CS|TAMS 0x0000000088900000, 0x0000000088900000| Complete 
| 138|0x0000000088a00000, 0x0000000088b00000, 0x0000000088b00000|100%| E|CS|TAMS 0x0000000088a00000, 0x0000000088a00000| Complete 
| 139|0x0000000088b00000, 0x0000000088c00000, 0x0000000088c00000|100%| E|CS|TAMS 0x0000000088b00000, 0x0000000088b00000| Complete 
| 140|0x0000000088c00000, 0x0000000088d00000, 0x0000000088d00000|100%| E|CS|TAMS 0x0000000088c00000, 0x0000000088c00000| Complete 
| 141|0x0000000088d00000, 0x0000000088e00000, 0x0000000088e00000|100%| E|CS|TAMS 0x0000000088d00000, 0x0000000088d00000| Complete 
| 142|0x0000000088e00000, 0x0000000088f00000, 0x0000000088f00000|100%| E|CS|TAMS 0x0000000088e00000, 0x0000000088e00000| Complete 
| 143|0x0000000088f00000, 0x0000000089000000, 0x0000000089000000|100%| E|CS|TAMS 0x0000000088f00000, 0x0000000088f00000| Complete 
| 144|0x0000000089000000, 0x00000000890fffe8, 0x0000000089100000| 99%| E|  |TAMS 0x0000000089000000, 0x0000000089000000| Complete 
| 145|0x0000000089100000, 0x0000000089200000, 0x0000000089200000|100%| E|CS|TAMS 0x0000000089100000, 0x0000000089100000| Complete 
| 146|0x0000000089200000, 0x0000000089300000, 0x0000000089300000|100%| E|CS|TAMS 0x0000000089200000, 0x0000000089200000| Complete 
| 147|0x0000000089300000, 0x0000000089400000, 0x0000000089400000|100%| E|CS|TAMS 0x0000000089300000, 0x0000000089300000| Complete 
| 148|0x0000000089400000, 0x0000000089500000, 0x0000000089500000|100%| E|CS|TAMS 0x0000000089400000, 0x0000000089400000| Complete 
| 149|0x0000000089500000, 0x0000000089600000, 0x0000000089600000|100%| E|CS|TAMS 0x0000000089500000, 0x0000000089500000| Complete 
| 150|0x0000000089600000, 0x0000000089700000, 0x0000000089700000|100%| E|CS|TAMS 0x0000000089600000, 0x0000000089600000| Complete 
| 151|0x0000000089700000, 0x00000000897ffff8, 0x0000000089800000| 99%| E|CS|TAMS 0x0000000089700000, 0x0000000089700000| Complete 

Card table byte_map: [0x0000021cc7410000,0x0000021cc7810000] _byte_map_base: 0x0000021cc7010000

Marking Bits (Prev, Next): (CMBitMap*) 0x0000021cb41f0f20, (CMBitMap*) 0x0000021cb41f0ee8
 Prev Bits: [0x0000021cc9c10000, 0x0000021ccbc10000)
 Next Bits: [0x0000021cc7c10000, 0x0000021cc9c10000)

Polling page: 0x0000021cb2190000

Metaspace:

Usage:
  Non-class:     88.77 MB capacity,    87.17 MB ( 98%) used,     1.29 MB (  1%) free+waste,   319.69 KB ( <1%) overhead. 
      Class:     14.03 MB capacity,    13.06 MB ( 93%) used,   850.27 KB (  6%) free+waste,   144.31 KB (  1%) overhead. 
       Both:    102.80 MB capacity,   100.23 MB ( 97%) used,     2.12 MB (  2%) free+waste,   464.00 KB ( <1%) overhead. 

Virtual space:
  Non-class space:       90.00 MB reserved,      88.90 MB ( 99%) committed 
      Class space:        1.00 GB reserved,      14.12 MB (  1%) committed 
             Both:        1.09 GB reserved,     103.03 MB (  9%) committed 

Chunk freelists:
   Non-Class:  11.00 KB
       Class:  0 bytes
        Both:  11.00 KB

MaxMetaspaceSize: 17179869184.00 GB
CompressedClassSpaceSize: 1.00 GB
Initial GC threshold: 20.80 MB
Current GC threshold: 169.63 MB
CDS: off

CodeHeap 'non-profiled nmethods': size=120000Kb used=8609Kb max_used=8609Kb free=111390Kb
 bounds [0x0000021cbf7a0000, 0x0000021cc0010000, 0x0000021cc6cd0000]
CodeHeap 'profiled nmethods': size=120000Kb used=26493Kb max_used=26493Kb free=93506Kb
 bounds [0x0000021cb8270000, 0x0000021cb9c50000, 0x0000021cbf7a0000]
CodeHeap 'non-nmethods': size=5760Kb used=2445Kb max_used=2489Kb free=3314Kb
 bounds [0x0000021cb7cd0000, 0x0000021cb7f50000, 0x0000021cb8270000]
 total_blobs=13522 nmethods=12532 adapters=902
 compilation: enabled
              stopped_count=0, restarted_count=0
 full_count=0

Compilation events (20 events):
Event: 34.571 Thread 0x0000021cd63c2000 12560       4       org.gradle.internal.logging.text.AbstractLineChoppingStyledTextOutput$StateContext::hasChar (25 bytes)
Event: 34.574 Thread 0x0000021cd63c2000 nmethod 12560 0x0000021cc0001890 code [0x0000021cc0001a20, 0x0000021cc0001ab8]
Event: 34.574 Thread 0x0000021cd63c2000 12566       4       org.gradle.internal.logging.text.AbstractLineChoppingStyledTextOutput::access$800 (4 bytes)
Event: 34.575 Thread 0x0000021cd63c2000 nmethod 12566 0x0000021cc0001b90 code [0x0000021cc0001d20, 0x0000021cc0001d78]
Event: 34.575 Thread 0x0000021cd63c2000 12576   !   4       java.io.Writer::write (52 bytes)
Event: 34.579 Thread 0x0000021cce677000 nmethod 12553 0x0000021cc0001e90 code [0x0000021cc0002040, 0x0000021cc0002388]
Event: 34.580 Thread 0x0000021cce677000 12577       4       org.apache.groovy.io.StringBuilderWriter::write (16 bytes)
Event: 34.592 Thread 0x0000021cd63c2000 nmethod 12576 0x0000021cc0002710 code [0x0000021cc00028e0, 0x0000021cc0003398]
Event: 34.592 Thread 0x0000021cd63c2000 12575       4       java.lang.AbstractStringBuilder::append (33 bytes)
Event: 34.599 Thread 0x0000021cce677000 nmethod 12577 0x0000021cc0003910 code [0x0000021cc0003ac0, 0x0000021cc0004358]
Event: 34.599 Thread 0x0000021cce677000 12569       4       org.gradle.internal.logging.text.AbstractLineChoppingStyledTextOutput$SeenFromEol::all (18 bytes)
Event: 34.600 Thread 0x0000021cce677000 nmethod 12569 0x0000021cc0004890 code [0x0000021cc0004a20, 0x0000021cc0004ab8]
Event: 34.600 Thread 0x0000021cce677000 12570       4       org.gradle.internal.logging.text.AbstractLineChoppingStyledTextOutput$SeenFromEol::none (13 bytes)
Event: 34.602 Thread 0x0000021cce677000 nmethod 12570 0x0000021cc0004b90 code [0x0000021cc0004d20, 0x0000021cc0004d98]
Event: 34.602 Thread 0x0000021cce677000 12567       4       org.gradle.internal.logging.text.AbstractLineChoppingStyledTextOutput$StateContext::next (11 bytes)
Event: 34.602 Thread 0x0000021cce677000 nmethod 12567 0x0000021cc0004e90 code [0x0000021cc0005020, 0x0000021cc0005078]
Event: 34.605 Thread 0x0000021cd63c2000 nmethod 12575 0x0000021cc0005190 code [0x0000021cc0005340, 0x0000021cc0005b38]
Event: 34.616 Thread 0x0000021ccf58c000 nmethod 12568 0x0000021cc0005f10 code [0x0000021cc00061c0, 0x0000021cc0007960]
Event: 36.400 Thread 0x0000021cce680000 12578       3       java.util.HashMap$ValueSpliterator::characteristics (28 bytes)
Event: 36.400 Thread 0x0000021cce680000 nmethod 12578 0x0000021cb9c4f190 code [0x0000021cb9c4f340, 0x0000021cb9c4f4f8]

GC Heap History (20 events):
Event: 19.685 GC heap before
{Heap before GC invocations=22 (full 0):
 garbage-first heap   total 155648K, used 126219K [0x0000000080000000, 0x0000000100000000)
  region size 1024K, 46 young (47104K), 7 survivors (7168K)
 Metaspace       used 92838K, capacity 95451K, committed 95644K, reserved 1132544K
  class space    used 12219K, capacity 13212K, committed 13312K, reserved 1048576K
}
Event: 19.693 GC heap after
{Heap after GC invocations=23 (full 0):
 garbage-first heap   total 155648K, used 90112K [0x0000000080000000, 0x0000000100000000)
  region size 1024K, 3 young (3072K), 3 survivors (3072K)
 Metaspace       used 92838K, capacity 95451K, committed 95644K, reserved 1132544K
  class space    used 12219K, capacity 13212K, committed 13312K, reserved 1048576K
}
Event: 20.138 GC heap before
{Heap before GC invocations=23 (full 0):
 garbage-first heap   total 155648K, used 128000K [0x0000000080000000, 0x0000000100000000)
  region size 1024K, 41 young (41984K), 3 survivors (3072K)
 Metaspace       used 93154K, capacity 95742K, committed 95900K, reserved 1132544K
  class space    used 12221K, capacity 13214K, committed 13312K, reserved 1048576K
}
Event: 20.145 GC heap after
{Heap after GC invocations=24 (full 0):
 garbage-first heap   total 155648K, used 92131K [0x0000000080000000, 0x0000000100000000)
  region size 1024K, 5 young (5120K), 5 survivors (5120K)
 Metaspace       used 93154K, capacity 95742K, committed 95900K, reserved 1132544K
  class space    used 12221K, capacity 13214K, committed 13312K, reserved 1048576K
}
Event: 22.683 GC heap before
{Heap before GC invocations=25 (full 0):
 garbage-first heap   total 155648K, used 128995K [0x0000000080000000, 0x0000000100000000)
  region size 1024K, 42 young (43008K), 5 survivors (5120K)
 Metaspace       used 93596K, capacity 96189K, committed 96412K, reserved 1132544K
  class space    used 12256K, capacity 13263K, committed 13312K, reserved 1048576K
}
Event: 22.689 GC heap after
{Heap after GC invocations=26 (full 0):
 garbage-first heap   total 155648K, used 94595K [0x0000000080000000, 0x0000000100000000)
  region size 1024K, 5 young (5120K), 5 survivors (5120K)
 Metaspace       used 93596K, capacity 96189K, committed 96412K, reserved 1132544K
  class space    used 12256K, capacity 13263K, committed 13312K, reserved 1048576K
}
Event: 23.112 GC heap before
{Heap before GC invocations=26 (full 0):
 garbage-first heap   total 155648K, used 129411K [0x0000000080000000, 0x0000000100000000)
  region size 1024K, 40 young (40960K), 5 survivors (5120K)
 Metaspace       used 93976K, capacity 96553K, committed 96668K, reserved 1132544K
  class space    used 12279K, capacity 13292K, committed 13312K, reserved 1048576K
}
Event: 23.119 GC heap after
{Heap after GC invocations=27 (full 0):
 garbage-first heap   total 155648K, used 97163K [0x0000000080000000, 0x0000000100000000)
  region size 1024K, 5 young (5120K), 5 survivors (5120K)
 Metaspace       used 93976K, capacity 96553K, committed 96668K, reserved 1132544K
  class space    used 12279K, capacity 13292K, committed 13312K, reserved 1048576K
}
Event: 24.095 GC heap before
{Heap before GC invocations=28 (full 0):
 garbage-first heap   total 155648K, used 129931K [0x0000000080000000, 0x0000000100000000)
  region size 1024K, 38 young (38912K), 5 survivors (5120K)
 Metaspace       used 93899K, capacity 96316K, committed 96924K, reserved 1132544K
  class space    used 12212K, capacity 13139K, committed 13312K, reserved 1048576K
}
Event: 24.100 GC heap after
{Heap after GC invocations=29 (full 0):
 garbage-first heap   total 155648K, used 99130K [0x0000000080000000, 0x0000000100000000)
  region size 1024K, 2 young (2048K), 2 survivors (2048K)
 Metaspace       used 93899K, capacity 96316K, committed 96924K, reserved 1132544K
  class space    used 12212K, capacity 13139K, committed 13312K, reserved 1048576K
}
Event: 24.433 GC heap before
{Heap before GC invocations=29 (full 0):
 garbage-first heap   total 155648K, used 130874K [0x0000000080000000, 0x0000000100000000)
  region size 1024K, 34 young (34816K), 2 survivors (2048K)
 Metaspace       used 96176K, capacity 98684K, committed 99356K, reserved 1134592K
  class space    used 12535K, capacity 13480K, committed 13696K, reserved 1048576K
}
Event: 24.438 GC heap after
{Heap after GC invocations=30 (full 0):
 garbage-first heap   total 155648K, used 99805K [0x0000000080000000, 0x0000000100000000)
  region size 1024K, 3 young (3072K), 3 survivors (3072K)
 Metaspace       used 96176K, capacity 98684K, committed 99356K, reserved 1134592K
  class space    used 12535K, capacity 13480K, committed 13696K, reserved 1048576K
}
Event: 24.701 GC heap before
{Heap before GC invocations=31 (full 0):
 garbage-first heap   total 155648K, used 132573K [0x0000000080000000, 0x0000000100000000)
  region size 1024K, 35 young (35840K), 3 survivors (3072K)
 Metaspace       used 98496K, capacity 100988K, committed 101660K, reserved 1136640K
  class space    used 12817K, capacity 13736K, committed 13952K, reserved 1048576K
}
Event: 24.705 GC heap after
{Heap after GC invocations=32 (full 0):
 garbage-first heap   total 155648K, used 100693K [0x0000000080000000, 0x0000000100000000)
  region size 1024K, 4 young (4096K), 4 survivors (4096K)
 Metaspace       used 98496K, capacity 100988K, committed 101660K, reserved 1136640K
  class space    used 12817K, capacity 13736K, committed 13952K, reserved 1048576K
}
Event: 25.011 GC heap before
{Heap before GC invocations=32 (full 0):
 garbage-first heap   total 155648K, used 132437K [0x0000000080000000, 0x0000000100000000)
  region size 1024K, 35 young (35840K), 4 survivors (4096K)
 Metaspace       used 100669K, capacity 103195K, committed 103708K, reserved 1138688K
  class space    used 13067K, capacity 13998K, committed 14208K, reserved 1048576K
}
Event: 25.018 GC heap after
{Heap after GC invocations=33 (full 0):
 garbage-first heap   total 155648K, used 102973K [0x0000000080000000, 0x0000000100000000)
  region size 1024K, 5 young (5120K), 5 survivors (5120K)
 Metaspace       used 100669K, capacity 103195K, committed 103708K, reserved 1138688K
  class space    used 13067K, capacity 13998K, committed 14208K, reserved 1048576K
}
Event: 25.429 GC heap before
{Heap before GC invocations=34 (full 0):
 garbage-first heap   total 155648K, used 131645K [0x0000000080000000, 0x0000000100000000)
  region size 1024K, 34 young (34816K), 5 survivors (5120K)
 Metaspace       used 101246K, capacity 103765K, committed 103964K, reserved 1138688K
  class space    used 13164K, capacity 14104K, committed 14208K, reserved 1048576K
}
Event: 25.441 GC heap after
{Heap after GC invocations=35 (full 0):
 garbage-first heap   total 155648K, used 104377K [0x0000000080000000, 0x0000000100000000)
  region size 1024K, 4 young (4096K), 4 survivors (4096K)
 Metaspace       used 101246K, capacity 103765K, committed 103964K, reserved 1138688K
  class space    used 13164K, capacity 14104K, committed 14208K, reserved 1048576K
}
Event: 25.783 GC heap before
{Heap before GC invocations=35 (full 0):
 garbage-first heap   total 155648K, used 132025K [0x0000000080000000, 0x0000000100000000)
  region size 1024K, 32 young (32768K), 4 survivors (4096K)
 Metaspace       used 101298K, capacity 103847K, committed 104220K, reserved 1138688K
  class space    used 13167K, capacity 14107K, committed 14208K, reserved 1048576K
}
Event: 25.789 GC heap after
{Heap after GC invocations=36 (full 0):
 garbage-first heap   total 155648K, used 105942K [0x0000000080000000, 0x0000000100000000)
  region size 1024K, 3 young (3072K), 3 survivors (3072K)
 Metaspace       used 101298K, capacity 103847K, committed 104220K, reserved 1138688K
  class space    used 13167K, capacity 14107K, committed 14208K, reserved 1048576K
}

Deoptimization events (20 events):
Event: 34.531 Thread 0x0000021cd8842800 DEOPT UNPACKING pc=0x0000021cb7d1a1af sp=0x000000d07adfd938 mode 2
Event: 34.532 Thread 0x0000021cd8842800 Uncommon trap: trap_request=0xffffff4d fr.pc=0x0000021cbff95168 relative=0x00000000000000a8
Event: 34.532 Thread 0x0000021cd8842800 Uncommon trap: reason=unstable_if action=reinterpret pc=0x0000021cbff95168 method=org.gradle.internal.operations.logging.LoggingBuildOperationProgressBroadcaster.onOutput(Lorg/gradle/internal/logging/events/OutputEvent;)V @ 4 c2
Event: 34.532 Thread 0x0000021cd8842800 DEOPT PACKING pc=0x0000021cbff95168 sp=0x000000d07adfda40
Event: 34.532 Thread 0x0000021cd8842800 DEOPT UNPACKING pc=0x0000021cb7d1a1af sp=0x000000d07adfd9d0 mode 2
Event: 34.542 Thread 0x0000021cd8842800 Uncommon trap: trap_request=0xffffffc6 fr.pc=0x0000021cbff93aa0 relative=0x0000000000000080
Event: 34.542 Thread 0x0000021cd8842800 Uncommon trap: reason=bimorphic_or_optimized_type_check action=maybe_recompile pc=0x0000021cbff93aa0 method=org.gradle.internal.logging.sink.OutputEventRenderer.onOutput(Lorg/gradle/internal/logging/events/OutputEvent;)V @ 1 c2
Event: 34.542 Thread 0x0000021cd8842800 DEOPT PACKING pc=0x0000021cbff93aa0 sp=0x000000d07adfdb80
Event: 34.542 Thread 0x0000021cd8842800 DEOPT UNPACKING pc=0x0000021cb7d1a1af sp=0x000000d07adfdae8 mode 2
Event: 34.542 Thread 0x0000021cd8842800 Uncommon trap: trap_request=0xffffffde fr.pc=0x0000021cbffec85c relative=0x000000000000369c
Event: 34.542 Thread 0x0000021cd8842800 Uncommon trap: reason=class_check action=maybe_recompile pc=0x0000021cbffec85c method=org.gradle.internal.logging.sink.OutputEventTransformer.onOutput(Lorg/gradle/internal/logging/events/OutputEvent;)V @ 225 c2
Event: 34.542 Thread 0x0000021cd8842800 DEOPT PACKING pc=0x0000021cbffec85c sp=0x000000d07adfda50
Event: 34.542 Thread 0x0000021cd8842800 DEOPT UNPACKING pc=0x0000021cb7d1a1af sp=0x000000d07adfda48 mode 2
Event: 34.559 Thread 0x0000021cd080a800 Uncommon trap: trap_request=0xffffff4d fr.pc=0x0000021cbfab9c14 relative=0x0000000000000234
Event: 34.560 Thread 0x0000021cd080a800 Uncommon trap: reason=unstable_if action=reinterpret pc=0x0000021cbfab9c14 method=com.esotericsoftware.kryo.io.Output.writeString(Ljava/lang/CharSequence;)V @ 50 c2
Event: 34.560 Thread 0x0000021cd080a800 DEOPT PACKING pc=0x0000021cbfab9c14 sp=0x000000d0732fee60
Event: 34.560 Thread 0x0000021cd080a800 DEOPT UNPACKING pc=0x0000021cb7d1a1af sp=0x000000d0732fede0 mode 2
Event: 37.916 Thread 0x0000021cd8842800 Uncommon trap: trap_request=0xffffffc6 fr.pc=0x0000021cbff93aa0 relative=0x0000000000000080
Event: 37.916 Thread 0x0000021cd8842800 Uncommon trap: reason=bimorphic_or_optimized_type_check action=maybe_recompile pc=0x0000021cbff93aa0 method=org.gradle.internal.logging.sink.OutputEventRenderer.onOutput(Lorg/gradle/internal/logging/events/OutputEvent;)V @ 1 c2
Event: 37.916 Thread 0x0000021cd8842800 DEOPT PACKING pc=0x0000021cbff93aa0 sp=0x000000d07adfd7e0

Classes redefined (0 events):
No events

Internal exceptions (20 events):
Event: 26.951 Thread 0x0000021cd8842800 Exception <a 'java/lang/NoSuchMethodError'{0x0000000088b6d7c0}: 'java.lang.Object java.lang.invoke.DelegatingMethodHandle$Holder.reinvoke_L(java.lang.Object, int, int, java.lang.Object, int, java.lang.Object, java.lang.Object)'> (0x0000000088b6d7c0) thrown at [src/hotspot/share/interpreter/linkResolver.cpp, line 773]
Event: 26.953 Thread 0x0000021cd8842800 Exception <a 'java/lang/NoSuchMethodError'{0x0000000088b98358}: 'java.lang.Object java.lang.invoke.DirectMethodHandle$Holder.invokeStatic(java.lang.Object, java.lang.Object, java.lang.Object, java.lang.Object, java.lang.Object, java.lang.Object, java.lang.Object, java.lang.Object, int)'> (0x0000000088b98358) thrown at [src/hotspot/share/interpreter/linkResolver.cpp, line 773]
Event: 26.953 Thread 0x0000021cd8842800 Exception <a 'java/lang/NoSuchMethodError'{0x0000000088bb2fe0}: 'java.lang.Object java.lang.invoke.DirectMethodHandle$Holder.invokeStatic(java.lang.Object, java.lang.Object, java.lang.Object, java.lang.Object, java.lang.Object, java.lang.Object, java.lang.Object, java.lang.Object, int, int)'> (0x0000000088bb2fe0) thrown at [src/hotspot/share/interpreter/linkResolver.cpp, line 773]
Event: 26.954 Thread 0x0000021cd8842800 Exception <a 'java/lang/NoSuchMethodError'{0x0000000088bce438}: 'java.lang.Object java.lang.invoke.DirectMethodHandle$Holder.invokeStatic(java.lang.Object, java.lang.Object, java.lang.Object, java.lang.Object, java.lang.Object, java.lang.Object, java.lang.Object, java.lang.Object, int, int, java.lang.Object)'> (0x0000000088bce438) thrown at [src/hotspot/share/interpreter/linkResolver.cpp, line 773]
Event: 26.955 Thread 0x0000021cd8842800 Exception <a 'java/lang/NoSuchMethodError'{0x0000000088beb650}: 'java.lang.Object java.lang.invoke.DirectMethodHandle$Holder.invokeStatic(java.lang.Object, java.lang.Object, java.lang.Object, java.lang.Object, java.lang.Object, java.lang.Object, java.lang.Object, java.lang.Object, int, int, java.lang.Object, java.lang.Object)'> (0x0000000088beb650) thrown at [src/hotspot/share/interpreter/linkResolver.cpp, line 773]
Event: 26.962 Thread 0x0000021cd8842800 Exception <a 'java/lang/NoSuchMethodError'{0x0000000088a20058}: <clinit>> (0x0000000088a20058) thrown at [src/hotspot/share/prims/jni.cpp, line 1367]
Event: 26.964 Thread 0x0000021cd8842800 Exception <a 'java/lang/NoSuchMethodError'{0x0000000088a42980}: <clinit>> (0x0000000088a42980) thrown at [src/hotspot/share/prims/jni.cpp, line 1367]
Event: 26.974 Thread 0x0000021cd883f000 Exception <a 'java/lang/InterruptedException'{0x0000000088a53700}> (0x0000000088a53700) thrown at [src/hotspot/share/runtime/objectMonitor.cpp, line 1635]
Event: 26.974 Thread 0x0000021cd883f000 Exception <a 'java/lang/NoSuchMethodError'{0x0000000088a5be60}: 'java.lang.Object java.lang.invoke.DirectMethodHandle$Holder.invokeStatic(java.lang.Object, java.lang.Object, int, java.lang.Object, long)'> (0x0000000088a5be60) thrown at [src/hotspot/share/interpreter/linkResolver.cpp, line 773]
Event: 26.989 Thread 0x0000021cd8842800 Exception <a 'java/lang/NoSuchMethodError'{0x0000000088a9aba8}: <clinit>> (0x0000000088a9aba8) thrown at [src/hotspot/share/prims/jni.cpp, line 1367]
Event: 26.989 Thread 0x0000021cd8842800 Exception <a 'java/lang/NoSuchMethodError'{0x0000000088aa6c78}: <clinit>> (0x0000000088aa6c78) thrown at [src/hotspot/share/prims/jni.cpp, line 1367]
Event: 26.990 Thread 0x0000021cd8842800 Exception <a 'java/lang/NoSuchMethodError'{0x0000000088ab3cf8}: <clinit>> (0x0000000088ab3cf8) thrown at [src/hotspot/share/prims/jni.cpp, line 1367]
Event: 26.993 Thread 0x0000021cd8842800 Exception <a 'java/lang/NoSuchMethodError'{0x0000000088ad2018}: <clinit>> (0x0000000088ad2018) thrown at [src/hotspot/share/prims/jni.cpp, line 1367]
Event: 27.029 Thread 0x0000021cd8842800 Exception <a 'java/lang/NoSuchMethodError'{0x000000008886f9a8}: <clinit>> (0x000000008886f9a8) thrown at [src/hotspot/share/prims/jni.cpp, line 1367]
Event: 27.110 Thread 0x0000021cd8841000 Exception <a 'java/lang/NoSuchMethodError'{0x0000000088633330}: 'java.lang.Object java.lang.invoke.DelegatingMethodHandle$Holder.reinvoke_L(java.lang.Object, int, java.lang.Object)'> (0x0000000088633330) thrown at [src/hotspot/share/interpreter/linkResolver.cpp, line 773]
Event: 34.490 Thread 0x0000021cd8841000 Exception <a 'sun/net/ConnectionResetException'{0x0000000088648580}: > (0x0000000088648580) thrown at [src/hotspot/share/prims/jni.cpp, line 638]
Event: 34.490 Thread 0x0000021cd8842800 Exception <a 'sun/net/ConnectionResetException'{0x00000000887d6180}: > (0x00000000887d6180) thrown at [src/hotspot/share/prims/jni.cpp, line 638]
Event: 34.491 Thread 0x0000021cd8842800 Exception <a 'java/net/ConnectException'{0x000000008869fd80}: Connection refused: connect> (0x000000008869fd80) thrown at [src/hotspot/share/prims/jni.cpp, line 638]
Event: 34.513 Thread 0x0000021cd8842800 Exception <a 'java/net/ConnectException'{0x00000000886a0918}: Connection refused: connect> (0x00000000886a0918) thrown at [src/hotspot/share/prims/jni.cpp, line 638]
Event: 34.529 Thread 0x0000021cd8842800 Exception <a 'java/net/ConnectException'{0x00000000886a13a0}: Connection refused: connect> (0x00000000886a13a0) thrown at [src/hotspot/share/prims/jni.cpp, line 638]

Events (20 events):
Event: 34.570 loading class org/jetbrains/kotlin/cli/common/messages/XmlMessageRenderer
Event: 34.570 loading class org/jetbrains/kotlin/cli/common/messages/XmlMessageRenderer done
Event: 34.570 loading class org/jetbrains/kotlin/cli/common/messages/MessageRenderer$1
Event: 34.570 loading class org/jetbrains/kotlin/cli/common/messages/MessageRenderer$1 done
Event: 34.570 loading class org/jetbrains/kotlin/cli/common/messages/PlainTextMessageRenderer
Event: 34.570 loading class org/jetbrains/kotlin/cli/common/messages/PlainTextMessageRenderer done
Event: 34.573 loading class org/jetbrains/kotlin/cli/common/messages/MessageRenderer$2
Event: 34.573 loading class org/jetbrains/kotlin/cli/common/messages/MessageRenderer$2 done
Event: 34.574 loading class org/jetbrains/kotlin/cli/common/messages/MessageRenderer$3
Event: 34.574 loading class org/jetbrains/kotlin/cli/common/messages/MessageRenderer$3 done
Event: 34.575 loading class org/jetbrains/kotlin/cli/common/messages/MessageRenderer$4
Event: 34.575 loading class org/jetbrains/kotlin/cli/common/messages/MessageRenderer$4 done
Event: 34.582 loading class org/jetbrains/kotlin/compilerRunner/ReportUtilsKt$runToolInSeparateProcess$readErrThread$1
Event: 34.582 loading class org/jetbrains/kotlin/compilerRunner/ReportUtilsKt$runToolInSeparateProcess$readErrThread$1 done
Event: 34.583 Thread 0x0000021cd8847800 Thread added: 0x0000021cd8847800
Event: 34.583 loading class org/jetbrains/kotlin/compilerRunner/ReportUtilsKt$runToolInSeparateProcess$1
Event: 34.583 loading class org/jetbrains/kotlin/compilerRunner/ReportUtilsKt$runToolInSeparateProcess$1 done
Event: 34.583 loading class org/jetbrains/kotlin/compilerRunner/ReportUtilsKt$runToolInSeparateProcess$readErrThread$1$1
Event: 34.583 loading class org/jetbrains/kotlin/compilerRunner/ReportUtilsKt$runToolInSeparateProcess$readErrThread$1$1 done
Event: 36.400 Thread 0x0000021ccf58c000 Thread exited: 0x0000021ccf58c000


Dynamic libraries:
0x00007ff6d9270000 - 0x00007ff6d927a000 	D:\AndroidStudio\jbr\bin\java.exe
0x00007ffd61150000 - 0x00007ffd61364000 	C:\WINDOWS\SYSTEM32\ntdll.dll
0x00007ffd5f8e0000 - 0x00007ffd5f9a2000 	C:\WINDOWS\System32\KERNEL32.DLL
0x00007ffd5eaa0000 - 0x00007ffd5ee3c000 	C:\WINDOWS\System32\KERNELBASE.dll
0x00007ffd5e7c0000 - 0x00007ffd5e8d1000 	C:\WINDOWS\System32\ucrtbase.dll
0x00007ffd58000000 - 0x00007ffd58017000 	D:\AndroidStudio\jbr\bin\jli.dll
0x00007ffd60800000 - 0x00007ffd609ab000 	C:\WINDOWS\System32\USER32.dll
0x00007ffd5eec0000 - 0x00007ffd5eee6000 	C:\WINDOWS\System32\win32u.dll
0x00007ffd42780000 - 0x00007ffd42a0e000 	C:\WINDOWS\WinSxS\amd64_microsoft.windows.common-controls_6595b64144ccf1df_6.0.22621.608_none_a9444ca7c10bb01d\COMCTL32.dll
0x00007ffd5f830000 - 0x00007ffd5f8d7000 	C:\WINDOWS\System32\msvcrt.dll
0x00007ffd60ca0000 - 0x00007ffd60cc9000 	C:\WINDOWS\System32\GDI32.dll
0x00007ffd5e8e0000 - 0x00007ffd5e9f3000 	C:\WINDOWS\System32\gdi32full.dll
0x00007ffd5ea00000 - 0x00007ffd5ea9a000 	C:\WINDOWS\System32\msvcp_win.dll
0x00007ffd57fe0000 - 0x00007ffd57ffb000 	D:\AndroidStudio\jbr\bin\VCRUNTIME140.dll
0x00007ffd607c0000 - 0x00007ffd607f1000 	C:\WINDOWS\System32\IMM32.DLL
0x00007ffd5b1e0000 - 0x00007ffd5b1ec000 	D:\AndroidStudio\jbr\bin\vcruntime140_1.dll
0x00007ffd57520000 - 0x00007ffd575ad000 	D:\AndroidStudio\jbr\bin\msvcp140.dll
0x00007ffcbbb90000 - 0x00007ffcbc74c000 	D:\AndroidStudio\jbr\bin\server\jvm.dll
0x00007ffd60ea0000 - 0x00007ffd60f4e000 	C:\WINDOWS\System32\ADVAPI32.dll
0x00007ffd5f9b0000 - 0x00007ffd5fa54000 	C:\WINDOWS\System32\sechost.dll
0x00007ffd5f090000 - 0x00007ffd5f1a7000 	C:\WINDOWS\System32\RPCRT4.dll
0x00007ffd60b50000 - 0x00007ffd60b58000 	C:\WINDOWS\System32\PSAPI.DLL
0x00007ffd36f40000 - 0x00007ffd36f49000 	C:\WINDOWS\SYSTEM32\WSOCK32.dll
0x00007ffd57610000 - 0x00007ffd57644000 	C:\WINDOWS\SYSTEM32\WINMM.dll
0x00007ffd55450000 - 0x00007ffd5545a000 	C:\WINDOWS\SYSTEM32\VERSION.dll
0x00007ffd5ef60000 - 0x00007ffd5efd1000 	C:\WINDOWS\System32\WS2_32.dll
0x00007ffd5d650000 - 0x00007ffd5d668000 	C:\WINDOWS\SYSTEM32\kernel.appcore.dll
0x00007ffd588c0000 - 0x00007ffd588d0000 	D:\AndroidStudio\jbr\bin\verify.dll
0x00007ffd5b4b0000 - 0x00007ffd5b6de000 	C:\WINDOWS\SYSTEM32\DBGHELP.DLL
0x00007ffd5fac0000 - 0x00007ffd5fe49000 	C:\WINDOWS\System32\combase.dll
0x00007ffd60b60000 - 0x00007ffd60c37000 	C:\WINDOWS\System32\OLEAUT32.dll
0x00007ffd3fd80000 - 0x00007ffd3fdb2000 	C:\WINDOWS\SYSTEM32\dbgcore.DLL
0x00007ffd5ee40000 - 0x00007ffd5eebb000 	C:\WINDOWS\System32\bcryptPrimitives.dll
0x00007ffd49420000 - 0x00007ffd49448000 	D:\AndroidStudio\jbr\bin\java.dll
0x00007ffd58660000 - 0x00007ffd5866a000 	D:\AndroidStudio\jbr\bin\jimage.dll
0x00007ffd575f0000 - 0x00007ffd57608000 	D:\AndroidStudio\jbr\bin\zip.dll
0x00007ffd5fe50000 - 0x00007ffd60640000 	C:\WINDOWS\System32\SHELL32.dll
0x00007ffd5c5a0000 - 0x00007ffd5ce6d000 	C:\WINDOWS\SYSTEM32\windows.storage.dll
0x00007ffd5c460000 - 0x00007ffd5c59e000 	C:\WINDOWS\SYSTEM32\wintypes.dll
0x00007ffd606a0000 - 0x00007ffd60791000 	C:\WINDOWS\System32\SHCORE.dll
0x00007ffd60c40000 - 0x00007ffd60c9e000 	C:\WINDOWS\System32\shlwapi.dll
0x00007ffd5e4c0000 - 0x00007ffd5e4e1000 	C:\WINDOWS\SYSTEM32\profapi.dll
0x00007ffd575b0000 - 0x00007ffd575c9000 	D:\AndroidStudio\jbr\bin\net.dll
0x00007ffd562b0000 - 0x00007ffd563e7000 	C:\WINDOWS\SYSTEM32\WINHTTP.dll
0x00007ffd5db40000 - 0x00007ffd5dba9000 	C:\WINDOWS\system32\mswsock.dll
0x00007ffd48740000 - 0x00007ffd48753000 	D:\AndroidStudio\jbr\bin\nio.dll
0x00007ffd58020000 - 0x00007ffd58047000 	C:\Users\Huawei\.gradle\native\e1d6ef7f7dcc3fd88c89a11ec53ec762bb8ba0a96d01ffa2cd45eb1d1d8dd5c5\windows-amd64\native-platform.dll
0x00007ffd27080000 - 0x00007ffd271c4000 	C:\Users\Huawei\.gradle\native\0d407fdbe67a94daf76414ababcb853783967236a71b16ec16e742cd7a986fd3\windows-amd64\native-platform-file-events.dll
0x00007ffd58640000 - 0x00007ffd5864a000 	D:\AndroidStudio\jbr\bin\management.dll
0x00007ffd58380000 - 0x00007ffd5838b000 	D:\AndroidStudio\jbr\bin\management_ext.dll
0x00007ffd5ddb0000 - 0x00007ffd5ddcb000 	C:\WINDOWS\SYSTEM32\CRYPTSP.dll
0x00007ffd5d5c0000 - 0x00007ffd5d5f5000 	C:\WINDOWS\system32\rsaenh.dll
0x00007ffd5dc40000 - 0x00007ffd5dc68000 	C:\WINDOWS\SYSTEM32\USERENV.dll
0x00007ffd5df40000 - 0x00007ffd5df68000 	C:\WINDOWS\SYSTEM32\bcrypt.dll
0x00007ffd5dda0000 - 0x00007ffd5ddac000 	C:\WINDOWS\SYSTEM32\CRYPTBASE.dll
0x00007ffd5d100000 - 0x00007ffd5d12d000 	C:\WINDOWS\SYSTEM32\IPHLPAPI.DLL
0x00007ffd5fab0000 - 0x00007ffd5fab9000 	C:\WINDOWS\System32\NSI.dll
0x00007ffd55870000 - 0x00007ffd55889000 	C:\WINDOWS\SYSTEM32\dhcpcsvc6.DLL
0x00007ffd56090000 - 0x00007ffd560af000 	C:\WINDOWS\SYSTEM32\dhcpcsvc.DLL
0x00007ffd5d130000 - 0x00007ffd5d223000 	C:\WINDOWS\SYSTEM32\DNSAPI.dll
0x00007ffd47bc0000 - 0x00007ffd47be7000 	D:\AndroidStudio\jbr\bin\sunec.dll
0x00007ffd51fc0000 - 0x00007ffd51fca000 	C:\Windows\System32\rasadhlp.dll
0x00007ffd54780000 - 0x00007ffd54803000 	C:\WINDOWS\System32\fwpuclnt.dll
0x00007ffd30430000 - 0x00007ffd30447000 	C:\WINDOWS\system32\napinsp.dll
0x00007ffd25e20000 - 0x00007ffd25e3b000 	C:\WINDOWS\system32\pnrpnsp.dll
0x00007ffd25e00000 - 0x00007ffd25e11000 	C:\WINDOWS\System32\winrnr.dll
0x00007ffd56840000 - 0x00007ffd56855000 	C:\WINDOWS\system32\wshbth.dll
0x00007ffd25dd0000 - 0x00007ffd25df1000 	C:\WINDOWS\system32\nlansp_c.dll
0x00007ffd577d0000 - 0x00007ffd577ee000 	C:\Users\Huawei\AppData\Local\Temp\native-platform5978462771228796625dir\native-platform.dll
0x00007ffd5b2e0000 - 0x00007ffd5b2e7000 	D:\AndroidStudio\jbr\bin\rmi.dll

dbghelp: loaded successfully - version: 4.0.5 - missing functions: none
symbol engine: initialized successfully - sym options: 0x614 - pdb path: .;D:\AndroidStudio\jbr\bin;C:\WINDOWS\SYSTEM32;C:\WINDOWS\WinSxS\amd64_microsoft.windows.common-controls_6595b64144ccf1df_6.0.22621.608_none_a9444ca7c10bb01d;D:\AndroidStudio\jbr\bin\server;C:\Users\Huawei\.gradle\native\e1d6ef7f7dcc3fd88c89a11ec53ec762bb8ba0a96d01ffa2cd45eb1d1d8dd5c5\windows-amd64;C:\Users\Huawei\.gradle\native\0d407fdbe67a94daf76414ababcb853783967236a71b16ec16e742cd7a986fd3\windows-amd64;C:\Users\Huawei\AppData\Local\Temp\native-platform5978462771228796625dir

VM Arguments:
jvm_args: --add-opens=java.base/java.util=ALL-UNNAMED --add-opens=java.base/java.lang=ALL-UNNAMED --add-opens=java.base/java.lang.invoke=ALL-UNNAMED --add-opens=java.base/java.util=ALL-UNNAMED --add-opens=java.prefs/java.util.prefs=ALL-UNNAMED --add-opens=java.prefs/java.util.prefs=ALL-UNNAMED --add-opens=java.base/java.nio.charset=ALL-UNNAMED --add-opens=java.base/java.net=ALL-UNNAMED --add-opens=java.base/java.util.concurrent.atomic=ALL-UNNAMED -Xmx2048m -Dfile.encoding=UTF-8 -Duser.country=MY -Duser.language=en -Duser.variant 
java_command: org.gradle.launcher.daemon.bootstrap.GradleDaemon 7.5
java_class_path (initial): C:\Users\Huawei\.gradle\wrapper\dists\gradle-7.5-bin\f1w0cc9nuo0eivz97x2xlu9sv\gradle-7.5\lib\gradle-launcher-7.5.jar
Launcher Type: SUN_STANDARD

[Global flags]
     intx CICompilerCount                          = 4                                         {product} {ergonomic}
     uint ConcGCThreads                            = 2                                         {product} {ergonomic}
     uint G1ConcRefinementThreads                  = 8                                         {product} {ergonomic}
   size_t G1HeapRegionSize                         = 1048576                                   {product} {ergonomic}
    uintx GCDrainStackTargetSize                   = 64                                        {product} {ergonomic}
   size_t InitialHeapSize                          = 132120576                                 {product} {ergonomic}
   size_t MarkStackSize                            = 4194304                                   {product} {ergonomic}
   size_t MaxHeapSize                              = 2147483648                                {product} {command line}
   size_t MaxNewSize                               = 1287651328                                {product} {ergonomic}
   size_t MinHeapDeltaBytes                        = 1048576                                   {product} {ergonomic}
    uintx NonNMethodCodeHeapSize                   = 5836300                                {pd product} {ergonomic}
    uintx NonProfiledCodeHeapSize                  = 122910970                              {pd product} {ergonomic}
    uintx ProfiledCodeHeapSize                     = 122910970                              {pd product} {ergonomic}
    uintx ReservedCodeCacheSize                    = 251658240                              {pd product} {ergonomic}
     bool SegmentedCodeCache                       = true                                      {product} {ergonomic}
     bool UseCompressedClassPointers               = true                                 {lp64_product} {ergonomic}
     bool UseCompressedOops                        = true                                 {lp64_product} {ergonomic}
     bool UseG1GC                                  = true                                      {product} {ergonomic}
     bool UseLargePagesIndividualAllocation        = false                                  {pd product} {ergonomic}

Logging:
Log output configuration:
 #0: stdout all=warning uptime,level,tags
 #1: stderr all=off uptime,level,tags

Environment Variables:
PATH=C:\Windows\system32;C:\Windows;C:\Windows\System32\Wbem;C:\Windows\System32\WindowsPowerShell\v1.0\;C:\Windows\System32\OpenSSH\;C:\Program Files (x86)\NVIDIA Corporation\PhysX\Common;C:\Program Files\NVIDIA Corporation\NVIDIA NvDLISR;C:\Program Files\Intel\WiFi\bin\;C:\Program Files\Common Files\Intel\WirelessCommon\;C:\WINDOWS\system32;C:\WINDOWS;C:\WINDOWS\System32\Wbem;C:\WINDOWS\System32\WindowsPowerShell\v1.0\;C:\WINDOWS\System32\OpenSSH\;D:\Git\cmd;C:\Users\Huawei\AppData\Local\Microsoft\WindowsApps;D:\IntelliJ IDEA Community Edition 2022.2.2\bin;C:\Users\Huawei\AppData\Local\GitHubDesktop\bin;%USERPROFILE%\AppData\Local\Microsoft\WindowsApps;
USERNAME=Huawei
OS=Windows_NT
PROCESSOR_IDENTIFIER=Intel64 Family 6 Model 142 Stepping 11, GenuineIntel



---------------  S Y S T E M  ---------------

OS: Windows 11 , 64 bit Build 22621 (10.0.22621.1485)
OS uptime: 0 days 19:29 hours

CPU:total 8 (initial active 8) (4 cores per cpu, 2 threads per core) family 6 model 142 stepping 11 microcode 0xde, cmov, cx8, fxsr, mmx, sse, sse2, sse3, ssse3, sse4.1, sse4.2, popcnt, avx, avx2, aes, clmul, erms, 3dnowpref, lzcnt, ht, tsc, tscinvbit, bmi1, bmi2, adx, fma

Memory: 4k page, system-wide physical 8037M (1096M free)
TotalPageFile size 8037M (AvailPageFile size 1M)
current process WorkingSet (physical memory assigned to process): 410M, peak: 452M
current process commit charge ("private bytes"): 444M, peak: 487M

vm_info: OpenJDK 64-Bit Server VM (11.0.15+0-b2043.56-9505619) for windows-amd64 JRE (11.0.15+0-b2043.56-9505619), built on Jan 19 2023 02:48:00 by "builduser" with unknown MS VC++:1929

END.
